c:\users\сибирь\documents\github\oxr_coc\_build\intermediate\win64\release\opcode\opcode.pch
c:\users\сибирь\documents\github\oxr_coc\_build\intermediate\win64\release\opcode\vc141.pdb
c:\users\сибирь\documents\github\oxr_coc\_build\intermediate\win64\release\opcode\pch.obj
c:\users\сибирь\documents\github\oxr_coc\_build\intermediate\win64\release\opcode\opc_aabb.obj
c:\users\сибирь\documents\github\oxr_coc\_build\intermediate\win64\release\opcode\opc_aabbtree.obj
c:\users\сибирь\documents\github\oxr_coc\_build\intermediate\win64\release\opcode\opc_common.obj
c:\users\сибирь\documents\github\oxr_coc\_build\intermediate\win64\release\opcode\opc_matrix3x3.obj
c:\users\сибирь\documents\github\oxr_coc\_build\intermediate\win64\release\opcode\opc_model.obj
c:\users\сибирь\documents\github\oxr_coc\_build\intermediate\win64\release\opcode\opc_optimizedtree.obj
c:\users\сибирь\documents\github\oxr_coc\_build\intermediate\win64\release\opcode\opc_plane.obj
c:\users\сибирь\documents\github\oxr_coc\_build\intermediate\win64\release\opcode\opc_point.obj
c:\users\сибирь\documents\github\oxr_coc\_build\intermediate\win64\release\opcode\opc_ray.obj
c:\users\сибирь\documents\github\oxr_coc\_build\intermediate\win64\release\opcode\opc_spherecollider.obj
c:\users\сибирь\documents\github\oxr_coc\_build\intermediate\win64\release\opcode\opc_triangle.obj
c:\users\сибирь\documents\github\oxr_coc\_build\intermediate\win64\release\opcode\opcode.obj
c:\users\сибирь\documents\github\oxr_coc\_build\intermediate\win64\release\opcode\opc_aabbcollider.obj
c:\users\сибирь\documents\github\oxr_coc\_build\intermediate\win64\release\opcode\opc_collider.obj
c:\users\сибирь\documents\github\oxr_coc\_build\intermediate\win64\release\opcode\opc_container.obj
c:\users\сибирь\documents\github\oxr_coc\_build\intermediate\win64\release\opcode\opc_matrix4x4.obj
c:\users\сибирь\documents\github\oxr_coc\_build\intermediate\win64\release\opcode\opc_obb.obj
c:\users\сибирь\documents\github\oxr_coc\_build\intermediate\win64\release\opcode\opc_obbcollider.obj
c:\users\сибирь\documents\github\oxr_coc\_build\intermediate\win64\release\opcode\opc_planescollider.obj
c:\users\сибирь\documents\github\oxr_coc\_build\intermediate\win64\release\opcode\opc_raycollider.obj
c:\users\сибирь\documents\github\oxr_coc\_build\intermediate\win64\release\opcode\opc_treebuilders.obj
c:\users\сибирь\documents\github\oxr_coc\_build\intermediate\win64\release\opcode\opc_treecollider.obj
c:\users\сибирь\documents\github\oxr_coc\_build\intermediate\win64\release\opcode\opc_volumecollider.obj
c:\users\сибирь\documents\github\oxr_coc\_build\bin\win64\release\opcode.dll
c:\users\сибирь\documents\github\oxr_coc\_build\bin\win64\release\opcode.pdb
c:\users\сибирь\documents\github\oxr_coc\_build\lib\win64\release\opcode.lib
c:\users\сибирь\documents\github\oxr_coc\_build\lib\win64\release\opcode.exp
c:\users\сибирь\documents\github\oxr_coc\_build\bin\win64\release\opcode.ipdb
c:\users\сибирь\documents\github\oxr_coc\_build\bin\win64\release\opcode.iobj
c:\users\сибирь\documents\github\oxr_coc\src\..\_build\bin\win64\release\opcode.pdb
c:\users\сибирь\documents\github\oxr_coc\_build\intermediate\win64\release\opcode\opcode.tlog\cl.command.1.tlog
c:\users\сибирь\documents\github\oxr_coc\_build\intermediate\win64\release\opcode\opcode.tlog\cl.read.1.tlog
c:\users\сибирь\documents\github\oxr_coc\_build\intermediate\win64\release\opcode\opcode.tlog\cl.write.1.tlog
c:\users\сибирь\documents\github\oxr_coc\_build\intermediate\win64\release\opcode\opcode.tlog\link.command.1.tlog
c:\users\сибирь\documents\github\oxr_coc\_build\intermediate\win64\release\opcode\opcode.tlog\link.read.1.tlog
c:\users\сибирь\documents\github\oxr_coc\_build\intermediate\win64\release\opcode\opcode.tlog\link.write.1.tlog
c:\users\сибирь\documents\github\oxr_coc\_build\intermediate\win64\release\opcode\opcode.tlog\opcode.write.1u.tlog
