  pch.cpp
  Compiling on Windows...
  Compiling with VC++...
  OPC_AABB.cpp
  OPC_AABBCollider.cpp
  OPC_AABBTree.cpp
  OPC_Collider.cpp
  OPC_Common.cpp
  OPC_Container.cpp
  OPC_Matrix3x3.cpp
  OPC_Matrix4x4.cpp
  OPC_Model.cpp
  OPC_OBB.cpp
  OPC_OBBCollider.cpp
  OPC_OptimizedTree.cpp
  OPC_Plane.cpp
  OPC_PlanesCollider.cpp
  OPC_Point.cpp
  OPC_Ray.cpp
  OPC_RayCollider.cpp
  OPC_SphereCollider.cpp
  OPC_TreeBuilders.cpp
  OPC_TreeCollider.cpp
  OPC_Triangle.cpp
  OPC_VolumeCollider.cpp
  Opcode.cpp
     Создается библиотека C:\Users\сибирь\Documents\GitHub\OXR_CoC\src\..\_build\lib\Win64\Release\OPCODE.lib и объект C:\Users\сибирь\Documents\GitHub\OXR_CoC\src\..\_build\lib\Win64\Release\OPCODE.exp
  Создание кода
  0 of 872 functions ( 0.0%) were compiled, the rest were copied from previous compilation.
    0 functions were new in current compilation
    0 functions had inline decision re-evaluated but remain unchanged
  Создание кода завершено
  OPCODE.vcxproj -> C:\Users\сибирь\Documents\GitHub\OXR_CoC\src\..\_build\bin\Win64\Release\OPCODE.dll
