c:\users\сибирь\documents\github\oxr_coc\_build\intermediate\win64\release\luajit\lib_base.obj
c:\users\сибирь\documents\github\oxr_coc\_build\intermediate\win64\release\luajit\lib_debug.obj
c:\users\сибирь\documents\github\oxr_coc\_build\intermediate\win64\release\luajit\lib_init.obj
c:\users\сибирь\documents\github\oxr_coc\_build\intermediate\win64\release\luajit\lib_io.obj
c:\users\сибирь\documents\github\oxr_coc\_build\intermediate\win64\release\luajit\lib_math.obj
c:\users\сибирь\documents\github\oxr_coc\_build\intermediate\win64\release\luajit\lib_os.obj
c:\users\сибирь\documents\github\oxr_coc\_build\intermediate\win64\release\luajit\lib_package.obj
c:\users\сибирь\documents\github\oxr_coc\_build\intermediate\win64\release\luajit\lj_alloc.obj
c:\users\сибирь\documents\github\oxr_coc\_build\intermediate\win64\release\luajit\lj_asm.obj
c:\users\сибирь\documents\github\oxr_coc\_build\intermediate\win64\release\luajit\lj_bcread.obj
c:\users\сибирь\documents\github\oxr_coc\_build\intermediate\win64\release\luajit\lj_bcwrite.obj
c:\users\сибирь\documents\github\oxr_coc\_build\intermediate\win64\release\luajit\lj_ccallback.obj
c:\users\сибирь\documents\github\oxr_coc\_build\intermediate\win64\release\luajit\lj_cconv.obj
c:\users\сибирь\documents\github\oxr_coc\_build\intermediate\win64\release\luajit\lj_char.obj
c:\users\сибирь\documents\github\oxr_coc\_build\intermediate\win64\release\luajit\lj_cparse.obj
c:\users\сибирь\documents\github\oxr_coc\_build\intermediate\win64\release\luajit\lj_crecord.obj
c:\users\сибирь\documents\github\oxr_coc\_build\intermediate\win64\release\luajit\lj_dispatch.obj
c:\users\сибирь\documents\github\oxr_coc\_build\intermediate\win64\release\luajit\lj_ffrecord.obj
c:\users\сибирь\documents\github\oxr_coc\_build\intermediate\win64\release\luajit\lj_gc.obj
c:\users\сибирь\documents\github\oxr_coc\_build\intermediate\win64\release\luajit\lj_ir.obj
c:\users\сибирь\documents\github\oxr_coc\_build\intermediate\win64\release\luajit\lj_load.obj
c:\users\сибирь\documents\github\oxr_coc\_build\intermediate\win64\release\luajit\lj_mcode.obj
c:\users\сибирь\documents\github\oxr_coc\_build\intermediate\win64\release\luajit\lj_opt_fold.obj
c:\users\сибирь\documents\github\oxr_coc\_build\intermediate\win64\release\luajit\lj_opt_mem.obj
c:\users\сибирь\documents\github\oxr_coc\_build\intermediate\win64\release\luajit\lj_opt_sink.obj
c:\users\сибирь\documents\github\oxr_coc\_build\intermediate\win64\release\luajit\lj_opt_split.obj
c:\users\сибирь\documents\github\oxr_coc\_build\intermediate\win64\release\luajit\lj_parse.obj
c:\users\сибирь\documents\github\oxr_coc\_build\intermediate\win64\release\luajit\lj_profile.obj
c:\users\сибирь\documents\github\oxr_coc\_build\intermediate\win64\release\luajit\lj_snap.obj
c:\users\сибирь\documents\github\oxr_coc\_build\intermediate\win64\release\luajit\lj_str.obj
c:\users\сибирь\documents\github\oxr_coc\_build\intermediate\win64\release\luajit\lj_strfmt.obj
c:\users\сибирь\documents\github\oxr_coc\_build\intermediate\win64\release\luajit\lj_strfmt_num.obj
c:\users\сибирь\documents\github\oxr_coc\_build\intermediate\win64\release\luajit\lj_tab.obj
c:\users\сибирь\documents\github\oxr_coc\_build\intermediate\win64\release\luajit\lj_udata.obj
c:\users\сибирь\documents\github\oxr_coc\_build\intermediate\win64\release\luajit\lj_vmevent.obj
c:\users\сибирь\documents\github\oxr_coc\_build\intermediate\win64\release\luajit\lib_aux.obj
c:\users\сибирь\documents\github\oxr_coc\_build\intermediate\win64\release\luajit\lib_bit.obj
c:\users\сибирь\documents\github\oxr_coc\_build\intermediate\win64\release\luajit\lib_ffi.obj
c:\users\сибирь\documents\github\oxr_coc\_build\intermediate\win64\release\luajit\lib_jit.obj
c:\users\сибирь\documents\github\oxr_coc\_build\intermediate\win64\release\luajit\lib_string.obj
c:\users\сибирь\documents\github\oxr_coc\_build\intermediate\win64\release\luajit\lib_table.obj
c:\users\сибирь\documents\github\oxr_coc\_build\intermediate\win64\release\luajit\lj_api.obj
c:\users\сибирь\documents\github\oxr_coc\_build\intermediate\win64\release\luajit\lj_bc.obj
c:\users\сибирь\documents\github\oxr_coc\_build\intermediate\win64\release\luajit\lj_buf.obj
c:\users\сибирь\documents\github\oxr_coc\_build\intermediate\win64\release\luajit\lj_carith.obj
c:\users\сибирь\documents\github\oxr_coc\_build\intermediate\win64\release\luajit\lj_ccall.obj
c:\users\сибирь\documents\github\oxr_coc\_build\intermediate\win64\release\luajit\lj_cdata.obj
c:\users\сибирь\documents\github\oxr_coc\_build\intermediate\win64\release\luajit\lj_clib.obj
c:\users\сибирь\documents\github\oxr_coc\_build\intermediate\win64\release\luajit\lj_ctype.obj
c:\users\сибирь\documents\github\oxr_coc\_build\intermediate\win64\release\luajit\lj_debug.obj
c:\users\сибирь\documents\github\oxr_coc\_build\intermediate\win64\release\luajit\lj_err.obj
c:\users\сибирь\documents\github\oxr_coc\_build\intermediate\win64\release\luajit\lj_func.obj
c:\users\сибирь\documents\github\oxr_coc\_build\intermediate\win64\release\luajit\lj_gdbjit.obj
c:\users\сибирь\documents\github\oxr_coc\_build\intermediate\win64\release\luajit\lj_lex.obj
c:\users\сибирь\documents\github\oxr_coc\_build\intermediate\win64\release\luajit\lj_lib.obj
c:\users\сибирь\documents\github\oxr_coc\_build\intermediate\win64\release\luajit\lj_meta.obj
c:\users\сибирь\documents\github\oxr_coc\_build\intermediate\win64\release\luajit\lj_obj.obj
c:\users\сибирь\documents\github\oxr_coc\_build\intermediate\win64\release\luajit\lj_opt_dce.obj
c:\users\сибирь\documents\github\oxr_coc\_build\intermediate\win64\release\luajit\lj_opt_loop.obj
c:\users\сибирь\documents\github\oxr_coc\_build\intermediate\win64\release\luajit\lj_opt_narrow.obj
c:\users\сибирь\documents\github\oxr_coc\_build\intermediate\win64\release\luajit\lj_record.obj
c:\users\сибирь\documents\github\oxr_coc\_build\intermediate\win64\release\luajit\lj_state.obj
c:\users\сибирь\documents\github\oxr_coc\_build\intermediate\win64\release\luajit\lj_strscan.obj
c:\users\сибирь\documents\github\oxr_coc\_build\intermediate\win64\release\luajit\lj_trace.obj
c:\users\сибирь\documents\github\oxr_coc\_build\intermediate\win64\release\luajit\lj_vmmath.obj
c:\users\сибирь\documents\github\oxr_coc\_build\intermediate\win64\release\luajit\vc141.pdb
c:\users\сибирь\documents\github\oxr_coc\_build\bin\win64\release\luajit.dll
c:\users\сибирь\documents\github\oxr_coc\_build\bin\win64\release\luajit.pdb
c:\users\сибирь\documents\github\oxr_coc\_build\lib\win64\release\luajit.lib
c:\users\сибирь\documents\github\oxr_coc\_build\lib\win64\release\luajit.exp
c:\users\сибирь\documents\github\oxr_coc\_build\bin\win64\release\luajit.ipdb
c:\users\сибирь\documents\github\oxr_coc\_build\bin\win64\release\luajit.iobj
c:\users\сибирь\documents\github\oxr_coc\src\..\_build\bin\win64\release\luajit.pdb
c:\users\сибирь\documents\github\oxr_coc\_build\intermediate\win64\release\luajit\luajit.tlog\cl.11964.write.1.tlog
c:\users\сибирь\documents\github\oxr_coc\_build\intermediate\win64\release\luajit\luajit.tlog\cl.command.1.tlog
c:\users\сибирь\documents\github\oxr_coc\_build\intermediate\win64\release\luajit\luajit.tlog\cl.read.1.tlog
c:\users\сибирь\documents\github\oxr_coc\_build\intermediate\win64\release\luajit\luajit.tlog\link.command.1.tlog
c:\users\сибирь\documents\github\oxr_coc\_build\intermediate\win64\release\luajit\luajit.tlog\link.read.1.tlog
c:\users\сибирь\documents\github\oxr_coc\_build\intermediate\win64\release\luajit\luajit.tlog\link.write.1.tlog
c:\users\сибирь\documents\github\oxr_coc\_build\intermediate\win64\release\luajit\luajit.tlog\luajit.write.1u.tlog
