  StdAfx.cpp
  hxGridInterface.cpp
  NVMeshMender.cpp
  xrLoadSurface.cpp
  ETextureParams.cpp
c:\users\сибирь\documents\github\oxr_coc\src\xrengine\xrloadsurface.cpp(4): fatal error C1083: Не удается открыть файл включение: FreeImage.h: No such file or directory, (компилируется исходный файл ..\..\xrEngine\xrLoadSurface.cpp)
  Build.cpp
  Build_Load.cpp
  fmesh.cpp
  net.cpp
  NVMeshMender.cpp
  nv_algebra.cpp
  NvTriStrip.cpp
  NvTriStripObjects.cpp
  VertexCache.cpp
  OGF_CalculateTB.cpp
  OGF_Face.cpp
  OGF_Face_Save.cpp
  OGF_Face_Sphere.cpp
  OGF_Face_Stripify.cpp
  OGF_RemoveIsolatedVerts.cpp
  Sector.cpp
  xrBuildCForm.cpp
  xrBuildRapidModel.cpp
  xrCalcNormals.cpp
  xrFlex2OGF.cpp
  xrLC.cpp
  xrLight.cpp
  xrMU_Model_Calc_ogf.cpp
  xrMU_Model_export_geometry.cpp
  xrMU_Model_export_OGF.cpp
  xrOptimizeCFORM_qslim.cpp
  xrPhase_AdaptiveHT.cpp
  xrPhase_AdaptiveHT_qslim.cpp
  xrPhase_GI.cpp
  xrPhase_MergeGeometry.cpp
  xrPhase_MergeLM.cpp
  xrPhase_MergeLM_Surface.cpp
  xrPhase_ResolveMaterials.cpp
  xrPhase_Subdivide.cpp
  xrPhase_TangentBasis.cpp
  xrPhase_UVmap.cpp
  xrPreOptimize.cpp
  xrSaveLights.cpp
  xrSaveOGF.cpp
  xrSectors.cpp
  xrT_Junction.cpp
