c:\users\сибирь\documents\github\oxr_coc\_build\intermediate\win64\release\zlib\compress.obj
c:\users\сибирь\documents\github\oxr_coc\_build\intermediate\win64\release\zlib\crc32.obj
c:\users\сибирь\documents\github\oxr_coc\_build\intermediate\win64\release\zlib\gzlib.obj
c:\users\сибирь\documents\github\oxr_coc\_build\intermediate\win64\release\zlib\gzread.obj
c:\users\сибирь\documents\github\oxr_coc\_build\intermediate\win64\release\zlib\inffast.obj
c:\users\сибирь\documents\github\oxr_coc\_build\intermediate\win64\release\zlib\inftrees.obj
c:\users\сибирь\documents\github\oxr_coc\_build\intermediate\win64\release\zlib\trees.obj
c:\users\сибирь\documents\github\oxr_coc\_build\intermediate\win64\release\zlib\unzip.obj
c:\users\сибирь\documents\github\oxr_coc\_build\intermediate\win64\release\zlib\zutil.obj
c:\users\сибирь\documents\github\oxr_coc\_build\intermediate\win64\release\zlib\adler32.obj
c:\users\сибирь\documents\github\oxr_coc\_build\intermediate\win64\release\zlib\deflate.obj
c:\users\сибирь\documents\github\oxr_coc\_build\intermediate\win64\release\zlib\gzclose.obj
c:\users\сибирь\documents\github\oxr_coc\_build\intermediate\win64\release\zlib\gzwrite.obj
c:\users\сибирь\documents\github\oxr_coc\_build\intermediate\win64\release\zlib\infback.obj
c:\users\сибирь\documents\github\oxr_coc\_build\intermediate\win64\release\zlib\inflate.obj
c:\users\сибирь\documents\github\oxr_coc\_build\intermediate\win64\release\zlib\ioapi.obj
c:\users\сибирь\documents\github\oxr_coc\_build\intermediate\win64\release\zlib\uncompr.obj
c:\users\сибирь\documents\github\oxr_coc\_build\intermediate\win64\release\zlib\zip.obj
c:\users\сибирь\documents\github\oxr_coc\_build\intermediate\win64\release\zlib\zlib.pdb
c:\users\сибирь\documents\github\oxr_coc\_build\lib\win64\release\zlib.lib
c:\users\сибирь\documents\github\oxr_coc\src\..\_build\lib\win64\release\zlib.lib
c:\users\сибирь\documents\github\oxr_coc\_build\intermediate\win64\release\zlib\zlib.tlog\cl.10320.write.1.tlog
c:\users\сибирь\documents\github\oxr_coc\_build\intermediate\win64\release\zlib\zlib.tlog\cl.command.1.tlog
c:\users\сибирь\documents\github\oxr_coc\_build\intermediate\win64\release\zlib\zlib.tlog\cl.read.1.tlog
c:\users\сибирь\documents\github\oxr_coc\_build\intermediate\win64\release\zlib\zlib.tlog\lib-link.read.1.tlog
c:\users\сибирь\documents\github\oxr_coc\_build\intermediate\win64\release\zlib\zlib.tlog\lib-link.write.1.tlog
c:\users\сибирь\documents\github\oxr_coc\_build\intermediate\win64\release\zlib\zlib.tlog\lib.command.1.tlog
