c:\users\сибирь\documents\github\oxr_coc\_build\intermediate\win64\release\xrd3d9-null\xrd3d9-null.pch
c:\users\сибирь\documents\github\oxr_coc\_build\intermediate\win64\release\xrd3d9-null\vc141.pdb
c:\users\сибирь\documents\github\oxr_coc\_build\intermediate\win64\release\xrd3d9-null\stdafx.obj
c:\users\сибирь\documents\github\oxr_coc\_build\intermediate\win64\release\xrd3d9-null\idirect3d9.obj
c:\users\сибирь\documents\github\oxr_coc\_build\intermediate\win64\release\xrd3d9-null\idirect3ddevice9_caps.obj
c:\users\сибирь\documents\github\oxr_coc\_build\intermediate\win64\release\xrd3d9-null\idirect3dpixelshader9.obj
c:\users\сибирь\documents\github\oxr_coc\_build\intermediate\win64\release\xrd3d9-null\idirect3dquery9.obj
c:\users\сибирь\documents\github\oxr_coc\_build\intermediate\win64\release\xrd3d9-null\idirect3dsurface9.obj
c:\users\сибирь\documents\github\oxr_coc\_build\intermediate\win64\release\xrd3d9-null\idirect3dvertexbuffer9.obj
c:\users\сибирь\documents\github\oxr_coc\_build\intermediate\win64\release\xrd3d9-null\idirect3dvertexdeclaration9.obj
c:\users\сибирь\documents\github\oxr_coc\_build\intermediate\win64\release\xrd3d9-null\xrd3d9-null.obj
c:\users\сибирь\documents\github\oxr_coc\_build\intermediate\win64\release\xrd3d9-null\idirect3dcubetexture9.obj
c:\users\сибирь\documents\github\oxr_coc\_build\intermediate\win64\release\xrd3d9-null\idirect3ddevice9.obj
c:\users\сибирь\documents\github\oxr_coc\_build\intermediate\win64\release\xrd3d9-null\idirect3dindexbuffer9.obj
c:\users\сибирь\documents\github\oxr_coc\_build\intermediate\win64\release\xrd3d9-null\idirect3dstateblock9.obj
c:\users\сибирь\documents\github\oxr_coc\_build\intermediate\win64\release\xrd3d9-null\idirect3dtexture9.obj
c:\users\сибирь\documents\github\oxr_coc\_build\intermediate\win64\release\xrd3d9-null\idirect3dvertexshader9.obj
c:\users\сибирь\documents\github\oxr_coc\_build\intermediate\win64\release\xrd3d9-null\xrd3d9-null_outproc.obj
c:\users\сибирь\documents\github\oxr_coc\_build\bin\win64\release\xrd3d9-null.dll
c:\users\сибирь\documents\github\oxr_coc\_build\bin\win64\release\xrd3d9-null.pdb
c:\users\сибирь\documents\github\oxr_coc\_build\lib\win64\release\xrd3d9-null.lib
c:\users\сибирь\documents\github\oxr_coc\_build\lib\win64\release\xrd3d9-null.exp
c:\users\сибирь\documents\github\oxr_coc\_build\bin\win64\release\xrd3d9-null.ipdb
c:\users\сибирь\documents\github\oxr_coc\_build\bin\win64\release\xrd3d9-null.iobj
c:\users\сибирь\documents\github\oxr_coc\src\..\_build\bin\win64\release\xrd3d9-null.pdb
c:\users\сибирь\documents\github\oxr_coc\_build\intermediate\win64\release\xrd3d9-null\xrd3d9-null.tlog\cl.command.1.tlog
c:\users\сибирь\documents\github\oxr_coc\_build\intermediate\win64\release\xrd3d9-null\xrd3d9-null.tlog\cl.read.1.tlog
c:\users\сибирь\documents\github\oxr_coc\_build\intermediate\win64\release\xrd3d9-null\xrd3d9-null.tlog\cl.write.1.tlog
c:\users\сибирь\documents\github\oxr_coc\_build\intermediate\win64\release\xrd3d9-null\xrd3d9-null.tlog\link.command.1.tlog
c:\users\сибирь\documents\github\oxr_coc\_build\intermediate\win64\release\xrd3d9-null\xrd3d9-null.tlog\link.read.1.tlog
c:\users\сибирь\documents\github\oxr_coc\_build\intermediate\win64\release\xrd3d9-null\xrd3d9-null.tlog\link.write.1.tlog
c:\users\сибирь\documents\github\oxr_coc\_build\intermediate\win64\release\xrd3d9-null\xrd3d9-null.tlog\xrd3d9-null.write.1u.tlog
