c:\users\сибирь\documents\github\oxr_coc\_build\intermediate\win64\release\xrrender_r1\dxrainrender.obj
c:\users\сибирь\documents\github\oxr_coc\_build\intermediate\win64\release\xrrender_r1\fstaticrender_shaders.obj
c:\users\сибирь\documents\github\oxr_coc\_build\intermediate\win64\release\xrrender_r1\dxfontrender.obj
c:\users\сибирь\documents\github\oxr_coc\_build\intermediate\win64\release\xrrender_r1\skeletoncustom.obj
c:\users\сибирь\documents\github\oxr_coc\_build\intermediate\win64\release\xrrender_r1\resourcemanager_reset.obj
c:\users\сибирь\documents\github\oxr_coc\_build\intermediate\win64\release\xrrender_r1\xrrender_r1.pch
c:\users\сибирь\documents\github\oxr_coc\_build\intermediate\win64\release\xrrender_r1\vc141.pdb
c:\users\сибирь\documents\github\oxr_coc\_build\intermediate\win64\release\xrrender_r1\stdafx.obj
c:\users\сибирь\documents\github\oxr_coc\_build\intermediate\win64\release\xrrender_r1\dx9r_constants_cache.obj
c:\users\сибирь\documents\github\oxr_coc\_build\intermediate\win64\release\xrrender_r1\blender.obj
c:\users\сибирь\documents\github\oxr_coc\_build\intermediate\win64\release\xrrender_r1\blender_recorder.obj
c:\users\сибирь\documents\github\oxr_coc\_build\intermediate\win64\release\xrrender_r1\blender_editor_selection.obj
c:\users\сибирь\documents\github\oxr_coc\_build\intermediate\win64\release\xrrender_r1\blender_lm(ebb).obj
c:\users\сибирь\documents\github\oxr_coc\_build\intermediate\win64\release\xrrender_r1\blender_particle.obj
c:\users\сибирь\documents\github\oxr_coc\_build\intermediate\win64\release\xrrender_r1\blender_recorder_standartbinding.obj
c:\users\сибирь\documents\github\oxr_coc\_build\intermediate\win64\release\xrrender_r1\blender_tree.obj
c:\users\сибирь\documents\github\oxr_coc\_build\intermediate\win64\release\xrrender_r1\d3dutils.obj
c:\users\сибирь\documents\github\oxr_coc\_build\intermediate\win64\release\xrrender_r1\detailmanager_cache.obj
c:\users\сибирь\documents\github\oxr_coc\_build\intermediate\win64\release\xrrender_r1\detailmanager_decompress.obj
c:\users\сибирь\documents\github\oxr_coc\_build\intermediate\win64\release\xrrender_r1\du_box.obj
c:\users\сибирь\documents\github\oxr_coc\_build\intermediate\win64\release\xrrender_r1\du_cone.obj
c:\users\сибирь\documents\github\oxr_coc\_build\intermediate\win64\release\xrrender_r1\du_cylinder.obj
c:\users\сибирь\documents\github\oxr_coc\_build\intermediate\win64\release\xrrender_r1\du_sphere.obj
c:\users\сибирь\documents\github\oxr_coc\_build\intermediate\win64\release\xrrender_r1\dxconsolerender.obj
c:\users\сибирь\documents\github\oxr_coc\_build\intermediate\win64\release\xrrender_r1\dxenvironmentrender.obj
c:\users\сибирь\documents\github\oxr_coc\_build\intermediate\win64\release\xrrender_r1\dxobjectspacerender.obj
c:\users\сибирь\documents\github\oxr_coc\_build\intermediate\win64\release\xrrender_r1\dxparticlecustom.obj
c:\users\сибирь\documents\github\oxr_coc\_build\intermediate\win64\release\xrrender_r1\dxrenderfactory.obj
c:\users\сибирь\documents\github\oxr_coc\_build\intermediate\win64\release\xrrender_r1\dxthunderboltdescrender.obj
c:\users\сибирь\documents\github\oxr_coc\_build\intermediate\win64\release\xrrender_r1\dxthunderboltrender.obj
c:\users\сибирь\documents\github\oxr_coc\_build\intermediate\win64\release\xrrender_r1\dxuisequencevideoitem.obj
c:\users\сибирь\documents\github\oxr_coc\_build\intermediate\win64\release\xrrender_r1\dxwallmarkarray.obj
c:\users\сибирь\documents\github\oxr_coc\_build\intermediate\win64\release\xrrender_r1\flod.obj
c:\users\сибирь\documents\github\oxr_coc\_build\intermediate\win64\release\xrrender_r1\fprogressive.obj
c:\users\сибирь\documents\github\oxr_coc\_build\intermediate\win64\release\xrrender_r1\ftreevisual.obj
c:\users\сибирь\documents\github\oxr_coc\_build\intermediate\win64\release\xrrender_r1\fvisual.obj
c:\users\сибирь\documents\github\oxr_coc\_build\intermediate\win64\release\xrrender_r1\hom.obj
c:\users\сибирь\documents\github\oxr_coc\_build\intermediate\win64\release\xrrender_r1\hwcaps.obj
c:\users\сибирь\documents\github\oxr_coc\_build\intermediate\win64\release\xrrender_r1\light.obj
c:\users\сибирь\documents\github\oxr_coc\_build\intermediate\win64\release\xrrender_r1\lighttrack.obj
c:\users\сибирь\documents\github\oxr_coc\_build\intermediate\win64\release\xrrender_r1\light_package.obj
c:\users\сибирь\documents\github\oxr_coc\_build\intermediate\win64\release\xrrender_r1\nvtristrip.obj
c:\users\сибирь\documents\github\oxr_coc\_build\intermediate\win64\release\xrrender_r1\nvtristripobjects.obj
c:\users\сибирь\documents\github\oxr_coc\_build\intermediate\win64\release\xrrender_r1\occrasterizer.obj
c:\users\сибирь\documents\github\oxr_coc\_build\intermediate\win64\release\xrrender_r1\occrasterizer_core.obj
c:\users\сибирь\documents\github\oxr_coc\_build\intermediate\win64\release\xrrender_r1\particleeffect.obj
c:\users\сибирь\documents\github\oxr_coc\_build\intermediate\win64\release\xrrender_r1\pslibrary.obj
c:\users\сибирь\documents\github\oxr_coc\_build\intermediate\win64\release\xrrender_r1\resourcemanager.obj
c:\users\сибирь\documents\github\oxr_coc\_build\intermediate\win64\release\xrrender_r1\resourcemanager_scripting.obj
c:\users\сибирь\documents\github\oxr_coc\_build\intermediate\win64\release\xrrender_r1\r_dstreams.obj
c:\users\сибирь\documents\github\oxr_coc\_build\intermediate\win64\release\xrrender_r1\r__dsgraph_build.obj
c:\users\сибирь\documents\github\oxr_coc\_build\intermediate\win64\release\xrrender_r1\shader.obj
c:\users\сибирь\documents\github\oxr_coc\_build\intermediate\win64\release\xrrender_r1\sh_atomic.obj
c:\users\сибирь\documents\github\oxr_coc\_build\intermediate\win64\release\xrrender_r1\sh_constant.obj
c:\users\сибирь\documents\github\oxr_coc\_build\intermediate\win64\release\xrrender_r1\sh_rt.obj
c:\users\сибирь\documents\github\oxr_coc\_build\intermediate\win64\release\xrrender_r1\skeletonanimated.obj
c:\users\сибирь\documents\github\oxr_coc\_build\intermediate\win64\release\xrrender_r1\skeletonrigid.obj
c:\users\сибирь\documents\github\oxr_coc\_build\intermediate\win64\release\xrrender_r1\stats_manager.obj
c:\users\сибирь\documents\github\oxr_coc\_build\intermediate\win64\release\xrrender_r1\texture.obj
c:\users\сибирь\documents\github\oxr_coc\_build\intermediate\win64\release\xrrender_r1\texturedescrmanager.obj
c:\users\сибирь\documents\github\oxr_coc\_build\intermediate\win64\release\xrrender_r1\wallmarksengine.obj
c:\users\сибирь\documents\github\oxr_coc\_build\intermediate\win64\release\xrrender_r1\xr_effgamma.obj
c:\users\сибирь\documents\github\oxr_coc\_build\intermediate\win64\release\xrrender_r1\blender_blur.obj
c:\users\сибирь\documents\github\oxr_coc\_build\intermediate\win64\release\xrrender_r1\blender_laemb.obj
c:\users\сибирь\documents\github\oxr_coc\_build\intermediate\win64\release\xrrender_r1\blender_screen_gray.obj
c:\users\сибирь\documents\github\oxr_coc\_build\intermediate\win64\release\xrrender_r1\blender_vertex.obj
c:\users\сибирь\documents\github\oxr_coc\_build\intermediate\win64\release\xrrender_r1\fstaticrender.obj
c:\users\сибирь\documents\github\oxr_coc\_build\intermediate\win64\release\xrrender_r1\glowmanager.obj
c:\users\сибирь\documents\github\oxr_coc\_build\intermediate\win64\release\xrrender_r1\lightshadows.obj
c:\users\сибирь\documents\github\oxr_coc\_build\intermediate\win64\release\xrrender_r1\xrrender_r1.obj
c:\users\сибирь\documents\github\oxr_coc\_build\intermediate\win64\release\xrrender_r1\animation.obj
c:\users\сибирь\documents\github\oxr_coc\_build\intermediate\win64\release\xrrender_r1\blender_palette.obj
c:\users\сибирь\documents\github\oxr_coc\_build\intermediate\win64\release\xrrender_r1\blender_bmmd.obj
c:\users\сибирь\documents\github\oxr_coc\_build\intermediate\win64\release\xrrender_r1\blender_detail_still.obj
c:\users\сибирь\documents\github\oxr_coc\_build\intermediate\win64\release\xrrender_r1\blender_editor_wire.obj
c:\users\сибирь\documents\github\oxr_coc\_build\intermediate\win64\release\xrrender_r1\blender_model_ebb.obj
c:\users\сибирь\documents\github\oxr_coc\_build\intermediate\win64\release\xrrender_r1\blender_recorder_r2.obj
c:\users\сибирь\documents\github\oxr_coc\_build\intermediate\win64\release\xrrender_r1\blender_screen_set.obj
c:\users\сибирь\documents\github\oxr_coc\_build\intermediate\win64\release\xrrender_r1\colormapmanager.obj
c:\users\сибирь\documents\github\oxr_coc\_build\intermediate\win64\release\xrrender_r1\detailmanager.obj
c:\users\сибирь\documents\github\oxr_coc\_build\intermediate\win64\release\xrrender_r1\detailmanager_vs.obj
c:\users\сибирь\documents\github\oxr_coc\_build\intermediate\win64\release\xrrender_r1\detailmodel.obj
c:\users\сибирь\documents\github\oxr_coc\_build\intermediate\win64\release\xrrender_r1\du_sphere_part.obj
c:\users\сибирь\documents\github\oxr_coc\_build\intermediate\win64\release\xrrender_r1\dxdebugrender.obj
c:\users\сибирь\documents\github\oxr_coc\_build\intermediate\win64\release\xrrender_r1\dxlensflarerender.obj
c:\users\сибирь\documents\github\oxr_coc\_build\intermediate\win64\release\xrrender_r1\dxstatgraphrender.obj
c:\users\сибирь\documents\github\oxr_coc\_build\intermediate\win64\release\xrrender_r1\dxuirender.obj
c:\users\сибирь\documents\github\oxr_coc\_build\intermediate\win64\release\xrrender_r1\dxuishader.obj
c:\users\сибирь\documents\github\oxr_coc\_build\intermediate\win64\release\xrrender_r1\etextureparams.obj
c:\users\сибирь\documents\github\oxr_coc\_build\intermediate\win64\release\xrrender_r1\fbasicvisual.obj
c:\users\сибирь\documents\github\oxr_coc\_build\intermediate\win64\release\xrrender_r1\fhierrarhyvisual.obj
c:\users\сибирь\documents\github\oxr_coc\_build\intermediate\win64\release\xrrender_r1\fskinned.obj
c:\users\сибирь\documents\github\oxr_coc\_build\intermediate\win64\release\xrrender_r1\hw.obj
c:\users\сибирь\documents\github\oxr_coc\_build\intermediate\win64\release\xrrender_r1\light_db.obj
c:\users\сибирь\documents\github\oxr_coc\_build\intermediate\win64\release\xrrender_r1\modelpool.obj
c:\users\сибирь\documents\github\oxr_coc\_build\intermediate\win64\release\xrrender_r1\particleeffectdef.obj
c:\users\сибирь\documents\github\oxr_coc\_build\intermediate\win64\release\xrrender_r1\particlegroup.obj
c:\users\сибирь\documents\github\oxr_coc\_build\intermediate\win64\release\xrrender_r1\resourcemanager_loader.obj
c:\users\сибирь\documents\github\oxr_coc\_build\intermediate\win64\release\xrrender_r1\resourcemanager_resources.obj
c:\users\сибирь\documents\github\oxr_coc\_build\intermediate\win64\release\xrrender_r1\r_backend.obj
c:\users\сибирь\documents\github\oxr_coc\_build\intermediate\win64\release\xrrender_r1\r_backend_dbg.obj
c:\users\сибирь\documents\github\oxr_coc\_build\intermediate\win64\release\xrrender_r1\r_backend_hemi.obj
c:\users\сибирь\documents\github\oxr_coc\_build\intermediate\win64\release\xrrender_r1\r_backend_runtime.obj
c:\users\сибирь\documents\github\oxr_coc\_build\intermediate\win64\release\xrrender_r1\r_backend_tree.obj
c:\users\сибирь\documents\github\oxr_coc\_build\intermediate\win64\release\xrrender_r1\r_backend_xform.obj
c:\users\сибирь\documents\github\oxr_coc\_build\intermediate\win64\release\xrrender_r1\r_constants.obj
c:\users\сибирь\documents\github\oxr_coc\_build\intermediate\win64\release\xrrender_r1\r__dsgraph_render.obj
c:\users\сибирь\documents\github\oxr_coc\_build\intermediate\win64\release\xrrender_r1\r__dsgraph_render_lods.obj
c:\users\сибирь\documents\github\oxr_coc\_build\intermediate\win64\release\xrrender_r1\r__screenshot.obj
c:\users\сибирь\documents\github\oxr_coc\_build\intermediate\win64\release\xrrender_r1\r__sector.obj
c:\users\сибирь\documents\github\oxr_coc\_build\intermediate\win64\release\xrrender_r1\r__sector_traversal.obj
c:\users\сибирь\documents\github\oxr_coc\_build\intermediate\win64\release\xrrender_r1\sh_matrix.obj
c:\users\сибирь\documents\github\oxr_coc\_build\intermediate\win64\release\xrrender_r1\sh_texture.obj
c:\users\сибирь\documents\github\oxr_coc\_build\intermediate\win64\release\xrrender_r1\skeletonx.obj
c:\users\сибирь\documents\github\oxr_coc\_build\intermediate\win64\release\xrrender_r1\tss_def.obj
c:\users\сибирь\documents\github\oxr_coc\_build\intermediate\win64\release\xrrender_r1\vertexcache.obj
c:\users\сибирь\documents\github\oxr_coc\_build\intermediate\win64\release\xrrender_r1\xrrender_console.obj
c:\users\сибирь\documents\github\oxr_coc\_build\intermediate\win64\release\xrrender_r1\xrstripify.obj
c:\users\сибирь\documents\github\oxr_coc\_build\intermediate\win64\release\xrrender_r1\blenderdefault.obj
c:\users\сибирь\documents\github\oxr_coc\_build\intermediate\win64\release\xrrender_r1\blender_default_aref.obj
c:\users\сибирь\documents\github\oxr_coc\_build\intermediate\win64\release\xrrender_r1\blender_model.obj
c:\users\сибирь\documents\github\oxr_coc\_build\intermediate\win64\release\xrrender_r1\blender_shadow_world.obj
c:\users\сибирь\documents\github\oxr_coc\_build\intermediate\win64\release\xrrender_r1\blender_vertex_aref.obj
c:\users\сибирь\documents\github\oxr_coc\_build\intermediate\win64\release\xrrender_r1\fstaticrender_blenders.obj
c:\users\сибирь\documents\github\oxr_coc\_build\intermediate\win64\release\xrrender_r1\fstaticrender_detectsector.obj
c:\users\сибирь\documents\github\oxr_coc\_build\intermediate\win64\release\xrrender_r1\fstaticrender_loader.obj
c:\users\сибирь\documents\github\oxr_coc\_build\intermediate\win64\release\xrrender_r1\fstaticrender_rendertarget.obj
c:\users\сибирь\documents\github\oxr_coc\_build\intermediate\win64\release\xrrender_r1\lightppa.obj
c:\users\сибирь\documents\github\oxr_coc\_build\intermediate\win64\release\xrrender_r1\lightprojector.obj
c:\users\сибирь\documents\github\oxr_coc\_build\bin\win64\release\xrrender_r1.dll
c:\users\сибирь\documents\github\oxr_coc\_build\bin\win64\release\xrrender_r1.pdb
c:\users\сибирь\documents\github\oxr_coc\_build\lib\win64\release\xrrender_r1.lib
c:\users\сибирь\documents\github\oxr_coc\_build\lib\win64\release\xrrender_r1.exp
c:\users\сибирь\documents\github\oxr_coc\_build\bin\win64\release\xrrender_r1.ipdb
c:\users\сибирь\documents\github\oxr_coc\_build\bin\win64\release\xrrender_r1.iobj
c:\users\сибирь\documents\github\oxr_coc\src\..\_build\bin\win64\release\xrrender_r1.pdb
c:\users\сибирь\documents\github\oxr_coc\src\..\_build\bin\win64\release\xrrender_r1.dll
c:\users\сибирь\documents\github\oxr_coc\_build\intermediate\win64\release\xrrender_r1\xrrender_r1.tlog\cl.command.1.tlog
c:\users\сибирь\documents\github\oxr_coc\_build\intermediate\win64\release\xrrender_r1\xrrender_r1.tlog\cl.read.1.tlog
c:\users\сибирь\documents\github\oxr_coc\_build\intermediate\win64\release\xrrender_r1\xrrender_r1.tlog\cl.write.1.tlog
c:\users\сибирь\documents\github\oxr_coc\_build\intermediate\win64\release\xrrender_r1\xrrender_r1.tlog\link.command.1.tlog
c:\users\сибирь\documents\github\oxr_coc\_build\intermediate\win64\release\xrrender_r1\xrrender_r1.tlog\link.delete.1.tlog
c:\users\сибирь\documents\github\oxr_coc\_build\intermediate\win64\release\xrrender_r1\xrrender_r1.tlog\link.read.1.tlog
c:\users\сибирь\documents\github\oxr_coc\_build\intermediate\win64\release\xrrender_r1\xrrender_r1.tlog\link.write.1.tlog
c:\users\сибирь\documents\github\oxr_coc\_build\intermediate\win64\release\xrrender_r1\xrrender_r1.tlog\xrrender_r1.write.1u.tlog
