  stdafx.cpp
  dx9r_constants_cache.cpp
  Animation.cpp
  Blender.cpp
  Blender_Palette.cpp
  Blender_Recorder.cpp
  Blender_BmmD.cpp
  Blender_detail_still.cpp
  Blender_Editor_Selection.cpp
  Blender_Editor_Wire.cpp
  Blender_Lm(EbB).cpp
  Blender_Model_EbB.cpp
  Blender_Particle.cpp
  Blender_Recorder_R2.cpp
  Blender_Recorder_StandartBinding.cpp
  Blender_Screen_SET.cpp
  Blender_tree.cpp
  ColorMapManager.cpp
  D3DUtils.cpp
  DetailManager.cpp
  DetailManager_CACHE.cpp
  DetailManager_Decompress.cpp
  DetailManager_soft.cpp
  DetailManager_VS.cpp
  DetailModel.cpp
  du_box.cpp
  du_cone.cpp
  du_cylinder.cpp
  du_sphere.cpp
  du_sphere_part.cpp
  dxConsoleRender.cpp
c:\users\сибирь\documents\github\oxr_coc\src\layers\xrrender\dxconsolerender.cpp(17): warning C4838: преобразование из "u32" в "LONG" требует сужающего преобразования (компилируется исходный файл ..\xrRender\dxConsoleRender.cpp)
  dxDebugRender.cpp
  dxEnvironmentRender.cpp
  dxFontRender.cpp
  dxLensFlareRender.cpp
  dxObjectSpaceRender.cpp
  dxParticleCustom.cpp
  dxRainRender.cpp
  dxRenderFactory.cpp
  dxStatGraphRender.cpp
  dxThunderboltDescRender.cpp
  dxThunderboltRender.cpp
  dxUIRender.cpp
  dxUISequenceVideoItem.cpp
  dxUIShader.cpp
  dxWallMarkArray.cpp
  ETextureParams.cpp
  FBasicVisual.cpp
  FHierrarhyVisual.cpp
  FLOD.cpp
  FProgressive.cpp
  FSkinned.cpp
  FTreeVisual.cpp
  FVisual.cpp
  HOM.cpp
  HW.cpp
  HWCaps.cpp
  c:\users\сибирь\documents\github\oxr_coc\src\layers\xrrender\hw.cpp(286) :  TODO : "R2 need to specify depth format"
  
  light.cpp
  LightTrack.cpp
  Light_DB.cpp
  Light_Package.cpp
  ModelPool.cpp
  NvTriStrip.cpp
  NvTriStripObjects.cpp
  occRasterizer.cpp
  occRasterizer_core.cpp
  ParticleEffect.cpp
  ParticleEffectDef.cpp
  ParticleGroup.cpp
  PSLibrary.cpp
  ResourceManager.cpp
  ResourceManager_Loader.cpp
  ResourceManager_Reset.cpp
  c:\users\сибирь\documents\github\oxr_coc\src\layers\xrrender\resourcemanager_reset.cpp(79) :  TODO : "container is created in stack!"
  
  c:\users\сибирь\documents\github\oxr_coc\src\layers\xrrender\resourcemanager_reset.cpp(89) :  TODO : "container is created in stack!"
  
  ResourceManager_Resources.cpp
  ResourceManager_Scripting.cpp
  R_Backend.cpp
  R_Backend_DBG.cpp
  R_Backend_hemi.cpp
  R_Backend_Runtime.cpp
  R_Backend_tree.cpp
  R_Backend_xform.cpp
  r_constants.cpp
  R_DStreams.cpp
  r__dsgraph_build.cpp
  r__dsgraph_render.cpp
  r__dsgraph_render_lods.cpp
  r__screenshot.cpp
  r__sector.cpp
  r__sector_traversal.cpp
  Shader.cpp
  SH_Atomic.cpp
  SH_Constant.cpp
  SH_Matrix.cpp
  SH_RT.cpp
  SH_Texture.cpp
  SkeletonAnimated.cpp
  SkeletonCustom.cpp
  SkeletonRigid.cpp
  c:\users\сибирь\documents\github\oxr_coc\src\layers\xrrender\skeletoncustom.cpp(222) :  TODO : "container is created in stack!"
  
  c:\users\сибирь\documents\github\oxr_coc\src\layers\xrrender\skeletoncustom.cpp(367) :  TODO : "container is created in stack!"
  
  c:\users\сибирь\documents\github\oxr_coc\src\layers\xrrender\skeletoncustom.cpp(371) :  TODO : "container is created in stack!"
  
  SkeletonX.cpp
  stats_manager.cpp
  Texture.cpp
  TextureDescrManager.cpp
  tss_def.cpp
  VertexCache.cpp
  WallmarksEngine.cpp
  xrRender_console.cpp
  xrStripify.cpp
  xr_effgamma.cpp
  BlenderDefault.cpp
  Blender_Blur.cpp
  Blender_default_aref.cpp
  Blender_LaEmB.cpp
  Blender_Model.cpp
  Blender_Screen_GRAY.cpp
  Blender_Shadow_World.cpp
  Blender_Vertex.cpp
  Blender_Vertex_aref.cpp
  FStaticRender.cpp
  FStaticRender_Blenders.cpp
  FStaticRender_DetectSector.cpp
  FStaticRender_Loader.cpp
  FStaticRender_RenderTarget.cpp
  GlowManager.cpp
  LightPPA.cpp
  LightProjector.cpp
  LightShadows.cpp
c:\users\сибирь\documents\github\oxr_coc\src\layers\xrrenderpc_r1\lightshadows.cpp(281): warning C4838: преобразование из "int" в "DWORD" требует сужающего преобразования (компилируется исходный файл LightShadows.cpp)
c:\users\сибирь\documents\github\oxr_coc\src\layers\xrrenderpc_r1\lightprojector.cpp(287): warning C4838: преобразование из "int" в "DWORD" требует сужающего преобразования (компилируется исходный файл LightProjector.cpp)
  xrRender_R1.cpp
  Создание кода
  7452 of 18513 functions (40.3%) were compiled, the rest were copied from previous compilation.
    447 functions were new in current compilation
    583 functions had inline decision re-evaluated but remain unchanged
  Создание кода завершено
  xrRender_R1.vcxproj -> C:\Users\сибирь\Documents\GitHub\OXR_CoC\src\..\_build\bin\Win64\Release\xrRender_R1.dll
