c:\users\сибирь\documents\github\oxr_coc\_build\intermediate\win64\release\xrphysics\xrphysics.pch
c:\users\сибирь\documents\github\oxr_coc\_build\intermediate\win64\release\xrphysics\vc141.pdb
c:\users\сибирь\documents\github\oxr_coc\_build\intermediate\win64\release\xrphysics\stdafx.obj
c:\users\сибирь\documents\github\oxr_coc\_build\intermediate\win64\release\xrphysics\phnetstate.obj
c:\users\сибирь\documents\github\oxr_coc\_build\intermediate\win64\release\xrphysics\collisiondamagereceiver.obj
c:\users\сибирь\documents\github\oxr_coc\_build\intermediate\win64\release\xrphysics\console_vars.obj
c:\users\сибирь\documents\github\oxr_coc\_build\intermediate\win64\release\xrphysics\dcylinder.obj
c:\users\сибирь\documents\github\oxr_coc\_build\intermediate\win64\release\xrphysics\elevatorstate.obj
c:\users\сибирь\documents\github\oxr_coc\_build\intermediate\win64\release\xrphysics\geometrybits.obj
c:\users\сибирь\documents\github\oxr_coc\_build\intermediate\win64\release\xrphysics\mathutils.obj
c:\users\сибирь\documents\github\oxr_coc\_build\intermediate\win64\release\xrphysics\movementboxdynamicactivate.obj
c:\users\сибирь\documents\github\oxr_coc\_build\intermediate\win64\release\xrphysics\phactivationshape.obj
c:\users\сибирь\documents\github\oxr_coc\_build\intermediate\win64\release\xrphysics\phaicharacter.obj
c:\users\сибирь\documents\github\oxr_coc\_build\intermediate\win64\release\xrphysics\phcaptureinit.obj
c:\users\сибирь\documents\github\oxr_coc\_build\intermediate\win64\release\xrphysics\phcharacter.obj
c:\users\сибирь\documents\github\oxr_coc\_build\intermediate\win64\release\xrphysics\phdynamicdata.obj
c:\users\сибирь\documents\github\oxr_coc\_build\intermediate\win64\release\xrphysics\phelementnetstate.obj
c:\users\сибирь\documents\github\oxr_coc\_build\intermediate\win64\release\xrphysics\phfracture.obj
c:\users\сибирь\documents\github\oxr_coc\_build\intermediate\win64\release\xrphysics\phinterpolation.obj
c:\users\сибирь\documents\github\oxr_coc\_build\intermediate\win64\release\xrphysics\phisland.obj
c:\users\сибирь\documents\github\oxr_coc\_build\intermediate\win64\release\xrphysics\phjointdestroyinfo.obj
c:\users\сибирь\documents\github\oxr_coc\_build\intermediate\win64\release\xrphysics\phmovestorage.obj
c:\users\сибирь\documents\github\oxr_coc\_build\intermediate\win64\release\xrphysics\phshell.obj
c:\users\сибирь\documents\github\oxr_coc\_build\intermediate\win64\release\xrphysics\phshellnetstate.obj
c:\users\сибирь\documents\github\oxr_coc\_build\intermediate\win64\release\xrphysics\phsimplecharacter.obj
c:\users\сибирь\documents\github\oxr_coc\_build\intermediate\win64\release\xrphysics\phstaticgeomshell.obj
c:\users\сибирь\documents\github\oxr_coc\_build\intermediate\win64\release\xrphysics\physics.obj
c:\users\сибирь\documents\github\oxr_coc\_build\intermediate\win64\release\xrphysics\physicsshell.obj
c:\users\сибирь\documents\github\oxr_coc\_build\intermediate\win64\release\xrphysics\physics_scripted.obj
c:\users\сибирь\documents\github\oxr_coc\_build\intermediate\win64\release\xrphysics\dsorttriprimitive.obj
c:\users\сибирь\documents\github\oxr_coc\_build\intermediate\win64\release\xrphysics\dtribox.obj
c:\users\сибирь\documents\github\oxr_coc\_build\intermediate\win64\release\xrphysics\dtricallidek.obj
c:\users\сибирь\documents\github\oxr_coc\_build\intermediate\win64\release\xrphysics\dtrilist.obj
c:\users\сибирь\documents\github\oxr_coc\_build\intermediate\win64\release\xrphysics\xrphysics.obj
c:\users\сибирь\documents\github\oxr_coc\_build\intermediate\win64\release\xrphysics\actorcameracollision.obj
c:\users\сибирь\documents\github\oxr_coc\_build\intermediate\win64\release\xrphysics\debug_output.obj
c:\users\сибирь\documents\github\oxr_coc\_build\intermediate\win64\release\xrphysics\disablingparams.obj
c:\users\сибирь\documents\github\oxr_coc\_build\intermediate\win64\release\xrphysics\draymotions.obj
c:\users\сибирь\documents\github\oxr_coc\_build\intermediate\win64\release\xrphysics\extendedgeom.obj
c:\users\сибирь\documents\github\oxr_coc\_build\intermediate\win64\release\xrphysics\geometry.obj
c:\users\сибирь\documents\github\oxr_coc\_build\intermediate\win64\release\xrphysics\iactivationshape.obj
c:\users\сибирь\documents\github\oxr_coc\_build\intermediate\win64\release\xrphysics\params.obj
c:\users\сибирь\documents\github\oxr_coc\_build\intermediate\win64\release\xrphysics\phactorcharacter.obj
c:\users\сибирь\documents\github\oxr_coc\_build\intermediate\win64\release\xrphysics\phcapture.obj
c:\users\сибирь\documents\github\oxr_coc\_build\intermediate\win64\release\xrphysics\phcollidevalidator.obj
c:\users\сибирь\documents\github\oxr_coc\_build\intermediate\win64\release\xrphysics\phcontactbodyeffector.obj
c:\users\сибирь\documents\github\oxr_coc\_build\intermediate\win64\release\xrphysics\phdisabling.obj
c:\users\сибирь\documents\github\oxr_coc\_build\intermediate\win64\release\xrphysics\phelement.obj
c:\users\сибирь\documents\github\oxr_coc\_build\intermediate\win64\release\xrphysics\phgeometryowner.obj
c:\users\сибирь\documents\github\oxr_coc\_build\intermediate\win64\release\xrphysics\phjoint.obj
c:\users\сибирь\documents\github\oxr_coc\_build\intermediate\win64\release\xrphysics\phobject.obj
c:\users\сибирь\documents\github\oxr_coc\_build\intermediate\win64\release\xrphysics\phshellactivate.obj
c:\users\сибирь\documents\github\oxr_coc\_build\intermediate\win64\release\xrphysics\phshellsplitter.obj
c:\users\сибирь\documents\github\oxr_coc\_build\intermediate\win64\release\xrphysics\phsplitedshell.obj
c:\users\сибирь\documents\github\oxr_coc\_build\intermediate\win64\release\xrphysics\phvalide.obj
c:\users\сибирь\documents\github\oxr_coc\_build\intermediate\win64\release\xrphysics\phworld.obj
c:\users\сибирь\documents\github\oxr_coc\_build\intermediate\win64\release\xrphysics\physicsexternalcommon.obj
c:\users\сибирь\documents\github\oxr_coc\_build\intermediate\win64\release\xrphysics\physicsshellanimator.obj
c:\users\сибирь\documents\github\oxr_coc\_build\intermediate\win64\release\xrphysics\shellhit.obj
c:\users\сибирь\documents\github\oxr_coc\_build\intermediate\win64\release\xrphysics\dtricylinder.obj
c:\users\сибирь\documents\github\oxr_coc\_build\intermediate\win64\release\xrphysics\dtrisphere.obj
c:\users\сибирь\documents\github\oxr_coc\_build\bin\win64\release\xrphysics.dll
c:\users\сибирь\documents\github\oxr_coc\_build\bin\win64\release\xrphysics.pdb
c:\users\сибирь\documents\github\oxr_coc\_build\lib\win64\release\xrphysics.lib
c:\users\сибирь\documents\github\oxr_coc\_build\lib\win64\release\xrphysics.exp
c:\users\сибирь\documents\github\oxr_coc\_build\bin\win64\release\xrphysics.ipdb
c:\users\сибирь\documents\github\oxr_coc\_build\bin\win64\release\xrphysics.iobj
c:\users\сибирь\documents\github\oxr_coc\src\..\_build\bin\win64\release\xrphysics.pdb
c:\users\сибирь\documents\github\oxr_coc\_build\intermediate\win64\release\xrphysics\xrphysics.tlog\cl.command.1.tlog
c:\users\сибирь\documents\github\oxr_coc\_build\intermediate\win64\release\xrphysics\xrphysics.tlog\cl.read.1.tlog
c:\users\сибирь\documents\github\oxr_coc\_build\intermediate\win64\release\xrphysics\xrphysics.tlog\cl.write.1.tlog
c:\users\сибирь\documents\github\oxr_coc\_build\intermediate\win64\release\xrphysics\xrphysics.tlog\link.command.1.tlog
c:\users\сибирь\documents\github\oxr_coc\_build\intermediate\win64\release\xrphysics\xrphysics.tlog\link.read.1.tlog
c:\users\сибирь\documents\github\oxr_coc\_build\intermediate\win64\release\xrphysics\xrphysics.tlog\link.write.1.tlog
c:\users\сибирь\documents\github\oxr_coc\_build\intermediate\win64\release\xrphysics\xrphysics.tlog\xrphysics.write.1u.tlog
