  stdafx.cpp
  PHNetState.cpp
  ActorCameraCollision.cpp
  DisablingParams.cpp
  ElevatorState.cpp
  ExtendedGeom.cpp
  Geometry.cpp
  GeometryBits.cpp
  IActivationShape.cpp
  MathUtils.cpp
  MovementBoxDynamicActivate.cpp
  PHAICharacter.cpp
  PHActivationShape.cpp
  PHActorCharacter.cpp
  PHCapture.cpp
  PHCaptureInit.cpp
  PHCharacter.cpp
  PHCollideValidator.cpp
  PHContactBodyEffector.cpp
  PHDisabling.cpp
  PHDynamicData.cpp
  PHElement.cpp
  PHElementNetState.cpp
  PHFracture.cpp
  c:\users\сибирь\documents\github\oxr_coc\src\xrphysics\phelement.cpp(1164) :  TODO : remake it using Geometry functions
  
  PHGeometryOwner.cpp
  PHInterpolation.cpp
  PHIsland.cpp
  PHJoint.cpp
  PHJointDestroyInfo.cpp
  PHMoveStorage.cpp
  PHObject.cpp
  PHShell.cpp
  PHShellActivate.cpp
  PHShellNetState.cpp
  PHShellSplitter.cpp
  PHSimpleCharacter.cpp
  PHSplitedShell.cpp
  PHStaticGeomShell.cpp
  PHWorld.cpp
  Physics.cpp
  PhysicsExternalCommon.cpp
  PhysicsShell.cpp
  PhysicsShellAnimator.cpp
  c:\users\сибирь\documents\github\oxr_coc\src\xrphysics\physicsshell.cpp(207) :  TODO : "not ignore static if non realy fixed! "
  
  c:\users\сибирь\documents\github\oxr_coc\src\xrphysics\physicsshellanimator.cpp(88) :  TODO : "reset callback?"
  
  ShellHit.cpp
  collisiondamagereceiver.cpp
  console_vars.cpp
  dRayMotions.cpp
  c:\users\сибирь\documents\github\oxr_coc\src\xrphysics\shellhit.cpp(17) :  TODO : "Kosya to kosya:this code shold treat all hit types"
  
  dCylinder.cpp
  debug_output.cpp
  params.cpp
  phvalide.cpp
  physics_scripted.cpp
  dSortTriPrimitive.cpp
  dTriBox.cpp
  c:\users\сибирь\documents\github\oxr_coc\src\xrphysics\dcylinder\dcylinder.cpp(1112) :  TODO : optimize factor == 0.f
  
  dTriCallideK.cpp
  dTriCylinder.cpp
  dTriList.cpp
  dTriSphere.cpp
  xrPhysics.cpp
     Создается библиотека C:\Users\сибирь\Documents\GitHub\OXR_CoC\src\..\_build\lib\Win64\Release\xrPhysics.lib и объект C:\Users\сибирь\Documents\GitHub\OXR_CoC\src\..\_build\lib\Win64\Release\xrPhysics.exp
  Создание кода
  0 of 4138 functions ( 0.0%) were compiled, the rest were copied from previous compilation.
    0 functions were new in current compilation
    0 functions had inline decision re-evaluated but remain unchanged
  Создание кода завершено
  xrPhysics.vcxproj -> C:\Users\сибирь\Documents\GitHub\OXR_CoC\src\..\_build\bin\Win64\Release\xrPhysics.dll
