c:\users\сибирь\documents\github\oxr_coc\_build\intermediate\win64\release\libvorbis_static\bitrate.obj
c:\users\сибирь\documents\github\oxr_coc\_build\intermediate\win64\release\libvorbis_static\codebook.obj
c:\users\сибирь\documents\github\oxr_coc\_build\intermediate\win64\release\libvorbis_static\envelope.obj
c:\users\сибирь\documents\github\oxr_coc\_build\intermediate\win64\release\libvorbis_static\floor1.obj
c:\users\сибирь\documents\github\oxr_coc\_build\intermediate\win64\release\libvorbis_static\lpc.obj
c:\users\сибирь\documents\github\oxr_coc\_build\intermediate\win64\release\libvorbis_static\mapping0.obj
c:\users\сибирь\documents\github\oxr_coc\_build\intermediate\win64\release\libvorbis_static\psy.obj
c:\users\сибирь\documents\github\oxr_coc\_build\intermediate\win64\release\libvorbis_static\sharedbook.obj
c:\users\сибирь\documents\github\oxr_coc\_build\intermediate\win64\release\libvorbis_static\synthesis.obj
c:\users\сибирь\documents\github\oxr_coc\_build\intermediate\win64\release\libvorbis_static\window.obj
c:\users\сибирь\documents\github\oxr_coc\_build\intermediate\win64\release\libvorbis_static\analysis.obj
c:\users\сибирь\documents\github\oxr_coc\_build\intermediate\win64\release\libvorbis_static\block.obj
c:\users\сибирь\documents\github\oxr_coc\_build\intermediate\win64\release\libvorbis_static\floor0.obj
c:\users\сибирь\documents\github\oxr_coc\_build\intermediate\win64\release\libvorbis_static\info.obj
c:\users\сибирь\documents\github\oxr_coc\_build\intermediate\win64\release\libvorbis_static\lookup.obj
c:\users\сибирь\documents\github\oxr_coc\_build\intermediate\win64\release\libvorbis_static\lsp.obj
c:\users\сибирь\documents\github\oxr_coc\_build\intermediate\win64\release\libvorbis_static\mdct.obj
c:\users\сибирь\documents\github\oxr_coc\_build\intermediate\win64\release\libvorbis_static\registry.obj
c:\users\сибирь\documents\github\oxr_coc\_build\intermediate\win64\release\libvorbis_static\res0.obj
c:\users\сибирь\documents\github\oxr_coc\_build\intermediate\win64\release\libvorbis_static\smallft.obj
c:\users\сибирь\documents\github\oxr_coc\_build\intermediate\win64\release\libvorbis_static\vorbisenc.obj
c:\users\сибирь\documents\github\oxr_coc\_build\intermediate\win64\release\libvorbis_static\libvorbis_static.pdb
c:\users\сибирь\documents\github\oxr_coc\_build\lib\win64\release\libvorbis_static.lib
c:\users\сибирь\documents\github\oxr_coc\src\..\_build\lib\win64\release\libvorbis_static.lib
c:\users\сибирь\documents\github\oxr_coc\_build\intermediate\win64\release\libvorbis_static\libvorbis_static.tlog\cl.3820.write.1.tlog
c:\users\сибирь\documents\github\oxr_coc\_build\intermediate\win64\release\libvorbis_static\libvorbis_static.tlog\cl.command.1.tlog
c:\users\сибирь\documents\github\oxr_coc\_build\intermediate\win64\release\libvorbis_static\libvorbis_static.tlog\cl.read.1.tlog
c:\users\сибирь\documents\github\oxr_coc\_build\intermediate\win64\release\libvorbis_static\libvorbis_static.tlog\lib-link.read.1.tlog
c:\users\сибирь\documents\github\oxr_coc\_build\intermediate\win64\release\libvorbis_static\libvorbis_static.tlog\lib-link.write.1.tlog
c:\users\сибирь\documents\github\oxr_coc\_build\intermediate\win64\release\libvorbis_static\libvorbis_static.tlog\lib.command.1.tlog
