c:\users\сибирь\documents\github\oxr_coc\_build\intermediate\win64\release\luabind\class_info.obj
c:\users\сибирь\documents\github\oxr_coc\_build\intermediate\win64\release\luabind\class_rep.obj
c:\users\сибирь\documents\github\oxr_coc\_build\intermediate\win64\release\luabind\error.obj
c:\users\сибирь\documents\github\oxr_coc\_build\intermediate\win64\release\luabind\function.obj
c:\users\сибирь\documents\github\oxr_coc\_build\intermediate\win64\release\luabind\headertest.obj
c:\users\сибирь\documents\github\oxr_coc\_build\intermediate\win64\release\luabind\link_compatibility.obj
c:\users\сибирь\documents\github\oxr_coc\_build\intermediate\win64\release\luabind\object_rep.obj
c:\users\сибирь\documents\github\oxr_coc\_build\intermediate\win64\release\luabind\operator.obj
c:\users\сибирь\documents\github\oxr_coc\_build\intermediate\win64\release\luabind\scope.obj
c:\users\сибирь\documents\github\oxr_coc\_build\intermediate\win64\release\luabind\stack_content_by_name.obj
c:\users\сибирь\documents\github\oxr_coc\_build\intermediate\win64\release\luabind\wrapper_base.obj
c:\users\сибирь\documents\github\oxr_coc\_build\intermediate\win64\release\luabind\class.obj
c:\users\сибирь\documents\github\oxr_coc\_build\intermediate\win64\release\luabind\class_registry.obj
c:\users\сибирь\documents\github\oxr_coc\_build\intermediate\win64\release\luabind\create_class.obj
c:\users\сибирь\documents\github\oxr_coc\_build\intermediate\win64\release\luabind\exception_handler.obj
c:\users\сибирь\documents\github\oxr_coc\_build\intermediate\win64\release\luabind\function_introspection.obj
c:\users\сибирь\documents\github\oxr_coc\_build\intermediate\win64\release\luabind\inheritance.obj
c:\users\сибирь\documents\github\oxr_coc\_build\intermediate\win64\release\luabind\memory.obj
c:\users\сибирь\documents\github\oxr_coc\_build\intermediate\win64\release\luabind\open.obj
c:\users\сибирь\documents\github\oxr_coc\_build\intermediate\win64\release\luabind\pcall.obj
c:\users\сибирь\documents\github\oxr_coc\_build\intermediate\win64\release\luabind\set_package_preload.obj
c:\users\сибирь\documents\github\oxr_coc\_build\intermediate\win64\release\luabind\weak_ref.obj
c:\users\сибирь\documents\github\oxr_coc\_build\intermediate\win64\release\luabind\vc141.pdb
c:\users\сибирь\documents\github\oxr_coc\_build\bin\win64\release\luabind.dll
c:\users\сибирь\documents\github\oxr_coc\_build\bin\win64\release\luabind.pdb
c:\users\сибирь\documents\github\oxr_coc\_build\lib\win64\release\luabind.lib
c:\users\сибирь\documents\github\oxr_coc\_build\lib\win64\release\luabind.exp
c:\users\сибирь\documents\github\oxr_coc\_build\bin\win64\release\luabind.ipdb
c:\users\сибирь\documents\github\oxr_coc\_build\bin\win64\release\luabind.iobj
c:\users\сибирь\documents\github\oxr_coc\src\..\_build\bin\win64\release\luabind.pdb
c:\users\сибирь\documents\github\oxr_coc\_build\intermediate\win64\release\luabind\luabind.tlog\cl.7512.write.1.tlog
c:\users\сибирь\documents\github\oxr_coc\_build\intermediate\win64\release\luabind\luabind.tlog\cl.command.1.tlog
c:\users\сибирь\documents\github\oxr_coc\_build\intermediate\win64\release\luabind\luabind.tlog\cl.read.1.tlog
c:\users\сибирь\documents\github\oxr_coc\_build\intermediate\win64\release\luabind\luabind.tlog\link.command.1.tlog
c:\users\сибирь\documents\github\oxr_coc\_build\intermediate\win64\release\luabind\luabind.tlog\link.read.1.tlog
c:\users\сибирь\documents\github\oxr_coc\_build\intermediate\win64\release\luabind\luabind.tlog\link.write.1.tlog
c:\users\сибирь\documents\github\oxr_coc\_build\intermediate\win64\release\luabind\luabind.tlog\luabind.write.1u.tlog
