c:\users\сибирь\documents\github\oxr_coc\_build\intermediate\win64\release\xrrender_r4\xrrender_r4.pch
c:\users\сибирь\documents\github\oxr_coc\_build\intermediate\win64\release\xrrender_r4\vc141.pdb
c:\users\сибирь\documents\github\oxr_coc\_build\intermediate\win64\release\xrrender_r4\stdafx.obj
c:\users\сибирь\documents\github\oxr_coc\_build\intermediate\win64\release\xrrender_r4\dx103dfluidblenders.obj
c:\users\сибирь\documents\github\oxr_coc\_build\intermediate\win64\release\xrrender_r4\dx103dfluidemitters.obj
c:\users\сибирь\documents\github\oxr_coc\_build\intermediate\win64\release\xrrender_r4\dx103dfluidgrid.obj
c:\users\сибирь\documents\github\oxr_coc\_build\intermediate\win64\release\xrrender_r4\dx103dfluidobstacles.obj
c:\users\сибирь\documents\github\oxr_coc\_build\intermediate\win64\release\xrrender_r4\blender_recorder_r3.obj
c:\users\сибирь\documents\github\oxr_coc\_build\intermediate\win64\release\xrrender_r4\dx10bufferutils.obj
c:\users\сибирь\documents\github\oxr_coc\_build\intermediate\win64\release\xrrender_r4\dx10detailmanager_vs.obj
c:\users\сибирь\documents\github\oxr_coc\_build\intermediate\win64\release\xrrender_r4\dx10resourcemanager_resources.obj
c:\users\сибирь\documents\github\oxr_coc\_build\intermediate\win64\release\xrrender_r4\dx10r_constants_cache.obj
c:\users\сибирь\documents\github\oxr_coc\_build\intermediate\win64\release\xrrender_r4\dx10sh_rt.obj
c:\users\сибирь\documents\github\oxr_coc\_build\intermediate\win64\release\xrrender_r4\dx10sh_texture.obj
c:\users\сибирь\documents\github\oxr_coc\_build\intermediate\win64\release\xrrender_r4\dx10textureutils.obj
c:\users\сибирь\documents\github\oxr_coc\_build\intermediate\win64\release\xrrender_r4\dx10samplerstatecache.obj
c:\users\сибирь\documents\github\oxr_coc\_build\intermediate\win64\release\xrrender_r4\dx10statecache.obj
c:\users\сибирь\documents\github\oxr_coc\_build\intermediate\win64\release\xrrender_r4\dx10statemanager.obj
c:\users\сибирь\documents\github\oxr_coc\_build\intermediate\win64\release\xrrender_r4\blender_recorder.obj
c:\users\сибирь\documents\github\oxr_coc\_build\intermediate\win64\release\xrrender_r4\blender_bmmd.obj
c:\users\сибирь\documents\github\oxr_coc\_build\intermediate\win64\release\xrrender_r4\blender_editor_selection.obj
c:\users\сибирь\documents\github\oxr_coc\_build\intermediate\win64\release\xrrender_r4\blender_lm(ebb).obj
c:\users\сибирь\documents\github\oxr_coc\_build\intermediate\win64\release\xrrender_r4\blender_particle.obj
c:\users\сибирь\documents\github\oxr_coc\_build\intermediate\win64\release\xrrender_r4\blender_recorder_standartbinding.obj
c:\users\сибирь\documents\github\oxr_coc\_build\intermediate\win64\release\xrrender_r4\blender_tree.obj
c:\users\сибирь\documents\github\oxr_coc\_build\intermediate\win64\release\xrrender_r4\d3dutils.obj
c:\users\сибирь\documents\github\oxr_coc\_build\intermediate\win64\release\xrrender_r4\detailmanager_cache.obj
c:\users\сибирь\documents\github\oxr_coc\_build\intermediate\win64\release\xrrender_r4\detailmanager_decompress.obj
c:\users\сибирь\documents\github\oxr_coc\_build\intermediate\win64\release\xrrender_r4\du_box.obj
c:\users\сибирь\documents\github\oxr_coc\_build\intermediate\win64\release\xrrender_r4\du_cone.obj
c:\users\сибирь\documents\github\oxr_coc\_build\intermediate\win64\release\xrrender_r4\du_cylinder.obj
c:\users\сибирь\documents\github\oxr_coc\_build\intermediate\win64\release\xrrender_r4\du_sphere.obj
c:\users\сибирь\documents\github\oxr_coc\_build\intermediate\win64\release\xrrender_r4\dxconsolerender.obj
c:\users\сибирь\documents\github\oxr_coc\_build\intermediate\win64\release\xrrender_r4\dxenvironmentrender.obj
c:\users\сибирь\documents\github\oxr_coc\_build\intermediate\win64\release\xrrender_r4\dxlensflarerender.obj
c:\users\сибирь\documents\github\oxr_coc\_build\intermediate\win64\release\xrrender_r4\dxparticlecustom.obj
c:\users\сибирь\documents\github\oxr_coc\_build\intermediate\win64\release\xrrender_r4\dxrainrender.obj
c:\users\сибирь\documents\github\oxr_coc\_build\intermediate\win64\release\xrrender_r4\dxstatgraphrender.obj
c:\users\сибирь\documents\github\oxr_coc\_build\intermediate\win64\release\xrrender_r4\dxthunderboltdescrender.obj
c:\users\сибирь\documents\github\oxr_coc\_build\intermediate\win64\release\xrrender_r4\dxuirender.obj
c:\users\сибирь\documents\github\oxr_coc\_build\intermediate\win64\release\xrrender_r4\dxuishader.obj
c:\users\сибирь\documents\github\oxr_coc\_build\intermediate\win64\release\xrrender_r4\etextureparams.obj
c:\users\сибирь\documents\github\oxr_coc\_build\intermediate\win64\release\xrrender_r4\fbasicvisual.obj
c:\users\сибирь\documents\github\oxr_coc\_build\intermediate\win64\release\xrrender_r4\fhierrarhyvisual.obj
c:\users\сибирь\documents\github\oxr_coc\_build\intermediate\win64\release\xrrender_r4\fskinned.obj
c:\users\сибирь\documents\github\oxr_coc\_build\intermediate\win64\release\xrrender_r4\light.obj
c:\users\сибирь\documents\github\oxr_coc\_build\intermediate\win64\release\xrrender_r4\light_db.obj
c:\users\сибирь\documents\github\oxr_coc\_build\intermediate\win64\release\xrrender_r4\modelpool.obj
c:\users\сибирь\documents\github\oxr_coc\_build\intermediate\win64\release\xrrender_r4\occrasterizer_core.obj
c:\users\сибирь\documents\github\oxr_coc\_build\intermediate\win64\release\xrrender_r4\particleeffectdef.obj
c:\users\сибирь\documents\github\oxr_coc\_build\intermediate\win64\release\xrrender_r4\pslibrary.obj
c:\users\сибирь\documents\github\oxr_coc\_build\intermediate\win64\release\xrrender_r4\resourcemanager_loader.obj
c:\users\сибирь\documents\github\oxr_coc\_build\intermediate\win64\release\xrrender_r4\resourcemanager_reset.obj
c:\users\сибирь\documents\github\oxr_coc\_build\intermediate\win64\release\xrrender_r4\r_backend_dbg.obj
c:\users\сибирь\documents\github\oxr_coc\_build\intermediate\win64\release\xrrender_r4\r_backend_runtime.obj
c:\users\сибирь\documents\github\oxr_coc\_build\intermediate\win64\release\xrrender_r4\r_dstreams.obj
c:\users\сибирь\documents\github\oxr_coc\_build\intermediate\win64\release\xrrender_r4\r__dsgraph_build.obj
c:\users\сибирь\documents\github\oxr_coc\_build\intermediate\win64\release\xrrender_r4\sh_atomic.obj
c:\users\сибирь\documents\github\oxr_coc\_build\intermediate\win64\release\xrrender_r4\sh_matrix.obj
c:\users\сибирь\documents\github\oxr_coc\_build\intermediate\win64\release\xrrender_r4\skeletoncustom.obj
c:\users\сибирь\documents\github\oxr_coc\_build\intermediate\win64\release\xrrender_r4\skeletonrigid.obj
c:\users\сибирь\documents\github\oxr_coc\_build\intermediate\win64\release\xrrender_r4\stats_manager.obj
c:\users\сибирь\documents\github\oxr_coc\_build\intermediate\win64\release\xrrender_r4\tss_def.obj
c:\users\сибирь\documents\github\oxr_coc\_build\intermediate\win64\release\xrrender_r4\uber_deffer.obj
c:\users\сибирь\documents\github\oxr_coc\_build\intermediate\win64\release\xrrender_r4\dxhashhelper.obj
c:\users\сибирь\documents\github\oxr_coc\_build\intermediate\win64\release\xrrender_r4\vertexcache.obj
c:\users\сибирь\documents\github\oxr_coc\_build\intermediate\win64\release\xrrender_r4\wallmarksengine.obj
c:\users\сибирь\documents\github\oxr_coc\_build\intermediate\win64\release\xrrender_r4\xr_effgamma.obj
c:\users\сибирь\documents\github\oxr_coc\_build\intermediate\win64\release\xrrender_r4\blender_combine.obj
c:\users\сибирь\documents\github\oxr_coc\_build\intermediate\win64\release\xrrender_r4\blender_deffer_flat.obj
c:\users\сибирь\documents\github\oxr_coc\_build\intermediate\win64\release\xrrender_r4\blender_light_direct.obj
c:\users\сибирь\documents\github\oxr_coc\_build\intermediate\win64\release\xrrender_r4\blender_light_occq.obj
c:\users\сибирь\documents\github\oxr_coc\_build\intermediate\win64\release\xrrender_r4\blender_light_spot.obj
c:\users\сибирь\documents\github\oxr_coc\_build\intermediate\win64\release\xrrender_r4\blender_luminance.obj
c:\users\сибирь\documents\github\oxr_coc\_build\intermediate\win64\release\xrrender_r4\cscompiler.obj
c:\users\сибирь\documents\github\oxr_coc\_build\intermediate\win64\release\xrrender_r4\light_gi.obj
c:\users\сибирь\documents\github\oxr_coc\_build\intermediate\win64\release\xrrender_r4\light_vis.obj
c:\users\сибирь\documents\github\oxr_coc\_build\intermediate\win64\release\xrrender_r4\r2_blenders.obj
c:\users\сибирь\documents\github\oxr_coc\_build\intermediate\win64\release\xrrender_r4\r2_r_lights.obj
c:\users\сибирь\documents\github\oxr_coc\_build\intermediate\win64\release\xrrender_r4\r2_sector_detect.obj
c:\users\сибирь\documents\github\oxr_coc\_build\intermediate\win64\release\xrrender_r4\r2_test_hw.obj
c:\users\сибирь\documents\github\oxr_coc\_build\intermediate\win64\release\xrrender_r4\r4.obj
c:\users\сибирь\documents\github\oxr_coc\_build\intermediate\win64\release\xrrender_r4\r4_rendertarget.obj
c:\users\сибирь\documents\github\oxr_coc\_build\intermediate\win64\release\xrrender_r4\r4_rendertarget_accum_omnipart_geom.obj
c:\users\сибирь\documents\github\oxr_coc\_build\intermediate\win64\release\xrrender_r4\r4_rendertarget_accum_point.obj
c:\users\сибирь\documents\github\oxr_coc\_build\intermediate\win64\release\xrrender_r4\r4_rendertarget_accum_spot.obj
c:\users\сибирь\documents\github\oxr_coc\_build\intermediate\win64\release\xrrender_r4\r4_rendertarget_create_minmaxsm.obj
c:\users\сибирь\documents\github\oxr_coc\_build\intermediate\win64\release\xrrender_r4\r4_rendertarget_draw_volume.obj
c:\users\сибирь\documents\github\oxr_coc\_build\intermediate\win64\release\xrrender_r4\r4_rendertarget_mark_msaa_edges.obj
c:\users\сибирь\documents\github\oxr_coc\_build\intermediate\win64\release\xrrender_r4\r4_rendertarget_phase_accumulator.obj
c:\users\сибирь\documents\github\oxr_coc\_build\intermediate\win64\release\xrrender_r4\r4_rendertarget_phase_combine.obj
c:\users\сибирь\documents\github\oxr_coc\_build\intermediate\win64\release\xrrender_r4\r4_rendertarget_phase_luminance.obj
c:\users\сибирь\documents\github\oxr_coc\_build\intermediate\win64\release\xrrender_r4\r4_rendertarget_phase_pp.obj
c:\users\сибирь\documents\github\oxr_coc\_build\intermediate\win64\release\xrrender_r4\r4_rendertarget_phase_smap_d.obj
c:\users\сибирь\documents\github\oxr_coc\_build\intermediate\win64\release\xrrender_r4\r4_rendertarget_phase_ssao.obj
c:\users\сибирь\documents\github\oxr_coc\_build\intermediate\win64\release\xrrender_r4\r4_r_render.obj
c:\users\сибирь\documents\github\oxr_coc\_build\intermediate\win64\release\xrrender_r4\r4_r_sun_support.obj
c:\users\сибирь\documents\github\oxr_coc\_build\intermediate\win64\release\xrrender_r4\r_backend_lod.obj
c:\users\сибирь\documents\github\oxr_coc\_build\intermediate\win64\release\xrrender_r4\xrrender_r4.obj
c:\users\сибирь\documents\github\oxr_coc\_build\intermediate\win64\release\xrrender_r4\dx103dfluiddata.obj
c:\users\сибирь\documents\github\oxr_coc\_build\intermediate\win64\release\xrrender_r4\dx103dfluidmanager.obj
c:\users\сибирь\documents\github\oxr_coc\_build\intermediate\win64\release\xrrender_r4\dx103dfluidrenderer.obj
c:\users\сибирь\documents\github\oxr_coc\_build\intermediate\win64\release\xrrender_r4\dx103dfluidvolume.obj
c:\users\сибирь\documents\github\oxr_coc\_build\intermediate\win64\release\xrrender_r4\dx10rainblender.obj
c:\users\сибирь\documents\github\oxr_coc\_build\intermediate\win64\release\xrrender_r4\dx10constantbuffer.obj
c:\users\сибирь\documents\github\oxr_coc\_build\intermediate\win64\release\xrrender_r4\dx10hw.obj
c:\users\сибирь\documents\github\oxr_coc\_build\intermediate\win64\release\xrrender_r4\dx10resourcemanager_scripting.obj
c:\users\сибирь\documents\github\oxr_coc\_build\intermediate\win64\release\xrrender_r4\dx10r_constants.obj
c:\users\сибирь\documents\github\oxr_coc\_build\intermediate\win64\release\xrrender_r4\dx10stateutils.obj
c:\users\сибирь\documents\github\oxr_coc\_build\intermediate\win64\release\xrrender_r4\dx10texture.obj
c:\users\сибирь\documents\github\oxr_coc\_build\intermediate\win64\release\xrrender_r4\dx10msaablender.obj
c:\users\сибирь\documents\github\oxr_coc\_build\intermediate\win64\release\xrrender_r4\dx10shaderresourcestatecache.obj
c:\users\сибирь\documents\github\oxr_coc\_build\intermediate\win64\release\xrrender_r4\dx10state.obj
c:\users\сибирь\documents\github\oxr_coc\_build\intermediate\win64\release\xrrender_r4\animation.obj
c:\users\сибирь\documents\github\oxr_coc\_build\intermediate\win64\release\xrrender_r4\blender.obj
c:\users\сибирь\documents\github\oxr_coc\_build\intermediate\win64\release\xrrender_r4\blender_palette.obj
c:\users\сибирь\documents\github\oxr_coc\_build\intermediate\win64\release\xrrender_r4\blender_detail_still.obj
c:\users\сибирь\documents\github\oxr_coc\_build\intermediate\win64\release\xrrender_r4\blender_editor_wire.obj
c:\users\сибирь\documents\github\oxr_coc\_build\intermediate\win64\release\xrrender_r4\blender_model_ebb.obj
c:\users\сибирь\documents\github\oxr_coc\_build\intermediate\win64\release\xrrender_r4\blender_recorder_r2.obj
c:\users\сибирь\documents\github\oxr_coc\_build\intermediate\win64\release\xrrender_r4\blender_screen_set.obj
c:\users\сибирь\documents\github\oxr_coc\_build\intermediate\win64\release\xrrender_r4\colormapmanager.obj
c:\users\сибирь\documents\github\oxr_coc\_build\intermediate\win64\release\xrrender_r4\dxpixeventwrapper.obj
c:\users\сибирь\documents\github\oxr_coc\_build\intermediate\win64\release\xrrender_r4\detailmanager.obj
c:\users\сибирь\documents\github\oxr_coc\_build\intermediate\win64\release\xrrender_r4\detailmanager_vs.obj
c:\users\сибирь\documents\github\oxr_coc\_build\intermediate\win64\release\xrrender_r4\detailmodel.obj
c:\users\сибирь\documents\github\oxr_coc\_build\intermediate\win64\release\xrrender_r4\du_sphere_part.obj
c:\users\сибирь\documents\github\oxr_coc\_build\intermediate\win64\release\xrrender_r4\dxdebugrender.obj
c:\users\сибирь\documents\github\oxr_coc\_build\intermediate\win64\release\xrrender_r4\dxfontrender.obj
c:\users\сибирь\documents\github\oxr_coc\_build\intermediate\win64\release\xrrender_r4\dxobjectspacerender.obj
c:\users\сибирь\documents\github\oxr_coc\_build\intermediate\win64\release\xrrender_r4\dxrenderfactory.obj
c:\users\сибирь\documents\github\oxr_coc\_build\intermediate\win64\release\xrrender_r4\dxthunderboltrender.obj
c:\users\сибирь\documents\github\oxr_coc\_build\intermediate\win64\release\xrrender_r4\dxuisequencevideoitem.obj
c:\users\сибирь\documents\github\oxr_coc\_build\intermediate\win64\release\xrrender_r4\dxwallmarkarray.obj
c:\users\сибирь\documents\github\oxr_coc\_build\intermediate\win64\release\xrrender_r4\flod.obj
c:\users\сибирь\documents\github\oxr_coc\_build\intermediate\win64\release\xrrender_r4\fprogressive.obj
c:\users\сибирь\documents\github\oxr_coc\_build\intermediate\win64\release\xrrender_r4\ftreevisual.obj
c:\users\сибирь\documents\github\oxr_coc\_build\intermediate\win64\release\xrrender_r4\fvisual.obj
c:\users\сибирь\documents\github\oxr_coc\_build\intermediate\win64\release\xrrender_r4\hom.obj
c:\users\сибирь\documents\github\oxr_coc\_build\intermediate\win64\release\xrrender_r4\hwcaps.obj
c:\users\сибирь\documents\github\oxr_coc\_build\intermediate\win64\release\xrrender_r4\lighttrack.obj
c:\users\сибирь\documents\github\oxr_coc\_build\intermediate\win64\release\xrrender_r4\light_package.obj
c:\users\сибирь\documents\github\oxr_coc\_build\intermediate\win64\release\xrrender_r4\nvtristrip.obj
c:\users\сибирь\documents\github\oxr_coc\_build\intermediate\win64\release\xrrender_r4\nvtristripobjects.obj
c:\users\сибирь\documents\github\oxr_coc\_build\intermediate\win64\release\xrrender_r4\occrasterizer.obj
c:\users\сибирь\documents\github\oxr_coc\_build\intermediate\win64\release\xrrender_r4\particleeffect.obj
c:\users\сибирь\documents\github\oxr_coc\_build\intermediate\win64\release\xrrender_r4\particlegroup.obj
c:\users\сибирь\documents\github\oxr_coc\_build\intermediate\win64\release\xrrender_r4\resourcemanager.obj
c:\users\сибирь\documents\github\oxr_coc\_build\intermediate\win64\release\xrrender_r4\r_backend.obj
c:\users\сибирь\documents\github\oxr_coc\_build\intermediate\win64\release\xrrender_r4\r_backend_hemi.obj
c:\users\сибирь\documents\github\oxr_coc\_build\intermediate\win64\release\xrrender_r4\r_backend_tree.obj
c:\users\сибирь\documents\github\oxr_coc\_build\intermediate\win64\release\xrrender_r4\r_backend_xform.obj
c:\users\сибирь\documents\github\oxr_coc\_build\intermediate\win64\release\xrrender_r4\r_constants.obj
c:\users\сибирь\documents\github\oxr_coc\_build\intermediate\win64\release\xrrender_r4\r__dsgraph_render.obj
c:\users\сибирь\documents\github\oxr_coc\_build\intermediate\win64\release\xrrender_r4\r__dsgraph_render_lods.obj
c:\users\сибирь\documents\github\oxr_coc\_build\intermediate\win64\release\xrrender_r4\r__occlusion.obj
c:\users\сибирь\documents\github\oxr_coc\_build\intermediate\win64\release\xrrender_r4\r__pixel_calculator.obj
c:\users\сибирь\documents\github\oxr_coc\_build\intermediate\win64\release\xrrender_r4\r__screenshot.obj
c:\users\сибирь\documents\github\oxr_coc\_build\intermediate\win64\release\xrrender_r4\r__sector.obj
c:\users\сибирь\documents\github\oxr_coc\_build\intermediate\win64\release\xrrender_r4\r__sector_traversal.obj
c:\users\сибирь\documents\github\oxr_coc\_build\intermediate\win64\release\xrrender_r4\shader.obj
c:\users\сибирь\documents\github\oxr_coc\_build\intermediate\win64\release\xrrender_r4\sh_constant.obj
c:\users\сибирь\documents\github\oxr_coc\_build\intermediate\win64\release\xrrender_r4\skeletonanimated.obj
c:\users\сибирь\documents\github\oxr_coc\_build\intermediate\win64\release\xrrender_r4\skeletonx.obj
c:\users\сибирь\documents\github\oxr_coc\_build\intermediate\win64\release\xrrender_r4\texturedescrmanager.obj
c:\users\сибирь\documents\github\oxr_coc\_build\intermediate\win64\release\xrrender_r4\xrrender_console.obj
c:\users\сибирь\documents\github\oxr_coc\_build\intermediate\win64\release\xrrender_r4\xrstripify.obj
c:\users\сибирь\documents\github\oxr_coc\_build\intermediate\win64\release\xrrender_r4\blender_bloom_build.obj
c:\users\сибирь\documents\github\oxr_coc\_build\intermediate\win64\release\xrrender_r4\blender_deffer_aref.obj
c:\users\сибирь\documents\github\oxr_coc\_build\intermediate\win64\release\xrrender_r4\blender_deffer_model.obj
c:\users\сибирь\documents\github\oxr_coc\_build\intermediate\win64\release\xrrender_r4\blender_fxaa.obj
c:\users\сибирь\documents\github\oxr_coc\_build\intermediate\win64\release\xrrender_r4\blender_light_mask.obj
c:\users\сибирь\documents\github\oxr_coc\_build\intermediate\win64\release\xrrender_r4\blender_light_point.obj
c:\users\сибирь\documents\github\oxr_coc\_build\intermediate\win64\release\xrrender_r4\blender_light_reflected.obj
c:\users\сибирь\documents\github\oxr_coc\_build\intermediate\win64\release\xrrender_r4\blender_ssao.obj
c:\users\сибирь\documents\github\oxr_coc\_build\intermediate\win64\release\xrrender_r4\computeshader.obj
c:\users\сибирь\documents\github\oxr_coc\_build\intermediate\win64\release\xrrender_r4\dx11hdaocsblender.obj
c:\users\сибирь\documents\github\oxr_coc\_build\intermediate\win64\release\xrrender_r4\dx11minmaxsmblender.obj
c:\users\сибирь\documents\github\oxr_coc\_build\intermediate\win64\release\xrrender_r4\light_render_direct.obj
c:\users\сибирь\documents\github\oxr_coc\_build\intermediate\win64\release\xrrender_r4\light_render_direct_computexfs.obj
c:\users\сибирь\documents\github\oxr_coc\_build\intermediate\win64\release\xrrender_r4\light_smapvis.obj
c:\users\сибирь\documents\github\oxr_coc\_build\intermediate\win64\release\xrrender_r4\r2_r_calculate.obj
c:\users\сибирь\documents\github\oxr_coc\_build\intermediate\win64\release\xrrender_r4\r4_r_sun.obj
c:\users\сибирь\documents\github\oxr_coc\_build\intermediate\win64\release\xrrender_r4\r4_loader.obj
c:\users\сибирь\documents\github\oxr_coc\_build\intermediate\win64\release\xrrender_r4\r4_rendertarget_accum_direct.obj
c:\users\сибирь\documents\github\oxr_coc\_build\intermediate\win64\release\xrrender_r4\r4_rendertarget_accum_point_geom.obj
c:\users\сибирь\documents\github\oxr_coc\_build\intermediate\win64\release\xrrender_r4\r4_rendertarget_accum_reflected.obj
c:\users\сибирь\documents\github\oxr_coc\_build\intermediate\win64\release\xrrender_r4\r4_rendertarget_accum_spot_geom.obj
c:\users\сибирь\documents\github\oxr_coc\_build\intermediate\win64\release\xrrender_r4\r4_rendertarget_draw_rain.obj
c:\users\сибирь\documents\github\oxr_coc\_build\intermediate\win64\release\xrrender_r4\r4_rendertarget_enable_scissor.obj
c:\users\сибирь\documents\github\oxr_coc\_build\intermediate\win64\release\xrrender_r4\r4_rendertarget_phase_bloom.obj
c:\users\сибирь\documents\github\oxr_coc\_build\intermediate\win64\release\xrrender_r4\r4_rendertarget_phase_fxaa.obj
c:\users\сибирь\documents\github\oxr_coc\_build\intermediate\win64\release\xrrender_r4\r4_rendertarget_phase_hdao.obj
c:\users\сибирь\documents\github\oxr_coc\_build\intermediate\win64\release\xrrender_r4\r4_rendertarget_phase_occq.obj
c:\users\сибирь\documents\github\oxr_coc\_build\intermediate\win64\release\xrrender_r4\r4_rendertarget_phase_rain.obj
c:\users\сибирь\documents\github\oxr_coc\_build\intermediate\win64\release\xrrender_r4\r4_rendertarget_phase_scene.obj
c:\users\сибирь\documents\github\oxr_coc\_build\intermediate\win64\release\xrrender_r4\r4_rendertarget_phase_smap_s.obj
c:\users\сибирь\documents\github\oxr_coc\_build\intermediate\win64\release\xrrender_r4\r4_r_rain.obj
c:\users\сибирь\documents\github\oxr_coc\_build\intermediate\win64\release\xrrender_r4\r4_shaders.obj
c:\users\сибирь\documents\github\oxr_coc\_build\bin\win64\release\xrrender_r4.dll
c:\users\сибирь\documents\github\oxr_coc\_build\bin\win64\release\xrrender_r4.pdb
c:\users\сибирь\documents\github\oxr_coc\_build\lib\win64\release\xrrender_r4.lib
c:\users\сибирь\documents\github\oxr_coc\_build\lib\win64\release\xrrender_r4.exp
c:\users\сибирь\documents\github\oxr_coc\_build\bin\win64\release\xrrender_r4.ipdb
c:\users\сибирь\documents\github\oxr_coc\_build\bin\win64\release\xrrender_r4.iobj
c:\users\сибирь\documents\github\oxr_coc\src\..\_build\bin\win64\release\xrrender_r4.pdb
c:\users\сибирь\documents\github\oxr_coc\_build\intermediate\win64\release\xrrender_r4\xrrender_r4.tlog\cl.command.1.tlog
c:\users\сибирь\documents\github\oxr_coc\_build\intermediate\win64\release\xrrender_r4\xrrender_r4.tlog\cl.read.1.tlog
c:\users\сибирь\documents\github\oxr_coc\_build\intermediate\win64\release\xrrender_r4\xrrender_r4.tlog\cl.write.1.tlog
c:\users\сибирь\documents\github\oxr_coc\_build\intermediate\win64\release\xrrender_r4\xrrender_r4.tlog\link.command.1.tlog
c:\users\сибирь\documents\github\oxr_coc\_build\intermediate\win64\release\xrrender_r4\xrrender_r4.tlog\link.delete.1.tlog
c:\users\сибирь\documents\github\oxr_coc\_build\intermediate\win64\release\xrrender_r4\xrrender_r4.tlog\link.read.1.tlog
c:\users\сибирь\documents\github\oxr_coc\_build\intermediate\win64\release\xrrender_r4\xrrender_r4.tlog\link.write.1.tlog
c:\users\сибирь\documents\github\oxr_coc\_build\intermediate\win64\release\xrrender_r4\xrrender_r4.tlog\xrrender_r4.write.1u.tlog
