c:\users\сибирь\documents\github\oxr_coc\_build\intermediate\win64\release\xrapi\xrapi.pch
c:\users\сибирь\documents\github\oxr_coc\_build\intermediate\win64\release\xrapi\vc141.pdb
c:\users\сибирь\documents\github\oxr_coc\_build\intermediate\win64\release\xrapi\stdafx.obj
c:\users\сибирь\documents\github\oxr_coc\_build\intermediate\win64\release\xrapi\xrapi.obj
c:\users\сибирь\documents\github\oxr_coc\_build\bin\win64\release\xrapi.dll
c:\users\сибирь\documents\github\oxr_coc\_build\bin\win64\release\xrapi.pdb
c:\users\сибирь\documents\github\oxr_coc\_build\lib\win64\release\xrapi.lib
c:\users\сибирь\documents\github\oxr_coc\_build\lib\win64\release\xrapi.exp
c:\users\сибирь\documents\github\oxr_coc\_build\bin\win64\release\xrapi.ipdb
c:\users\сибирь\documents\github\oxr_coc\_build\bin\win64\release\xrapi.iobj
c:\users\сибирь\documents\github\oxr_coc\src\..\_build\bin\win64\release\xrapi.pdb
c:\users\сибирь\documents\github\oxr_coc\src\..\_build\bin\win64\release\xrapi.dll
c:\users\сибирь\documents\github\oxr_coc\_build\intermediate\win64\release\xrapi\xrapi.tlog\cl.command.1.tlog
c:\users\сибирь\documents\github\oxr_coc\_build\intermediate\win64\release\xrapi\xrapi.tlog\cl.read.1.tlog
c:\users\сибирь\documents\github\oxr_coc\_build\intermediate\win64\release\xrapi\xrapi.tlog\cl.write.1.tlog
c:\users\сибирь\documents\github\oxr_coc\_build\intermediate\win64\release\xrapi\xrapi.tlog\link.command.1.tlog
c:\users\сибирь\documents\github\oxr_coc\_build\intermediate\win64\release\xrapi\xrapi.tlog\link.delete.1.tlog
c:\users\сибирь\documents\github\oxr_coc\_build\intermediate\win64\release\xrapi\xrapi.tlog\link.read.1.tlog
c:\users\сибирь\documents\github\oxr_coc\_build\intermediate\win64\release\xrapi\xrapi.tlog\link.write.1.tlog
c:\users\сибирь\documents\github\oxr_coc\_build\intermediate\win64\release\xrapi\xrapi.tlog\xrapi.write.1u.tlog
