c:\users\сибирь\documents\github\oxr_coc\_build\intermediate\win64\release\xrrender_r2\xrrender_r2.pch
c:\users\сибирь\documents\github\oxr_coc\_build\intermediate\win64\release\xrrender_r2\vc141.pdb
c:\users\сибирь\documents\github\oxr_coc\_build\intermediate\win64\release\xrrender_r2\stdafx.obj
c:\users\сибирь\documents\github\oxr_coc\_build\intermediate\win64\release\xrrender_r2\dx9r_constants_cache.obj
c:\users\сибирь\documents\github\oxr_coc\_build\intermediate\win64\release\xrrender_r2\blender.obj
c:\users\сибирь\documents\github\oxr_coc\_build\intermediate\win64\release\xrrender_r2\blender_recorder.obj
c:\users\сибирь\documents\github\oxr_coc\_build\intermediate\win64\release\xrrender_r2\blender_editor_selection.obj
c:\users\сибирь\documents\github\oxr_coc\_build\intermediate\win64\release\xrrender_r2\blender_editor_wire.obj
c:\users\сибирь\documents\github\oxr_coc\_build\intermediate\win64\release\xrrender_r2\blender_model_ebb.obj
c:\users\сибирь\documents\github\oxr_coc\_build\intermediate\win64\release\xrrender_r2\blender_recorder_r2.obj
c:\users\сибирь\documents\github\oxr_coc\_build\intermediate\win64\release\xrrender_r2\blender_screen_set.obj
c:\users\сибирь\documents\github\oxr_coc\_build\intermediate\win64\release\xrrender_r2\colormapmanager.obj
c:\users\сибирь\documents\github\oxr_coc\_build\intermediate\win64\release\xrrender_r2\detailmanager.obj
c:\users\сибирь\documents\github\oxr_coc\_build\intermediate\win64\release\xrrender_r2\detailmanager_soft.obj
c:\users\сибирь\documents\github\oxr_coc\_build\intermediate\win64\release\xrrender_r2\detailmodel.obj
c:\users\сибирь\documents\github\oxr_coc\_build\intermediate\win64\release\xrrender_r2\du_cylinder.obj
c:\users\сибирь\documents\github\oxr_coc\_build\intermediate\win64\release\xrrender_r2\du_sphere_part.obj
c:\users\сибирь\documents\github\oxr_coc\_build\intermediate\win64\release\xrrender_r2\dxdebugrender.obj
c:\users\сибирь\documents\github\oxr_coc\_build\intermediate\win64\release\xrrender_r2\dxenvironmentrender.obj
c:\users\сибирь\documents\github\oxr_coc\_build\intermediate\win64\release\xrrender_r2\dxobjectspacerender.obj
c:\users\сибирь\documents\github\oxr_coc\_build\intermediate\win64\release\xrrender_r2\dxrainrender.obj
c:\users\сибирь\documents\github\oxr_coc\_build\intermediate\win64\release\xrrender_r2\dxstatgraphrender.obj
c:\users\сибирь\documents\github\oxr_coc\_build\intermediate\win64\release\xrrender_r2\dxuirender.obj
c:\users\сибирь\documents\github\oxr_coc\_build\intermediate\win64\release\xrrender_r2\dxwallmarkarray.obj
c:\users\сибирь\documents\github\oxr_coc\_build\intermediate\win64\release\xrrender_r2\fbasicvisual.obj
c:\users\сибирь\documents\github\oxr_coc\_build\intermediate\win64\release\xrrender_r2\flod.obj
c:\users\сибирь\documents\github\oxr_coc\_build\intermediate\win64\release\xrrender_r2\fskinned.obj
c:\users\сибирь\documents\github\oxr_coc\_build\intermediate\win64\release\xrrender_r2\hom.obj
c:\users\сибирь\documents\github\oxr_coc\_build\intermediate\win64\release\xrrender_r2\light.obj
c:\users\сибирь\documents\github\oxr_coc\_build\intermediate\win64\release\xrrender_r2\light_db.obj
c:\users\сибирь\documents\github\oxr_coc\_build\intermediate\win64\release\xrrender_r2\modelpool.obj
c:\users\сибирь\documents\github\oxr_coc\_build\intermediate\win64\release\xrrender_r2\occrasterizer.obj
c:\users\сибирь\documents\github\oxr_coc\_build\intermediate\win64\release\xrrender_r2\particleeffect.obj
c:\users\сибирь\documents\github\oxr_coc\_build\intermediate\win64\release\xrrender_r2\pslibrary.obj
c:\users\сибирь\documents\github\oxr_coc\_build\intermediate\win64\release\xrrender_r2\resourcemanager_loader.obj
c:\users\сибирь\documents\github\oxr_coc\_build\intermediate\win64\release\xrrender_r2\resourcemanager_reset.obj
c:\users\сибирь\documents\github\oxr_coc\_build\intermediate\win64\release\xrrender_r2\resourcemanager_resources.obj
c:\users\сибирь\documents\github\oxr_coc\_build\intermediate\win64\release\xrrender_r2\r_backend.obj
c:\users\сибирь\documents\github\oxr_coc\_build\intermediate\win64\release\xrrender_r2\r_backend_dbg.obj
c:\users\сибирь\documents\github\oxr_coc\_build\intermediate\win64\release\xrrender_r2\r_backend_hemi.obj
c:\users\сибирь\documents\github\oxr_coc\_build\intermediate\win64\release\xrrender_r2\r_backend_runtime.obj
c:\users\сибирь\documents\github\oxr_coc\_build\intermediate\win64\release\xrrender_r2\r_backend_tree.obj
c:\users\сибирь\documents\github\oxr_coc\_build\intermediate\win64\release\xrrender_r2\r_backend_xform.obj
c:\users\сибирь\documents\github\oxr_coc\_build\intermediate\win64\release\xrrender_r2\r_constants.obj
c:\users\сибирь\documents\github\oxr_coc\_build\intermediate\win64\release\xrrender_r2\r__dsgraph_build.obj
c:\users\сибирь\documents\github\oxr_coc\_build\intermediate\win64\release\xrrender_r2\r__sector_traversal.obj
c:\users\сибирь\documents\github\oxr_coc\_build\intermediate\win64\release\xrrender_r2\sh_atomic.obj
c:\users\сибирь\documents\github\oxr_coc\_build\intermediate\win64\release\xrrender_r2\sh_constant.obj
c:\users\сибирь\documents\github\oxr_coc\_build\intermediate\win64\release\xrrender_r2\sh_texture.obj
c:\users\сибирь\documents\github\oxr_coc\_build\intermediate\win64\release\xrrender_r2\skeletoncustom.obj
c:\users\сибирь\documents\github\oxr_coc\_build\intermediate\win64\release\xrrender_r2\stats_manager.obj
c:\users\сибирь\documents\github\oxr_coc\_build\intermediate\win64\release\xrrender_r2\texture.obj
c:\users\сибирь\documents\github\oxr_coc\_build\intermediate\win64\release\xrrender_r2\texturedescrmanager.obj
c:\users\сибирь\documents\github\oxr_coc\_build\intermediate\win64\release\xrrender_r2\uber_deffer.obj
c:\users\сибирь\documents\github\oxr_coc\_build\intermediate\win64\release\xrrender_r2\vertexcache.obj
c:\users\сибирь\documents\github\oxr_coc\_build\intermediate\win64\release\xrrender_r2\wallmarksengine.obj
c:\users\сибирь\documents\github\oxr_coc\_build\intermediate\win64\release\xrrender_r2\blender_bloom_build.obj
c:\users\сибирь\documents\github\oxr_coc\_build\intermediate\win64\release\xrrender_r2\blender_deffer_aref.obj
c:\users\сибирь\documents\github\oxr_coc\_build\intermediate\win64\release\xrrender_r2\blender_deffer_model.obj
c:\users\сибирь\documents\github\oxr_coc\_build\intermediate\win64\release\xrrender_r2\blender_fxaa.obj
c:\users\сибирь\documents\github\oxr_coc\_build\intermediate\win64\release\xrrender_r2\blender_light_direct.obj
c:\users\сибирь\documents\github\oxr_coc\_build\intermediate\win64\release\xrrender_r2\blender_light_mask.obj
c:\users\сибирь\documents\github\oxr_coc\_build\intermediate\win64\release\xrrender_r2\blender_light_point.obj
c:\users\сибирь\documents\github\oxr_coc\_build\intermediate\win64\release\xrrender_r2\blender_light_spot.obj
c:\users\сибирь\documents\github\oxr_coc\_build\intermediate\win64\release\xrrender_r2\light_gi.obj
c:\users\сибирь\documents\github\oxr_coc\_build\intermediate\win64\release\xrrender_r2\light_vis.obj
c:\users\сибирь\documents\github\oxr_coc\_build\intermediate\win64\release\xrrender_r2\r2.obj
c:\users\сибирь\documents\github\oxr_coc\_build\intermediate\win64\release\xrrender_r2\r2_rendertarget_accum_direct.obj
c:\users\сибирь\documents\github\oxr_coc\_build\intermediate\win64\release\xrrender_r2\r2_rendertarget_accum_omnipart_geom.obj
c:\users\сибирь\documents\github\oxr_coc\_build\intermediate\win64\release\xrrender_r2\r2_rendertarget_accum_point.obj
c:\users\сибирь\documents\github\oxr_coc\_build\intermediate\win64\release\xrrender_r2\r2_rendertarget_accum_spot.obj
c:\users\сибирь\documents\github\oxr_coc\_build\intermediate\win64\release\xrrender_r2\r2_rendertarget_draw_volume.obj
c:\users\сибирь\documents\github\oxr_coc\_build\intermediate\win64\release\xrrender_r2\r2_rendertarget_enable_scissor.obj
c:\users\сибирь\documents\github\oxr_coc\_build\intermediate\win64\release\xrrender_r2\r2_rendertarget_phase_combine.obj
c:\users\сибирь\documents\github\oxr_coc\_build\intermediate\win64\release\xrrender_r2\r2_rendertarget_phase_luminance.obj
c:\users\сибирь\documents\github\oxr_coc\_build\intermediate\win64\release\xrrender_r2\r2_rendertarget_phase_occq.obj
c:\users\сибирь\documents\github\oxr_coc\_build\intermediate\win64\release\xrrender_r2\r2_rendertarget_phase_scene.obj
c:\users\сибирь\documents\github\oxr_coc\_build\intermediate\win64\release\xrrender_r2\r2_rendertarget_phase_smap_s.obj
c:\users\сибирь\documents\github\oxr_coc\_build\intermediate\win64\release\xrrender_r2\r2_rendertarget_phase_ss_sunshafts.obj
c:\users\сибирь\documents\github\oxr_coc\_build\intermediate\win64\release\xrrender_r2\r2_r_calculate.obj
c:\users\сибирь\documents\github\oxr_coc\_build\intermediate\win64\release\xrrender_r2\r2_r_render.obj
c:\users\сибирь\documents\github\oxr_coc\_build\intermediate\win64\release\xrrender_r2\r2_sector_detect.obj
c:\users\сибирь\documents\github\oxr_coc\_build\intermediate\win64\release\xrrender_r2\r2_test_hw.obj
c:\users\сибирь\documents\github\oxr_coc\_build\intermediate\win64\release\xrrender_r2\xrrender_r2.obj
c:\users\сибирь\documents\github\oxr_coc\_build\intermediate\win64\release\xrrender_r2\animation.obj
c:\users\сибирь\documents\github\oxr_coc\_build\intermediate\win64\release\xrrender_r2\blender_palette.obj
c:\users\сибирь\documents\github\oxr_coc\_build\intermediate\win64\release\xrrender_r2\blender_bmmd.obj
c:\users\сибирь\documents\github\oxr_coc\_build\intermediate\win64\release\xrrender_r2\blender_detail_still.obj
c:\users\сибирь\documents\github\oxr_coc\_build\intermediate\win64\release\xrrender_r2\blender_lm(ebb).obj
c:\users\сибирь\documents\github\oxr_coc\_build\intermediate\win64\release\xrrender_r2\blender_particle.obj
c:\users\сибирь\documents\github\oxr_coc\_build\intermediate\win64\release\xrrender_r2\blender_recorder_standartbinding.obj
c:\users\сибирь\documents\github\oxr_coc\_build\intermediate\win64\release\xrrender_r2\blender_tree.obj
c:\users\сибирь\documents\github\oxr_coc\_build\intermediate\win64\release\xrrender_r2\d3dutils.obj
c:\users\сибирь\documents\github\oxr_coc\_build\intermediate\win64\release\xrrender_r2\detailmanager_cache.obj
c:\users\сибирь\documents\github\oxr_coc\_build\intermediate\win64\release\xrrender_r2\detailmanager_decompress.obj
c:\users\сибирь\documents\github\oxr_coc\_build\intermediate\win64\release\xrrender_r2\detailmanager_vs.obj
c:\users\сибирь\documents\github\oxr_coc\_build\intermediate\win64\release\xrrender_r2\du_box.obj
c:\users\сибирь\documents\github\oxr_coc\_build\intermediate\win64\release\xrrender_r2\du_cone.obj
c:\users\сибирь\documents\github\oxr_coc\_build\intermediate\win64\release\xrrender_r2\du_sphere.obj
c:\users\сибирь\documents\github\oxr_coc\_build\intermediate\win64\release\xrrender_r2\dxconsolerender.obj
c:\users\сибирь\documents\github\oxr_coc\_build\intermediate\win64\release\xrrender_r2\dxfontrender.obj
c:\users\сибирь\documents\github\oxr_coc\_build\intermediate\win64\release\xrrender_r2\dxlensflarerender.obj
c:\users\сибирь\documents\github\oxr_coc\_build\intermediate\win64\release\xrrender_r2\dxparticlecustom.obj
c:\users\сибирь\documents\github\oxr_coc\_build\intermediate\win64\release\xrrender_r2\dxrenderfactory.obj
c:\users\сибирь\documents\github\oxr_coc\_build\intermediate\win64\release\xrrender_r2\dxthunderboltdescrender.obj
c:\users\сибирь\documents\github\oxr_coc\_build\intermediate\win64\release\xrrender_r2\dxthunderboltrender.obj
c:\users\сибирь\documents\github\oxr_coc\_build\intermediate\win64\release\xrrender_r2\dxuisequencevideoitem.obj
c:\users\сибирь\documents\github\oxr_coc\_build\intermediate\win64\release\xrrender_r2\dxuishader.obj
c:\users\сибирь\documents\github\oxr_coc\_build\intermediate\win64\release\xrrender_r2\etextureparams.obj
c:\users\сибирь\documents\github\oxr_coc\_build\intermediate\win64\release\xrrender_r2\fhierrarhyvisual.obj
c:\users\сибирь\documents\github\oxr_coc\_build\intermediate\win64\release\xrrender_r2\fprogressive.obj
c:\users\сибирь\documents\github\oxr_coc\_build\intermediate\win64\release\xrrender_r2\ftreevisual.obj
c:\users\сибирь\documents\github\oxr_coc\_build\intermediate\win64\release\xrrender_r2\fvisual.obj
c:\users\сибирь\documents\github\oxr_coc\_build\intermediate\win64\release\xrrender_r2\hw.obj
c:\users\сибирь\documents\github\oxr_coc\_build\intermediate\win64\release\xrrender_r2\hwcaps.obj
c:\users\сибирь\documents\github\oxr_coc\_build\intermediate\win64\release\xrrender_r2\lighttrack.obj
c:\users\сибирь\documents\github\oxr_coc\_build\intermediate\win64\release\xrrender_r2\light_package.obj
c:\users\сибирь\documents\github\oxr_coc\_build\intermediate\win64\release\xrrender_r2\nvtristrip.obj
c:\users\сибирь\documents\github\oxr_coc\_build\intermediate\win64\release\xrrender_r2\nvtristripobjects.obj
c:\users\сибирь\documents\github\oxr_coc\_build\intermediate\win64\release\xrrender_r2\occrasterizer_core.obj
c:\users\сибирь\documents\github\oxr_coc\_build\intermediate\win64\release\xrrender_r2\particleeffectdef.obj
c:\users\сибирь\documents\github\oxr_coc\_build\intermediate\win64\release\xrrender_r2\particlegroup.obj
c:\users\сибирь\documents\github\oxr_coc\_build\intermediate\win64\release\xrrender_r2\resourcemanager.obj
c:\users\сибирь\documents\github\oxr_coc\_build\intermediate\win64\release\xrrender_r2\resourcemanager_scripting.obj
c:\users\сибирь\documents\github\oxr_coc\_build\intermediate\win64\release\xrrender_r2\r_dstreams.obj
c:\users\сибирь\documents\github\oxr_coc\_build\intermediate\win64\release\xrrender_r2\r__dsgraph_render.obj
c:\users\сибирь\documents\github\oxr_coc\_build\intermediate\win64\release\xrrender_r2\r__dsgraph_render_lods.obj
c:\users\сибирь\documents\github\oxr_coc\_build\intermediate\win64\release\xrrender_r2\r__occlusion.obj
c:\users\сибирь\documents\github\oxr_coc\_build\intermediate\win64\release\xrrender_r2\r__pixel_calculator.obj
c:\users\сибирь\documents\github\oxr_coc\_build\intermediate\win64\release\xrrender_r2\r__screenshot.obj
c:\users\сибирь\documents\github\oxr_coc\_build\intermediate\win64\release\xrrender_r2\r__sector.obj
c:\users\сибирь\documents\github\oxr_coc\_build\intermediate\win64\release\xrrender_r2\shader.obj
c:\users\сибирь\documents\github\oxr_coc\_build\intermediate\win64\release\xrrender_r2\sh_matrix.obj
c:\users\сибирь\documents\github\oxr_coc\_build\intermediate\win64\release\xrrender_r2\sh_rt.obj
c:\users\сибирь\documents\github\oxr_coc\_build\intermediate\win64\release\xrrender_r2\skeletonanimated.obj
c:\users\сибирь\documents\github\oxr_coc\_build\intermediate\win64\release\xrrender_r2\skeletonrigid.obj
c:\users\сибирь\documents\github\oxr_coc\_build\intermediate\win64\release\xrrender_r2\skeletonx.obj
c:\users\сибирь\documents\github\oxr_coc\_build\intermediate\win64\release\xrrender_r2\tss_def.obj
c:\users\сибирь\documents\github\oxr_coc\_build\intermediate\win64\release\xrrender_r2\xrrender_console.obj
c:\users\сибирь\documents\github\oxr_coc\_build\intermediate\win64\release\xrrender_r2\xrstripify.obj
c:\users\сибирь\documents\github\oxr_coc\_build\intermediate\win64\release\xrrender_r2\xr_effgamma.obj
c:\users\сибирь\documents\github\oxr_coc\_build\intermediate\win64\release\xrrender_r2\blender_combine.obj
c:\users\сибирь\documents\github\oxr_coc\_build\intermediate\win64\release\xrrender_r2\blender_deffer_flat.obj
c:\users\сибирь\documents\github\oxr_coc\_build\intermediate\win64\release\xrrender_r2\blender_rain_drops.obj
c:\users\сибирь\documents\github\oxr_coc\_build\intermediate\win64\release\xrrender_r2\blender_light_direct_cascade.obj
c:\users\сибирь\documents\github\oxr_coc\_build\intermediate\win64\release\xrrender_r2\blender_light_occq.obj
c:\users\сибирь\documents\github\oxr_coc\_build\intermediate\win64\release\xrrender_r2\blender_light_reflected.obj
c:\users\сибирь\documents\github\oxr_coc\_build\intermediate\win64\release\xrrender_r2\blender_luminance.obj
c:\users\сибирь\documents\github\oxr_coc\_build\intermediate\win64\release\xrrender_r2\blender_ssao.obj
c:\users\сибирь\documents\github\oxr_coc\_build\intermediate\win64\release\xrrender_r2\light_render_direct.obj
c:\users\сибирь\documents\github\oxr_coc\_build\intermediate\win64\release\xrrender_r2\light_render_direct_computexfs.obj
c:\users\сибирь\documents\github\oxr_coc\_build\intermediate\win64\release\xrrender_r2\light_smapvis.obj
c:\users\сибирь\documents\github\oxr_coc\_build\intermediate\win64\release\xrrender_r2\blender_ss_sunshafts.obj
c:\users\сибирь\documents\github\oxr_coc\_build\intermediate\win64\release\xrrender_r2\r2_blenders.obj
c:\users\сибирь\documents\github\oxr_coc\_build\intermediate\win64\release\xrrender_r2\r2_loader.obj
c:\users\сибирь\documents\github\oxr_coc\_build\intermediate\win64\release\xrrender_r2\r2_rendertarget.obj
c:\users\сибирь\documents\github\oxr_coc\_build\intermediate\win64\release\xrrender_r2\r2_rendertarget_accum_point_geom.obj
c:\users\сибирь\documents\github\oxr_coc\_build\intermediate\win64\release\xrrender_r2\r2_rendertarget_accum_reflected.obj
c:\users\сибирь\documents\github\oxr_coc\_build\intermediate\win64\release\xrrender_r2\r2_rendertarget_accum_spot_geom.obj
c:\users\сибирь\documents\github\oxr_coc\_build\intermediate\win64\release\xrrender_r2\r2_rendertarget_phase_accumulator.obj
c:\users\сибирь\documents\github\oxr_coc\_build\intermediate\win64\release\xrrender_r2\r2_rendertarget_phase_bloom.obj
c:\users\сибирь\documents\github\oxr_coc\_build\intermediate\win64\release\xrrender_r2\r2_rendertarget_phase_fxaa.obj
c:\users\сибирь\documents\github\oxr_coc\_build\intermediate\win64\release\xrrender_r2\r2_rendertarget_phase_rain_drops.obj
c:\users\сибирь\documents\github\oxr_coc\_build\intermediate\win64\release\xrrender_r2\r2_rendertarget_phase_pp.obj
c:\users\сибирь\documents\github\oxr_coc\_build\intermediate\win64\release\xrrender_r2\r2_rendertarget_phase_smap_d.obj
c:\users\сибирь\documents\github\oxr_coc\_build\intermediate\win64\release\xrrender_r2\r2_rendertarget_phase_ssao.obj
c:\users\сибирь\documents\github\oxr_coc\_build\intermediate\win64\release\xrrender_r2\r2_r_lights.obj
c:\users\сибирь\documents\github\oxr_coc\_build\intermediate\win64\release\xrrender_r2\r2_r_sun.obj
c:\users\сибирь\documents\github\oxr_coc\_build\bin\win64\release\xrrender_r2.dll
c:\users\сибирь\documents\github\oxr_coc\_build\bin\win64\release\xrrender_r2.pdb
c:\users\сибирь\documents\github\oxr_coc\_build\bin\win64\release\xrrender_r2.ipdb
c:\users\сибирь\documents\github\oxr_coc\_build\bin\win64\release\xrrender_r2.iobj
c:\users\сибирь\documents\github\oxr_coc\src\..\_build\bin\win64\release\xrrender_r2.pdb
c:\users\сибирь\documents\github\oxr_coc\_build\intermediate\win64\release\xrrender_r2\xrrender_r2.tlog\cl.command.1.tlog
c:\users\сибирь\documents\github\oxr_coc\_build\intermediate\win64\release\xrrender_r2\xrrender_r2.tlog\cl.read.1.tlog
c:\users\сибирь\documents\github\oxr_coc\_build\intermediate\win64\release\xrrender_r2\xrrender_r2.tlog\cl.write.1.tlog
c:\users\сибирь\documents\github\oxr_coc\_build\intermediate\win64\release\xrrender_r2\xrrender_r2.tlog\link.command.1.tlog
c:\users\сибирь\documents\github\oxr_coc\_build\intermediate\win64\release\xrrender_r2\xrrender_r2.tlog\link.delete.1.tlog
c:\users\сибирь\documents\github\oxr_coc\_build\intermediate\win64\release\xrrender_r2\xrrender_r2.tlog\link.read.1.tlog
c:\users\сибирь\documents\github\oxr_coc\_build\intermediate\win64\release\xrrender_r2\xrrender_r2.tlog\link.write.1.tlog
c:\users\сибирь\documents\github\oxr_coc\_build\intermediate\win64\release\xrrender_r2\xrrender_r2.tlog\xrrender_r2.write.1u.tlog
