  stdafx.cpp
  dx9r_constants_cache.cpp
  Animation.cpp
  Blender.cpp
  Blender_Palette.cpp
  Blender_Recorder.cpp
  Blender_BmmD.cpp
  Blender_detail_still.cpp
  Blender_Editor_Selection.cpp
  Blender_Editor_Wire.cpp
  Blender_Lm(EbB).cpp
  Blender_Model_EbB.cpp
  Blender_Particle.cpp
  Blender_Recorder_R2.cpp
  Blender_Recorder_StandartBinding.cpp
  Blender_Screen_SET.cpp
  Blender_tree.cpp
  ColorMapManager.cpp
  D3DUtils.cpp
  DetailManager.cpp
  DetailManager_CACHE.cpp
  DetailManager_Decompress.cpp
  DetailManager_soft.cpp
  DetailManager_VS.cpp
  DetailModel.cpp
  du_box.cpp
  du_cone.cpp
  du_cylinder.cpp
  du_sphere.cpp
  du_sphere_part.cpp
  dxConsoleRender.cpp
  dxDebugRender.cpp
c:\users\сибирь\documents\github\oxr_coc\src\layers\xrrender\dxconsolerender.cpp(17): warning C4838: преобразование из "u32" в "LONG" требует сужающего преобразования (компилируется исходный файл ..\xrRender\dxConsoleRender.cpp)
  dxEnvironmentRender.cpp
  dxFontRender.cpp
  dxLensFlareRender.cpp
  dxObjectSpaceRender.cpp
  dxParticleCustom.cpp
  dxRainRender.cpp
  dxRenderFactory.cpp
  dxStatGraphRender.cpp
  dxThunderboltDescRender.cpp
  dxThunderboltRender.cpp
  dxUIRender.cpp
  dxUISequenceVideoItem.cpp
  dxUIShader.cpp
  dxWallMarkArray.cpp
  ETextureParams.cpp
  FBasicVisual.cpp
  FHierrarhyVisual.cpp
  FLOD.cpp
  FProgressive.cpp
  FSkinned.cpp
  FTreeVisual.cpp
  FVisual.cpp
  HOM.cpp
  HW.cpp
  c:\users\сибирь\documents\github\oxr_coc\src\layers\xrrender\hw.cpp(286) :  TODO : "R2 need to specify depth format"
  
  HWCaps.cpp
  light.cpp
  c:\users\сибирь\documents\github\oxr_coc\src\layers\xrrender\light.cpp(75) :  TODO : "Only shadowed spot implements projective texture"
  
  LightTrack.cpp
  Light_DB.cpp
  Light_Package.cpp
  ModelPool.cpp
  NvTriStrip.cpp
  NvTriStripObjects.cpp
  occRasterizer.cpp
  occRasterizer_core.cpp
  ParticleEffect.cpp
  ParticleEffectDef.cpp
  ParticleGroup.cpp
  PSLibrary.cpp
  ResourceManager.cpp
  ResourceManager_Loader.cpp
  ResourceManager_Reset.cpp
  c:\users\сибирь\documents\github\oxr_coc\src\layers\xrrender\resourcemanager_reset.cpp(79) :  TODO : "container is created in stack!"
  
  c:\users\сибирь\documents\github\oxr_coc\src\layers\xrrender\resourcemanager_reset.cpp(89) :  TODO : "container is created in stack!"
  
  ResourceManager_Resources.cpp
  ResourceManager_Scripting.cpp
  R_Backend.cpp
  R_Backend_DBG.cpp
  R_Backend_hemi.cpp
  R_Backend_Runtime.cpp
  R_Backend_tree.cpp
  R_Backend_xform.cpp
  r_constants.cpp
  R_DStreams.cpp
  r__dsgraph_build.cpp
  r__dsgraph_render.cpp
  r__dsgraph_render_lods.cpp
  r__occlusion.cpp
  r__pixel_calculator.cpp
  r__screenshot.cpp
  r__sector.cpp
  r__sector_traversal.cpp
  Shader.cpp
  SH_Atomic.cpp
  SH_Constant.cpp
  SH_Matrix.cpp
  SH_RT.cpp
  SH_Texture.cpp
  SkeletonAnimated.cpp
  SkeletonCustom.cpp
  SkeletonRigid.cpp
  c:\users\сибирь\documents\github\oxr_coc\src\layers\xrrender\skeletoncustom.cpp(222) :  TODO : "container is created in stack!"
  
  c:\users\сибирь\documents\github\oxr_coc\src\layers\xrrender\skeletoncustom.cpp(367) :  TODO : "container is created in stack!"
  
  c:\users\сибирь\documents\github\oxr_coc\src\layers\xrrender\skeletoncustom.cpp(371) :  TODO : "container is created in stack!"
  
  SkeletonX.cpp
  stats_manager.cpp
  Texture.cpp
  TextureDescrManager.cpp
  tss_def.cpp
  uber_deffer.cpp
  VertexCache.cpp
  WallmarksEngine.cpp
  xrRender_console.cpp
  xrStripify.cpp
  xr_effgamma.cpp
  blender_bloom_build.cpp
  blender_combine.cpp
  blender_deffer_aref.cpp
  blender_deffer_flat.cpp
  blender_deffer_model.cpp
  blender_fxaa.cpp
  blender_rain_drops.cpp
  blender_light_direct.cpp
  blender_light_direct_cascade.cpp
  blender_light_mask.cpp
  blender_light_occq.cpp
  blender_light_point.cpp
  blender_light_reflected.cpp
  blender_light_spot.cpp
  blender_luminance.cpp
  blender_ssao.cpp
  light_GI.cpp
  Light_Render_Direct.cpp
  Light_Render_Direct_ComputeXFS.cpp
  light_smapvis.cpp
  light_vis.cpp
  blender_ss_sunshafts.cpp
  r2.cpp
  r2_blenders.cpp
  r2_loader.cpp
  r2_rendertarget.cpp
c:\users\сибирь\documents\github\oxr_coc\src\layers\xrrenderpc_r2\r2_loader.cpp(197): warning C4805: ==: небезопасное смешение типа "BOOL" и типа "bool" в операции (компилируется исходный файл r2_loader.cpp)
  r2_rendertarget_accum_direct.cpp
  r2_rendertarget_accum_omnipart_geom.cpp
  r2_rendertarget_accum_point.cpp
  r2_rendertarget_accum_point_geom.cpp
  r2_rendertarget_accum_reflected.cpp
  r2_rendertarget_accum_spot.cpp
  r2_rendertarget_accum_spot_geom.cpp
  r2_rendertarget_draw_volume.cpp
  r2_rendertarget_enable_scissor.cpp
  r2_rendertarget_phase_accumulator.cpp
  r2_rendertarget_phase_bloom.cpp
  r2_rendertarget_phase_combine.cpp
  r2_rendertarget_phase_FXAA.cpp
  r2_rendertarget_phase_rain_drops.cpp
  r2_rendertarget_phase_luminance.cpp
  r2_rendertarget_phase_occq.cpp
  r2_rendertarget_phase_PP.cpp
  r2_rendertarget_phase_scene.cpp
  r2_rendertarget_phase_smap_D.cpp
  r2_rendertarget_phase_smap_S.cpp
  r2_rendertarget_phase_ssao.cpp
  c:\users\сибирь\documents\github\oxr_coc\src\layers\xrrenderpc_r2\r2_rendertarget_phase_smap_s.cpp(26) :  TODO : "can optimize for multi-lights covering more than say 50%..."
  
  r2_rendertarget_phase_ss_sunshafts.cpp
  r2_R_calculate.cpp
  r2_R_lights.cpp
  r2_R_render.cpp
  r2_R_sun.cpp
  r2_sector_detect.cpp
  r2_test_hw.cpp
  xrRender_R2.cpp
  Создание кода
  All 18921 functions were compiled because no usable IPDB/IOBJ from previous compilation was found.
  Создание кода завершено
  xrRender_R2.vcxproj -> C:\Users\сибирь\Documents\GitHub\OXR_CoC\src\..\_build\bin\Win64\Release\xrRender_R2.dll
