c:\users\сибирь\documents\github\oxr_coc\_build\intermediate\win64\release\cryptlib\cryptlib.pch
c:\users\сибирь\documents\github\oxr_coc\_build\intermediate\win64\release\cryptlib\cryptlib.pdb
c:\users\сибирь\documents\github\oxr_coc\_build\intermediate\win64\release\cryptlib\pch.obj
c:\users\сибирь\documents\github\oxr_coc\_build\intermediate\win64\release\cryptlib\cpu.obj
c:\users\сибирь\documents\github\oxr_coc\_build\intermediate\win64\release\cryptlib\integer.obj
c:\users\сибирь\documents\github\oxr_coc\_build\intermediate\win64\release\cryptlib\basecode.obj
c:\users\сибирь\documents\github\oxr_coc\_build\intermediate\win64\release\cryptlib\blumshub.obj
c:\users\сибирь\documents\github\oxr_coc\_build\intermediate\win64\release\cryptlib\camellia.obj
c:\users\сибирь\documents\github\oxr_coc\_build\intermediate\win64\release\cryptlib\casts.obj
c:\users\сибирь\documents\github\oxr_coc\_build\intermediate\win64\release\cryptlib\ccm.obj
c:\users\сибирь\documents\github\oxr_coc\_build\intermediate\win64\release\cryptlib\channels.obj
c:\users\сибирь\documents\github\oxr_coc\_build\intermediate\win64\release\cryptlib\crc.obj
c:\users\сибирь\documents\github\oxr_coc\_build\intermediate\win64\release\cryptlib\default.obj
c:\users\сибирь\documents\github\oxr_coc\_build\intermediate\win64\release\cryptlib\dh2.obj
c:\users\сибирь\documents\github\oxr_coc\_build\intermediate\win64\release\cryptlib\dsa.obj
c:\users\сибирь\documents\github\oxr_coc\_build\intermediate\win64\release\cryptlib\ecp.obj
c:\users\сибирь\documents\github\oxr_coc\_build\intermediate\win64\release\cryptlib\files.obj
c:\users\сибирь\documents\github\oxr_coc\_build\intermediate\win64\release\cryptlib\filters.obj
c:\users\сибирь\documents\github\oxr_coc\_build\intermediate\win64\release\cryptlib\gcm.obj
c:\users\сибирь\documents\github\oxr_coc\_build\intermediate\win64\release\cryptlib\gf256.obj
c:\users\сибирь\documents\github\oxr_coc\_build\intermediate\win64\release\cryptlib\gf2_32.obj
c:\users\сибирь\documents\github\oxr_coc\_build\intermediate\win64\release\cryptlib\gf2n.obj
c:\users\сибирь\documents\github\oxr_coc\_build\intermediate\win64\release\cryptlib\gfpcrypt.obj
c:\users\сибирь\documents\github\oxr_coc\_build\intermediate\win64\release\cryptlib\gost.obj
c:\users\сибирь\documents\github\oxr_coc\_build\intermediate\win64\release\cryptlib\gzip.obj
c:\users\сибирь\documents\github\oxr_coc\_build\intermediate\win64\release\cryptlib\hmac.obj
c:\users\сибирь\documents\github\oxr_coc\_build\intermediate\win64\release\cryptlib\ida.obj
c:\users\сибирь\documents\github\oxr_coc\_build\intermediate\win64\release\cryptlib\mars.obj
c:\users\сибирь\documents\github\oxr_coc\_build\intermediate\win64\release\cryptlib\marss.obj
c:\users\сибирь\documents\github\oxr_coc\_build\intermediate\win64\release\cryptlib\md2.obj
c:\users\сибирь\documents\github\oxr_coc\_build\intermediate\win64\release\cryptlib\md4.obj
c:\users\сибирь\documents\github\oxr_coc\_build\intermediate\win64\release\cryptlib\misc.obj
c:\users\сибирь\documents\github\oxr_coc\_build\intermediate\win64\release\cryptlib\mqueue.obj
c:\users\сибирь\documents\github\oxr_coc\_build\intermediate\win64\release\cryptlib\nbtheory.obj
c:\users\сибирь\documents\github\oxr_coc\_build\intermediate\win64\release\cryptlib\oaep.obj
c:\users\сибирь\documents\github\oxr_coc\_build\intermediate\win64\release\cryptlib\panama.obj
c:\users\сибирь\documents\github\oxr_coc\_build\intermediate\win64\release\cryptlib\pkcspad.obj
c:\users\сибирь\documents\github\oxr_coc\_build\intermediate\win64\release\cryptlib\polynomi.obj
c:\users\сибирь\documents\github\oxr_coc\_build\intermediate\win64\release\cryptlib\pubkey.obj
c:\users\сибирь\documents\github\oxr_coc\_build\intermediate\win64\release\cryptlib\rabin.obj
c:\users\сибирь\documents\github\oxr_coc\_build\intermediate\win64\release\cryptlib\rc2.obj
c:\users\сибирь\documents\github\oxr_coc\_build\intermediate\win64\release\cryptlib\rc5.obj
c:\users\сибирь\documents\github\oxr_coc\_build\intermediate\win64\release\cryptlib\rdrand.obj
c:\users\сибирь\documents\github\oxr_coc\_build\intermediate\win64\release\cryptlib\rijndael-simd.obj
c:\users\сибирь\documents\github\oxr_coc\_build\intermediate\win64\release\cryptlib\ripemd.obj
c:\users\сибирь\documents\github\oxr_coc\_build\intermediate\win64\release\cryptlib\rsa.obj
c:\users\сибирь\documents\github\oxr_coc\_build\intermediate\win64\release\cryptlib\safer.obj
c:\users\сибирь\documents\github\oxr_coc\_build\intermediate\win64\release\cryptlib\seal.obj
c:\users\сибирь\documents\github\oxr_coc\_build\intermediate\win64\release\cryptlib\sha-simd.obj
c:\users\сибирь\documents\github\oxr_coc\_build\intermediate\win64\release\cryptlib\sha3.obj
c:\users\сибирь\documents\github\oxr_coc\_build\intermediate\win64\release\cryptlib\sharkbox.obj
c:\users\сибирь\documents\github\oxr_coc\_build\intermediate\win64\release\cryptlib\simple.obj
c:\users\сибирь\documents\github\oxr_coc\_build\intermediate\win64\release\cryptlib\skipjack.obj
c:\users\сибирь\documents\github\oxr_coc\_build\intermediate\win64\release\cryptlib\socketft.obj
c:\users\сибирь\documents\github\oxr_coc\_build\intermediate\win64\release\cryptlib\ttmac.obj
c:\users\сибирь\documents\github\oxr_coc\_build\intermediate\win64\release\cryptlib\twofish.obj
c:\users\сибирь\documents\github\oxr_coc\_build\intermediate\win64\release\cryptlib\wait.obj
c:\users\сибирь\documents\github\oxr_coc\_build\intermediate\win64\release\cryptlib\xtr.obj
c:\users\сибирь\documents\github\oxr_coc\_build\intermediate\win64\release\cryptlib\xtrcrypt.obj
c:\users\сибирь\documents\github\oxr_coc\_build\intermediate\win64\release\cryptlib\zinflate.obj
c:\users\сибирь\documents\github\oxr_coc\_build\intermediate\win64\release\cryptlib\cryptlib.obj
c:\users\сибирь\documents\github\oxr_coc\_build\intermediate\win64\release\cryptlib\3way.obj
c:\users\сибирь\documents\github\oxr_coc\_build\intermediate\win64\release\cryptlib\adler32.obj
c:\users\сибирь\documents\github\oxr_coc\_build\intermediate\win64\release\cryptlib\algebra.obj
c:\users\сибирь\documents\github\oxr_coc\_build\intermediate\win64\release\cryptlib\algparam.obj
c:\users\сибирь\documents\github\oxr_coc\_build\intermediate\win64\release\cryptlib\arc4.obj
c:\users\сибирь\documents\github\oxr_coc\_build\intermediate\win64\release\cryptlib\asn.obj
c:\users\сибирь\documents\github\oxr_coc\_build\intermediate\win64\release\cryptlib\authenc.obj
c:\users\сибирь\documents\github\oxr_coc\_build\intermediate\win64\release\cryptlib\base32.obj
c:\users\сибирь\documents\github\oxr_coc\_build\intermediate\win64\release\cryptlib\base64.obj
c:\users\сибирь\documents\github\oxr_coc\_build\intermediate\win64\release\cryptlib\bfinit.obj
c:\users\сибирь\documents\github\oxr_coc\_build\intermediate\win64\release\cryptlib\blowfish.obj
c:\users\сибирь\documents\github\oxr_coc\_build\intermediate\win64\release\cryptlib\cast.obj
c:\users\сибирь\documents\github\oxr_coc\_build\intermediate\win64\release\cryptlib\cbcmac.obj
c:\users\сибирь\documents\github\oxr_coc\_build\intermediate\win64\release\cryptlib\chacha.obj
c:\users\сибирь\documents\github\oxr_coc\_build\intermediate\win64\release\cryptlib\cmac.obj
c:\users\сибирь\documents\github\oxr_coc\_build\intermediate\win64\release\cryptlib\des.obj
c:\users\сибирь\documents\github\oxr_coc\_build\intermediate\win64\release\cryptlib\dessp.obj
c:\users\сибирь\documents\github\oxr_coc\_build\intermediate\win64\release\cryptlib\dh.obj
c:\users\сибирь\documents\github\oxr_coc\_build\intermediate\win64\release\cryptlib\eax.obj
c:\users\сибирь\documents\github\oxr_coc\_build\intermediate\win64\release\cryptlib\ec2n.obj
c:\users\сибирь\documents\github\oxr_coc\_build\intermediate\win64\release\cryptlib\elgamal.obj
c:\users\сибирь\documents\github\oxr_coc\_build\intermediate\win64\release\cryptlib\emsa2.obj
c:\users\сибирь\documents\github\oxr_coc\_build\intermediate\win64\release\cryptlib\esign.obj
c:\users\сибирь\documents\github\oxr_coc\_build\intermediate\win64\release\cryptlib\fips140.obj
c:\users\сибирь\documents\github\oxr_coc\_build\intermediate\win64\release\cryptlib\fipstest.obj
c:\users\сибирь\documents\github\oxr_coc\_build\intermediate\win64\release\cryptlib\hex.obj
c:\users\сибирь\documents\github\oxr_coc\_build\intermediate\win64\release\cryptlib\hrtimer.obj
c:\users\сибирь\documents\github\oxr_coc\_build\intermediate\win64\release\cryptlib\idea.obj
c:\users\сибирь\documents\github\oxr_coc\_build\intermediate\win64\release\cryptlib\keccak.obj
c:\users\сибирь\documents\github\oxr_coc\_build\intermediate\win64\release\cryptlib\luc.obj
c:\users\сибирь\documents\github\oxr_coc\_build\intermediate\win64\release\cryptlib\md5.obj
c:\users\сибирь\documents\github\oxr_coc\_build\intermediate\win64\release\cryptlib\modes.obj
c:\users\сибирь\documents\github\oxr_coc\_build\intermediate\win64\release\cryptlib\mqv.obj
c:\users\сибирь\documents\github\oxr_coc\_build\intermediate\win64\release\cryptlib\network.obj
c:\users\сибирь\documents\github\oxr_coc\_build\intermediate\win64\release\cryptlib\osrng.obj
c:\users\сибирь\documents\github\oxr_coc\_build\intermediate\win64\release\cryptlib\pssr.obj
c:\users\сибирь\documents\github\oxr_coc\_build\intermediate\win64\release\cryptlib\queue.obj
c:\users\сибирь\documents\github\oxr_coc\_build\intermediate\win64\release\cryptlib\randpool.obj
c:\users\сибирь\documents\github\oxr_coc\_build\intermediate\win64\release\cryptlib\rc6.obj
c:\users\сибирь\documents\github\oxr_coc\_build\intermediate\win64\release\cryptlib\rdtables.obj
c:\users\сибирь\documents\github\oxr_coc\_build\intermediate\win64\release\cryptlib\rijndael.obj
c:\users\сибирь\documents\github\oxr_coc\_build\intermediate\win64\release\cryptlib\rng.obj
c:\users\сибирь\documents\github\oxr_coc\_build\intermediate\win64\release\cryptlib\rw.obj
c:\users\сибирь\documents\github\oxr_coc\_build\intermediate\win64\release\cryptlib\salsa.obj
c:\users\сибирь\documents\github\oxr_coc\_build\intermediate\win64\release\cryptlib\seed.obj
c:\users\сибирь\documents\github\oxr_coc\_build\intermediate\win64\release\cryptlib\serpent.obj
c:\users\сибирь\documents\github\oxr_coc\_build\intermediate\win64\release\cryptlib\sha.obj
c:\users\сибирь\documents\github\oxr_coc\_build\intermediate\win64\release\cryptlib\shacal2.obj
c:\users\сибирь\documents\github\oxr_coc\_build\intermediate\win64\release\cryptlib\shark.obj
c:\users\сибирь\documents\github\oxr_coc\_build\intermediate\win64\release\cryptlib\sosemanuk.obj
c:\users\сибирь\documents\github\oxr_coc\_build\intermediate\win64\release\cryptlib\square.obj
c:\users\сибирь\documents\github\oxr_coc\_build\intermediate\win64\release\cryptlib\squaretb.obj
c:\users\сибирь\documents\github\oxr_coc\_build\intermediate\win64\release\cryptlib\strciphr.obj
c:\users\сибирь\documents\github\oxr_coc\_build\intermediate\win64\release\cryptlib\tea.obj
c:\users\сибирь\documents\github\oxr_coc\_build\intermediate\win64\release\cryptlib\tftables.obj
c:\users\сибирь\documents\github\oxr_coc\_build\intermediate\win64\release\cryptlib\tiger.obj
c:\users\сибирь\documents\github\oxr_coc\_build\intermediate\win64\release\cryptlib\tigertab.obj
c:\users\сибирь\documents\github\oxr_coc\_build\intermediate\win64\release\cryptlib\trdlocal.obj
c:\users\сибирь\documents\github\oxr_coc\_build\intermediate\win64\release\cryptlib\vmac.obj
c:\users\сибирь\documents\github\oxr_coc\_build\intermediate\win64\release\cryptlib\wake.obj
c:\users\сибирь\documents\github\oxr_coc\_build\intermediate\win64\release\cryptlib\whrlpool.obj
c:\users\сибирь\documents\github\oxr_coc\_build\intermediate\win64\release\cryptlib\winpipes.obj
c:\users\сибирь\documents\github\oxr_coc\_build\intermediate\win64\release\cryptlib\zdeflate.obj
c:\users\сибирь\documents\github\oxr_coc\_build\intermediate\win64\release\cryptlib\zlib.obj
c:\users\сибирь\documents\github\oxr_coc\_build\intermediate\win64\release\cryptlib\blake2.obj
c:\users\сибирь\documents\github\oxr_coc\_build\intermediate\win64\release\cryptlib\dll.obj
c:\users\сибирь\documents\github\oxr_coc\_build\intermediate\win64\release\cryptlib\iterhash.obj
c:\users\сибирь\documents\github\oxr_coc\_build\intermediate\win64\release\cryptlib\rdrand-x64.obj
c:\users\сибирь\documents\github\oxr_coc\_build\intermediate\win64\release\cryptlib\x64dll.obj
c:\users\сибирь\documents\github\oxr_coc\_build\intermediate\win64\release\cryptlib\x64masm.obj
c:\users\сибирь\documents\github\oxr_coc\_build\lib\win64\release\cryptlib.lib
c:\users\сибирь\documents\github\oxr_coc\src\..\_build\lib\win64\release\cryptlib.lib
c:\users\сибирь\documents\github\oxr_coc\_build\intermediate\win64\release\cryptlib\cryptlib.tlog\cl.command.1.tlog
c:\users\сибирь\documents\github\oxr_coc\_build\intermediate\win64\release\cryptlib\cryptlib.tlog\cl.read.1.tlog
c:\users\сибирь\documents\github\oxr_coc\_build\intermediate\win64\release\cryptlib\cryptlib.tlog\cl.write.1.tlog
c:\users\сибирь\documents\github\oxr_coc\_build\intermediate\win64\release\cryptlib\cryptlib.tlog\custombuild.command.1.tlog
c:\users\сибирь\documents\github\oxr_coc\_build\intermediate\win64\release\cryptlib\cryptlib.tlog\custombuild.read.1.tlog
c:\users\сибирь\documents\github\oxr_coc\_build\intermediate\win64\release\cryptlib\cryptlib.tlog\custombuild.write.1.tlog
c:\users\сибирь\documents\github\oxr_coc\_build\intermediate\win64\release\cryptlib\cryptlib.tlog\lib-link.read.1.tlog
c:\users\сибирь\documents\github\oxr_coc\_build\intermediate\win64\release\cryptlib\cryptlib.tlog\lib-link.write.1.tlog
c:\users\сибирь\documents\github\oxr_coc\_build\intermediate\win64\release\cryptlib\cryptlib.tlog\lib.command.1.tlog
