  stdafx.cpp
  dx103DFluidBlenders.cpp
  dx103DFluidData.cpp
  dx103DFluidEmitters.cpp
  dx103DFluidGrid.cpp
  dx103DFluidManager.cpp
  dx103DFluidObstacles.cpp
  dx103DFluidRenderer.cpp
  dx103DFluidVolume.cpp
  Blender_Recorder_R3.cpp
  dx10RainBlender.cpp
  dx10BufferUtils.cpp
  dx10ConstantBuffer.cpp
  dx10DetailManager_VS.cpp
  dx10HW.cpp
  dx10MinMaxSMBlender.cpp
  dx10ResourceManager_Resources.cpp
  c:\users\сибирь\documents\github\oxr_coc\src\layers\xrrenderdx10\dx10hw.cpp(269) :  TODO : "R3 need to specify depth format"
  
  dx10ResourceManager_Scripting.cpp
  dx10r_constants.cpp
  dx10r_constants_cache.cpp
  dx10SH_RT.cpp
  dx10SH_Texture.cpp
  dx10StateUtils.cpp
  dx10Texture.cpp
  dx10TextureUtils.cpp
  dx10MSAABlender.cpp
  dx10SamplerStateCache.cpp
  dx10ShaderResourceStateCache.cpp
  dx10State.cpp
  dx10StateCache.cpp
  dx10StateManager.cpp
  Animation.cpp
  Blender.cpp
  Blender_Palette.cpp
  Blender_Recorder.cpp
  Blender_BmmD.cpp
  Blender_detail_still.cpp
  Blender_Editor_Selection.cpp
  Blender_Editor_Wire.cpp
  Blender_Lm(EbB).cpp
  Blender_Model_EbB.cpp
  Blender_Particle.cpp
  Blender_Recorder_R2.cpp
  Blender_Recorder_StandartBinding.cpp
  Blender_Screen_SET.cpp
  Blender_tree.cpp
  ColorMapManager.cpp
  D3DUtils.cpp
  dxPixEventWrapper.cpp
  DetailManager.cpp
  DetailManager_CACHE.cpp
  DetailManager_Decompress.cpp
  DetailManager_soft.cpp
  DetailManager_VS.cpp
  DetailModel.cpp
  du_box.cpp
  du_cone.cpp
  du_cylinder.cpp
  du_sphere.cpp
  du_sphere_part.cpp
  dxConsoleRender.cpp
  dxDebugRender.cpp
c:\users\сибирь\documents\github\oxr_coc\src\layers\xrrender\dxconsolerender.cpp(17): warning C4838: преобразование из "u32" в "LONG" требует сужающего преобразования (компилируется исходный файл ..\xrRender\dxConsoleRender.cpp)
  dxEnvironmentRender.cpp
  dxFontRender.cpp
  dxLensFlareRender.cpp
  dxObjectSpaceRender.cpp
  dxParticleCustom.cpp
  dxRainRender.cpp
  dxRenderFactory.cpp
  dxStatGraphRender.cpp
  dxThunderboltDescRender.cpp
  dxThunderboltRender.cpp
  dxUIRender.cpp
  dxUISequenceVideoItem.cpp
  dxUIShader.cpp
  dxWallMarkArray.cpp
  ETextureParams.cpp
  FBasicVisual.cpp
  FHierrarhyVisual.cpp
  FLOD.cpp
  FProgressive.cpp
  FSkinned.cpp
  FTreeVisual.cpp
  FVisual.cpp
  HOM.cpp
  HWCaps.cpp
  light.cpp
  c:\users\сибирь\documents\github\oxr_coc\src\layers\xrrender\light.cpp(75) :  TODO : "Only shadowed spot implements projective texture"
  
  LightTrack.cpp
  Light_DB.cpp
  Light_Package.cpp
  ModelPool.cpp
  NvTriStrip.cpp
  NvTriStripObjects.cpp
  occRasterizer.cpp
  occRasterizer_core.cpp
  ParticleEffect.cpp
  ParticleEffectDef.cpp
  ParticleGroup.cpp
  PSLibrary.cpp
  ResourceManager.cpp
  ResourceManager_Loader.cpp
  ResourceManager_Reset.cpp
  c:\users\сибирь\documents\github\oxr_coc\src\layers\xrrender\resourcemanager_reset.cpp(79) :  TODO : "container is created in stack!"
  
  c:\users\сибирь\documents\github\oxr_coc\src\layers\xrrender\resourcemanager_reset.cpp(89) :  TODO : "container is created in stack!"
  
  R_Backend.cpp
  R_Backend_DBG.cpp
  R_Backend_hemi.cpp
  R_Backend_Runtime.cpp
  R_Backend_tree.cpp
  R_Backend_xform.cpp
  r_constants.cpp
  R_DStreams.cpp
  r__dsgraph_build.cpp
  r__dsgraph_render.cpp
  r__dsgraph_render_lods.cpp
  r__occlusion.cpp
  r__pixel_calculator.cpp
  r__screenshot.cpp
  r__sector.cpp
  r__sector_traversal.cpp
  Shader.cpp
  SH_Atomic.cpp
  SH_Constant.cpp
  SH_Matrix.cpp
  SkeletonAnimated.cpp
  SkeletonCustom.cpp
  c:\users\сибирь\documents\github\oxr_coc\src\layers\xrrender\skeletoncustom.cpp(222) :  TODO : "container is created in stack!"
  
  c:\users\сибирь\documents\github\oxr_coc\src\layers\xrrender\skeletoncustom.cpp(367) :  TODO : "container is created in stack!"
  
  c:\users\сибирь\documents\github\oxr_coc\src\layers\xrrender\skeletoncustom.cpp(371) :  TODO : "container is created in stack!"
  
  SkeletonRigid.cpp
  SkeletonX.cpp
  stats_manager.cpp
  TextureDescrManager.cpp
  tss_def.cpp
  uber_deffer.cpp
  dxHashHelper.cpp
  VertexCache.cpp
  WallmarksEngine.cpp
  xrRender_console.cpp
  xrStripify.cpp
  xr_effgamma.cpp
  blender_bloom_build.cpp
  blender_combine.cpp
  blender_deffer_aref.cpp
  blender_deffer_flat.cpp
  blender_deffer_model.cpp
  blender_fxaa.cpp
  blender_rain_drops.cpp
  blender_light_direct.cpp
  blender_light_mask.cpp
  blender_light_occq.cpp
  blender_light_point.cpp
  blender_light_reflected.cpp
  blender_light_spot.cpp
  blender_luminance.cpp
  blender_ssao.cpp
  light_GI.cpp
  Light_Render_Direct.cpp
  Light_Render_Direct_ComputeXFS.cpp
  light_smapvis.cpp
  light_vis.cpp
  blender_ss_sunshafts.cpp
  r2_blenders.cpp
  r2_R_calculate.cpp
  r2_R_lights.cpp
  r3_rendertarget_phase_FXAA.cpp
  r3_rendertarget_phase_rain_drops.cpp
  r3_rendertarget_phase_ss_sunshafts.cpp
  r3_R_sun.cpp
  r2_sector_detect.cpp
  r2_test_hw.cpp
  r3.cpp
  r3_loader.cpp
c:\users\сибирь\documents\github\oxr_coc\src\layers\xrrenderpc_r3\r3_loader.cpp(200): warning C4805: ==: небезопасное смешение типа "BOOL" и типа "bool" в операции (компилируется исходный файл r3_loader.cpp)
  r3_rendertarget.cpp
  r3_rendertarget_accum_direct.cpp
  r3_rendertarget_accum_omnipart_geom.cpp
  r3_rendertarget_accum_point.cpp
  r3_rendertarget_accum_point_geom.cpp
  r3_rendertarget_accum_reflected.cpp
  r3_rendertarget_accum_spot.cpp
  r3_rendertarget_accum_spot_geom.cpp
  r3_rendertarget_create_minmaxSM.cpp
  r3_rendertarget_draw_rain.cpp
  r3_rendertarget_draw_volume.cpp
  r3_rendertarget_enable_scissor.cpp
  r3_rendertarget_mark_msaa_edges.cpp
  r3_rendertarget_phase_accumulator.cpp
  r3_rendertarget_phase_bloom.cpp
  r3_rendertarget_phase_combine.cpp
  r3_rendertarget_phase_luminance.cpp
  r3_rendertarget_phase_occq.cpp
  r3_rendertarget_phase_PP.cpp
  r3_rendertarget_phase_rain.cpp
  r3_rendertarget_phase_scene.cpp
  r3_rendertarget_phase_smap_D.cpp
  r3_rendertarget_phase_smap_S.cpp
c:\users\сибирь\documents\github\oxr_coc\src\layers\xrrenderpc_r3\r3_rendertarget_phase_smap_d.cpp(37): warning C4838: преобразование из "s32" в "UINT" требует сужающего преобразования (компилируется исходный файл r3_rendertarget_phase_smap_D.cpp)
  r3_rendertarget_phase_ssao.cpp
c:\users\сибирь\documents\github\oxr_coc\src\layers\xrrenderpc_r3\r3_rendertarget_phase_smap_s.cpp(23): warning C4838: преобразование из "u32" в "INT" требует сужающего преобразования (компилируется исходный файл r3_rendertarget_phase_smap_S.cpp)
  c:\users\сибирь\documents\github\oxr_coc\src\layers\xrrenderpc_r3\r3_rendertarget_phase_smap_s.cpp(31) :  TODO : "can optimize for multi-lights covering more than say 50%..."
  
  r3_R_rain.cpp
  r3_R_render.cpp
  r3_R_sun_support.cpp
  xrRender_R3.cpp
  Создание кода
  All 21782 functions were compiled because no usable IPDB/IOBJ from previous compilation was found.
  Создание кода завершено
  xrRender_R3.vcxproj -> C:\Users\сибирь\Documents\GitHub\OXR_CoC\src\..\_build\bin\Win64\Release\xrRender_R3.dll
