c:\users\сибирь\documents\github\oxr_coc\_build\lib\win64\release\bugtrap.lib
c:\users\сибирь\documents\github\oxr_coc\_build\lib\win64\release\bugtrap.exp
c:\users\сибирь\documents\github\oxr_coc\_build\bin\win64\release\bugtrap.ipdb
c:\users\сибирь\documents\github\oxr_coc\_build\bin\win64\release\bugtrap.iobj
c:\users\сибирь\documents\github\oxr_coc\_build\intermediate\win64\release\bugtrap\bugtrap.pch
c:\users\сибирь\documents\github\oxr_coc\_build\intermediate\win64\release\bugtrap\vc141.pdb
c:\users\сибирь\documents\github\oxr_coc\_build\intermediate\win64\release\bugtrap\stdafx.obj
c:\users\сибирь\documents\github\oxr_coc\_build\intermediate\win64\release\bugtrap\aboutdlg.obj
c:\users\сибирь\documents\github\oxr_coc\_build\intermediate\win64\release\bugtrap\machineinfodlg.obj
c:\users\сибирь\documents\github\oxr_coc\_build\intermediate\win64\release\bugtrap\maindlg.obj
c:\users\сибирь\documents\github\oxr_coc\_build\intermediate\win64\release\bugtrap\sendmaildlg.obj
c:\users\сибирь\documents\github\oxr_coc\_build\intermediate\win64\release\bugtrap\transferprogressdlg.obj
c:\users\сибирь\documents\github\oxr_coc\_build\intermediate\win64\release\bugtrap\colhelper.obj
c:\users\сибирь\documents\github\oxr_coc\_build\intermediate\win64\release\bugtrap\strholder.obj
c:\users\сибирь\documents\github\oxr_coc\_build\intermediate\win64\release\bugtrap\hexview.obj
c:\users\сибирь\documents\github\oxr_coc\_build\intermediate\win64\release\bugtrap\hyperlink.obj
c:\users\сибирь\documents\github\oxr_coc\_build\intermediate\win64\release\bugtrap\layoutmanager.obj
c:\users\сибирь\documents\github\oxr_coc\_build\intermediate\win64\release\bugtrap\textview.obj
c:\users\сибирь\documents\github\oxr_coc\_build\intermediate\win64\release\bugtrap\cmapi.obj
c:\users\сибирь\documents\github\oxr_coc\_build\intermediate\win64\release\bugtrap\inmemlogfile.obj
c:\users\сибирь\documents\github\oxr_coc\_build\intermediate\win64\release\bugtrap\moduleimporttable.obj
c:\users\сибирь\documents\github\oxr_coc\_build\intermediate\win64\release\bugtrap\symenginenet.obj
c:\users\сибирь\documents\github\oxr_coc\_build\intermediate\win64\release\bugtrap\textlogfile.obj
c:\users\сибирь\documents\github\oxr_coc\_build\intermediate\win64\release\bugtrap\xmllogfile.obj
c:\users\сибирь\documents\github\oxr_coc\_build\intermediate\win64\release\bugtrap\bugtrapnet.obj
c:\users\сибирь\documents\github\oxr_coc\_build\intermediate\win64\release\bugtrap\bugtrapui.obj
c:\users\сибирь\documents\github\oxr_coc\_build\intermediate\win64\release\bugtrap\resmanager.obj
c:\users\сибирь\documents\github\oxr_coc\_build\intermediate\win64\release\bugtrap\globals.obj
c:\users\сибирь\documents\github\oxr_coc\_build\intermediate\win64\release\bugtrap\textformat.obj
c:\users\сибирь\documents\github\oxr_coc\_build\intermediate\win64\release\bugtrap\xmlwriter.obj
c:\users\сибирь\documents\github\oxr_coc\_build\intermediate\win64\release\bugtrap\inputstream.obj
c:\users\сибирь\documents\github\oxr_coc\_build\intermediate\win64\release\bugtrap\memstream.obj
c:\users\сибирь\documents\github\oxr_coc\_build\intermediate\win64\release\bugtrap\describeerrordlg.obj
c:\users\сибирь\documents\github\oxr_coc\_build\intermediate\win64\release\bugtrap\machinestatedlg.obj
c:\users\сибирь\documents\github\oxr_coc\_build\intermediate\win64\release\bugtrap\previewdlg.obj
c:\users\сибирь\documents\github\oxr_coc\_build\intermediate\win64\release\bugtrap\simpledlg.obj
c:\users\сибирь\documents\github\oxr_coc\_build\intermediate\win64\release\bugtrap\waitdlg.obj
c:\users\сибирь\documents\github\oxr_coc\_build\intermediate\win64\release\bugtrap\animprogressbar.obj
c:\users\сибирь\documents\github\oxr_coc\_build\intermediate\win64\release\bugtrap\imageview.obj
c:\users\сибирь\documents\github\oxr_coc\_build\intermediate\win64\release\bugtrap\splitter.obj
c:\users\сибирь\documents\github\oxr_coc\_build\intermediate\win64\release\bugtrap\waitcursor.obj
c:\users\сибирь\documents\github\oxr_coc\_build\intermediate\win64\release\bugtrap\enumprocess.obj
c:\users\сибирь\documents\github\oxr_coc\_build\intermediate\win64\release\bugtrap\logfile.obj
c:\users\сибирь\documents\github\oxr_coc\_build\intermediate\win64\release\bugtrap\logstream.obj
c:\users\сибирь\documents\github\oxr_coc\_build\intermediate\win64\release\bugtrap\netthunks.obj
c:\users\сибирь\documents\github\oxr_coc\_build\intermediate\win64\release\bugtrap\symengine.obj
c:\users\сибирь\documents\github\oxr_coc\_build\intermediate\win64\release\bugtrap\themexp.obj
c:\users\сибирь\documents\github\oxr_coc\_build\intermediate\win64\release\bugtrap\bugtrap.obj
c:\users\сибирь\documents\github\oxr_coc\_build\intermediate\win64\release\bugtrap\bugtraputils.obj
c:\users\сибирь\documents\github\oxr_coc\_build\intermediate\win64\release\bugtrap\assemblyinfo.obj
c:\users\сибирь\documents\github\oxr_coc\_build\intermediate\win64\release\bugtrap\encoding.obj
c:\users\сибирь\documents\github\oxr_coc\_build\intermediate\win64\release\bugtrap\xmlreader.obj
c:\users\сибирь\documents\github\oxr_coc\_build\intermediate\win64\release\bugtrap\filestream.obj
c:\users\сибирь\documents\github\oxr_coc\_build\intermediate\win64\release\bugtrap\outputstream.obj
c:\users\сибирь\documents\github\oxr_coc\_build\intermediate\win64\release\bugtrap\strstream.obj
c:\users\сибирь\documents\github\oxr_coc\_build\bin\win64\release\bugtrap.dll
c:\users\сибирь\documents\github\oxr_coc\_build\bin\win64\release\bugtrap.pdb
c:\users\сибирь\documents\github\oxr_coc\_build\intermediate\win64\release\bugtrap\bugtrap.res
c:\users\сибирь\documents\github\oxr_coc\src\..\_build\bin\win64\release\bugtrap.pdb
c:\users\сибирь\documents\github\oxr_coc\_build\intermediate\win64\release\bugtrap\bugtrap.tlog\bugtrap.write.1u.tlog
c:\users\сибирь\documents\github\oxr_coc\_build\intermediate\win64\release\bugtrap\bugtrap.tlog\cl.command.1.tlog
c:\users\сибирь\documents\github\oxr_coc\_build\intermediate\win64\release\bugtrap\bugtrap.tlog\cl.read.1.tlog
c:\users\сибирь\documents\github\oxr_coc\_build\intermediate\win64\release\bugtrap\bugtrap.tlog\cl.write.1.tlog
c:\users\сибирь\documents\github\oxr_coc\_build\intermediate\win64\release\bugtrap\bugtrap.tlog\link.command.1.tlog
c:\users\сибирь\documents\github\oxr_coc\_build\intermediate\win64\release\bugtrap\bugtrap.tlog\link.read.1.tlog
c:\users\сибирь\documents\github\oxr_coc\_build\intermediate\win64\release\bugtrap\bugtrap.tlog\link.write.1.tlog
c:\users\сибирь\documents\github\oxr_coc\_build\intermediate\win64\release\bugtrap\bugtrap.tlog\rc.command.1.tlog
c:\users\сибирь\documents\github\oxr_coc\_build\intermediate\win64\release\bugtrap\bugtrap.tlog\rc.read.1.tlog
c:\users\сибирь\documents\github\oxr_coc\_build\intermediate\win64\release\bugtrap\bugtrap.tlog\rc.write.1.tlog
