c:\users\сибирь\documents\github\oxr_coc\_build\intermediate\win64\release\xrparticles\xrparticles.pch
c:\users\сибирь\documents\github\oxr_coc\_build\intermediate\win64\release\xrparticles\vc141.pdb
c:\users\сибирь\documents\github\oxr_coc\_build\intermediate\win64\release\xrparticles\stdafx.obj
c:\users\сибирь\documents\github\oxr_coc\_build\intermediate\win64\release\xrparticles\noise.obj
c:\users\сибирь\documents\github\oxr_coc\_build\intermediate\win64\release\xrparticles\particle_actions_collection.obj
c:\users\сибирь\documents\github\oxr_coc\_build\intermediate\win64\release\xrparticles\particle_actions.obj
c:\users\сибирь\documents\github\oxr_coc\_build\intermediate\win64\release\xrparticles\particle_actions_collection_io.obj
c:\users\сибирь\documents\github\oxr_coc\_build\intermediate\win64\release\xrparticles\particle_core.obj
c:\users\сибирь\documents\github\oxr_coc\_build\intermediate\win64\release\xrparticles\particle_effect.obj
c:\users\сибирь\documents\github\oxr_coc\_build\intermediate\win64\release\xrparticles\particle_manager.obj
c:\users\сибирь\documents\github\oxr_coc\_build\bin\win64\release\xrparticles.dll
c:\users\сибирь\documents\github\oxr_coc\_build\bin\win64\release\xrparticles.pdb
c:\users\сибирь\documents\github\oxr_coc\_build\lib\win64\release\xrparticles.lib
c:\users\сибирь\documents\github\oxr_coc\_build\lib\win64\release\xrparticles.exp
c:\users\сибирь\documents\github\oxr_coc\_build\bin\win64\release\xrparticles.ipdb
c:\users\сибирь\documents\github\oxr_coc\_build\bin\win64\release\xrparticles.iobj
c:\users\сибирь\documents\github\oxr_coc\src\..\_build\bin\win64\release\xrparticles.pdb
c:\users\сибирь\documents\github\oxr_coc\_build\intermediate\win64\release\xrparticles\xrparticles.tlog\cl.command.1.tlog
c:\users\сибирь\documents\github\oxr_coc\_build\intermediate\win64\release\xrparticles\xrparticles.tlog\cl.read.1.tlog
c:\users\сибирь\documents\github\oxr_coc\_build\intermediate\win64\release\xrparticles\xrparticles.tlog\cl.write.1.tlog
c:\users\сибирь\documents\github\oxr_coc\_build\intermediate\win64\release\xrparticles\xrparticles.tlog\link.command.1.tlog
c:\users\сибирь\documents\github\oxr_coc\_build\intermediate\win64\release\xrparticles\xrparticles.tlog\link.read.1.tlog
c:\users\сибирь\documents\github\oxr_coc\_build\intermediate\win64\release\xrparticles\xrparticles.tlog\link.write.1.tlog
c:\users\сибирь\documents\github\oxr_coc\_build\intermediate\win64\release\xrparticles\xrparticles.tlog\xrparticles.write.1u.tlog
