c:\users\сибирь\documents\github\oxr_coc\_build\intermediate\win64\release\libjpeg\jcapimin.obj
c:\users\сибирь\documents\github\oxr_coc\_build\intermediate\win64\release\libjpeg\jccoefct.obj
c:\users\сибирь\documents\github\oxr_coc\_build\intermediate\win64\release\libjpeg\jcdctmgr.obj
c:\users\сибирь\documents\github\oxr_coc\_build\intermediate\win64\release\libjpeg\jcinit.obj
c:\users\сибирь\documents\github\oxr_coc\_build\intermediate\win64\release\libjpeg\jcmarker.obj
c:\users\сибирь\documents\github\oxr_coc\_build\intermediate\win64\release\libjpeg\jcmaster.obj
c:\users\сибирь\documents\github\oxr_coc\_build\intermediate\win64\release\libjpeg\jcparam.obj
c:\users\сибирь\documents\github\oxr_coc\_build\intermediate\win64\release\libjpeg\jcprepct.obj
c:\users\сибирь\documents\github\oxr_coc\_build\intermediate\win64\release\libjpeg\jctrans.obj
c:\users\сибирь\documents\github\oxr_coc\_build\intermediate\win64\release\libjpeg\jdapistd.obj
c:\users\сибирь\documents\github\oxr_coc\_build\intermediate\win64\release\libjpeg\jdatasrc.obj
c:\users\сибирь\documents\github\oxr_coc\_build\intermediate\win64\release\libjpeg\jdcolor.obj
c:\users\сибирь\documents\github\oxr_coc\_build\intermediate\win64\release\libjpeg\jdhuff.obj
c:\users\сибирь\documents\github\oxr_coc\_build\intermediate\win64\release\libjpeg\jdmainct.obj
c:\users\сибирь\documents\github\oxr_coc\_build\intermediate\win64\release\libjpeg\jdmaster.obj
c:\users\сибирь\documents\github\oxr_coc\_build\intermediate\win64\release\libjpeg\jdphuff.obj
c:\users\сибирь\documents\github\oxr_coc\_build\intermediate\win64\release\libjpeg\jdsample.obj
c:\users\сибирь\documents\github\oxr_coc\_build\intermediate\win64\release\libjpeg\jerror.obj
c:\users\сибирь\documents\github\oxr_coc\_build\intermediate\win64\release\libjpeg\jfdctfst.obj
c:\users\сибирь\documents\github\oxr_coc\_build\intermediate\win64\release\libjpeg\jfdctint.obj
c:\users\сибирь\documents\github\oxr_coc\_build\intermediate\win64\release\libjpeg\jidctfst.obj
c:\users\сибирь\documents\github\oxr_coc\_build\intermediate\win64\release\libjpeg\jidctred.obj
c:\users\сибирь\documents\github\oxr_coc\_build\intermediate\win64\release\libjpeg\jmemnobs.obj
c:\users\сибирь\documents\github\oxr_coc\_build\intermediate\win64\release\libjpeg\jquant2.obj
c:\users\сибирь\documents\github\oxr_coc\_build\intermediate\win64\release\libjpeg\jutils.obj
c:\users\сибирь\documents\github\oxr_coc\_build\intermediate\win64\release\libjpeg\jcapistd.obj
c:\users\сибирь\documents\github\oxr_coc\_build\intermediate\win64\release\libjpeg\jccolor.obj
c:\users\сибирь\documents\github\oxr_coc\_build\intermediate\win64\release\libjpeg\jchuff.obj
c:\users\сибирь\documents\github\oxr_coc\_build\intermediate\win64\release\libjpeg\jcmainct.obj
c:\users\сибирь\documents\github\oxr_coc\_build\intermediate\win64\release\libjpeg\jcomapi.obj
c:\users\сибирь\documents\github\oxr_coc\_build\intermediate\win64\release\libjpeg\jcphuff.obj
c:\users\сибирь\documents\github\oxr_coc\_build\intermediate\win64\release\libjpeg\jcsample.obj
c:\users\сибирь\documents\github\oxr_coc\_build\intermediate\win64\release\libjpeg\jdapimin.obj
c:\users\сибирь\documents\github\oxr_coc\_build\intermediate\win64\release\libjpeg\jdatadst.obj
c:\users\сибирь\documents\github\oxr_coc\_build\intermediate\win64\release\libjpeg\jdcoefct.obj
c:\users\сибирь\documents\github\oxr_coc\_build\intermediate\win64\release\libjpeg\jddctmgr.obj
c:\users\сибирь\documents\github\oxr_coc\_build\intermediate\win64\release\libjpeg\jdinput.obj
c:\users\сибирь\documents\github\oxr_coc\_build\intermediate\win64\release\libjpeg\jdmarker.obj
c:\users\сибирь\documents\github\oxr_coc\_build\intermediate\win64\release\libjpeg\jdmerge.obj
c:\users\сибирь\documents\github\oxr_coc\_build\intermediate\win64\release\libjpeg\jdpostct.obj
c:\users\сибирь\documents\github\oxr_coc\_build\intermediate\win64\release\libjpeg\jdtrans.obj
c:\users\сибирь\documents\github\oxr_coc\_build\intermediate\win64\release\libjpeg\jfdctflt.obj
c:\users\сибирь\documents\github\oxr_coc\_build\intermediate\win64\release\libjpeg\jidctflt.obj
c:\users\сибирь\documents\github\oxr_coc\_build\intermediate\win64\release\libjpeg\jidctint.obj
c:\users\сибирь\documents\github\oxr_coc\_build\intermediate\win64\release\libjpeg\jmemmgr.obj
c:\users\сибирь\documents\github\oxr_coc\_build\intermediate\win64\release\libjpeg\jquant1.obj
c:\users\сибирь\documents\github\oxr_coc\_build\intermediate\win64\release\libjpeg\libjpeg.pdb
c:\users\сибирь\documents\github\oxr_coc\_build\lib\win64\release\libjpeg.lib
c:\users\сибирь\documents\github\oxr_coc\src\..\_build\lib\win64\release\libjpeg.lib
c:\users\сибирь\documents\github\oxr_coc\_build\intermediate\win64\release\libjpeg\libjpeg.tlog\cl.1488.write.1.tlog
c:\users\сибирь\documents\github\oxr_coc\_build\intermediate\win64\release\libjpeg\libjpeg.tlog\cl.command.1.tlog
c:\users\сибирь\documents\github\oxr_coc\_build\intermediate\win64\release\libjpeg\libjpeg.tlog\cl.read.1.tlog
c:\users\сибирь\documents\github\oxr_coc\_build\intermediate\win64\release\libjpeg\libjpeg.tlog\lib-link.read.1.tlog
c:\users\сибирь\documents\github\oxr_coc\_build\intermediate\win64\release\libjpeg\libjpeg.tlog\lib-link.write.1.tlog
c:\users\сибирь\documents\github\oxr_coc\_build\intermediate\win64\release\libjpeg\libjpeg.tlog\lib.command.1.tlog
