  pch.cpp
  ELog.cpp
  DockPanelSerializer.cpp
c:\users\сибирь\documents\github\oxr_coc\src\editors\xrecore\core\elog.cpp(5): warning C4835: ELog: инициализатор экспортированных данных не будет запущен до выполнения управляемого кода сначала в базовой сборке (компилируется исходный файл Core\ELog.cpp)
  WindowIDE.cpp
  WindowLog.cpp
  FolderLib.cpp
  GameType.cpp
c:\users\сибирь\documents\github\oxr_coc\src\editors\xrecore\controls\folderlib.h(13): warning C4965: неявная упаковка целого числа 0; используйте nullptr или явное приведение типов (компилируется исходный файл Controls\FolderLib.cpp)
c:\users\сибирь\documents\github\oxr_coc\src\editors\xrecore\controls\folderlib.h(23): warning C4965: неявная упаковка целого числа 0; используйте nullptr или явное приведение типов (компилируется исходный файл Controls\FolderLib.cpp)
c:\users\сибирь\documents\github\oxr_coc\src\editors\xrecore\controls\folderlib.cpp(6): warning C4273: FHelper: несовместимая компоновка dll (компилируется исходный файл Controls\FolderLib.cpp)
  c:\users\сибирь\documents\github\oxr_coc\src\editors\xrecore\controls\folderlib.h(94): note: см. предыдущее определение "FHelper" (компилируется исходный файл Controls\FolderLib.cpp)
  ItemList.cpp
c:\users\сибирь\documents\github\oxr_coc\src\editors\xrecore\controls\folderlib.h(13): warning C4965: неявная упаковка целого числа 0; используйте nullptr или явное приведение типов (компилируется исходный файл Controls\ItemList.cpp)
c:\users\сибирь\documents\github\oxr_coc\src\editors\xrecore\controls\folderlib.h(23): warning C4965: неявная упаковка целого числа 0; используйте nullptr или явное приведение типов (компилируется исходный файл Controls\ItemList.cpp)
  NumericVector.cpp
  PropertiesList.cpp
  ShaderFunction.cpp
  TextEdit.cpp
  SelectItem.cpp
  WindowView.cpp
  WindowSplash.cpp
  xrEProps.cpp
  .NETFramework,Version=v4.0.AssemblyAttributes.cpp
     Создается библиотека C:\Users\сибирь\Documents\GitHub\OXR_CoC\src\..\_build\lib\Win64\Release\xrECore.lib и объект C:\Users\сибирь\Documents\GitHub\OXR_CoC\src\..\_build\lib\Win64\Release\xrECore.exp
  LINK : указан параметр /LTCG, но не требуется создание кода; удалите /LTCG из командной строки компоновки для повышения производительности компоновщика
  xrECore.vcxproj -> C:\Users\сибирь\Documents\GitHub\OXR_CoC\src\..\_build\bin\Win64\Release\xrECore.dll
