c:\users\сибирь\documents\github\oxr_coc\_build\intermediate\win64\release\xrecore\xrecore.pch
c:\users\сибирь\documents\github\oxr_coc\_build\intermediate\win64\release\xrecore\vc141.pdb
c:\users\сибирь\documents\github\oxr_coc\_build\intermediate\win64\release\xrecore\pch.obj
c:\users\сибирь\documents\github\oxr_coc\_build\intermediate\win64\release\xrecore\dockpanelserializer.obj
c:\users\сибирь\documents\github\oxr_coc\_build\intermediate\win64\release\xrecore\windowide.obj
c:\users\сибирь\documents\github\oxr_coc\_build\intermediate\win64\release\xrecore\gametype.obj
c:\users\сибирь\documents\github\oxr_coc\_build\intermediate\win64\release\xrecore\itemlist.obj
c:\users\сибирь\documents\github\oxr_coc\_build\intermediate\win64\release\xrecore\propertieslist.obj
c:\users\сибирь\documents\github\oxr_coc\_build\intermediate\win64\release\xrecore\textedit.obj
c:\users\сибирь\documents\github\oxr_coc\_build\intermediate\win64\release\xrecore\windowview.obj
c:\users\сибирь\documents\github\oxr_coc\_build\intermediate\win64\release\xrecore\windowsplash.obj
c:\users\сибирь\documents\github\oxr_coc\_build\intermediate\win64\release\xrecore\elog.obj
c:\users\сибирь\documents\github\oxr_coc\_build\intermediate\win64\release\xrecore\windowlog.obj
c:\users\сибирь\documents\github\oxr_coc\_build\intermediate\win64\release\xrecore\folderlib.obj
c:\users\сибирь\documents\github\oxr_coc\_build\intermediate\win64\release\xrecore\numericvector.obj
c:\users\сибирь\documents\github\oxr_coc\_build\intermediate\win64\release\xrecore\shaderfunction.obj
c:\users\сибирь\documents\github\oxr_coc\_build\intermediate\win64\release\xrecore\selectitem.obj
c:\users\сибирь\documents\github\oxr_coc\_build\intermediate\win64\release\xrecore\xreprops.obj
c:\users\сибирь\documents\github\oxr_coc\_build\intermediate\win64\release\xrecore\.netframework,version=v4.0.assemblyattributes.obj
c:\users\сибирь\documents\github\oxr_coc\_build\intermediate\win64\release\xrecore\.netframework,version=v4.0.assemblyattributes.asm
c:\users\сибирь\documents\github\oxr_coc\_build\bin\win64\release\xrecore.dll
c:\users\сибирь\documents\github\oxr_coc\_build\bin\win64\release\xrecore.pdb
c:\users\сибирь\documents\github\oxr_coc\_build\intermediate\win64\release\xrecore\xrecore.tlog\metagen.write.1.tlog
c:\users\сибирь\documents\github\oxr_coc\_build\bin\win64\release\weifenluo.winformsui.docking.dll
c:\users\сибирь\documents\github\oxr_coc\_build\bin\win64\release\weifenluo.winformsui.docking.themevs2015.dll
c:\users\сибирь\documents\github\oxr_coc\_build\intermediate\win64\release\xrecore\xray.editor.windows.windowide.resources
c:\users\сибирь\documents\github\oxr_coc\_build\intermediate\win64\release\xrecore\xray.editor.windows.windowlog.resources
c:\users\сибирь\documents\github\oxr_coc\_build\intermediate\win64\release\xrecore\xray.editor.controls.itemlist.resources
c:\users\сибирь\documents\github\oxr_coc\_build\intermediate\win64\release\xrecore\xray.editor.controls.propertieslist.resources
c:\users\сибирь\documents\github\oxr_coc\_build\intermediate\win64\release\xrecore\xray.editor.controls.gametype.resources
c:\users\сибирь\documents\github\oxr_coc\_build\intermediate\win64\release\xrecore\xray.editor.controls.numericvector.resources
c:\users\сибирь\documents\github\oxr_coc\_build\intermediate\win64\release\xrecore\xray.editor.controls.selectitem.resources
c:\users\сибирь\documents\github\oxr_coc\_build\intermediate\win64\release\xrecore\xray.editor.controls.shaderfunction.resources
c:\users\сибирь\documents\github\oxr_coc\_build\intermediate\win64\release\xrecore\xray.editor.controls.textedit.resources
c:\users\сибирь\documents\github\oxr_coc\_build\intermediate\win64\release\xrecore\xray.editor.windows.windowview.resources
c:\users\сибирь\documents\github\oxr_coc\_build\intermediate\win64\release\xrecore\xray.editor.windows.windowsplash.resources
c:\users\сибирь\documents\github\oxr_coc\_build\lib\win64\release\xrecore.lib
c:\users\сибирь\documents\github\oxr_coc\_build\lib\win64\release\xrecore.exp
c:\users\сибирь\documents\github\oxr_coc\_build\intermediate\win64\release\xrecore\xrecore.vcxproj.generateresource.cache
c:\users\сибирь\documents\github\oxr_coc\_build\intermediate\win64\release\xrecore\xrecore.vcxprojassemblyreference.cache
c:\users\сибирь\documents\github\oxr_coc\src\..\_build\bin\win64\release\xrecore.pdb
c:\users\сибирь\documents\github\oxr_coc\_build\intermediate\win64\release\xrecore\xrecore.tlog\cl.command.1.tlog
c:\users\сибирь\documents\github\oxr_coc\_build\intermediate\win64\release\xrecore\xrecore.tlog\cl.read.1.tlog
c:\users\сибирь\documents\github\oxr_coc\_build\intermediate\win64\release\xrecore\xrecore.tlog\cl.write.1.tlog
c:\users\сибирь\documents\github\oxr_coc\_build\intermediate\win64\release\xrecore\xrecore.tlog\link.command.1.tlog
c:\users\сибирь\documents\github\oxr_coc\_build\intermediate\win64\release\xrecore\xrecore.tlog\link.read.1.tlog
c:\users\сибирь\documents\github\oxr_coc\_build\intermediate\win64\release\xrecore\xrecore.tlog\link.write.1.tlog
c:\users\сибирь\documents\github\oxr_coc\_build\intermediate\win64\release\xrecore\xrecore.tlog\metagen.read.1.tlog
c:\users\сибирь\documents\github\oxr_coc\_build\intermediate\win64\release\xrecore\xrecore.tlog\xrecore.write.1u.tlog
c:\users\сибирь\documents\github\oxr_coc\_build\intermediate\win64\release\xrecore\xrecore.tlog\flobbster.windows.forms.propertygrid.dll.metagen
c:\users\сибирь\documents\github\oxr_coc\_build\intermediate\win64\release\xrecore\xrecore.tlog\weifenluo.winformsui.docking.dll.metagen
c:\users\сибирь\documents\github\oxr_coc\_build\intermediate\win64\release\xrecore\xrecore.tlog\weifenluo.winformsui.docking.themevs2015.dll.metagen
c:\users\сибирь\documents\github\oxr_coc\_build\intermediate\win64\release\xrecore\xrecore.tlog\xrsdkcontrols.dll.metagen
