c:\users\сибирь\documents\github\oxr_coc\_build\intermediate\win64\release\xrscriptengine\xrscriptengine.pch
c:\users\сибирь\documents\github\oxr_coc\_build\intermediate\win64\release\xrscriptengine\vc141.pdb
c:\users\сибирь\documents\github\oxr_coc\_build\intermediate\win64\release\xrscriptengine\pch.obj
c:\users\сибирь\documents\github\oxr_coc\_build\intermediate\win64\release\xrscriptengine\bindingsdumper.obj
c:\users\сибирь\documents\github\oxr_coc\_build\intermediate\win64\release\xrscriptengine\script_debugger.obj
c:\users\сибирь\documents\github\oxr_coc\_build\intermediate\win64\release\xrscriptengine\script_engine.obj
c:\users\сибирь\documents\github\oxr_coc\_build\intermediate\win64\release\xrscriptengine\script_lua_helper.obj
c:\users\сибирь\documents\github\oxr_coc\_build\intermediate\win64\release\xrscriptengine\script_stack_tracker.obj
c:\users\сибирь\documents\github\oxr_coc\_build\intermediate\win64\release\xrscriptengine\scriptexporter.obj
c:\users\сибирь\documents\github\oxr_coc\_build\intermediate\win64\release\xrscriptengine\luastudio.obj
c:\users\сибирь\documents\github\oxr_coc\_build\intermediate\win64\release\xrscriptengine\script_callstack.obj
c:\users\сибирь\documents\github\oxr_coc\_build\intermediate\win64\release\xrscriptengine\script_debugger_threads.obj
c:\users\сибирь\documents\github\oxr_coc\_build\intermediate\win64\release\xrscriptengine\scriptenginescript.obj
c:\users\сибирь\documents\github\oxr_coc\_build\intermediate\win64\release\xrscriptengine\script_process.obj
c:\users\сибирь\documents\github\oxr_coc\_build\intermediate\win64\release\xrscriptengine\script_thread.obj
c:\users\сибирь\documents\github\oxr_coc\_build\intermediate\win64\release\xrscriptengine\xrscriptengine.obj
c:\users\сибирь\documents\github\oxr_coc\_build\bin\win64\release\xrscriptengine.dll
c:\users\сибирь\documents\github\oxr_coc\_build\bin\win64\release\xrscriptengine.pdb
c:\users\сибирь\documents\github\oxr_coc\_build\lib\win64\release\xrscriptengine.lib
c:\users\сибирь\documents\github\oxr_coc\_build\lib\win64\release\xrscriptengine.exp
c:\users\сибирь\documents\github\oxr_coc\_build\bin\win64\release\xrscriptengine.ipdb
c:\users\сибирь\documents\github\oxr_coc\_build\bin\win64\release\xrscriptengine.iobj
c:\users\сибирь\documents\github\oxr_coc\src\..\_build\bin\win64\release\xrscriptengine.pdb
c:\users\сибирь\documents\github\oxr_coc\_build\intermediate\win64\release\xrscriptengine\xrscriptengine.tlog\cl.command.1.tlog
c:\users\сибирь\documents\github\oxr_coc\_build\intermediate\win64\release\xrscriptengine\xrscriptengine.tlog\cl.read.1.tlog
c:\users\сибирь\documents\github\oxr_coc\_build\intermediate\win64\release\xrscriptengine\xrscriptengine.tlog\cl.write.1.tlog
c:\users\сибирь\documents\github\oxr_coc\_build\intermediate\win64\release\xrscriptengine\xrscriptengine.tlog\link.command.1.tlog
c:\users\сибирь\documents\github\oxr_coc\_build\intermediate\win64\release\xrscriptengine\xrscriptengine.tlog\link.read.1.tlog
c:\users\сибирь\documents\github\oxr_coc\_build\intermediate\win64\release\xrscriptengine\xrscriptengine.tlog\link.write.1.tlog
c:\users\сибирь\documents\github\oxr_coc\_build\intermediate\win64\release\xrscriptengine\xrscriptengine.tlog\xrscriptengine.write.1u.tlog
