  pch.cpp
  AssemblyInfo.cpp
  entry_point.cpp
  ide_impl.cpp
  property_boolean.cpp
  property_boolean_reference.cpp
  property_boolean_values_value.cpp
  property_boolean_values_value_reference.cpp
  property_collection.cpp
  property_collection_base.cpp
  property_collection_converter.cpp
  property_collection_editor.cpp
  property_collection_enumerator.cpp
  property_collection_getter.cpp
  property_color.cpp
  property_color_base.cpp
  property_color_reference.cpp
  property_container.cpp
  property_container_converter.cpp
  property_converter_boolean_values.cpp
  property_converter_color.cpp
  property_converter_float.cpp
  property_converter_float_enum.cpp
  property_converter_integer_enum.cpp
  property_converter_integer_values.cpp
  property_converter_string_values.cpp
  property_converter_tree_values.cpp
  property_converter_vec3f.cpp
  property_editor_color.cpp
  property_editor_file_name.cpp
  property_editor_tree_values.cpp
  property_file_name_value.cpp
  property_file_name_value_shared_str.cpp
  property_float.cpp
  property_float_enum_value.cpp
  property_float_enum_value_reference.cpp
  property_float_limited.cpp
  property_float_limited_reference.cpp
  property_float_reference.cpp
  property_holder.cpp
  property_holder_boolean.cpp
  property_holder_collection.cpp
  property_holder_color.cpp
  property_holder_container.cpp
  property_holder_float.cpp
  property_holder_integer.cpp
  property_holder_string.cpp
  property_holder_vec3f.cpp
  property_integer.cpp
  property_integer_enum_value.cpp
  property_integer_enum_value_reference.cpp
  property_integer_limited.cpp
  property_integer_limited_reference.cpp
  property_integer_reference.cpp
  property_integer_values_value.cpp
  property_integer_values_value_getter.cpp
  property_integer_values_value_reference.cpp
  property_integer_values_value_reference_getter.cpp
  property_property_container.cpp
  property_string.cpp
  property_string_shared_str.cpp
  property_string_values_value.cpp
  property_string_values_value_getter.cpp
  property_string_values_value_shared_str.cpp
  property_string_values_value_shared_str_getter.cpp
  property_vec3f.cpp
  property_vec3f_base.cpp
  property_vec3f_reference.cpp
  window_ide.cpp
  window_ide_serialize.cpp
  window_levels.cpp
  window_tree_values.cpp
  window_view.cpp
  window_weather.cpp
  Dima to Dima: we can make this more optimal
  window_weather_editor.cpp
  .NETFramework,Version=v4.0.AssemblyAttributes.cpp
     Создается библиотека C:\Users\сибирь\Documents\GitHub\OXR_CoC\src\..\_build\lib\Win64\Release\xrWeatherEditor.lib и объект C:\Users\сибирь\Documents\GitHub\OXR_CoC\src\..\_build\lib\Win64\Release\xrWeatherEditor.exp
  LINK : указан параметр /LTCG, но не требуется создание кода; удалите /LTCG из командной строки компоновки для повышения производительности компоновщика
  xrWeatherEditor.vcxproj -> C:\Users\сибирь\Documents\GitHub\OXR_CoC\src\..\_build\bin\Win64\Release\xrWeatherEditor.dll
C:\Program Files (x86)\Microsoft Visual Studio\2017\Community\MSBuild\15.0\Bin\Microsoft.Common.CurrentVersion.targets(4365,5): warning MSB3026: не удалось скопировать "C:\Users\сибирь\Documents\GitHub\OXR_CoC\sdk\binaries\WeifenLuo.WinFormsUI.Docking.dll" в "C:\Users\сибирь\Documents\GitHub\OXR_CoC\src\..\_build\bin\Win64\Release\WeifenLuo.WinFormsUI.Docking.dll". Повторная попытка 1 начнется через 1000 мс. Процесс не может получить доступ к файлу "C:\Users\сибирь\Documents\GitHub\OXR_CoC\src\..\_build\bin\Win64\Release\WeifenLuo.WinFormsUI.Docking.dll", так как этот файл используется другим процессом. 
