c:\users\сибирь\documents\github\oxr_coc\_build\intermediate\win64\release\xrweathereditor\xrweathereditor.pch
c:\users\сибирь\documents\github\oxr_coc\_build\intermediate\win64\release\xrweathereditor\vc141.pdb
c:\users\сибирь\documents\github\oxr_coc\_build\intermediate\win64\release\xrweathereditor\pch.obj
c:\users\сибирь\documents\github\oxr_coc\_build\intermediate\win64\release\xrweathereditor\assemblyinfo.obj
c:\users\сибирь\documents\github\oxr_coc\_build\intermediate\win64\release\xrweathereditor\ide_impl.obj
c:\users\сибирь\documents\github\oxr_coc\_build\intermediate\win64\release\xrweathereditor\property_boolean_values_value.obj
c:\users\сибирь\documents\github\oxr_coc\_build\intermediate\win64\release\xrweathereditor\property_collection.obj
c:\users\сибирь\documents\github\oxr_coc\_build\intermediate\win64\release\xrweathereditor\property_collection_converter.obj
c:\users\сибирь\documents\github\oxr_coc\_build\intermediate\win64\release\xrweathereditor\property_collection_enumerator.obj
c:\users\сибирь\documents\github\oxr_coc\_build\intermediate\win64\release\xrweathereditor\property_color.obj
c:\users\сибирь\documents\github\oxr_coc\_build\intermediate\win64\release\xrweathereditor\property_color_reference.obj
c:\users\сибирь\documents\github\oxr_coc\_build\intermediate\win64\release\xrweathereditor\property_container_converter.obj
c:\users\сибирь\documents\github\oxr_coc\_build\intermediate\win64\release\xrweathereditor\property_converter_color.obj
c:\users\сибирь\documents\github\oxr_coc\_build\intermediate\win64\release\xrweathereditor\property_converter_float_enum.obj
c:\users\сибирь\documents\github\oxr_coc\_build\intermediate\win64\release\xrweathereditor\property_converter_integer_values.obj
c:\users\сибирь\documents\github\oxr_coc\_build\intermediate\win64\release\xrweathereditor\property_converter_tree_values.obj
c:\users\сибирь\documents\github\oxr_coc\_build\intermediate\win64\release\xrweathereditor\property_editor_color.obj
c:\users\сибирь\documents\github\oxr_coc\_build\intermediate\win64\release\xrweathereditor\property_editor_tree_values.obj
c:\users\сибирь\documents\github\oxr_coc\_build\intermediate\win64\release\xrweathereditor\property_file_name_value_shared_str.obj
c:\users\сибирь\documents\github\oxr_coc\_build\intermediate\win64\release\xrweathereditor\property_float_enum_value.obj
c:\users\сибирь\documents\github\oxr_coc\_build\intermediate\win64\release\xrweathereditor\property_float_limited.obj
c:\users\сибирь\documents\github\oxr_coc\_build\intermediate\win64\release\xrweathereditor\property_float_reference.obj
c:\users\сибирь\documents\github\oxr_coc\_build\intermediate\win64\release\xrweathereditor\property_holder_boolean.obj
c:\users\сибирь\documents\github\oxr_coc\_build\intermediate\win64\release\xrweathereditor\property_holder_color.obj
c:\users\сибирь\documents\github\oxr_coc\_build\intermediate\win64\release\xrweathereditor\property_holder_float.obj
c:\users\сибирь\documents\github\oxr_coc\_build\intermediate\win64\release\xrweathereditor\property_holder_string.obj
c:\users\сибирь\documents\github\oxr_coc\_build\intermediate\win64\release\xrweathereditor\property_integer_enum_value.obj
c:\users\сибирь\documents\github\oxr_coc\_build\intermediate\win64\release\xrweathereditor\property_integer_limited.obj
c:\users\сибирь\documents\github\oxr_coc\_build\intermediate\win64\release\xrweathereditor\property_integer_reference.obj
c:\users\сибирь\documents\github\oxr_coc\_build\intermediate\win64\release\xrweathereditor\property_integer_values_value_getter.obj
c:\users\сибирь\documents\github\oxr_coc\_build\intermediate\win64\release\xrweathereditor\property_integer_values_value_reference_getter.obj
c:\users\сибирь\documents\github\oxr_coc\_build\intermediate\win64\release\xrweathereditor\property_string.obj
c:\users\сибирь\documents\github\oxr_coc\_build\intermediate\win64\release\xrweathereditor\property_string_values_value.obj
c:\users\сибирь\documents\github\oxr_coc\_build\intermediate\win64\release\xrweathereditor\property_string_values_value_shared_str.obj
c:\users\сибирь\documents\github\oxr_coc\_build\intermediate\win64\release\xrweathereditor\property_vec3f.obj
c:\users\сибирь\documents\github\oxr_coc\_build\intermediate\win64\release\xrweathereditor\property_vec3f_reference.obj
c:\users\сибирь\documents\github\oxr_coc\_build\intermediate\win64\release\xrweathereditor\window_ide_serialize.obj
c:\users\сибирь\documents\github\oxr_coc\_build\intermediate\win64\release\xrweathereditor\window_tree_values.obj
c:\users\сибирь\documents\github\oxr_coc\_build\intermediate\win64\release\xrweathereditor\window_weather.obj
c:\users\сибирь\documents\github\oxr_coc\_build\intermediate\win64\release\xrweathereditor\entry_point.obj
c:\users\сибирь\documents\github\oxr_coc\_build\intermediate\win64\release\xrweathereditor\property_boolean.obj
c:\users\сибирь\documents\github\oxr_coc\_build\intermediate\win64\release\xrweathereditor\property_boolean_reference.obj
c:\users\сибирь\documents\github\oxr_coc\_build\intermediate\win64\release\xrweathereditor\property_boolean_values_value_reference.obj
c:\users\сибирь\documents\github\oxr_coc\_build\intermediate\win64\release\xrweathereditor\property_collection_base.obj
c:\users\сибирь\documents\github\oxr_coc\_build\intermediate\win64\release\xrweathereditor\property_collection_editor.obj
c:\users\сибирь\documents\github\oxr_coc\_build\intermediate\win64\release\xrweathereditor\property_collection_getter.obj
c:\users\сибирь\documents\github\oxr_coc\_build\intermediate\win64\release\xrweathereditor\property_color_base.obj
c:\users\сибирь\documents\github\oxr_coc\_build\intermediate\win64\release\xrweathereditor\property_container.obj
c:\users\сибирь\documents\github\oxr_coc\_build\intermediate\win64\release\xrweathereditor\property_converter_boolean_values.obj
c:\users\сибирь\documents\github\oxr_coc\_build\intermediate\win64\release\xrweathereditor\property_converter_float.obj
c:\users\сибирь\documents\github\oxr_coc\_build\intermediate\win64\release\xrweathereditor\property_converter_integer_enum.obj
c:\users\сибирь\documents\github\oxr_coc\_build\intermediate\win64\release\xrweathereditor\property_converter_string_values.obj
c:\users\сибирь\documents\github\oxr_coc\_build\intermediate\win64\release\xrweathereditor\property_converter_vec3f.obj
c:\users\сибирь\documents\github\oxr_coc\_build\intermediate\win64\release\xrweathereditor\property_editor_file_name.obj
c:\users\сибирь\documents\github\oxr_coc\_build\intermediate\win64\release\xrweathereditor\property_file_name_value.obj
c:\users\сибирь\documents\github\oxr_coc\_build\intermediate\win64\release\xrweathereditor\property_float.obj
c:\users\сибирь\documents\github\oxr_coc\_build\intermediate\win64\release\xrweathereditor\property_float_enum_value_reference.obj
c:\users\сибирь\documents\github\oxr_coc\_build\intermediate\win64\release\xrweathereditor\property_float_limited_reference.obj
c:\users\сибирь\documents\github\oxr_coc\_build\intermediate\win64\release\xrweathereditor\property_holder.obj
c:\users\сибирь\documents\github\oxr_coc\_build\intermediate\win64\release\xrweathereditor\property_holder_collection.obj
c:\users\сибирь\documents\github\oxr_coc\_build\intermediate\win64\release\xrweathereditor\property_holder_container.obj
c:\users\сибирь\documents\github\oxr_coc\_build\intermediate\win64\release\xrweathereditor\property_holder_integer.obj
c:\users\сибирь\documents\github\oxr_coc\_build\intermediate\win64\release\xrweathereditor\property_holder_vec3f.obj
c:\users\сибирь\documents\github\oxr_coc\_build\intermediate\win64\release\xrweathereditor\property_integer.obj
c:\users\сибирь\documents\github\oxr_coc\_build\intermediate\win64\release\xrweathereditor\property_integer_enum_value_reference.obj
c:\users\сибирь\documents\github\oxr_coc\_build\intermediate\win64\release\xrweathereditor\property_integer_limited_reference.obj
c:\users\сибирь\documents\github\oxr_coc\_build\intermediate\win64\release\xrweathereditor\property_integer_values_value.obj
c:\users\сибирь\documents\github\oxr_coc\_build\intermediate\win64\release\xrweathereditor\property_integer_values_value_reference.obj
c:\users\сибирь\documents\github\oxr_coc\_build\intermediate\win64\release\xrweathereditor\property_property_container.obj
c:\users\сибирь\documents\github\oxr_coc\_build\intermediate\win64\release\xrweathereditor\property_string_shared_str.obj
c:\users\сибирь\documents\github\oxr_coc\_build\intermediate\win64\release\xrweathereditor\property_string_values_value_getter.obj
c:\users\сибирь\documents\github\oxr_coc\_build\intermediate\win64\release\xrweathereditor\property_string_values_value_shared_str_getter.obj
c:\users\сибирь\documents\github\oxr_coc\_build\intermediate\win64\release\xrweathereditor\property_vec3f_base.obj
c:\users\сибирь\documents\github\oxr_coc\_build\intermediate\win64\release\xrweathereditor\window_ide.obj
c:\users\сибирь\documents\github\oxr_coc\_build\intermediate\win64\release\xrweathereditor\window_levels.obj
c:\users\сибирь\documents\github\oxr_coc\_build\intermediate\win64\release\xrweathereditor\window_view.obj
c:\users\сибирь\documents\github\oxr_coc\_build\intermediate\win64\release\xrweathereditor\window_weather_editor.obj
c:\users\сибирь\documents\github\oxr_coc\_build\intermediate\win64\release\xrweathereditor\.netframework,version=v4.0.assemblyattributes.obj
c:\users\сибирь\documents\github\oxr_coc\_build\intermediate\win64\release\xrweathereditor\.netframework,version=v4.0.assemblyattributes.asm
c:\users\сибирь\documents\github\oxr_coc\_build\bin\win64\release\xrweathereditor.dll
c:\users\сибирь\documents\github\oxr_coc\_build\bin\win64\release\xrweathereditor.pdb
c:\users\сибирь\documents\github\oxr_coc\_build\intermediate\win64\release\xrweathereditor\xrweathereditor.tlog\metagen.write.1.tlog
c:\users\сибирь\documents\github\oxr_coc\_build\intermediate\win64\release\xrweathereditor\xrweathereditor.res
c:\users\сибирь\documents\github\oxr_coc\_build\bin\win64\release\flobbster.windows.forms.propertygrid.dll
c:\users\сибирь\documents\github\oxr_coc\_build\bin\win64\release\weifenluo.winformsui.docking.dll
c:\users\сибирь\documents\github\oxr_coc\_build\bin\win64\release\weifenluo.winformsui.docking.themevs2015.dll
c:\users\сибирь\documents\github\oxr_coc\_build\intermediate\win64\release\xrweathereditor\editor.window_ide.resources
c:\users\сибирь\documents\github\oxr_coc\_build\intermediate\win64\release\xrweathereditor\editor.window_levels.resources
c:\users\сибирь\documents\github\oxr_coc\_build\intermediate\win64\release\xrweathereditor\editor.window_tree_values.resources
c:\users\сибирь\documents\github\oxr_coc\_build\intermediate\win64\release\xrweathereditor\editor.window_view.resources
c:\users\сибирь\documents\github\oxr_coc\_build\intermediate\win64\release\xrweathereditor\editor.window_weather.resources
c:\users\сибирь\documents\github\oxr_coc\_build\intermediate\win64\release\xrweathereditor\editor.window_weather_editor.resources
c:\users\сибирь\documents\github\oxr_coc\_build\lib\win64\release\xrweathereditor.lib
c:\users\сибирь\documents\github\oxr_coc\_build\lib\win64\release\xrweathereditor.exp
c:\users\сибирь\documents\github\oxr_coc\_build\intermediate\win64\release\xrweathereditor\xrweathereditor.vcxproj.generateresource.cache
c:\users\сибирь\documents\github\oxr_coc\_build\intermediate\win64\release\xrweathereditor\xrweathereditor.vcxprojassemblyreference.cache
c:\users\сибирь\documents\github\oxr_coc\src\..\_build\bin\win64\release\xrweathereditor.pdb
c:\users\сибирь\documents\github\oxr_coc\_build\intermediate\win64\release\xrweathereditor\xrweathereditor.tlog\cl.command.1.tlog
c:\users\сибирь\documents\github\oxr_coc\_build\intermediate\win64\release\xrweathereditor\xrweathereditor.tlog\cl.read.1.tlog
c:\users\сибирь\documents\github\oxr_coc\_build\intermediate\win64\release\xrweathereditor\xrweathereditor.tlog\cl.write.1.tlog
c:\users\сибирь\documents\github\oxr_coc\_build\intermediate\win64\release\xrweathereditor\xrweathereditor.tlog\link.command.1.tlog
c:\users\сибирь\documents\github\oxr_coc\_build\intermediate\win64\release\xrweathereditor\xrweathereditor.tlog\link.read.1.tlog
c:\users\сибирь\documents\github\oxr_coc\_build\intermediate\win64\release\xrweathereditor\xrweathereditor.tlog\link.write.1.tlog
c:\users\сибирь\documents\github\oxr_coc\_build\intermediate\win64\release\xrweathereditor\xrweathereditor.tlog\metagen.read.1.tlog
c:\users\сибирь\documents\github\oxr_coc\_build\intermediate\win64\release\xrweathereditor\xrweathereditor.tlog\rc.command.1.tlog
c:\users\сибирь\documents\github\oxr_coc\_build\intermediate\win64\release\xrweathereditor\xrweathereditor.tlog\rc.read.1.tlog
c:\users\сибирь\documents\github\oxr_coc\_build\intermediate\win64\release\xrweathereditor\xrweathereditor.tlog\rc.write.1.tlog
c:\users\сибирь\documents\github\oxr_coc\_build\intermediate\win64\release\xrweathereditor\xrweathereditor.tlog\xrweathereditor.write.1u.tlog
c:\users\сибирь\documents\github\oxr_coc\_build\intermediate\win64\release\xrweathereditor\xrweathereditor.tlog\flobbster.windows.forms.propertygrid.dll.metagen
c:\users\сибирь\documents\github\oxr_coc\_build\intermediate\win64\release\xrweathereditor\xrweathereditor.tlog\weifenluo.winformsui.docking.dll.metagen
c:\users\сибирь\documents\github\oxr_coc\_build\intermediate\win64\release\xrweathereditor\xrweathereditor.tlog\weifenluo.winformsui.docking.themevs2015.dll.metagen
c:\users\сибирь\documents\github\oxr_coc\_build\intermediate\win64\release\xrweathereditor\xrweathereditor.tlog\xrsdkcontrols.dll.metagen
