c:\users\сибирь\documents\github\oxr_coc\_build\intermediate\win64\release\mp_configs_verifyer\mp_configs_verifyer.pch
c:\users\сибирь\documents\github\oxr_coc\_build\intermediate\win64\release\mp_configs_verifyer\vc141.pdb
c:\users\сибирь\documents\github\oxr_coc\_build\intermediate\win64\release\mp_configs_verifyer\pch.obj
c:\users\сибирь\documents\github\oxr_coc\_build\intermediate\win64\release\mp_configs_verifyer\configs_dump_verifyer.obj
c:\users\сибирь\documents\github\oxr_coc\_build\intermediate\win64\release\mp_configs_verifyer\mp_config_sections.obj
c:\users\сибирь\documents\github\oxr_coc\_build\intermediate\win64\release\mp_configs_verifyer\configs_common.obj
c:\users\сибирь\documents\github\oxr_coc\_build\intermediate\win64\release\mp_configs_verifyer\entry_point.obj
c:\users\сибирь\documents\github\oxr_coc\_build\bin\win64\release\mp_configs_verifyer.exe
c:\users\сибирь\documents\github\oxr_coc\_build\bin\win64\release\mp_configs_verifyer.pdb
c:\users\сибирь\documents\github\oxr_coc\_build\bin\win64\release\mp_configs_verifyer.ipdb
c:\users\сибирь\documents\github\oxr_coc\_build\bin\win64\release\mp_configs_verifyer.iobj
c:\users\сибирь\documents\github\oxr_coc\src\..\_build\bin\win64\release\mp_configs_verifyer.pdb
c:\users\сибирь\documents\github\oxr_coc\src\..\_build\bin\win64\release\mp_configs_verifyer.exe
c:\users\сибирь\documents\github\oxr_coc\_build\intermediate\win64\release\mp_configs_verifyer\mp_confi.1924ef23.tlog\cl.command.1.tlog
c:\users\сибирь\documents\github\oxr_coc\_build\intermediate\win64\release\mp_configs_verifyer\mp_confi.1924ef23.tlog\cl.read.1.tlog
c:\users\сибирь\documents\github\oxr_coc\_build\intermediate\win64\release\mp_configs_verifyer\mp_confi.1924ef23.tlog\cl.write.1.tlog
c:\users\сибирь\documents\github\oxr_coc\_build\intermediate\win64\release\mp_configs_verifyer\mp_confi.1924ef23.tlog\link.command.1.tlog
c:\users\сибирь\documents\github\oxr_coc\_build\intermediate\win64\release\mp_configs_verifyer\mp_confi.1924ef23.tlog\link.read.1.tlog
c:\users\сибирь\documents\github\oxr_coc\_build\intermediate\win64\release\mp_configs_verifyer\mp_confi.1924ef23.tlog\link.write.1.tlog
c:\users\сибирь\documents\github\oxr_coc\_build\intermediate\win64\release\mp_configs_verifyer\mp_confi.1924ef23.tlog\mp_configs_verifyer.write.1u.tlog
