c:\users\сибирь\documents\github\oxr_coc\_build\intermediate\win64\release\openal32\al.obj
c:\users\сибирь\documents\github\oxr_coc\_build\intermediate\win64\release\openal32\allist.obj
c:\users\сибирь\documents\github\oxr_coc\_build\intermediate\win64\release\openal32\alc.obj
c:\users\сибирь\documents\github\oxr_coc\_build\intermediate\win64\release\openal32\openal32.obj
c:\users\сибирь\documents\github\oxr_coc\_build\intermediate\win64\release\openal32\vc141.pdb
c:\users\сибирь\documents\github\oxr_coc\_build\bin\win64\release\openal32.dll
c:\users\сибирь\documents\github\oxr_coc\_build\bin\win64\release\openal32.pdb
c:\users\сибирь\documents\github\oxr_coc\_build\lib\win64\release\openal32.lib
c:\users\сибирь\documents\github\oxr_coc\_build\lib\win64\release\openal32.exp
c:\users\сибирь\documents\github\oxr_coc\_build\bin\win64\release\openal32.ipdb
c:\users\сибирь\documents\github\oxr_coc\_build\bin\win64\release\openal32.iobj
c:\users\сибирь\documents\github\oxr_coc\_build\intermediate\win64\release\openal32\openal32.res
c:\users\сибирь\documents\github\oxr_coc\src\..\_build\bin\win64\release\openal32.pdb
c:\users\сибирь\documents\github\oxr_coc\_build\intermediate\win64\release\openal32\openal32.tlog\cl.4276.write.1.tlog
c:\users\сибирь\documents\github\oxr_coc\_build\intermediate\win64\release\openal32\openal32.tlog\cl.command.1.tlog
c:\users\сибирь\documents\github\oxr_coc\_build\intermediate\win64\release\openal32\openal32.tlog\cl.read.1.tlog
c:\users\сибирь\documents\github\oxr_coc\_build\intermediate\win64\release\openal32\openal32.tlog\link.command.1.tlog
c:\users\сибирь\documents\github\oxr_coc\_build\intermediate\win64\release\openal32\openal32.tlog\link.read.1.tlog
c:\users\сибирь\documents\github\oxr_coc\_build\intermediate\win64\release\openal32\openal32.tlog\link.write.1.tlog
c:\users\сибирь\documents\github\oxr_coc\_build\intermediate\win64\release\openal32\openal32.tlog\openal32.write.1u.tlog
c:\users\сибирь\documents\github\oxr_coc\_build\intermediate\win64\release\openal32\openal32.tlog\rc.command.1.tlog
c:\users\сибирь\documents\github\oxr_coc\_build\intermediate\win64\release\openal32\openal32.tlog\rc.read.1.tlog
c:\users\сибирь\documents\github\oxr_coc\_build\intermediate\win64\release\openal32\openal32.tlog\rc.write.1.tlog
