c:\users\сибирь\documents\github\oxr_coc\_build\intermediate\win64\release\xrai\xrai.pch
c:\users\сибирь\documents\github\oxr_coc\_build\intermediate\win64\release\xrai\vc141.pdb
c:\users\сибирь\documents\github\oxr_coc\_build\intermediate\win64\release\xrai\stdafx.obj
c:\users\сибирь\documents\github\oxr_coc\_build\intermediate\win64\release\xrai\compiler_cover.obj
c:\users\сибирь\documents\github\oxr_coc\_build\intermediate\win64\release\xrai\game_spawn_constructor.obj
c:\users\сибирь\documents\github\oxr_coc\_build\intermediate\win64\release\xrai\level_spawn_constructor.obj
c:\users\сибирь\documents\github\oxr_coc\_build\intermediate\win64\release\xrai\verify_level_graph.obj
c:\users\сибирь\documents\github\oxr_coc\_build\intermediate\win64\release\xrai\xrai.obj
c:\users\сибирь\documents\github\oxr_coc\_build\intermediate\win64\release\xrai\etextureparams.obj
c:\users\сибирь\documents\github\oxr_coc\_build\intermediate\win64\release\xrai\compiler.obj
c:\users\сибирь\documents\github\oxr_coc\_build\intermediate\win64\release\xrai\compiler_load.obj
c:\users\сибирь\documents\github\oxr_coc\_build\intermediate\win64\release\xrai\compiler_save.obj
c:\users\сибирь\documents\github\oxr_coc\_build\intermediate\win64\release\xrai\game_graph_builder.obj
c:\users\сибирь\documents\github\oxr_coc\_build\intermediate\win64\release\xrai\guid_generator.obj
c:\users\сибирь\documents\github\oxr_coc\_build\intermediate\win64\release\xrai\server_entity_wrapper.obj
c:\users\сибирь\documents\github\oxr_coc\_build\intermediate\win64\release\xrai\space_restrictor_wrapper.obj
c:\users\сибирь\documents\github\oxr_coc\_build\intermediate\win64\release\xrai\xr_graph_merge.obj
c:\users\сибирь\documents\github\oxr_coc\_build\intermediate\win64\release\xrai\xrai.tlog\cl.command.1.tlog
c:\users\сибирь\documents\github\oxr_coc\_build\intermediate\win64\release\xrai\xrai.tlog\cl.read.1.tlog
c:\users\сибирь\documents\github\oxr_coc\_build\intermediate\win64\release\xrai\xrai.tlog\cl.write.1.tlog
