c:\users\сибирь\documents\github\oxr_coc\_build\intermediate\win64\release\gamespy\gsavailable.obj
c:\users\сибирь\documents\github\oxr_coc\_build\intermediate\win64\release\gamespy\gscore.obj
c:\users\сибирь\documents\github\oxr_coc\_build\intermediate\win64\release\gamespy\gslargeint.obj
c:\users\сибирь\documents\github\oxr_coc\_build\intermediate\win64\release\gamespy\gssha1.obj
c:\users\сибирь\documents\github\oxr_coc\_build\intermediate\win64\release\gamespy\gsssl.obj
c:\users\сибирь\documents\github\oxr_coc\_build\intermediate\win64\release\gamespy\gsudpengine.obj
c:\users\сибирь\documents\github\oxr_coc\_build\intermediate\win64\release\gamespy\darray.obj
c:\users\сибирь\documents\github\oxr_coc\_build\intermediate\win64\release\gamespy\ghttpbuffer.obj
c:\users\сибирь\documents\github\oxr_coc\_build\intermediate\win64\release\gamespy\ghttpcommon.obj
c:\users\сибирь\documents\github\oxr_coc\_build\intermediate\win64\release\gamespy\ghttpencryption.obj
c:\users\сибирь\documents\github\oxr_coc\_build\intermediate\win64\release\gamespy\ghttppost.obj
c:\users\сибирь\documents\github\oxr_coc\_build\intermediate\win64\release\gamespy\gp.obj
c:\users\сибирь\documents\github\oxr_coc\_build\intermediate\win64\release\gamespy\gpibuddy.obj
c:\users\сибирь\documents\github\oxr_coc\_build\intermediate\win64\release\gamespy\gpibuffer.obj
c:\users\сибирь\documents\github\oxr_coc\_build\intermediate\win64\release\gamespy\gpiconnect.obj
c:\users\сибирь\documents\github\oxr_coc\_build\intermediate\win64\release\gamespy\gpikeys.obj
c:\users\сибирь\documents\github\oxr_coc\_build\intermediate\win64\release\gamespy\gpipeer.obj
c:\users\сибирь\documents\github\oxr_coc\_build\intermediate\win64\release\gamespy\gpips3.obj
c:\users\сибирь\documents\github\oxr_coc\_build\intermediate\win64\release\gamespy\gpitransfer.obj
c:\users\сибирь\documents\github\oxr_coc\_build\intermediate\win64\release\gamespy\gpiutility.obj
c:\users\сибирь\documents\github\oxr_coc\_build\intermediate\win64\release\gamespy\gstats.obj
c:\users\сибирь\documents\github\oxr_coc\_build\intermediate\win64\release\gamespy\gt2buffer.obj
c:\users\сибирь\documents\github\oxr_coc\_build\intermediate\win64\release\gamespy\gt2connection.obj
c:\users\сибирь\documents\github\oxr_coc\_build\intermediate\win64\release\gamespy\gt2filter.obj
c:\users\сибирь\documents\github\oxr_coc\_build\intermediate\win64\release\gamespy\gt2main.obj
c:\users\сибирь\documents\github\oxr_coc\_build\intermediate\win64\release\gamespy\gt2socket.obj
c:\users\сибирь\documents\github\oxr_coc\_build\intermediate\win64\release\gamespy\hashtable.obj
c:\users\сибирь\documents\github\oxr_coc\_build\intermediate\win64\release\gamespy\natneg.obj
c:\users\сибирь\documents\github\oxr_coc\_build\intermediate\win64\release\gamespy\ptmain.obj
c:\users\сибирь\documents\github\oxr_coc\_build\intermediate\win64\release\gamespy\qr2regkeys.obj
c:\users\сибирь\documents\github\oxr_coc\_build\intermediate\win64\release\gamespy\sakemain.obj
c:\users\сибирь\documents\github\oxr_coc\_build\intermediate\win64\release\gamespy\sakerequestmisc.obj
c:\users\сибирь\documents\github\oxr_coc\_build\intermediate\win64\release\gamespy\sakerequestread.obj
c:\users\сибирь\documents\github\oxr_coc\_build\intermediate\win64\release\gamespy\scimain.obj
c:\users\сибирь\documents\github\oxr_coc\_build\intermediate\win64\release\gamespy\sciserialize.obj
c:\users\сибирь\documents\github\oxr_coc\_build\intermediate\win64\release\gamespy\sb_crypt.obj
c:\users\сибирь\documents\github\oxr_coc\_build\intermediate\win64\release\gamespy\sb_queryengine.obj
c:\users\сибирь\documents\github\oxr_coc\_build\intermediate\win64\release\gamespy\sb_serverbrowsing.obj
c:\users\сибирь\documents\github\oxr_coc\_build\intermediate\win64\release\gamespy\authservice.obj
c:\users\сибирь\documents\github\oxr_coc\_build\intermediate\win64\release\gamespy\gsassert.obj
c:\users\сибирь\documents\github\oxr_coc\_build\intermediate\win64\release\gamespy\gscrypt.obj
c:\users\сибирь\documents\github\oxr_coc\_build\intermediate\win64\release\gamespy\gsrc4.obj
c:\users\сибирь\documents\github\oxr_coc\_build\intermediate\win64\release\gamespy\gssoap.obj
c:\users\сибирь\documents\github\oxr_coc\_build\intermediate\win64\release\gamespy\gsstringutil.obj
c:\users\сибирь\documents\github\oxr_coc\_build\intermediate\win64\release\gamespy\gsxml.obj
c:\users\сибирь\documents\github\oxr_coc\_build\intermediate\win64\release\gamespy\gcdkeyc.obj
c:\users\сибирь\documents\github\oxr_coc\_build\intermediate\win64\release\gamespy\gcdkeys.obj
c:\users\сибирь\documents\github\oxr_coc\_build\intermediate\win64\release\gamespy\ghttpcallbacks.obj
c:\users\сибирь\documents\github\oxr_coc\_build\intermediate\win64\release\gamespy\ghttpconnection.obj
c:\users\сибирь\documents\github\oxr_coc\_build\intermediate\win64\release\gamespy\ghttpmain.obj
c:\users\сибирь\documents\github\oxr_coc\_build\intermediate\win64\release\gamespy\ghttpprocess.obj
c:\users\сибирь\documents\github\oxr_coc\_build\intermediate\win64\release\gamespy\gpi.obj
c:\users\сибирь\documents\github\oxr_coc\_build\intermediate\win64\release\gamespy\gpicallback.obj
c:\users\сибирь\documents\github\oxr_coc\_build\intermediate\win64\release\gamespy\gpiinfo.obj
c:\users\сибирь\documents\github\oxr_coc\_build\intermediate\win64\release\gamespy\gpioperation.obj
c:\users\сибирь\documents\github\oxr_coc\_build\intermediate\win64\release\gamespy\gpiprofile.obj
c:\users\сибирь\documents\github\oxr_coc\_build\intermediate\win64\release\gamespy\gpisearch.obj
c:\users\сибирь\documents\github\oxr_coc\_build\intermediate\win64\release\gamespy\gpiunique.obj
c:\users\сибирь\documents\github\oxr_coc\_build\intermediate\win64\release\gamespy\gbucket.obj
c:\users\сибирь\documents\github\oxr_coc\_build\intermediate\win64\release\gamespy\gt2auth.obj
c:\users\сибирь\documents\github\oxr_coc\_build\intermediate\win64\release\gamespy\gt2callback.obj
c:\users\сибирь\documents\github\oxr_coc\_build\intermediate\win64\release\gamespy\gt2encode.obj
c:\users\сибирь\documents\github\oxr_coc\_build\intermediate\win64\release\gamespy\gt2message.obj
c:\users\сибирь\documents\github\oxr_coc\_build\intermediate\win64\release\gamespy\gt2utility.obj
c:\users\сибирь\documents\github\oxr_coc\_build\intermediate\win64\release\gamespy\md5c.obj
c:\users\сибирь\documents\github\oxr_coc\_build\intermediate\win64\release\gamespy\natify.obj
c:\users\сибирь\documents\github\oxr_coc\_build\intermediate\win64\release\gamespy\nonport.obj
c:\users\сибирь\documents\github\oxr_coc\_build\intermediate\win64\release\gamespy\qr2.obj
c:\users\сибирь\documents\github\oxr_coc\_build\intermediate\win64\release\gamespy\sakerequest.obj
c:\users\сибирь\documents\github\oxr_coc\_build\intermediate\win64\release\gamespy\sakerequestmodify.obj
c:\users\сибирь\documents\github\oxr_coc\_build\intermediate\win64\release\gamespy\sciinterface.obj
c:\users\сибирь\documents\github\oxr_coc\_build\intermediate\win64\release\gamespy\scireport.obj
c:\users\сибирь\documents\github\oxr_coc\_build\intermediate\win64\release\gamespy\sciwebservices.obj
c:\users\сибирь\documents\github\oxr_coc\_build\intermediate\win64\release\gamespy\sb_server.obj
c:\users\сибирь\documents\github\oxr_coc\_build\intermediate\win64\release\gamespy\sb_serverlist.obj
c:\users\сибирь\documents\github\oxr_coc\_build\intermediate\win64\release\gamespy\gamespy.pdb
c:\users\сибирь\documents\github\oxr_coc\_build\lib\win64\release\gamespy.lib
c:\users\сибирь\documents\github\oxr_coc\src\..\_build\lib\win64\release\gamespy.lib
c:\users\сибирь\documents\github\oxr_coc\_build\intermediate\win64\release\gamespy\gamespy.tlog\cl.6076.write.1.tlog
c:\users\сибирь\documents\github\oxr_coc\_build\intermediate\win64\release\gamespy\gamespy.tlog\cl.command.1.tlog
c:\users\сибирь\documents\github\oxr_coc\_build\intermediate\win64\release\gamespy\gamespy.tlog\cl.read.1.tlog
c:\users\сибирь\documents\github\oxr_coc\_build\intermediate\win64\release\gamespy\gamespy.tlog\lib-link.read.1.tlog
c:\users\сибирь\documents\github\oxr_coc\_build\intermediate\win64\release\gamespy\gamespy.tlog\lib-link.write.1.tlog
c:\users\сибирь\documents\github\oxr_coc\_build\intermediate\win64\release\gamespy\gamespy.tlog\lib.command.1.tlog
