c:\users\сибирь\documents\github\oxr_coc\_build\intermediate\win64\release\xrmanagedapi\xrmanagedapi.pch
c:\users\сибирь\documents\github\oxr_coc\_build\intermediate\win64\release\xrmanagedapi\vc141.pdb
c:\users\сибирь\documents\github\oxr_coc\_build\intermediate\win64\release\xrmanagedapi\pch.obj
c:\users\сибирь\documents\github\oxr_coc\_build\intermediate\win64\release\xrmanagedapi\core.obj
c:\users\сибирь\documents\github\oxr_coc\_build\intermediate\win64\release\xrmanagedapi\postprocessanimator.obj
c:\users\сибирь\documents\github\oxr_coc\_build\intermediate\win64\release\xrmanagedapi\assemblyinfo.obj
c:\users\сибирь\documents\github\oxr_coc\_build\intermediate\win64\release\xrmanagedapi\fs.obj
c:\users\сибирь\documents\github\oxr_coc\_build\intermediate\win64\release\xrmanagedapi\.netframework,version=v4.0.assemblyattributes.obj
c:\users\сибирь\documents\github\oxr_coc\_build\intermediate\win64\release\xrmanagedapi\.netframework,version=v4.0.assemblyattributes.asm
c:\users\сибирь\documents\github\oxr_coc\_build\bin\win64\release\xrmanagedapi.dll
c:\users\сибирь\documents\github\oxr_coc\_build\bin\win64\release\xrmanagedapi.pdb
c:\users\сибирь\documents\github\oxr_coc\_build\intermediate\win64\release\xrmanagedapi\xrmanagedapi.vcxprojassemblyreference.cache
c:\users\сибирь\documents\github\oxr_coc\src\..\_build\bin\win64\release\xrmanagedapi.pdb
c:\users\сибирь\documents\github\oxr_coc\_build\intermediate\win64\release\xrmanagedapi\xrmanagedapi.tlog\cl.command.1.tlog
c:\users\сибирь\documents\github\oxr_coc\_build\intermediate\win64\release\xrmanagedapi\xrmanagedapi.tlog\cl.read.1.tlog
c:\users\сибирь\documents\github\oxr_coc\_build\intermediate\win64\release\xrmanagedapi\xrmanagedapi.tlog\cl.write.1.tlog
c:\users\сибирь\documents\github\oxr_coc\_build\intermediate\win64\release\xrmanagedapi\xrmanagedapi.tlog\link.command.1.tlog
c:\users\сибирь\documents\github\oxr_coc\_build\intermediate\win64\release\xrmanagedapi\xrmanagedapi.tlog\link.read.1.tlog
c:\users\сибирь\documents\github\oxr_coc\_build\intermediate\win64\release\xrmanagedapi\xrmanagedapi.tlog\link.write.1.tlog
c:\users\сибирь\documents\github\oxr_coc\_build\intermediate\win64\release\xrmanagedapi\xrmanagedapi.tlog\metagen.read.1.tlog
c:\users\сибирь\documents\github\oxr_coc\_build\intermediate\win64\release\xrmanagedapi\xrmanagedapi.tlog\metagen.write.1.tlog
