c:\users\сибирь\documents\github\oxr_coc\_build\intermediate\win64\release\xrlcutil\xrlcutil.pch
c:\users\сибирь\documents\github\oxr_coc\_build\intermediate\win64\release\xrlcutil\vc141.pdb
c:\users\сибирь\documents\github\oxr_coc\_build\intermediate\win64\release\xrlcutil\pch.obj
c:\users\сибирь\documents\github\oxr_coc\_build\intermediate\win64\release\xrlcutil\levelcompilerloggerwindow.obj
c:\users\сибирь\documents\github\oxr_coc\_build\intermediate\win64\release\xrlcutil\xrthread.obj
c:\users\сибирь\documents\github\oxr_coc\_build\intermediate\win64\release\xrlcutil\xrlcutil.obj
c:\users\сибирь\documents\github\oxr_coc\_build\bin\win64\release\xrlcutil.dll
c:\users\сибирь\documents\github\oxr_coc\_build\bin\win64\release\xrlcutil.pdb
c:\users\сибирь\documents\github\oxr_coc\_build\intermediate\win64\release\xrlcutil\resource.res
c:\users\сибирь\documents\github\oxr_coc\_build\lib\win64\release\xrlcutil.lib
c:\users\сибирь\documents\github\oxr_coc\_build\lib\win64\release\xrlcutil.exp
c:\users\сибирь\documents\github\oxr_coc\_build\bin\win64\release\xrlcutil.ipdb
c:\users\сибирь\documents\github\oxr_coc\_build\bin\win64\release\xrlcutil.iobj
c:\users\сибирь\documents\github\oxr_coc\src\..\_build\bin\win64\release\xrlcutil.pdb
c:\users\сибирь\documents\github\oxr_coc\_build\intermediate\win64\release\xrlcutil\xrlcutil.tlog\cl.command.1.tlog
c:\users\сибирь\documents\github\oxr_coc\_build\intermediate\win64\release\xrlcutil\xrlcutil.tlog\cl.read.1.tlog
c:\users\сибирь\documents\github\oxr_coc\_build\intermediate\win64\release\xrlcutil\xrlcutil.tlog\cl.write.1.tlog
c:\users\сибирь\documents\github\oxr_coc\_build\intermediate\win64\release\xrlcutil\xrlcutil.tlog\link.command.1.tlog
c:\users\сибирь\documents\github\oxr_coc\_build\intermediate\win64\release\xrlcutil\xrlcutil.tlog\link.read.1.tlog
c:\users\сибирь\documents\github\oxr_coc\_build\intermediate\win64\release\xrlcutil\xrlcutil.tlog\link.write.1.tlog
c:\users\сибирь\documents\github\oxr_coc\_build\intermediate\win64\release\xrlcutil\xrlcutil.tlog\rc.command.1.tlog
c:\users\сибирь\documents\github\oxr_coc\_build\intermediate\win64\release\xrlcutil\xrlcutil.tlog\rc.read.1.tlog
c:\users\сибирь\documents\github\oxr_coc\_build\intermediate\win64\release\xrlcutil\xrlcutil.tlog\rc.write.1.tlog
c:\users\сибирь\documents\github\oxr_coc\_build\intermediate\win64\release\xrlcutil\xrlcutil.tlog\xrlcutil.write.1u.tlog
