c:\users\сибирь\documents\github\oxr_coc\_build\intermediate\win64\release\xrrender_gl\xrrender_gl.pch
c:\users\сибирь\documents\github\oxr_coc\_build\intermediate\win64\release\xrrender_gl\vc141.pdb
c:\users\сибирь\documents\github\oxr_coc\_build\intermediate\win64\release\xrrender_gl\stdafx.obj
c:\users\сибирь\documents\github\oxr_coc\_build\intermediate\win64\release\xrrender_gl\blender_recorder_gl.obj
c:\users\сибирь\documents\github\oxr_coc\_build\intermediate\win64\release\xrrender_gl\glhw.obj
c:\users\сибирь\documents\github\oxr_coc\_build\intermediate\win64\release\xrrender_gl\glstate.obj
c:\users\сибирь\documents\github\oxr_coc\_build\intermediate\win64\release\xrrender_gl\glstateutils.obj
c:\users\сибирь\documents\github\oxr_coc\_build\intermediate\win64\release\xrrender_gl\glmsaablender.obj
c:\users\сибирь\documents\github\oxr_coc\_build\intermediate\win64\release\xrrender_gl\d3dutils.obj
c:\users\сибирь\documents\github\oxr_coc\_build\intermediate\win64\release\xrrender_gl\du_sphere.obj
c:\users\сибирь\documents\github\oxr_coc\_build\intermediate\win64\release\xrrender_gl\dxdebugrender.obj
c:\users\сибирь\documents\github\oxr_coc\_build\intermediate\win64\release\xrrender_gl\dxenvironmentrender.obj
c:\users\сибирь\documents\github\oxr_coc\_build\intermediate\win64\release\xrrender_gl\dxobjectspacerender.obj
c:\users\сибирь\documents\github\oxr_coc\_build\intermediate\win64\release\xrrender_gl\dxrenderfactory.obj
c:\users\сибирь\documents\github\oxr_coc\_build\intermediate\win64\release\xrrender_gl\dxstatgraphrender.obj
c:\users\сибирь\documents\github\oxr_coc\_build\intermediate\win64\release\xrrender_gl\dxuirender.obj
c:\users\сибирь\documents\github\oxr_coc\_build\intermediate\win64\release\xrrender_gl\dxuishader.obj
c:\users\сибирь\documents\github\oxr_coc\_build\intermediate\win64\release\xrrender_gl\dxwallmarkarray.obj
c:\users\сибирь\documents\github\oxr_coc\_build\intermediate\win64\release\xrrender_gl\flod.obj
c:\users\сибирь\documents\github\oxr_coc\_build\intermediate\win64\release\xrrender_gl\fskinned.obj
c:\users\сибирь\documents\github\oxr_coc\_build\intermediate\win64\release\xrrender_gl\fvisual.obj
c:\users\сибирь\documents\github\oxr_coc\_build\intermediate\win64\release\xrrender_gl\light_render_direct.obj
c:\users\сибирь\documents\github\oxr_coc\_build\intermediate\win64\release\xrrender_gl\modelpool.obj
c:\users\сибирь\documents\github\oxr_coc\_build\intermediate\win64\release\xrrender_gl\blender_deffer_model.obj
c:\users\сибирь\documents\github\oxr_coc\_build\intermediate\win64\release\xrrender_gl\blender_light_direct.obj
c:\users\сибирь\documents\github\oxr_coc\_build\intermediate\win64\release\xrrender_gl\blender_light_mask.obj
c:\users\сибирь\documents\github\oxr_coc\_build\intermediate\win64\release\xrrender_gl\blender_light_point.obj
c:\users\сибирь\documents\github\oxr_coc\_build\intermediate\win64\release\xrrender_gl\blender_light_spot.obj
c:\users\сибирь\documents\github\oxr_coc\_build\intermediate\win64\release\xrrender_gl\blender_ssao.obj
c:\users\сибирь\documents\github\oxr_coc\_build\intermediate\win64\release\xrrender_gl\gl_loader.obj
c:\users\сибирь\documents\github\oxr_coc\_build\intermediate\win64\release\xrrender_gl\gl_rendertarget_accum_spot_geom.obj
c:\users\сибирь\documents\github\oxr_coc\_build\intermediate\win64\release\xrrender_gl\gl_rendertarget_create_minmaxsm.obj
c:\users\сибирь\documents\github\oxr_coc\_build\intermediate\win64\release\xrrender_gl\gl_rendertarget_draw_volume.obj
c:\users\сибирь\documents\github\oxr_coc\_build\intermediate\win64\release\xrrender_gl\gl_rendertarget_mark_msaa_edges.obj
c:\users\сибирь\documents\github\oxr_coc\_build\intermediate\win64\release\xrrender_gl\gl_rendertarget_phase_accumulator.obj
c:\users\сибирь\documents\github\oxr_coc\_build\intermediate\win64\release\xrrender_gl\gl_rendertarget_phase_fxaa.obj
c:\users\сибирь\documents\github\oxr_coc\_build\intermediate\win64\release\xrrender_gl\gl_rendertarget_phase_luminance.obj
c:\users\сибирь\documents\github\oxr_coc\_build\intermediate\win64\release\xrrender_gl\gl_rendertarget_phase_pp.obj
c:\users\сибирь\documents\github\oxr_coc\_build\intermediate\win64\release\xrrender_gl\gl_rendertarget_phase_scene.obj
c:\users\сибирь\documents\github\oxr_coc\_build\intermediate\win64\release\xrrender_gl\gl_rendertarget_phase_ssao.obj
c:\users\сибирь\documents\github\oxr_coc\_build\intermediate\win64\release\xrrender_gl\animation.obj
c:\users\сибирь\documents\github\oxr_coc\_build\intermediate\win64\release\xrrender_gl\blender_palette.obj
c:\users\сибирь\documents\github\oxr_coc\_build\intermediate\win64\release\xrrender_gl\blender_bmmd.obj
c:\users\сибирь\documents\github\oxr_coc\_build\intermediate\win64\release\xrrender_gl\blender_detail_still.obj
c:\users\сибирь\documents\github\oxr_coc\_build\intermediate\win64\release\xrrender_gl\blender_lm(ebb).obj
c:\users\сибирь\documents\github\oxr_coc\_build\intermediate\win64\release\xrrender_gl\blender_particle.obj
c:\users\сибирь\documents\github\oxr_coc\_build\intermediate\win64\release\xrrender_gl\blender_recorder_standartbinding.obj
c:\users\сибирь\documents\github\oxr_coc\_build\intermediate\win64\release\xrrender_gl\detailmanager_cache.obj
c:\users\сибирь\documents\github\oxr_coc\_build\intermediate\win64\release\xrrender_gl\detailmodel.obj
c:\users\сибирь\documents\github\oxr_coc\_build\intermediate\win64\release\xrrender_gl\dxparticlecustom.obj
c:\users\сибирь\documents\github\oxr_coc\_build\intermediate\win64\release\xrrender_gl\etextureparams.obj
c:\users\сибирь\documents\github\oxr_coc\_build\intermediate\win64\release\xrrender_gl\fbasicvisual.obj
c:\users\сибирь\documents\github\oxr_coc\_build\intermediate\win64\release\xrrender_gl\hom.obj
c:\users\сибирь\documents\github\oxr_coc\_build\intermediate\win64\release\xrrender_gl\lighttrack.obj
c:\users\сибирь\documents\github\oxr_coc\_build\intermediate\win64\release\xrrender_gl\light_gi.obj
c:\users\сибирь\documents\github\oxr_coc\_build\intermediate\win64\release\xrrender_gl\light_smapvis.obj
c:\users\сибирь\documents\github\oxr_coc\_build\intermediate\win64\release\xrrender_gl\occrasterizer.obj
c:\users\сибирь\documents\github\oxr_coc\_build\intermediate\win64\release\xrrender_gl\occrasterizer_core.obj
c:\users\сибирь\documents\github\oxr_coc\_build\intermediate\win64\release\xrrender_gl\particleeffectdef.obj
c:\users\сибирь\documents\github\oxr_coc\_build\intermediate\win64\release\xrrender_gl\particlegroup.obj
c:\users\сибирь\documents\github\oxr_coc\_build\intermediate\win64\release\xrrender_gl\resourcemanager.obj
c:\users\сибирь\documents\github\oxr_coc\_build\intermediate\win64\release\xrrender_gl\r_backend_hemi.obj
c:\users\сибирь\documents\github\oxr_coc\_build\intermediate\win64\release\xrrender_gl\r_backend_tree.obj
c:\users\сибирь\documents\github\oxr_coc\_build\intermediate\win64\release\xrrender_gl\r_backend_xform.obj
c:\users\сибирь\documents\github\oxr_coc\_build\intermediate\win64\release\xrrender_gl\r_constants.obj
c:\users\сибирь\documents\github\oxr_coc\_build\intermediate\win64\release\xrrender_gl\r__dsgraph_build.obj
c:\users\сибирь\documents\github\oxr_coc\_build\intermediate\win64\release\xrrender_gl\r__occlusion.obj
c:\users\сибирь\documents\github\oxr_coc\_build\intermediate\win64\release\xrrender_gl\r__sector_traversal.obj
c:\users\сибирь\documents\github\oxr_coc\_build\intermediate\win64\release\xrrender_gl\sh_constant.obj
c:\users\сибирь\documents\github\oxr_coc\_build\intermediate\win64\release\xrrender_gl\sh_matrix.obj
c:\users\сибирь\documents\github\oxr_coc\_build\intermediate\win64\release\xrrender_gl\skeletoncustom.obj
c:\users\сибирь\documents\github\oxr_coc\_build\intermediate\win64\release\xrrender_gl\skeletonrigid.obj
c:\users\сибирь\documents\github\oxr_coc\_build\intermediate\win64\release\xrrender_gl\texturedescrmanager.obj
c:\users\сибирь\documents\github\oxr_coc\_build\intermediate\win64\release\xrrender_gl\uber_deffer.obj
c:\users\сибирь\documents\github\oxr_coc\_build\intermediate\win64\release\xrrender_gl\wallmarksengine.obj
c:\users\сибирь\documents\github\oxr_coc\_build\intermediate\win64\release\xrrender_gl\glresourcemanager_scripting.obj
c:\users\сибирь\documents\github\oxr_coc\_build\intermediate\win64\release\xrrender_gl\gl_r_render.obj
c:\users\сибирь\documents\github\oxr_coc\_build\intermediate\win64\release\xrrender_gl\r2_r_calculate.obj
c:\users\сибирь\documents\github\oxr_coc\_build\intermediate\win64\release\xrrender_gl\gl_rendertarget.obj
c:\users\сибирь\documents\github\oxr_coc\_build\intermediate\win64\release\xrrender_gl\r2_r_lights.obj
c:\users\сибирь\documents\github\oxr_coc\_build\intermediate\win64\release\xrrender_gl\r2_r_sun.obj
c:\users\сибирь\documents\github\oxr_coc\_build\intermediate\win64\release\xrrender_gl\r3_r_sun_support.obj
c:\users\сибирь\documents\github\oxr_coc\_build\intermediate\win64\release\xrrender_gl\rgl.obj
c:\users\сибирь\documents\github\oxr_coc\_build\intermediate\win64\release\xrrender_gl\glrainblender.obj
c:\users\сибирь\documents\github\oxr_coc\_build\intermediate\win64\release\xrrender_gl\glbufferutils.obj
c:\users\сибирь\documents\github\oxr_coc\_build\intermediate\win64\release\xrrender_gl\gldetailmanager_vs.obj
c:\users\сибирь\documents\github\oxr_coc\_build\intermediate\win64\release\xrrender_gl\glminmaxsmblender.obj
c:\users\сибирь\documents\github\oxr_coc\_build\intermediate\win64\release\xrrender_gl\glsh_rt.obj
c:\users\сибирь\documents\github\oxr_coc\_build\intermediate\win64\release\xrrender_gl\glsh_texture.obj
c:\users\сибирь\documents\github\oxr_coc\_build\intermediate\win64\release\xrrender_gl\gltextureutils.obj
c:\users\сибирь\documents\github\oxr_coc\_build\intermediate\win64\release\xrrender_gl\colormapmanager.obj
c:\users\сибирь\documents\github\oxr_coc\_build\intermediate\win64\release\xrrender_gl\dxpixeventwrapper.obj
c:\users\сибирь\documents\github\oxr_coc\_build\intermediate\win64\release\xrrender_gl\detailmanager_vs.obj
c:\users\сибирь\documents\github\oxr_coc\_build\intermediate\win64\release\xrrender_gl\du_box.obj
c:\users\сибирь\documents\github\oxr_coc\_build\intermediate\win64\release\xrrender_gl\du_cone.obj
c:\users\сибирь\documents\github\oxr_coc\_build\intermediate\win64\release\xrrender_gl\du_cylinder.obj
c:\users\сибирь\documents\github\oxr_coc\_build\intermediate\win64\release\xrrender_gl\du_sphere_part.obj
c:\users\сибирь\documents\github\oxr_coc\_build\intermediate\win64\release\xrrender_gl\dxconsolerender.obj
c:\users\сибирь\documents\github\oxr_coc\_build\intermediate\win64\release\xrrender_gl\dxfontrender.obj
c:\users\сибирь\documents\github\oxr_coc\_build\intermediate\win64\release\xrrender_gl\dxlensflarerender.obj
c:\users\сибирь\documents\github\oxr_coc\_build\intermediate\win64\release\xrrender_gl\dxrainrender.obj
c:\users\сибирь\documents\github\oxr_coc\_build\intermediate\win64\release\xrrender_gl\dxthunderboltdescrender.obj
c:\users\сибирь\documents\github\oxr_coc\_build\intermediate\win64\release\xrrender_gl\dxthunderboltrender.obj
c:\users\сибирь\documents\github\oxr_coc\_build\intermediate\win64\release\xrrender_gl\dxuisequencevideoitem.obj
c:\users\сибирь\documents\github\oxr_coc\_build\intermediate\win64\release\xrrender_gl\fprogressive.obj
c:\users\сибирь\documents\github\oxr_coc\_build\intermediate\win64\release\xrrender_gl\ftreevisual.obj
c:\users\сибирь\documents\github\oxr_coc\_build\intermediate\win64\release\xrrender_gl\light_render_direct_computexfs.obj
c:\users\сибирь\documents\github\oxr_coc\_build\intermediate\win64\release\xrrender_gl\r_dstreams.obj
c:\users\сибирь\documents\github\oxr_coc\_build\intermediate\win64\release\xrrender_gl\r__screenshot.obj
c:\users\сибирь\documents\github\oxr_coc\_build\intermediate\win64\release\xrrender_gl\shader.obj
c:\users\сибирь\documents\github\oxr_coc\_build\intermediate\win64\release\xrrender_gl\blender_bloom_build.obj
c:\users\сибирь\documents\github\oxr_coc\_build\intermediate\win64\release\xrrender_gl\blender_combine.obj
c:\users\сибирь\documents\github\oxr_coc\_build\intermediate\win64\release\xrrender_gl\blender_deffer_aref.obj
c:\users\сибирь\documents\github\oxr_coc\_build\intermediate\win64\release\xrrender_gl\blender_deffer_flat.obj
c:\users\сибирь\documents\github\oxr_coc\_build\intermediate\win64\release\xrrender_gl\blender_fxaa.obj
c:\users\сибирь\documents\github\oxr_coc\_build\intermediate\win64\release\xrrender_gl\blender_light_occq.obj
c:\users\сибирь\documents\github\oxr_coc\_build\intermediate\win64\release\xrrender_gl\blender_light_reflected.obj
c:\users\сибирь\documents\github\oxr_coc\_build\intermediate\win64\release\xrrender_gl\blender_luminance.obj
c:\users\сибирь\documents\github\oxr_coc\_build\intermediate\win64\release\xrrender_gl\gl_rendertarget_accum_direct.obj
c:\users\сибирь\documents\github\oxr_coc\_build\intermediate\win64\release\xrrender_gl\gl_rendertarget_accum_omnipart_geom.obj
c:\users\сибирь\documents\github\oxr_coc\_build\intermediate\win64\release\xrrender_gl\gl_rendertarget_accum_point.obj
c:\users\сибирь\documents\github\oxr_coc\_build\intermediate\win64\release\xrrender_gl\gl_rendertarget_accum_point_geom.obj
c:\users\сибирь\documents\github\oxr_coc\_build\intermediate\win64\release\xrrender_gl\gl_rendertarget_accum_reflected.obj
c:\users\сибирь\documents\github\oxr_coc\_build\intermediate\win64\release\xrrender_gl\gl_rendertarget_accum_spot.obj
c:\users\сибирь\documents\github\oxr_coc\_build\intermediate\win64\release\xrrender_gl\gl_rendertarget_draw_rain.obj
c:\users\сибирь\documents\github\oxr_coc\_build\intermediate\win64\release\xrrender_gl\gl_rendertarget_enable_scissor.obj
c:\users\сибирь\documents\github\oxr_coc\_build\intermediate\win64\release\xrrender_gl\gl_rendertarget_phase_bloom.obj
c:\users\сибирь\documents\github\oxr_coc\_build\intermediate\win64\release\xrrender_gl\gl_rendertarget_phase_combine.obj
c:\users\сибирь\documents\github\oxr_coc\_build\intermediate\win64\release\xrrender_gl\gl_rendertarget_phase_flip.obj
c:\users\сибирь\documents\github\oxr_coc\_build\intermediate\win64\release\xrrender_gl\gl_rendertarget_phase_occq.obj
c:\users\сибирь\documents\github\oxr_coc\_build\intermediate\win64\release\xrrender_gl\gl_rendertarget_phase_rain.obj
c:\users\сибирь\documents\github\oxr_coc\_build\intermediate\win64\release\xrrender_gl\gl_rendertarget_phase_smap_d.obj
c:\users\сибирь\documents\github\oxr_coc\_build\intermediate\win64\release\xrrender_gl\gl_rendertarget_phase_smap_s.obj
c:\users\сибирь\documents\github\oxr_coc\_build\intermediate\win64\release\xrrender_gl\r2_blenders.obj
c:\users\сибирь\documents\github\oxr_coc\_build\intermediate\win64\release\xrrender_gl\blender.obj
c:\users\сибирь\documents\github\oxr_coc\_build\intermediate\win64\release\xrrender_gl\blender_recorder.obj
c:\users\сибирь\documents\github\oxr_coc\_build\intermediate\win64\release\xrrender_gl\blender_editor_selection.obj
c:\users\сибирь\documents\github\oxr_coc\_build\intermediate\win64\release\xrrender_gl\blender_editor_wire.obj
c:\users\сибирь\documents\github\oxr_coc\_build\intermediate\win64\release\xrrender_gl\blender_model_ebb.obj
c:\users\сибирь\documents\github\oxr_coc\_build\intermediate\win64\release\xrrender_gl\blender_recorder_r2.obj
c:\users\сибирь\documents\github\oxr_coc\_build\intermediate\win64\release\xrrender_gl\blender_screen_set.obj
c:\users\сибирь\documents\github\oxr_coc\_build\intermediate\win64\release\xrrender_gl\blender_tree.obj
c:\users\сибирь\documents\github\oxr_coc\_build\intermediate\win64\release\xrrender_gl\detailmanager.obj
c:\users\сибирь\documents\github\oxr_coc\_build\intermediate\win64\release\xrrender_gl\detailmanager_decompress.obj
c:\users\сибирь\documents\github\oxr_coc\_build\intermediate\win64\release\xrrender_gl\fhierrarhyvisual.obj
c:\users\сибирь\documents\github\oxr_coc\_build\intermediate\win64\release\xrrender_gl\hwcaps.obj
c:\users\сибирь\documents\github\oxr_coc\_build\intermediate\win64\release\xrrender_gl\light.obj
c:\users\сибирь\documents\github\oxr_coc\_build\intermediate\win64\release\xrrender_gl\light_db.obj
c:\users\сибирь\documents\github\oxr_coc\_build\intermediate\win64\release\xrrender_gl\light_package.obj
c:\users\сибирь\documents\github\oxr_coc\_build\intermediate\win64\release\xrrender_gl\light_vis.obj
c:\users\сибирь\documents\github\oxr_coc\_build\intermediate\win64\release\xrrender_gl\particleeffect.obj
c:\users\сибирь\documents\github\oxr_coc\_build\intermediate\win64\release\xrrender_gl\pslibrary.obj
c:\users\сибирь\documents\github\oxr_coc\_build\intermediate\win64\release\xrrender_gl\resourcemanager_loader.obj
c:\users\сибирь\documents\github\oxr_coc\_build\intermediate\win64\release\xrrender_gl\resourcemanager_reset.obj
c:\users\сибирь\documents\github\oxr_coc\_build\intermediate\win64\release\xrrender_gl\r_backend.obj
c:\users\сибирь\documents\github\oxr_coc\_build\intermediate\win64\release\xrrender_gl\r_backend_dbg.obj
c:\users\сибирь\documents\github\oxr_coc\_build\intermediate\win64\release\xrrender_gl\r_backend_runtime.obj
c:\users\сибирь\documents\github\oxr_coc\_build\intermediate\win64\release\xrrender_gl\r__dsgraph_render.obj
c:\users\сибирь\documents\github\oxr_coc\_build\intermediate\win64\release\xrrender_gl\r__dsgraph_render_lods.obj
c:\users\сибирь\documents\github\oxr_coc\_build\intermediate\win64\release\xrrender_gl\r__sector.obj
c:\users\сибирь\documents\github\oxr_coc\_build\intermediate\win64\release\xrrender_gl\sh_atomic.obj
c:\users\сибирь\documents\github\oxr_coc\_build\intermediate\win64\release\xrrender_gl\skeletonanimated.obj
c:\users\сибирь\documents\github\oxr_coc\_build\intermediate\win64\release\xrrender_gl\skeletonx.obj
c:\users\сибирь\documents\github\oxr_coc\_build\intermediate\win64\release\xrrender_gl\tss_def.obj
c:\users\сибирь\documents\github\oxr_coc\_build\intermediate\win64\release\xrrender_gl\xrrender_console.obj
c:\users\сибирь\documents\github\oxr_coc\_build\intermediate\win64\release\xrrender_gl\glresourcemanager_resources.obj
c:\users\сибирь\documents\github\oxr_coc\_build\intermediate\win64\release\xrrender_gl\glr_constants.obj
c:\users\сибирь\documents\github\oxr_coc\_build\intermediate\win64\release\xrrender_gl\gltexture.obj
c:\users\сибирь\documents\github\oxr_coc\_build\intermediate\win64\release\xrrender_gl\r2_sector_detect.obj
c:\users\сибирь\documents\github\oxr_coc\_build\intermediate\win64\release\xrrender_gl\r3_r_rain.obj
c:\users\сибирь\documents\github\oxr_coc\_build\intermediate\win64\release\xrrender_gl\rgl_shaders.obj
c:\users\сибирь\documents\github\oxr_coc\_build\intermediate\win64\release\xrrender_gl\xrrender_gl.obj
c:\users\сибирь\documents\github\oxr_coc\_build\bin\win64\release\xrrender_gl.dll
c:\users\сибирь\documents\github\oxr_coc\_build\bin\win64\release\xrrender_gl.pdb
c:\users\сибирь\documents\github\oxr_coc\_build\lib\win64\release\xrrender_gl.lib
c:\users\сибирь\documents\github\oxr_coc\_build\lib\win64\release\xrrender_gl.exp
c:\users\сибирь\documents\github\oxr_coc\_build\bin\win64\release\xrrender_gl.ipdb
c:\users\сибирь\documents\github\oxr_coc\_build\bin\win64\release\xrrender_gl.iobj
c:\users\сибирь\documents\github\oxr_coc\src\..\_build\bin\win64\release\xrrender_gl.pdb
c:\users\сибирь\documents\github\oxr_coc\_build\intermediate\win64\release\xrrender_gl\xrrender_gl.tlog\cl.command.1.tlog
c:\users\сибирь\documents\github\oxr_coc\_build\intermediate\win64\release\xrrender_gl\xrrender_gl.tlog\cl.read.1.tlog
c:\users\сибирь\documents\github\oxr_coc\_build\intermediate\win64\release\xrrender_gl\xrrender_gl.tlog\cl.write.1.tlog
c:\users\сибирь\documents\github\oxr_coc\_build\intermediate\win64\release\xrrender_gl\xrrender_gl.tlog\link.command.1.tlog
c:\users\сибирь\documents\github\oxr_coc\_build\intermediate\win64\release\xrrender_gl\xrrender_gl.tlog\link.delete.1.tlog
c:\users\сибирь\documents\github\oxr_coc\_build\intermediate\win64\release\xrrender_gl\xrrender_gl.tlog\link.read.1.tlog
c:\users\сибирь\documents\github\oxr_coc\_build\intermediate\win64\release\xrrender_gl\xrrender_gl.tlog\link.write.1.tlog
c:\users\сибирь\documents\github\oxr_coc\_build\intermediate\win64\release\xrrender_gl\xrrender_gl.tlog\xrrender_gl.write.1u.tlog
