  stdafx.cpp
  Blender_Recorder_GL.cpp
  glRainBlender.cpp
  glHW.cpp
  glBufferUtils.cpp
  glDetailManager_VS.cpp
  glMinMaxSMBlender.cpp
  glSH_RT.cpp
  glSH_Texture.cpp
  glState.cpp
  glStateUtils.cpp
c:\users\сибирь\documents\github\oxr_coc\src\layers\xrrendergl\glstate.cpp(229): warning C4838: преобразование из "u32" в "GLint" требует сужающего преобразования (компилируется исходный файл ..\xrRenderGL\glState.cpp)
c:\users\сибирь\documents\github\oxr_coc\src\layers\xrrendergl\glstate.cpp(246): warning C4312: приведение типов: преобразование из "u32" в "float *" большего размера (компилируется исходный файл ..\xrRenderGL\glState.cpp)
  glTextureUtils.cpp
  glMSAABlender.cpp
  ColorMapManager.cpp
  D3DUtils.cpp
  dxPixEventWrapper.cpp
  DetailManager_VS.cpp
  du_box.cpp
  du_cone.cpp
  du_cylinder.cpp
  du_sphere.cpp
  du_sphere_part.cpp
  dxConsoleRender.cpp
c:\users\сибирь\documents\github\oxr_coc\src\layers\xrrender\dxconsolerender.cpp(17): warning C4838: преобразование из "u32" в "LONG" требует сужающего преобразования (компилируется исходный файл ..\xrRender\dxConsoleRender.cpp)
  dxDebugRender.cpp
  dxEnvironmentRender.cpp
  dxFontRender.cpp
  dxLensFlareRender.cpp
  dxObjectSpaceRender.cpp
  dxRainRender.cpp
  dxRenderFactory.cpp
  dxStatGraphRender.cpp
  dxThunderboltDescRender.cpp
  dxThunderboltRender.cpp
  dxUIRender.cpp
  dxUISequenceVideoItem.cpp
  dxUIShader.cpp
  dxWallMarkArray.cpp
  FLOD.cpp
  FProgressive.cpp
  FSkinned.cpp
  FTreeVisual.cpp
  FVisual.cpp
  Light_Render_Direct.cpp
  Light_Render_Direct_ComputeXFS.cpp
  ModelPool.cpp
  R_DStreams.cpp
  r__screenshot.cpp
  Shader.cpp
  blender_bloom_build.cpp
  blender_combine.cpp
  blender_deffer_aref.cpp
  blender_deffer_flat.cpp
  blender_deffer_model.cpp
  blender_light_direct.cpp
  blender_light_mask.cpp
  blender_light_occq.cpp
  blender_light_point.cpp
  blender_light_reflected.cpp
  blender_light_spot.cpp
  blender_luminance.cpp
  blender_ssao.cpp
  gl_loader.cpp
  gl_rendertarget_accum_direct.cpp
  gl_rendertarget_accum_omnipart_geom.cpp
  gl_rendertarget_accum_point.cpp
  gl_rendertarget_accum_point_geom.cpp
  gl_rendertarget_accum_reflected.cpp
  gl_rendertarget_accum_spot.cpp
  gl_rendertarget_accum_spot_geom.cpp
  gl_rendertarget_create_minmaxSM.cpp
  gl_rendertarget_draw_rain.cpp
  gl_rendertarget_draw_volume.cpp
  gl_rendertarget_enable_scissor.cpp
  gl_rendertarget_mark_msaa_edges.cpp
  gl_rendertarget_phase_accumulator.cpp
  gl_rendertarget_phase_bloom.cpp
  gl_rendertarget_phase_combine.cpp
  gl_rendertarget_phase_flip.cpp
  gl_rendertarget_phase_luminance.cpp
  gl_rendertarget_phase_occq.cpp
  gl_rendertarget_phase_PP.cpp
  gl_rendertarget_phase_rain.cpp
  gl_rendertarget_phase_scene.cpp
  gl_rendertarget_phase_smap_D.cpp
  gl_rendertarget_phase_smap_S.cpp
  c:\users\сибирь\documents\github\oxr_coc\src\layers\xrrenderpc_gl\gl_rendertarget_phase_smap_s.cpp(30) :  TODO : "can optimize for multi-lights covering more than say 50%..."
  
  gl_rendertarget_phase_ssao.cpp
  r2_blenders.cpp
  Animation.cpp
  Blender.cpp
  Blender_Palette.cpp
  Blender_Recorder.cpp
  Blender_BmmD.cpp
  Blender_detail_still.cpp
  Blender_Editor_Selection.cpp
  Blender_Editor_Wire.cpp
  Blender_Lm(EbB).cpp
  Blender_Model_EbB.cpp
  Blender_Particle.cpp
  Blender_Recorder_R2.cpp
  Blender_Recorder_StandartBinding.cpp
  Blender_Screen_SET.cpp
  Blender_tree.cpp
  DetailManager.cpp
  DetailManager_CACHE.cpp
  DetailManager_Decompress.cpp
  DetailManager_soft.cpp
  DetailModel.cpp
  dxParticleCustom.cpp
  ETextureParams.cpp
  FBasicVisual.cpp
  FHierrarhyVisual.cpp
  HOM.cpp
  HWCaps.cpp
  light.cpp
  c:\users\сибирь\documents\github\oxr_coc\src\layers\xrrender\light.cpp(75) :  TODO : "Only shadowed spot implements projective texture"
  
  LightTrack.cpp
  Light_DB.cpp
  light_GI.cpp
  Light_Package.cpp
  light_smapvis.cpp
  light_vis.cpp
  occRasterizer.cpp
  occRasterizer_core.cpp
  ParticleEffect.cpp
  ParticleEffectDef.cpp
  ParticleGroup.cpp
  PSLibrary.cpp
  ResourceManager.cpp
  ResourceManager_Loader.cpp
  ResourceManager_Reset.cpp
  c:\users\сибирь\documents\github\oxr_coc\src\layers\xrrender\resourcemanager_reset.cpp(79) :  TODO : "container is created in stack!"
  
  c:\users\сибирь\documents\github\oxr_coc\src\layers\xrrender\resourcemanager_reset.cpp(89) :  TODO : "container is created in stack!"
  
  R_Backend.cpp
  R_Backend_DBG.cpp
  R_Backend_hemi.cpp
  R_Backend_Runtime.cpp
  R_Backend_tree.cpp
  R_Backend_xform.cpp
  r_constants.cpp
  r__dsgraph_build.cpp
  r__dsgraph_render.cpp
  r__dsgraph_render_lods.cpp
  r__occlusion.cpp
  r__sector.cpp
  r__sector_traversal.cpp
  SH_Atomic.cpp
  SH_Constant.cpp
  SH_Matrix.cpp
  SkeletonAnimated.cpp
  SkeletonCustom.cpp
  c:\users\сибирь\documents\github\oxr_coc\src\layers\xrrender\skeletoncustom.cpp(222) :  TODO : "container is created in stack!"
  
  c:\users\сибирь\documents\github\oxr_coc\src\layers\xrrender\skeletoncustom.cpp(367) :  TODO : "container is created in stack!"
  
  c:\users\сибирь\documents\github\oxr_coc\src\layers\xrrender\skeletoncustom.cpp(371) :  TODO : "container is created in stack!"
  
  SkeletonRigid.cpp
  SkeletonX.cpp
  TextureDescrManager.cpp
  tss_def.cpp
  uber_deffer.cpp
  WallmarksEngine.cpp
  xrRender_console.cpp
  glResourceManager_Resources.cpp
  glResourceManager_Scripting.cpp
  glr_constants.cpp
  glTexture.cpp
  gl_R_render.cpp
  r2_R_calculate.cpp
  gl_rendertarget.cpp
  r2_R_lights.cpp
  r2_R_sun.cpp
  r2_sector_detect.cpp
  r3_R_rain.cpp
  r3_R_sun_support.cpp
  rgl.cpp
  xrRender_GL.cpp
LINK : warning LNK4098: библиотека по умолчанию "LIBCMT" противоречит использованию других библиотек; используйте параметр /NODEFAULTLIB:library
  Создание кода
  All 19798 functions were compiled because no usable IPDB/IOBJ from previous compilation was found.
  Создание кода завершено
glew32s.lib(glew.obj) : warning LNK4099: "vc120.pdb" PDB не найден с "glew32s.lib(glew.obj)" или на "C:\Users\сибирь\Documents\GitHub\OXR_CoC\_build\bin\Win64\Release\vc120.pdb"; компоновка объекта выполняется как при отсутствии отладочных данных
  xrRender_GL.vcxproj -> C:\Users\сибирь\Documents\GitHub\OXR_CoC\src\..\_build\bin\Win64\Release\xrRender_GL.dll
