c:\users\сибирь\documents\github\oxr_coc\_build\intermediate\win64\release\etools\etools.pch
c:\users\сибирь\documents\github\oxr_coc\_build\intermediate\win64\release\etools\vc141.pdb
c:\users\сибирь\documents\github\oxr_coc\_build\intermediate\win64\release\etools\stdafx.obj
c:\users\сибирь\documents\github\oxr_coc\_build\intermediate\win64\release\etools\createdx.obj
c:\users\сибирь\documents\github\oxr_coc\_build\intermediate\win64\release\etools\encode.obj
c:\users\сибирь\documents\github\oxr_coc\_build\intermediate\win64\release\etools\etools_cm.obj
c:\users\сибирь\documents\github\oxr_coc\_build\intermediate\win64\release\etools\object.obj
c:\users\сибирь\documents\github\oxr_coc\_build\intermediate\win64\release\etools\ogg_enc.obj
c:\users\сибирь\documents\github\oxr_coc\_build\intermediate\win64\release\etools\platform.obj
c:\users\сибирь\documents\github\oxr_coc\_build\intermediate\win64\release\etools\resample.obj
c:\users\сибирь\documents\github\oxr_coc\_build\intermediate\win64\release\etools\audio.obj
c:\users\сибирь\documents\github\oxr_coc\_build\intermediate\win64\release\etools\etools.obj
c:\users\сибирь\documents\github\oxr_coc\_build\intermediate\win64\release\etools\intersect.obj
c:\users\сибирь\documents\github\oxr_coc\_build\intermediate\win64\release\etools\object_sliding.obj
c:\users\сибирь\documents\github\oxr_coc\_build\intermediate\win64\release\etools\propslimtools.obj
c:\users\сибирь\documents\github\oxr_coc\_build\intermediate\win64\release\etools\xrxrc.obj
c:\users\сибирь\documents\github\oxr_coc\_build\lib\win64\release\etools.lib
c:\users\сибирь\documents\github\oxr_coc\_build\lib\win64\release\etools.exp
c:\users\сибирь\documents\github\oxr_coc\_build\bin\win64\release\etools.ipdb
c:\users\сибирь\documents\github\oxr_coc\_build\bin\win64\release\etools.iobj
c:\users\сибирь\documents\github\oxr_coc\_build\bin\win64\release\etools.dll
c:\users\сибирь\documents\github\oxr_coc\_build\bin\win64\release\etools.pdb
c:\users\сибирь\documents\github\oxr_coc\src\..\_build\bin\win64\release\etools.pdb
c:\users\сибирь\documents\github\oxr_coc\_build\intermediate\win64\release\etools\etools.tlog\cl.command.1.tlog
c:\users\сибирь\documents\github\oxr_coc\_build\intermediate\win64\release\etools\etools.tlog\cl.read.1.tlog
c:\users\сибирь\documents\github\oxr_coc\_build\intermediate\win64\release\etools\etools.tlog\cl.write.1.tlog
c:\users\сибирь\documents\github\oxr_coc\_build\intermediate\win64\release\etools\etools.tlog\etools.write.1u.tlog
c:\users\сибирь\documents\github\oxr_coc\_build\intermediate\win64\release\etools\etools.tlog\link.command.1.tlog
c:\users\сибирь\documents\github\oxr_coc\_build\intermediate\win64\release\etools\etools.tlog\link.read.1.tlog
c:\users\сибирь\documents\github\oxr_coc\_build\intermediate\win64\release\etools\etools.tlog\link.write.1.tlog
