c:\users\сибирь\documents\github\oxr_coc\_build\intermediate\win64\release\ode\fastdot.obj
c:\users\сибирь\documents\github\oxr_coc\_build\intermediate\win64\release\ode\fastlsolve.obj
c:\users\сибирь\documents\github\oxr_coc\_build\intermediate\win64\release\ode\fastldlt.obj
c:\users\сибирь\documents\github\oxr_coc\_build\intermediate\win64\release\ode\fastltsolve.obj
c:\users\сибирь\documents\github\oxr_coc\_build\intermediate\win64\release\ode\array.obj
c:\users\сибирь\documents\github\oxr_coc\_build\intermediate\win64\release\ode\collision_space.obj
c:\users\сибирь\documents\github\oxr_coc\_build\intermediate\win64\release\ode\error.obj
c:\users\сибирь\documents\github\oxr_coc\_build\intermediate\win64\release\ode\de_padf_integration.obj
c:\users\сибирь\documents\github\oxr_coc\_build\intermediate\win64\release\ode\bounder33.obj
c:\users\сибирь\documents\github\oxr_coc\_build\intermediate\win64\release\ode\collision_kernel.obj
c:\users\сибирь\documents\github\oxr_coc\_build\intermediate\win64\release\ode\collision_transform.obj
c:\users\сибирь\documents\github\oxr_coc\_build\intermediate\win64\release\ode\collision_util.obj
c:\users\сибирь\documents\github\oxr_coc\_build\intermediate\win64\release\ode\export-dif.obj
c:\users\сибирь\documents\github\oxr_coc\_build\intermediate\win64\release\ode\joint.obj
c:\users\сибирь\documents\github\oxr_coc\_build\intermediate\win64\release\ode\lcp.obj
c:\users\сибирь\documents\github\oxr_coc\_build\intermediate\win64\release\ode\mass.obj
c:\users\сибирь\documents\github\oxr_coc\_build\intermediate\win64\release\ode\mat.obj
c:\users\сибирь\documents\github\oxr_coc\_build\intermediate\win64\release\ode\matrix.obj
c:\users\сибирь\documents\github\oxr_coc\_build\intermediate\win64\release\ode\memory.obj
c:\users\сибирь\documents\github\oxr_coc\_build\intermediate\win64\release\ode\misc.obj
c:\users\сибирь\documents\github\oxr_coc\_build\intermediate\win64\release\ode\obstack.obj
c:\users\сибирь\documents\github\oxr_coc\_build\intermediate\win64\release\ode\ode.obj
c:\users\сибирь\documents\github\oxr_coc\_build\intermediate\win64\release\ode\odemath.obj
c:\users\сибирь\documents\github\oxr_coc\_build\intermediate\win64\release\ode\quickstep.obj
c:\users\сибирь\documents\github\oxr_coc\_build\intermediate\win64\release\ode\rotation.obj
c:\users\сибирь\documents\github\oxr_coc\_build\intermediate\win64\release\ode\step.obj
c:\users\сибирь\documents\github\oxr_coc\_build\intermediate\win64\release\ode\stepfast.obj
c:\users\сибирь\documents\github\oxr_coc\_build\intermediate\win64\release\ode\stepjointinternal.obj
c:\users\сибирь\documents\github\oxr_coc\_build\intermediate\win64\release\ode\testing.obj
c:\users\сибирь\documents\github\oxr_coc\_build\intermediate\win64\release\ode\timer.obj
c:\users\сибирь\documents\github\oxr_coc\_build\intermediate\win64\release\ode\util.obj
c:\users\сибирь\documents\github\oxr_coc\_build\intermediate\win64\release\ode\vc141.pdb
c:\users\сибирь\documents\github\oxr_coc\_build\intermediate\win64\release\ode\collision_std.obj
c:\users\сибирь\documents\github\oxr_coc\_build\intermediate\win64\release\ode\collision_quadtreespace.obj
c:\users\сибирь\documents\github\oxr_coc\_build\bin\win64\release\ode.dll
c:\users\сибирь\documents\github\oxr_coc\_build\bin\win64\release\ode.pdb
c:\users\сибирь\documents\github\oxr_coc\_build\lib\win64\release\ode.lib
c:\users\сибирь\documents\github\oxr_coc\_build\lib\win64\release\ode.exp
c:\users\сибирь\documents\github\oxr_coc\_build\bin\win64\release\ode.ipdb
c:\users\сибирь\documents\github\oxr_coc\_build\bin\win64\release\ode.iobj
c:\users\сибирь\documents\github\oxr_coc\src\..\_build\bin\win64\release\ode.pdb
c:\users\сибирь\documents\github\oxr_coc\_build\intermediate\win64\release\ode\ode.tlog\cl.10348.write.1.tlog
c:\users\сибирь\documents\github\oxr_coc\_build\intermediate\win64\release\ode\ode.tlog\cl.command.1.tlog
c:\users\сибирь\documents\github\oxr_coc\_build\intermediate\win64\release\ode\ode.tlog\cl.read.1.tlog
c:\users\сибирь\documents\github\oxr_coc\_build\intermediate\win64\release\ode\ode.tlog\link.command.1.tlog
c:\users\сибирь\documents\github\oxr_coc\_build\intermediate\win64\release\ode\ode.tlog\link.read.1.tlog
c:\users\сибирь\documents\github\oxr_coc\_build\intermediate\win64\release\ode\ode.tlog\link.write.1.tlog
c:\users\сибирь\documents\github\oxr_coc\_build\intermediate\win64\release\ode\ode.tlog\ode.write.1u.tlog
