c:\users\сибирь\documents\github\oxr_coc\_build\intermediate\win64\release\lzo\lzo1.obj
c:\users\сибирь\documents\github\oxr_coc\_build\intermediate\win64\release\lzo\lzo1a_99.obj
c:\users\сибирь\documents\github\oxr_coc\_build\intermediate\win64\release\lzo\lzo1b_3.obj
c:\users\сибирь\documents\github\oxr_coc\_build\intermediate\win64\release\lzo\lzo1b_5.obj
c:\users\сибирь\documents\github\oxr_coc\_build\intermediate\win64\release\lzo\lzo1b_7.obj
c:\users\сибирь\documents\github\oxr_coc\_build\intermediate\win64\release\lzo\lzo1b_9.obj
c:\users\сибирь\documents\github\oxr_coc\_build\intermediate\win64\release\lzo\lzo1b_9x.obj
c:\users\сибирь\documents\github\oxr_coc\_build\intermediate\win64\release\lzo\lzo1b_d1.obj
c:\users\сибирь\documents\github\oxr_coc\_build\intermediate\win64\release\lzo\lzo1b_rr.obj
c:\users\сибирь\documents\github\oxr_coc\_build\intermediate\win64\release\lzo\lzo1c_1.obj
c:\users\сибирь\documents\github\oxr_coc\_build\intermediate\win64\release\lzo\lzo1c_3.obj
c:\users\сибирь\documents\github\oxr_coc\_build\intermediate\win64\release\lzo\lzo1c_6.obj
c:\users\сибирь\documents\github\oxr_coc\_build\intermediate\win64\release\lzo\lzo1c_8.obj
c:\users\сибирь\documents\github\oxr_coc\_build\intermediate\win64\release\lzo\lzo1c_99.obj
c:\users\сибирь\documents\github\oxr_coc\_build\intermediate\win64\release\lzo\lzo1c_d1.obj
c:\users\сибирь\documents\github\oxr_coc\_build\intermediate\win64\release\lzo\lzo1c_rr.obj
c:\users\сибирь\documents\github\oxr_coc\_build\intermediate\win64\release\lzo\lzo1f_1.obj
c:\users\сибирь\documents\github\oxr_coc\_build\intermediate\win64\release\lzo\lzo1f_d1.obj
c:\users\сибирь\documents\github\oxr_coc\_build\intermediate\win64\release\lzo\lzo1x_1.obj
c:\users\сибирь\documents\github\oxr_coc\_build\intermediate\win64\release\lzo\lzo1x_1l.obj
c:\users\сибирь\documents\github\oxr_coc\_build\intermediate\win64\release\lzo\lzo1x_d1.obj
c:\users\сибирь\documents\github\oxr_coc\_build\intermediate\win64\release\lzo\lzo1x_d3.obj
c:\users\сибирь\documents\github\oxr_coc\_build\intermediate\win64\release\lzo\lzo1y_1.obj
c:\users\сибирь\documents\github\oxr_coc\_build\intermediate\win64\release\lzo\lzo1y_d1.obj
c:\users\сибирь\documents\github\oxr_coc\_build\intermediate\win64\release\lzo\lzo1y_d3.obj
c:\users\сибирь\documents\github\oxr_coc\_build\intermediate\win64\release\lzo\lzo1z_9x.obj
c:\users\сибирь\documents\github\oxr_coc\_build\intermediate\win64\release\lzo\lzo1z_d2.obj
c:\users\сибирь\documents\github\oxr_coc\_build\intermediate\win64\release\lzo\lzo1_99.obj
c:\users\сибирь\documents\github\oxr_coc\_build\intermediate\win64\release\lzo\lzo2a_d1.obj
c:\users\сибирь\documents\github\oxr_coc\_build\intermediate\win64\release\lzo\lzo_crc.obj
c:\users\сибирь\documents\github\oxr_coc\_build\intermediate\win64\release\lzo\lzo_ptr.obj
c:\users\сибирь\documents\github\oxr_coc\_build\intermediate\win64\release\lzo\lzo_str.obj
c:\users\сибирь\documents\github\oxr_coc\_build\intermediate\win64\release\lzo\lzo1a.obj
c:\users\сибирь\documents\github\oxr_coc\_build\intermediate\win64\release\lzo\lzo1b_1.obj
c:\users\сибирь\documents\github\oxr_coc\_build\intermediate\win64\release\lzo\lzo1b_2.obj
c:\users\сибирь\documents\github\oxr_coc\_build\intermediate\win64\release\lzo\lzo1b_4.obj
c:\users\сибирь\documents\github\oxr_coc\_build\intermediate\win64\release\lzo\lzo1b_6.obj
c:\users\сибирь\documents\github\oxr_coc\_build\intermediate\win64\release\lzo\lzo1b_8.obj
c:\users\сибирь\documents\github\oxr_coc\_build\intermediate\win64\release\lzo\lzo1b_99.obj
c:\users\сибирь\documents\github\oxr_coc\_build\intermediate\win64\release\lzo\lzo1b_cc.obj
c:\users\сибирь\documents\github\oxr_coc\_build\intermediate\win64\release\lzo\lzo1b_d2.obj
c:\users\сибирь\documents\github\oxr_coc\_build\intermediate\win64\release\lzo\lzo1b_xx.obj
c:\users\сибирь\documents\github\oxr_coc\_build\intermediate\win64\release\lzo\lzo1c_2.obj
c:\users\сибирь\documents\github\oxr_coc\_build\intermediate\win64\release\lzo\lzo1c_4.obj
c:\users\сибирь\documents\github\oxr_coc\_build\intermediate\win64\release\lzo\lzo1c_5.obj
c:\users\сибирь\documents\github\oxr_coc\_build\intermediate\win64\release\lzo\lzo1c_7.obj
c:\users\сибирь\documents\github\oxr_coc\_build\intermediate\win64\release\lzo\lzo1c_9.obj
c:\users\сибирь\documents\github\oxr_coc\_build\intermediate\win64\release\lzo\lzo1c_9x.obj
c:\users\сибирь\documents\github\oxr_coc\_build\intermediate\win64\release\lzo\lzo1c_cc.obj
c:\users\сибирь\documents\github\oxr_coc\_build\intermediate\win64\release\lzo\lzo1c_d2.obj
c:\users\сибирь\documents\github\oxr_coc\_build\intermediate\win64\release\lzo\lzo1c_xx.obj
c:\users\сибирь\documents\github\oxr_coc\_build\intermediate\win64\release\lzo\lzo1f_9x.obj
c:\users\сибирь\documents\github\oxr_coc\_build\intermediate\win64\release\lzo\lzo1f_d2.obj
c:\users\сибирь\documents\github\oxr_coc\_build\intermediate\win64\release\lzo\lzo1x_1k.obj
c:\users\сибирь\documents\github\oxr_coc\_build\intermediate\win64\release\lzo\lzo1x_1o.obj
c:\users\сибирь\documents\github\oxr_coc\_build\intermediate\win64\release\lzo\lzo1x_9x.obj
c:\users\сибирь\documents\github\oxr_coc\_build\intermediate\win64\release\lzo\lzo1x_d2.obj
c:\users\сибирь\documents\github\oxr_coc\_build\intermediate\win64\release\lzo\lzo1x_o.obj
c:\users\сибирь\documents\github\oxr_coc\_build\intermediate\win64\release\lzo\lzo1y_9x.obj
c:\users\сибирь\documents\github\oxr_coc\_build\intermediate\win64\release\lzo\lzo1y_d2.obj
c:\users\сибирь\documents\github\oxr_coc\_build\intermediate\win64\release\lzo\lzo1y_o.obj
c:\users\сибирь\documents\github\oxr_coc\_build\intermediate\win64\release\lzo\lzo1z_d1.obj
c:\users\сибирь\documents\github\oxr_coc\_build\intermediate\win64\release\lzo\lzo1z_d3.obj
c:\users\сибирь\documents\github\oxr_coc\_build\intermediate\win64\release\lzo\lzo2a_9x.obj
c:\users\сибирь\documents\github\oxr_coc\_build\intermediate\win64\release\lzo\lzo2a_d2.obj
c:\users\сибирь\documents\github\oxr_coc\_build\intermediate\win64\release\lzo\lzo_init.obj
c:\users\сибирь\documents\github\oxr_coc\_build\intermediate\win64\release\lzo\lzo_util.obj
c:\users\сибирь\documents\github\oxr_coc\_build\intermediate\win64\release\lzo\lzo.pdb
c:\users\сибирь\documents\github\oxr_coc\_build\lib\win64\release\lzo.lib
c:\users\сибирь\documents\github\oxr_coc\src\..\_build\lib\win64\release\lzo.lib
c:\users\сибирь\documents\github\oxr_coc\_build\intermediate\win64\release\lzo\lzo.tlog\cl.8000.write.1.tlog
c:\users\сибирь\documents\github\oxr_coc\_build\intermediate\win64\release\lzo\lzo.tlog\cl.command.1.tlog
c:\users\сибирь\documents\github\oxr_coc\_build\intermediate\win64\release\lzo\lzo.tlog\cl.read.1.tlog
c:\users\сибирь\documents\github\oxr_coc\_build\intermediate\win64\release\lzo\lzo.tlog\lib-link.read.1.tlog
c:\users\сибирь\documents\github\oxr_coc\_build\intermediate\win64\release\lzo\lzo.tlog\lib-link.write.1.tlog
c:\users\сибирь\documents\github\oxr_coc\_build\intermediate\win64\release\lzo\lzo.tlog\lib.command.1.tlog
