c:\users\сибирь\documents\github\oxr_coc\_build\intermediate\win64\release\dxt\dxt.pch
c:\users\сибирь\documents\github\oxr_coc\_build\intermediate\win64\release\dxt\vc141.pdb
c:\users\сибирь\documents\github\oxr_coc\_build\intermediate\win64\release\dxt\stdafx.obj
c:\users\сибирь\documents\github\oxr_coc\_build\intermediate\win64\release\dxt\dxt.obj
c:\users\сибирь\documents\github\oxr_coc\_build\intermediate\win64\release\dxt\normalmapgen.obj
c:\users\сибирь\documents\github\oxr_coc\_build\intermediate\win64\release\dxt\nvi_convolution.obj
c:\users\сибирь\documents\github\oxr_coc\_build\intermediate\win64\release\dxt\nvi_image.obj
c:\users\сибирь\documents\github\oxr_coc\_build\intermediate\win64\release\dxt\etextureparams.obj
c:\users\сибирь\documents\github\oxr_coc\_build\intermediate\win64\release\dxt\image_dxtc.obj
c:\users\сибирь\documents\github\oxr_coc\_build\lib\win64\release\dxt.lib
c:\users\сибирь\documents\github\oxr_coc\_build\lib\win64\release\dxt.exp
c:\users\сибирь\documents\github\oxr_coc\_build\bin\win64\release\dxt.ipdb
c:\users\сибирь\documents\github\oxr_coc\_build\bin\win64\release\dxt.iobj
c:\users\сибирь\documents\github\oxr_coc\_build\bin\win64\release\dxt.dll
c:\users\сибирь\documents\github\oxr_coc\_build\bin\win64\release\dxt.pdb
c:\users\сибирь\documents\github\oxr_coc\src\..\_build\bin\win64\release\dxt.pdb
c:\users\сибирь\documents\github\oxr_coc\_build\intermediate\win64\release\dxt\dxt.tlog\cl.command.1.tlog
c:\users\сибирь\documents\github\oxr_coc\_build\intermediate\win64\release\dxt\dxt.tlog\cl.read.1.tlog
c:\users\сибирь\documents\github\oxr_coc\_build\intermediate\win64\release\dxt\dxt.tlog\cl.write.1.tlog
c:\users\сибирь\documents\github\oxr_coc\_build\intermediate\win64\release\dxt\dxt.tlog\dxt.write.1u.tlog
c:\users\сибирь\documents\github\oxr_coc\_build\intermediate\win64\release\dxt\dxt.tlog\link.command.1.tlog
c:\users\сибирь\documents\github\oxr_coc\_build\intermediate\win64\release\dxt\dxt.tlog\link.read.1.tlog
c:\users\сибирь\documents\github\oxr_coc\_build\intermediate\win64\release\dxt\dxt.tlog\link.write.1.tlog
