c:\users\сибирь\documents\github\oxr_coc\_build\intermediate\win64\release\xrqslim\xrqslim.pch
c:\users\сибирь\documents\github\oxr_coc\_build\intermediate\win64\release\xrqslim\xrqslim.pdb
c:\users\сибирь\documents\github\oxr_coc\_build\intermediate\win64\release\xrqslim\mxheap.obj
c:\users\сибирь\documents\github\oxr_coc\_build\intermediate\win64\release\xrqslim\mat2.obj
c:\users\сибирь\documents\github\oxr_coc\_build\intermediate\win64\release\xrqslim\mat4.obj
c:\users\сибирь\documents\github\oxr_coc\_build\intermediate\win64\release\xrqslim\mxblockmodel.obj
c:\users\сибирь\documents\github\oxr_coc\_build\intermediate\win64\release\xrqslim\mxmat3-jacobi.obj
c:\users\сибирь\documents\github\oxr_coc\_build\intermediate\win64\release\xrqslim\mxmat4-jacobi.obj
c:\users\сибирь\documents\github\oxr_coc\_build\intermediate\win64\release\xrqslim\mxpropslim.obj
c:\users\сибирь\documents\github\oxr_coc\_build\intermediate\win64\release\xrqslim\mxqslim.obj
c:\users\сибирь\documents\github\oxr_coc\_build\intermediate\win64\release\xrqslim\mat3.obj
c:\users\сибирь\documents\github\oxr_coc\_build\intermediate\win64\release\xrqslim\mixmops.obj
c:\users\сибирь\documents\github\oxr_coc\_build\intermediate\win64\release\xrqslim\mxgeom3d.obj
c:\users\сибирь\documents\github\oxr_coc\_build\intermediate\win64\release\xrqslim\mxmatrix.obj
c:\users\сибирь\documents\github\oxr_coc\_build\intermediate\win64\release\xrqslim\mxqmetric.obj
c:\users\сибирь\documents\github\oxr_coc\_build\intermediate\win64\release\xrqslim\mxqmetric3.obj
c:\users\сибирь\documents\github\oxr_coc\_build\intermediate\win64\release\xrqslim\mxstdmodel.obj
c:\users\сибирь\documents\github\oxr_coc\_build\intermediate\win64\release\xrqslim\mxstdslim.obj
c:\users\сибирь\documents\github\oxr_coc\_build\lib\win64\release\xrqslim.lib
c:\users\сибирь\documents\github\oxr_coc\src\..\_build\lib\win64\release\xrqslim.lib
c:\users\сибирь\documents\github\oxr_coc\_build\intermediate\win64\release\xrqslim\xrqslim.tlog\cl.command.1.tlog
c:\users\сибирь\documents\github\oxr_coc\_build\intermediate\win64\release\xrqslim\xrqslim.tlog\cl.read.1.tlog
c:\users\сибирь\documents\github\oxr_coc\_build\intermediate\win64\release\xrqslim\xrqslim.tlog\cl.write.1.tlog
c:\users\сибирь\documents\github\oxr_coc\_build\intermediate\win64\release\xrqslim\xrqslim.tlog\lib-link.read.1.tlog
c:\users\сибирь\documents\github\oxr_coc\_build\intermediate\win64\release\xrqslim\xrqslim.tlog\lib-link.write.1.tlog
c:\users\сибирь\documents\github\oxr_coc\_build\intermediate\win64\release\xrqslim\xrqslim.tlog\lib.command.1.tlog
