c:\users\сибирь\documents\github\oxr_coc\_build\intermediate\win64\release\mp_screenshots_info\mp_screenshots_info.pch
c:\users\сибирь\documents\github\oxr_coc\_build\intermediate\win64\release\mp_screenshots_info\vc141.pdb
c:\users\сибирь\documents\github\oxr_coc\_build\intermediate\win64\release\mp_screenshots_info\pch.obj
c:\users\сибирь\documents\github\oxr_coc\_build\intermediate\win64\release\mp_screenshots_info\screenshots_common.obj
c:\users\сибирь\documents\github\oxr_coc\_build\intermediate\win64\release\mp_screenshots_info\screenshots_reader.obj
c:\users\сибирь\documents\github\oxr_coc\_build\intermediate\win64\release\mp_screenshots_info\entry_point.obj
c:\users\сибирь\documents\github\oxr_coc\_build\intermediate\win64\release\mp_screenshots_info\screenshots_writer.obj
c:\users\сибирь\documents\github\oxr_coc\_build\bin\win64\release\mp_screenshots_info.exe
c:\users\сибирь\documents\github\oxr_coc\_build\bin\win64\release\mp_screenshots_info.pdb
c:\users\сибирь\documents\github\oxr_coc\_build\bin\win64\release\mp_screenshots_info.ipdb
c:\users\сибирь\documents\github\oxr_coc\_build\bin\win64\release\mp_screenshots_info.iobj
c:\users\сибирь\documents\github\oxr_coc\src\..\_build\bin\win64\release\mp_screenshots_info.pdb
c:\users\сибирь\documents\github\oxr_coc\src\..\_build\bin\win64\release\mp_screenshots_info.exe
c:\users\сибирь\documents\github\oxr_coc\_build\intermediate\win64\release\mp_screenshots_info\mp_scree.032a10ab.tlog\cl.command.1.tlog
c:\users\сибирь\documents\github\oxr_coc\_build\intermediate\win64\release\mp_screenshots_info\mp_scree.032a10ab.tlog\cl.read.1.tlog
c:\users\сибирь\documents\github\oxr_coc\_build\intermediate\win64\release\mp_screenshots_info\mp_scree.032a10ab.tlog\cl.write.1.tlog
c:\users\сибирь\documents\github\oxr_coc\_build\intermediate\win64\release\mp_screenshots_info\mp_scree.032a10ab.tlog\link.command.1.tlog
c:\users\сибирь\documents\github\oxr_coc\_build\intermediate\win64\release\mp_screenshots_info\mp_scree.032a10ab.tlog\link.read.1.tlog
c:\users\сибирь\documents\github\oxr_coc\_build\intermediate\win64\release\mp_screenshots_info\mp_scree.032a10ab.tlog\link.write.1.tlog
c:\users\сибирь\documents\github\oxr_coc\_build\intermediate\win64\release\mp_screenshots_info\mp_scree.032a10ab.tlog\mp_screenshots_info.write.1u.tlog
