c:\users\сибирь\documents\github\oxr_coc\_build\intermediate\win64\release\nvtt\nvtt.pdb
c:\users\сибирь\documents\github\oxr_coc\_build\intermediate\win64\release\nvtt\posh.obj
c:\users\сибирь\documents\github\oxr_coc\_build\intermediate\win64\release\nvtt\library.obj
c:\users\сибирь\documents\github\oxr_coc\_build\intermediate\win64\release\nvtt\memory.obj
c:\users\сибирь\documents\github\oxr_coc\_build\intermediate\win64\release\nvtt\strlib.obj
c:\users\сибирь\documents\github\oxr_coc\_build\intermediate\win64\release\nvtt\textwriter.obj
c:\users\сибирь\documents\github\oxr_coc\_build\intermediate\win64\release\nvtt\blockdxt.obj
c:\users\сибирь\documents\github\oxr_coc\_build\intermediate\win64\release\nvtt\colorblock.obj
c:\users\сибирь\documents\github\oxr_coc\_build\intermediate\win64\release\nvtt\filter.obj
c:\users\сибирь\documents\github\oxr_coc\_build\intermediate\win64\release\nvtt\floatimage.obj
c:\users\сибирь\documents\github\oxr_coc\_build\intermediate\win64\release\nvtt\imageio.obj
c:\users\сибирь\documents\github\oxr_coc\_build\intermediate\win64\release\nvtt\normalmipmap.obj
c:\users\сибирь\documents\github\oxr_coc\_build\intermediate\win64\release\nvtt\montecarlo.obj
c:\users\сибирь\documents\github\oxr_coc\_build\intermediate\win64\release\nvtt\plane.obj
c:\users\сибирь\documents\github\oxr_coc\_build\intermediate\win64\release\nvtt\sphericalharmonic.obj
c:\users\сибирь\documents\github\oxr_coc\_build\intermediate\win64\release\nvtt\tribox.obj
c:\users\сибирь\documents\github\oxr_coc\_build\intermediate\win64\release\nvtt\compressionoptions.obj
c:\users\сибирь\documents\github\oxr_coc\_build\intermediate\win64\release\nvtt\compressor.obj
c:\users\сибирь\documents\github\oxr_coc\_build\intermediate\win64\release\nvtt\cudautils.obj
c:\users\сибирь\documents\github\oxr_coc\_build\intermediate\win64\release\nvtt\inputoptions.obj
c:\users\сибирь\documents\github\oxr_coc\_build\intermediate\win64\release\nvtt\optimalcompressdxt.obj
c:\users\сибирь\documents\github\oxr_coc\_build\intermediate\win64\release\nvtt\quickcompressdxt.obj
c:\users\сибирь\documents\github\oxr_coc\_build\intermediate\win64\release\nvtt\clusterfit.obj
c:\users\сибирь\documents\github\oxr_coc\_build\intermediate\win64\release\nvtt\colourfit.obj
c:\users\сибирь\documents\github\oxr_coc\_build\intermediate\win64\release\nvtt\fastclusterfit.obj
c:\users\сибирь\documents\github\oxr_coc\_build\intermediate\win64\release\nvtt\rangefit.obj
c:\users\сибирь\documents\github\oxr_coc\_build\intermediate\win64\release\nvtt\singlechannelfit.obj
c:\users\сибирь\documents\github\oxr_coc\_build\intermediate\win64\release\nvtt\squish.obj
c:\users\сибирь\documents\github\oxr_coc\_build\intermediate\win64\release\nvtt\weightedclusterfit.obj
c:\users\сибирь\documents\github\oxr_coc\_build\intermediate\win64\release\nvtt\debug.obj
c:\users\сибирь\documents\github\oxr_coc\_build\intermediate\win64\release\nvtt\radix.obj
c:\users\сибирь\documents\github\oxr_coc\_build\intermediate\win64\release\nvtt\textreader.obj
c:\users\сибирь\documents\github\oxr_coc\_build\intermediate\win64\release\nvtt\tokenizer.obj
c:\users\сибирь\documents\github\oxr_coc\_build\intermediate\win64\release\nvtt\conemap.obj
c:\users\сибирь\documents\github\oxr_coc\_build\intermediate\win64\release\nvtt\directdrawsurface.obj
c:\users\сибирь\documents\github\oxr_coc\_build\intermediate\win64\release\nvtt\holefilling.obj
c:\users\сибирь\documents\github\oxr_coc\_build\intermediate\win64\release\nvtt\image.obj
c:\users\сибирь\documents\github\oxr_coc\_build\intermediate\win64\release\nvtt\normalmap.obj
c:\users\сибирь\documents\github\oxr_coc\_build\intermediate\win64\release\nvtt\quantize.obj
c:\users\сибирь\documents\github\oxr_coc\_build\intermediate\win64\release\nvtt\basis.obj
c:\users\сибирь\documents\github\oxr_coc\_build\intermediate\win64\release\nvtt\random.obj
c:\users\сибирь\documents\github\oxr_coc\_build\intermediate\win64\release\nvtt\triangle.obj
c:\users\сибирь\documents\github\oxr_coc\_build\intermediate\win64\release\nvtt\compressdxt.obj
c:\users\сибирь\documents\github\oxr_coc\_build\intermediate\win64\release\nvtt\compressrgb.obj
c:\users\сибирь\documents\github\oxr_coc\_build\intermediate\win64\release\nvtt\cudacompressdxt.obj
c:\users\сибирь\documents\github\oxr_coc\_build\intermediate\win64\release\nvtt\nvtt.obj
c:\users\сибирь\documents\github\oxr_coc\_build\intermediate\win64\release\nvtt\nvtt_wrapper.obj
c:\users\сибирь\documents\github\oxr_coc\_build\intermediate\win64\release\nvtt\outputoptions.obj
c:\users\сибирь\documents\github\oxr_coc\_build\intermediate\win64\release\nvtt\alpha.obj
c:\users\сибирь\documents\github\oxr_coc\_build\intermediate\win64\release\nvtt\colourblock.obj
c:\users\сибирь\documents\github\oxr_coc\_build\intermediate\win64\release\nvtt\colourset.obj
c:\users\сибирь\documents\github\oxr_coc\_build\intermediate\win64\release\nvtt\maths.obj
c:\users\сибирь\documents\github\oxr_coc\_build\intermediate\win64\release\nvtt\singlecolourfit.obj
c:\users\сибирь\documents\github\oxr_coc\_build\lib\win64\release\nvtt.lib
c:\users\сибирь\documents\github\oxr_coc\src\..\_build\lib\win64\release\nvtt.lib
c:\users\сибирь\documents\github\oxr_coc\_build\intermediate\win64\release\nvtt\nvtt.tlog\cl.command.1.tlog
c:\users\сибирь\documents\github\oxr_coc\_build\intermediate\win64\release\nvtt\nvtt.tlog\cl.read.1.tlog
c:\users\сибирь\documents\github\oxr_coc\_build\intermediate\win64\release\nvtt\nvtt.tlog\cl.write.1.tlog
c:\users\сибирь\documents\github\oxr_coc\_build\intermediate\win64\release\nvtt\nvtt.tlog\lib-link.read.1.tlog
c:\users\сибирь\documents\github\oxr_coc\_build\intermediate\win64\release\nvtt\nvtt.tlog\lib-link.write.1.tlog
c:\users\сибирь\documents\github\oxr_coc\_build\intermediate\win64\release\nvtt\nvtt.tlog\lib.command.1.tlog
