c:\users\сибирь\documents\github\oxr_coc\_build\intermediate\win64\release\xrsound\xrsound.pch
c:\users\сибирь\documents\github\oxr_coc\_build\intermediate\win64\release\xrsound\vc141.pdb
c:\users\сибирь\documents\github\oxr_coc\_build\intermediate\win64\release\xrsound\stdafx.obj
c:\users\сибирь\documents\github\oxr_coc\_build\intermediate\win64\release\xrsound\guids.obj
c:\users\сибирь\documents\github\oxr_coc\_build\intermediate\win64\release\xrsound\openaldevicelist.obj
c:\users\сибирь\documents\github\oxr_coc\_build\intermediate\win64\release\xrsound\soundrender_corea.obj
c:\users\сибирь\documents\github\oxr_coc\_build\intermediate\win64\release\xrsound\soundrender_core_processor.obj
c:\users\сибирь\documents\github\oxr_coc\_build\intermediate\win64\release\xrsound\soundrender_core_startstop.obj
c:\users\сибирь\documents\github\oxr_coc\_build\intermediate\win64\release\xrsound\soundrender_emitter_fsm.obj
c:\users\сибирь\documents\github\oxr_coc\_build\intermediate\win64\release\xrsound\soundrender_emitter_streamer.obj
c:\users\сибирь\documents\github\oxr_coc\_build\intermediate\win64\release\xrsound\soundrender_source.obj
c:\users\сибирь\documents\github\oxr_coc\_build\intermediate\win64\release\xrsound\soundrender_source_loader.obj
c:\users\сибирь\documents\github\oxr_coc\_build\intermediate\win64\release\xrsound\soundrender_targeta.obj
c:\users\сибирь\documents\github\oxr_coc\_build\intermediate\win64\release\xrsound\sound.obj
c:\users\сибирь\documents\github\oxr_coc\_build\intermediate\win64\release\xrsound\soundrender_cache.obj
c:\users\сибирь\documents\github\oxr_coc\_build\intermediate\win64\release\xrsound\soundrender_core.obj
c:\users\сибирь\documents\github\oxr_coc\_build\intermediate\win64\release\xrsound\soundrender_core_sourcemanager.obj
c:\users\сибирь\documents\github\oxr_coc\_build\intermediate\win64\release\xrsound\soundrender_emitter.obj
c:\users\сибирь\documents\github\oxr_coc\_build\intermediate\win64\release\xrsound\soundrender_emitter_startstop.obj
c:\users\сибирь\documents\github\oxr_coc\_build\intermediate\win64\release\xrsound\soundrender_environment.obj
c:\users\сибирь\documents\github\oxr_coc\_build\intermediate\win64\release\xrsound\soundrender_target.obj
c:\users\сибирь\documents\github\oxr_coc\_build\bin\win64\release\xrsound.dll
c:\users\сибирь\documents\github\oxr_coc\_build\bin\win64\release\xrsound.pdb
c:\users\сибирь\documents\github\oxr_coc\_build\lib\win64\release\xrsound.lib
c:\users\сибирь\documents\github\oxr_coc\_build\lib\win64\release\xrsound.exp
c:\users\сибирь\documents\github\oxr_coc\_build\bin\win64\release\xrsound.ipdb
c:\users\сибирь\documents\github\oxr_coc\_build\bin\win64\release\xrsound.iobj
c:\users\сибирь\documents\github\oxr_coc\src\..\_build\bin\win64\release\xrsound.pdb
c:\users\сибирь\documents\github\oxr_coc\_build\intermediate\win64\release\xrsound\xrsound.tlog\cl.command.1.tlog
c:\users\сибирь\documents\github\oxr_coc\_build\intermediate\win64\release\xrsound\xrsound.tlog\cl.read.1.tlog
c:\users\сибирь\documents\github\oxr_coc\_build\intermediate\win64\release\xrsound\xrsound.tlog\cl.write.1.tlog
c:\users\сибирь\documents\github\oxr_coc\_build\intermediate\win64\release\xrsound\xrsound.tlog\link.command.1.tlog
c:\users\сибирь\documents\github\oxr_coc\_build\intermediate\win64\release\xrsound\xrsound.tlog\link.read.1.tlog
c:\users\сибирь\documents\github\oxr_coc\_build\intermediate\win64\release\xrsound\xrsound.tlog\link.write.1.tlog
c:\users\сибирь\documents\github\oxr_coc\_build\intermediate\win64\release\xrsound\xrsound.tlog\xrsound.write.1u.tlog
