c:\users\сибирь\documents\github\oxr_coc\_build\intermediate\win64\release\xraicore\xraicore.pch
c:\users\сибирь\documents\github\oxr_coc\_build\intermediate\win64\release\xraicore\vc141.pdb
c:\users\сибирь\documents\github\oxr_coc\_build\intermediate\win64\release\xraicore\pch.obj
c:\users\сибирь\documents\github\oxr_coc\_build\intermediate\win64\release\xraicore\aispacebase.obj
c:\users\сибирь\documents\github\oxr_coc\_build\intermediate\win64\release\xraicore\game_graph_script.obj
c:\users\сибирь\documents\github\oxr_coc\_build\intermediate\win64\release\xraicore\level_graph_vertex.obj
c:\users\сибирь\documents\github\oxr_coc\_build\intermediate\win64\release\xraicore\patrol_path_params.obj
c:\users\сибирь\documents\github\oxr_coc\_build\intermediate\win64\release\xraicore\patrol_path_storage.obj
c:\users\сибирь\documents\github\oxr_coc\_build\intermediate\win64\release\xraicore\script_world_property_script.obj
c:\users\сибирь\documents\github\oxr_coc\_build\intermediate\win64\release\xraicore\script_world_state_script.obj
c:\users\сибирь\documents\github\oxr_coc\_build\intermediate\win64\release\xraicore\level_graph.obj
c:\users\сибирь\documents\github\oxr_coc\_build\intermediate\win64\release\xraicore\patrol_path.obj
c:\users\сибирь\documents\github\oxr_coc\_build\intermediate\win64\release\xraicore\patrol_path_params_script.obj
c:\users\сибирь\documents\github\oxr_coc\_build\intermediate\win64\release\xraicore\patrol_point.obj
c:\users\сибирь\documents\github\oxr_coc\_build\bin\win64\release\xraicore.dll
c:\users\сибирь\documents\github\oxr_coc\_build\bin\win64\release\xraicore.pdb
c:\users\сибирь\documents\github\oxr_coc\_build\lib\win64\release\xraicore.lib
c:\users\сибирь\documents\github\oxr_coc\_build\lib\win64\release\xraicore.exp
c:\users\сибирь\documents\github\oxr_coc\_build\bin\win64\release\xraicore.ipdb
c:\users\сибирь\documents\github\oxr_coc\_build\bin\win64\release\xraicore.iobj
c:\users\сибирь\documents\github\oxr_coc\src\..\_build\bin\win64\release\xraicore.pdb
c:\users\сибирь\documents\github\oxr_coc\_build\intermediate\win64\release\xraicore\xraicore.tlog\cl.command.1.tlog
c:\users\сибирь\documents\github\oxr_coc\_build\intermediate\win64\release\xraicore\xraicore.tlog\cl.read.1.tlog
c:\users\сибирь\documents\github\oxr_coc\_build\intermediate\win64\release\xraicore\xraicore.tlog\cl.write.1.tlog
c:\users\сибирь\documents\github\oxr_coc\_build\intermediate\win64\release\xraicore\xraicore.tlog\link.command.1.tlog
c:\users\сибирь\documents\github\oxr_coc\_build\intermediate\win64\release\xraicore\xraicore.tlog\link.read.1.tlog
c:\users\сибирь\documents\github\oxr_coc\_build\intermediate\win64\release\xraicore\xraicore.tlog\link.write.1.tlog
c:\users\сибирь\documents\github\oxr_coc\_build\intermediate\win64\release\xraicore\xraicore.tlog\xraicore.write.1u.tlog
