  analyze.c
  encapiwrapper.c
  encfrag.c
  encinfo.c
  encode.c
  enquant.c
  fdct.c
  huffenc.c
  mathops.c
  mcenc.c
  rate.c
  tokenize.c
  mmxencfrag.c
  mmxfdct.c
  x86cpu.c
  x86enc.c
  apiwrapper.c
  bitpack.c
  decapiwrapper.c
  decinfo.c
  decode.c
  dequant.c
  fragment.c
  huffdec.c
  idct.c
  info.c
  internal.c
  quant.c
  state.c
  mmxfrag.c
  mmxidct.c
  mmxstate.c
  x86state.c
  libtheora_static.vcxproj -> C:\Users\сибирь\Documents\GitHub\OXR_CoC\src\..\_build\lib\Win64\Release\libtheora_static.lib
