c:\users\сибирь\documents\github\oxr_coc\_build\intermediate\win64\release\libtheora_static\analyze.obj
c:\users\сибирь\documents\github\oxr_coc\_build\intermediate\win64\release\libtheora_static\encode.obj
c:\users\сибирь\documents\github\oxr_coc\_build\intermediate\win64\release\libtheora_static\fdct.obj
c:\users\сибирь\documents\github\oxr_coc\_build\intermediate\win64\release\libtheora_static\mathops.obj
c:\users\сибирь\documents\github\oxr_coc\_build\intermediate\win64\release\libtheora_static\rate.obj
c:\users\сибирь\documents\github\oxr_coc\_build\intermediate\win64\release\libtheora_static\mmxencfrag.obj
c:\users\сибирь\documents\github\oxr_coc\_build\intermediate\win64\release\libtheora_static\x86cpu.obj
c:\users\сибирь\documents\github\oxr_coc\_build\intermediate\win64\release\libtheora_static\apiwrapper.obj
c:\users\сибирь\documents\github\oxr_coc\_build\intermediate\win64\release\libtheora_static\decapiwrapper.obj
c:\users\сибирь\documents\github\oxr_coc\_build\intermediate\win64\release\libtheora_static\decode.obj
c:\users\сибирь\documents\github\oxr_coc\_build\intermediate\win64\release\libtheora_static\huffdec.obj
c:\users\сибирь\documents\github\oxr_coc\_build\intermediate\win64\release\libtheora_static\info.obj
c:\users\сибирь\documents\github\oxr_coc\_build\intermediate\win64\release\libtheora_static\quant.obj
c:\users\сибирь\documents\github\oxr_coc\_build\intermediate\win64\release\libtheora_static\mmxfrag.obj
c:\users\сибирь\documents\github\oxr_coc\_build\intermediate\win64\release\libtheora_static\mmxstate.obj
c:\users\сибирь\documents\github\oxr_coc\_build\intermediate\win64\release\libtheora_static\encapiwrapper.obj
c:\users\сибирь\documents\github\oxr_coc\_build\intermediate\win64\release\libtheora_static\encfrag.obj
c:\users\сибирь\documents\github\oxr_coc\_build\intermediate\win64\release\libtheora_static\encinfo.obj
c:\users\сибирь\documents\github\oxr_coc\_build\intermediate\win64\release\libtheora_static\enquant.obj
c:\users\сибирь\documents\github\oxr_coc\_build\intermediate\win64\release\libtheora_static\huffenc.obj
c:\users\сибирь\documents\github\oxr_coc\_build\intermediate\win64\release\libtheora_static\mcenc.obj
c:\users\сибирь\documents\github\oxr_coc\_build\intermediate\win64\release\libtheora_static\tokenize.obj
c:\users\сибирь\documents\github\oxr_coc\_build\intermediate\win64\release\libtheora_static\mmxfdct.obj
c:\users\сибирь\documents\github\oxr_coc\_build\intermediate\win64\release\libtheora_static\x86enc.obj
c:\users\сибирь\documents\github\oxr_coc\_build\intermediate\win64\release\libtheora_static\bitpack.obj
c:\users\сибирь\documents\github\oxr_coc\_build\intermediate\win64\release\libtheora_static\decinfo.obj
c:\users\сибирь\documents\github\oxr_coc\_build\intermediate\win64\release\libtheora_static\dequant.obj
c:\users\сибирь\documents\github\oxr_coc\_build\intermediate\win64\release\libtheora_static\fragment.obj
c:\users\сибирь\documents\github\oxr_coc\_build\intermediate\win64\release\libtheora_static\idct.obj
c:\users\сибирь\documents\github\oxr_coc\_build\intermediate\win64\release\libtheora_static\internal.obj
c:\users\сибирь\documents\github\oxr_coc\_build\intermediate\win64\release\libtheora_static\state.obj
c:\users\сибирь\documents\github\oxr_coc\_build\intermediate\win64\release\libtheora_static\mmxidct.obj
c:\users\сибирь\documents\github\oxr_coc\_build\intermediate\win64\release\libtheora_static\x86state.obj
c:\users\сибирь\documents\github\oxr_coc\_build\intermediate\win64\release\libtheora_static\libtheora_static.pdb
c:\users\сибирь\documents\github\oxr_coc\_build\lib\win64\release\libtheora_static.lib
c:\users\сибирь\documents\github\oxr_coc\src\..\_build\lib\win64\release\libtheora_static.lib
c:\users\сибирь\documents\github\oxr_coc\_build\intermediate\win64\release\libtheora_static\libtheora_static.tlog\cl.10308.write.1.tlog
c:\users\сибирь\documents\github\oxr_coc\_build\intermediate\win64\release\libtheora_static\libtheora_static.tlog\cl.command.1.tlog
c:\users\сибирь\documents\github\oxr_coc\_build\intermediate\win64\release\libtheora_static\libtheora_static.tlog\cl.read.1.tlog
c:\users\сибирь\documents\github\oxr_coc\_build\intermediate\win64\release\libtheora_static\libtheora_static.tlog\lib-link.read.1.tlog
c:\users\сибирь\documents\github\oxr_coc\_build\intermediate\win64\release\libtheora_static\libtheora_static.tlog\lib-link.write.1.tlog
c:\users\сибирь\documents\github\oxr_coc\_build\intermediate\win64\release\libtheora_static\libtheora_static.tlog\lib.command.1.tlog
