c:\users\сибирь\documents\github\oxr_coc\_build\intermediate\win64\release\xrlc_light\xrlc_light.pch
c:\users\сибирь\documents\github\oxr_coc\_build\intermediate\win64\release\xrlc_light\vc141.pdb
c:\users\сибирь\documents\github\oxr_coc\_build\intermediate\win64\release\xrlc_light\stdafx.obj
c:\users\сибирь\documents\github\oxr_coc\_build\intermediate\win64\release\xrlc_light\hxgridinterface.obj
c:\users\сибирь\documents\github\oxr_coc\_build\intermediate\win64\release\xrlc_light\base_face.obj
c:\users\сибирь\documents\github\oxr_coc\_build\intermediate\win64\release\xrlc_light\b_build_texture.obj
c:\users\сибирь\documents\github\oxr_coc\_build\intermediate\win64\release\xrlc_light\detail_net_global_data.obj
c:\users\сибирь\documents\github\oxr_coc\_build\intermediate\win64\release\xrlc_light\detail_slot_calculate.obj
c:\users\сибирь\documents\github\oxr_coc\_build\intermediate\win64\release\xrlc_light\file_compress.obj
c:\users\сибирь\documents\github\oxr_coc\_build\intermediate\win64\release\xrlc_light\fitter.obj
c:\users\сибирь\documents\github\oxr_coc\_build\intermediate\win64\release\xrlc_light\global_slots_data.obj
c:\users\сибирь\documents\github\oxr_coc\_build\intermediate\win64\release\xrlc_light\implicit_net_global_data.obj
c:\users\сибирь\documents\github\oxr_coc\_build\intermediate\win64\release\xrlc_light\lcnet_task_manager.obj
c:\users\сибирь\documents\github\oxr_coc\_build\intermediate\win64\release\xrlc_light\lightmap.obj
c:\users\сибирь\documents\github\oxr_coc\_build\intermediate\win64\release\xrlc_light\light_execute.obj
c:\users\сибирь\documents\github\oxr_coc\_build\intermediate\win64\release\xrlc_light\lm_net_global_data.obj
c:\users\сибирь\documents\github\oxr_coc\_build\intermediate\win64\release\xrlc_light\mu_light_net.obj
c:\users\сибирь\documents\github\oxr_coc\_build\intermediate\win64\release\xrlc_light\net_cl_data_prepare.obj
c:\users\сибирь\documents\github\oxr_coc\_build\intermediate\win64\release\xrlc_light\net_execution.obj
c:\users\сибирь\documents\github\oxr_coc\_build\intermediate\win64\release\xrlc_light\net_execution_factory.obj
c:\users\сибирь\documents\github\oxr_coc\_build\intermediate\win64\release\xrlc_light\net_execution_factory_register.obj
c:\users\сибирь\documents\github\oxr_coc\_build\intermediate\win64\release\xrlc_light\net_execution_lightmaps.obj
c:\users\сибирь\documents\github\oxr_coc\_build\intermediate\win64\release\xrlc_light\net_execution_mu_ref.obj
c:\users\сибирь\documents\github\oxr_coc\_build\intermediate\win64\release\xrlc_light\net_exec_pool.obj
c:\users\сибирь\documents\github\oxr_coc\_build\intermediate\win64\release\xrlc_light\net_lightmaps_add_task.obj
c:\users\сибирь\documents\github\oxr_coc\_build\intermediate\win64\release\xrlc_light\recalculation.obj
c:\users\сибирь\documents\github\oxr_coc\_build\intermediate\win64\release\xrlc_light\serialize.obj
c:\users\сибирь\documents\github\oxr_coc\_build\intermediate\win64\release\xrlc_light\tcf.obj
c:\users\сибирь\documents\github\oxr_coc\_build\intermediate\win64\release\xrlc_light\uv_tri.obj
c:\users\сибирь\documents\github\oxr_coc\_build\intermediate\win64\release\xrlc_light\xrdeflectol_direct.obj
c:\users\сибирь\documents\github\oxr_coc\_build\intermediate\win64\release\xrlc_light\xrdeflectorlight.obj
c:\users\сибирь\documents\github\oxr_coc\_build\intermediate\win64\release\xrlc_light\xrimage_filter.obj
c:\users\сибирь\documents\github\oxr_coc\_build\intermediate\win64\release\xrlc_light\xrimage_resampler.obj
c:\users\сибирь\documents\github\oxr_coc\_build\intermediate\win64\release\xrlc_light\xrlc_light.obj
c:\users\сибирь\documents\github\oxr_coc\_build\intermediate\win64\release\xrlc_light\xrlightdonet.obj
c:\users\сибирь\documents\github\oxr_coc\_build\intermediate\win64\release\xrlc_light\xrlightvertex.obj
c:\users\сибирь\documents\github\oxr_coc\_build\intermediate\win64\release\xrlc_light\xrlight_imlicitnet.obj
c:\users\сибирь\documents\github\oxr_coc\_build\intermediate\win64\release\xrlc_light\xrlight_implicitcalcglobs.obj
c:\users\сибирь\documents\github\oxr_coc\_build\intermediate\win64\release\xrlc_light\xrlight_implicitdeflector.obj
c:\users\сибирь\documents\github\oxr_coc\_build\intermediate\win64\release\xrlc_light\xrmu_model_calc_faceopacity.obj
c:\users\сибирь\documents\github\oxr_coc\_build\intermediate\win64\release\xrlc_light\xrmu_model_calc_materials.obj
c:\users\сибирь\documents\github\oxr_coc\_build\intermediate\win64\release\xrlc_light\xrmu_model_calc_normals.obj
c:\users\сибирь\documents\github\oxr_coc\_build\intermediate\win64\release\xrlc_light\base_basis.obj
c:\users\сибирь\documents\github\oxr_coc\_build\intermediate\win64\release\xrlc_light\base_color.obj
c:\users\сибирь\documents\github\oxr_coc\_build\intermediate\win64\release\xrlc_light\base_lighting.obj
c:\users\сибирь\documents\github\oxr_coc\_build\intermediate\win64\release\xrlc_light\compiler.obj
c:\users\сибирь\documents\github\oxr_coc\_build\intermediate\win64\release\xrlc_light\etextureparams.obj
c:\users\сибирь\documents\github\oxr_coc\_build\intermediate\win64\release\xrlc_light\execute_statistics.obj
c:\users\сибирь\documents\github\oxr_coc\_build\intermediate\win64\release\xrlc_light\global_calculation_data.obj
c:\users\сибирь\documents\github\oxr_coc\_build\intermediate\win64\release\xrlc_light\gl_base_cl_data.obj
c:\users\сибирь\documents\github\oxr_coc\_build\intermediate\win64\release\xrlc_light\lcnet_task_menager_run_task.obj
c:\users\сибирь\documents\github\oxr_coc\_build\intermediate\win64\release\xrlc_light\lc_net_global_data.obj
c:\users\сибирь\documents\github\oxr_coc\_build\intermediate\win64\release\xrlc_light\lightthread.obj
c:\users\сибирь\documents\github\oxr_coc\_build\intermediate\win64\release\xrlc_light\lm_layer.obj
c:\users\сибирь\documents\github\oxr_coc\_build\intermediate\win64\release\xrlc_light\meshstaic.obj
c:\users\сибирь\documents\github\oxr_coc\_build\intermediate\win64\release\xrlc_light\mu_model_face.obj
c:\users\сибирь\documents\github\oxr_coc\_build\intermediate\win64\release\xrlc_light\mu_model_light.obj
c:\users\сибирь\documents\github\oxr_coc\_build\intermediate\win64\release\xrlc_light\mu_model_light_threads.obj
c:\users\сибирь\documents\github\oxr_coc\_build\intermediate\win64\release\xrlc_light\net_execution_detail_light.obj
c:\users\сибирь\documents\github\oxr_coc\_build\intermediate\win64\release\xrlc_light\net_execution_globals.obj
c:\users\сибирь\documents\github\oxr_coc\_build\intermediate\win64\release\xrlc_light\net_execution_implicit_light.obj
c:\users\сибирь\documents\github\oxr_coc\_build\intermediate\win64\release\xrlc_light\net_execution_mu_base.obj
c:\users\сибирь\documents\github\oxr_coc\_build\intermediate\win64\release\xrlc_light\net_execution_vertex_light.obj
c:\users\сибирь\documents\github\oxr_coc\_build\intermediate\win64\release\xrlc_light\net_global_data.obj
c:\users\сибирь\documents\github\oxr_coc\_build\intermediate\win64\release\xrlc_light\net_global_data_cleanup.obj
c:\users\сибирь\documents\github\oxr_coc\_build\intermediate\win64\release\xrlc_light\net_light_task.obj
c:\users\сибирь\documents\github\oxr_coc\_build\intermediate\win64\release\xrlc_light\net_stream.obj
c:\users\сибирь\documents\github\oxr_coc\_build\intermediate\win64\release\xrlc_light\net_task_callback.obj
c:\users\сибирь\documents\github\oxr_coc\_build\intermediate\win64\release\xrlc_light\ref_model_net_global_data.obj
c:\users\сибирь\documents\github\oxr_coc\_build\intermediate\win64\release\xrlc_light\xrdeflector.obj
c:\users\сибирь\documents\github\oxr_coc\_build\intermediate\win64\release\xrlc_light\xrface.obj
c:\users\сибирь\documents\github\oxr_coc\_build\intermediate\win64\release\xrlc_light\xrlc_globaldata.obj
c:\users\сибирь\documents\github\oxr_coc\_build\intermediate\win64\release\xrlc_light\xrlightvertexnet.obj
c:\users\сибирь\documents\github\oxr_coc\_build\intermediate\win64\release\xrlc_light\xrlight_implicit.obj
c:\users\сибирь\documents\github\oxr_coc\_build\intermediate\win64\release\xrlc_light\xrlight_implicitthread.obj
c:\users\сибирь\documents\github\oxr_coc\_build\intermediate\win64\release\xrlc_light\xrmu_model.obj
c:\users\сибирь\documents\github\oxr_coc\_build\intermediate\win64\release\xrlc_light\xrmu_model_calc_lighting.obj
c:\users\сибирь\documents\github\oxr_coc\_build\intermediate\win64\release\xrlc_light\xrmu_model_reference.obj
c:\users\сибирь\documents\github\oxr_coc\_build\intermediate\win64\release\xrlc_light\xrmu_model_export_cform_rcast.obj
c:\users\сибирь\documents\github\oxr_coc\_build\intermediate\win64\release\xrlc_light\xrmu_model_load.obj
c:\users\сибирь\documents\github\oxr_coc\_build\intermediate\win64\release\xrlc_light\xrmu_model_reference_calc_lighting.obj
c:\users\сибирь\documents\github\oxr_coc\_build\intermediate\win64\release\xrlc_light\xrlc_light.tlog\cl.command.1.tlog
c:\users\сибирь\documents\github\oxr_coc\_build\intermediate\win64\release\xrlc_light\xrlc_light.tlog\cl.read.1.tlog
c:\users\сибирь\documents\github\oxr_coc\_build\intermediate\win64\release\xrlc_light\xrlc_light.tlog\cl.write.1.tlog
