  stdafx.cpp
  hxGridInterface.cpp
  xrLoadSurface.cpp
  base_basis.cpp
  base_color.cpp
c:\users\сибирь\documents\github\oxr_coc\src\xrengine\xrloadsurface.cpp(4): fatal error C1083: Не удается открыть файл включение: FreeImage.h: No such file or directory, (компилируется исходный файл ..\..\xrEngine\xrLoadSurface.cpp)
  base_face.cpp
  base_lighting.cpp
  b_build_texture.cpp
  compiler.cpp
  detail_net_global_data.cpp
  detail_slot_calculate.cpp
  ETextureParams.cpp
  execute_statistics.cpp
  file_compress.cpp
  fitter.cpp
  global_calculation_data.cpp
  global_slots_data.cpp
  gl_base_cl_data.cpp
  implicit_net_global_data.cpp
  lcnet_task_manager.cpp
  lcnet_task_menager_run_task.cpp
  lc_net_global_data.cpp
  Lightmap.cpp
  LightThread.cpp
  light_execute.cpp
  lm_layer.cpp
  lm_net_global_data.cpp
  MeshStaic.cpp
  mu_light_net.cpp
  mu_model_face.cpp
  mu_model_light.cpp
  mu_model_light_threads.cpp
  net_cl_data_prepare.cpp
  net_execution.cpp
  net_execution_detail_light.cpp
  net_execution_factory.cpp
  net_execution_factory_register.cpp
  net_execution_globals.cpp
  net_execution_implicit_light.cpp
  net_execution_lightmaps.cpp
  net_execution_mu_base.cpp
  net_execution_mu_ref.cpp
  net_execution_vertex_light.cpp
  net_exec_pool.cpp
  net_global_data.cpp
  net_global_data_cleanup.cpp
  net_lightmaps_add_task.cpp
  net_light_task.cpp
  net_stream.cpp
  net_task_callback.cpp
  recalculation.cpp
  ref_model_net_global_data.cpp
  serialize.cpp
  tcf.cpp
  uv_tri.cpp
  xrDeflectoL_Direct.cpp
  xrDeflector.cpp
  xrDeflectorLight.cpp
  xrFace.cpp
  xrImage_Filter.cpp
  xrImage_Resampler.cpp
  xrLC_GlobalData.cpp
  xrLC_Light.cpp
  xrLightDoNet.cpp
  xrLightVertex.cpp
  xrLightVertexNet.cpp
  xrLight_ImlicitNet.cpp
  xrLight_Implicit.cpp
  xrLight_ImplicitCalcGlobs.cpp
  xrLight_ImplicitDeflector.cpp
  xrLight_ImplicitThread.cpp
  xrMU_Model.cpp
  xrMU_Model_Calc_faceopacity.cpp
  xrMU_Model_Calc_lighting.cpp
  xrMU_Model_Calc_materials.cpp
  xrMU_Model_Calc_normals.cpp
  xrMU_Model_export_cform_rcast.cpp
  xrMU_Model_Load.cpp
  xrMU_Model_Reference.cpp
  xrMU_Model_Reference_Calc_Lighting.cpp
