  stdafx.cpp
c:\program files (x86)\windows kits\10\include\10.0.10240.0\ucrt\fcntl.h(56): warning C4005: O_SEQUENTIAL: изменение макроопределения
  c:\users\сибирь\documents\github\oxr_coc\src\editors\ecore\stdafx.h(12): note: см. предыдущее определение "O_SEQUENTIAL"
c:\users\сибирь\documents\github\oxr_coc\src\editors\ecore\stdafx.h(72): warning C4005: DLL_API: изменение макроопределения
  c:\users\сибирь\documents\github\oxr_coc\src\common\commonimportexport.inl(81): note: см. предыдущее определение "DLL_API"
  c:\users\сибирь\documents\github\oxr_coc\src\xrcore\_stl_extensions.h(24) :  TODO : "tamlin: This header includes pretty much every std collection there are. Compiler-hog! FIX!"
  
  BoneEditor.cpp
  ColorPicker.cpp
  c_dinput.cpp
  D3DUtils.cpp
c:\users\сибирь\documents\github\oxr_coc\src\editors\ecore\editor\d3dutils.cpp(10): fatal error C1083: Не удается открыть файл включение: du_sphere_part.h: No such file or directory, (компилируется исходный файл Editor\D3DUtils.cpp)
  device.cpp
c:\users\сибирь\documents\github\oxr_coc\src\editors\xreprops\folderlib.h(6): fatal error C1083: Не удается открыть файл включение: ElTree.hpp: No such file or directory, (компилируется исходный файл Editor\BoneEditor.cpp)
  DeviceScreenshot.cpp
c:\users\сибирь\documents\github\oxr_coc\src\editors\xreprops\folderlib.h(6): fatal error C1083: Не удается открыть файл включение: ElTree.hpp: No such file or directory, (компилируется исходный файл Editor\DeviceScreenshot.cpp)
  du_box.cpp
c:\users\сибирь\documents\github\oxr_coc\src\editors\xreprops\folderlib.h(6): fatal error C1083: Не удается открыть файл включение: ElTree.hpp: No such file or directory, (компилируется исходный файл Editor\device.cpp)
  du_cone.cpp
  du_cylinder.cpp
  du_sphere.cpp
  EDetailModel.cpp
  EditMesh.cpp
c:\users\сибирь\documents\github\oxr_coc\src\editors\xreprops\folderlib.h(6): fatal error C1083: Не удается открыть файл включение: ElTree.hpp: No such file or directory, (компилируется исходный файл Editor\EDetailModel.cpp)
  EditMeshIO.cpp
c:\users\сибирь\documents\github\oxr_coc\src\editors\ecore\editor\pick_defs.h(129): error C2440: return: невозможно преобразовать "std::_Vector_iterator<std::_Vector_val<std::_Simple_types<_Ty>>>" в "SPickQuery::SResult *"
          with
          [
              _Ty=SPickQuery::SResult
          ] (компилируется исходный файл Editor\EditMesh.cpp)
  c:\users\сибирь\documents\github\oxr_coc\src\editors\ecore\editor\pick_defs.h(129): note: Для выполнения данного преобразования нет доступного оператора преобразования, определенного пользователем, или вызов оператора невозможен (компилируется исходный файл Editor\EditMesh.cpp)
c:\users\сибирь\documents\github\oxr_coc\src\editors\ecore\editor\pick_defs.h(129): error C2440: return: невозможно преобразовать "std::_Vector_iterator<std::_Vector_val<std::_Simple_types<_Ty>>>" в "SPickQuery::SResult *"
          with
          [
              _Ty=SPickQuery::SResult
          ] (компилируется исходный файл Editor\EditMeshIO.cpp)
  c:\users\сибирь\documents\github\oxr_coc\src\editors\ecore\editor\pick_defs.h(129): note: Для выполнения данного преобразования нет доступного оператора преобразования, определенного пользователем, или вызов оператора невозможен (компилируется исходный файл Editor\EditMeshIO.cpp)
c:\users\сибирь\documents\github\oxr_coc\src\editors\ecore\editor\pick_defs.h(130): error C2440: return: невозможно преобразовать "std::_Vector_iterator<std::_Vector_val<std::_Simple_types<_Ty>>>" в "SPickQuery::SResult *"
          with
          [
              _Ty=SPickQuery::SResult
          ] (компилируется исходный файл Editor\EditMeshIO.cpp)
  c:\users\сибирь\documents\github\oxr_coc\src\editors\ecore\editor\pick_defs.h(130): note: Для выполнения данного преобразования нет доступного оператора преобразования, определенного пользователем, или вызов оператора невозможен (компилируется исходный файл Editor\EditMeshIO.cpp)
c:\users\сибирь\documents\github\oxr_coc\src\editors\ecore\editor\pick_defs.h(130): error C2440: return: невозможно преобразовать "std::_Vector_iterator<std::_Vector_val<std::_Simple_types<_Ty>>>" в "SPickQuery::SResult *"
          with
          [
              _Ty=SPickQuery::SResult
          ] (компилируется исходный файл Editor\EditMesh.cpp)
  c:\users\сибирь\documents\github\oxr_coc\src\editors\ecore\editor\pick_defs.h(130): note: Для выполнения данного преобразования нет доступного оператора преобразования, определенного пользователем, или вызов оператора невозможен (компилируется исходный файл Editor\EditMesh.cpp)
  EditMeshModify.cpp
c:\users\сибирь\documents\github\oxr_coc\src\editors\ecore\editor\pick_defs.h(129): error C2440: return: невозможно преобразовать "std::_Vector_iterator<std::_Vector_val<std::_Simple_types<_Ty>>>" в "SPickQuery::SResult *"
          with
          [
              _Ty=SPickQuery::SResult
          ] (компилируется исходный файл Editor\EditMeshModify.cpp)
  c:\users\сибирь\documents\github\oxr_coc\src\editors\ecore\editor\pick_defs.h(129): note: Для выполнения данного преобразования нет доступного оператора преобразования, определенного пользователем, или вызов оператора невозможен (компилируется исходный файл Editor\EditMeshModify.cpp)
c:\users\сибирь\documents\github\oxr_coc\src\editors\ecore\editor\pick_defs.h(130): error C2440: return: невозможно преобразовать "std::_Vector_iterator<std::_Vector_val<std::_Simple_types<_Ty>>>" в "SPickQuery::SResult *"
          with
          [
              _Ty=SPickQuery::SResult
          ] (компилируется исходный файл Editor\EditMeshModify.cpp)
  c:\users\сибирь\documents\github\oxr_coc\src\editors\ecore\editor\pick_defs.h(130): note: Для выполнения данного преобразования нет доступного оператора преобразования, определенного пользователем, или вызов оператора невозможен (компилируется исходный файл Editor\EditMeshModify.cpp)
c:\users\сибирь\documents\github\oxr_coc\src\editors\xreprops\folderlib.h(6): fatal error C1083: Не удается открыть файл включение: ElTree.hpp: No such file or directory, (компилируется исходный файл Editor\EditMesh.cpp)
  EditMeshPick.cpp
  EditMeshRender.cpp
c:\users\сибирь\documents\github\oxr_coc\src\editors\ecore\editor\pick_defs.h(129): error C2440: return: невозможно преобразовать "std::_Vector_iterator<std::_Vector_val<std::_Simple_types<_Ty>>>" в "SPickQuery::SResult *"
          with
          [
              _Ty=SPickQuery::SResult
          ] (компилируется исходный файл Editor\EditMeshPick.cpp)
  c:\users\сибирь\documents\github\oxr_coc\src\editors\ecore\editor\pick_defs.h(129): note: Для выполнения данного преобразования нет доступного оператора преобразования, определенного пользователем, или вызов оператора невозможен (компилируется исходный файл Editor\EditMeshPick.cpp)
c:\users\сибирь\documents\github\oxr_coc\src\editors\ecore\editor\pick_defs.h(130): error C2440: return: невозможно преобразовать "std::_Vector_iterator<std::_Vector_val<std::_Simple_types<_Ty>>>" в "SPickQuery::SResult *"
          with
          [
              _Ty=SPickQuery::SResult
          ] (компилируется исходный файл Editor\EditMeshPick.cpp)
  c:\users\сибирь\documents\github\oxr_coc\src\editors\ecore\editor\pick_defs.h(130): note: Для выполнения данного преобразования нет доступного оператора преобразования, определенного пользователем, или вызов оператора невозможен (компилируется исходный файл Editor\EditMeshPick.cpp)
c:\users\сибирь\documents\github\oxr_coc\src\editors\ecore\editor\editmeshrender.cpp(8): fatal error C1083: Не удается открыть файл включение: EditMeshVLight.h: No such file or directory, (компилируется исходный файл Editor\EditMeshRender.cpp)
c:\users\сибирь\documents\github\oxr_coc\src\editors\ecore\editor\editmeshpick.cpp(10): fatal error C1083: Не удается открыть файл включение: editors/ECore/Engine/cl_collector.h: No such file or directory, (компилируется исходный файл Editor\EditMeshPick.cpp)
  EditObject.cpp
  EditObjectEditor.cpp
c:\users\сибирь\documents\github\oxr_coc\src\editors\ecore\editor\pick_defs.h(129): error C2440: return: невозможно преобразовать "std::_Vector_iterator<std::_Vector_val<std::_Simple_types<_Ty>>>" в "SPickQuery::SResult *"
          with
          [
              _Ty=SPickQuery::SResult
          ] (компилируется исходный файл Editor\EditObject.cpp)
  c:\users\сибирь\documents\github\oxr_coc\src\editors\ecore\editor\pick_defs.h(129): note: Для выполнения данного преобразования нет доступного оператора преобразования, определенного пользователем, или вызов оператора невозможен (компилируется исходный файл Editor\EditObject.cpp)
c:\users\сибирь\documents\github\oxr_coc\src\editors\ecore\editor\pick_defs.h(130): error C2440: return: невозможно преобразовать "std::_Vector_iterator<std::_Vector_val<std::_Simple_types<_Ty>>>" в "SPickQuery::SResult *"
          with
          [
              _Ty=SPickQuery::SResult
          ] (компилируется исходный файл Editor\EditObject.cpp)
  c:\users\сибирь\documents\github\oxr_coc\src\editors\ecore\editor\pick_defs.h(130): note: Для выполнения данного преобразования нет доступного оператора преобразования, определенного пользователем, или вызов оператора невозможен (компилируется исходный файл Editor\EditObject.cpp)
c:\users\сибирь\documents\github\oxr_coc\src\editors\ecore\editor\pick_defs.h(129): error C2440: return: невозможно преобразовать "std::_Vector_iterator<std::_Vector_val<std::_Simple_types<_Ty>>>" в "SPickQuery::SResult *"
          with
          [
              _Ty=SPickQuery::SResult
          ] (компилируется исходный файл Editor\EditObjectEditor.cpp)
  c:\users\сибирь\documents\github\oxr_coc\src\editors\ecore\editor\pick_defs.h(129): note: Для выполнения данного преобразования нет доступного оператора преобразования, определенного пользователем, или вызов оператора невозможен (компилируется исходный файл Editor\EditObjectEditor.cpp)
c:\users\сибирь\documents\github\oxr_coc\src\editors\ecore\editor\pick_defs.h(130): error C2440: return: невозможно преобразовать "std::_Vector_iterator<std::_Vector_val<std::_Simple_types<_Ty>>>" в "SPickQuery::SResult *"
          with
          [
              _Ty=SPickQuery::SResult
          ] (компилируется исходный файл Editor\EditObjectEditor.cpp)
  c:\users\сибирь\documents\github\oxr_coc\src\editors\ecore\editor\pick_defs.h(130): note: Для выполнения данного преобразования нет доступного оператора преобразования, определенного пользователем, или вызов оператора невозможен (компилируется исходный файл Editor\EditObjectEditor.cpp)
c:\users\сибирь\documents\github\oxr_coc\src\editors\xreprops\folderlib.h(6): fatal error C1083: Не удается открыть файл включение: ElTree.hpp: No such file or directory, (компилируется исходный файл Editor\EditObject.cpp)
  EditObjectImport.cpp
c:\users\сибирь\documents\github\oxr_coc\src\editors\ecore\editor\pick_defs.h(129): error C2440: return: невозможно преобразовать "std::_Vector_iterator<std::_Vector_val<std::_Simple_types<_Ty>>>" в "SPickQuery::SResult *"
          with
          [
              _Ty=SPickQuery::SResult
          ] (компилируется исходный файл Editor\EditObjectImport.cpp)
  c:\users\сибирь\documents\github\oxr_coc\src\editors\ecore\editor\pick_defs.h(129): note: Для выполнения данного преобразования нет доступного оператора преобразования, определенного пользователем, или вызов оператора невозможен (компилируется исходный файл Editor\EditObjectImport.cpp)
c:\users\сибирь\documents\github\oxr_coc\src\editors\ecore\editor\pick_defs.h(130): error C2440: return: невозможно преобразовать "std::_Vector_iterator<std::_Vector_val<std::_Simple_types<_Ty>>>" в "SPickQuery::SResult *"
          with
          [
              _Ty=SPickQuery::SResult
          ] (компилируется исходный файл Editor\EditObjectImport.cpp)
  c:\users\сибирь\documents\github\oxr_coc\src\editors\ecore\editor\pick_defs.h(130): note: Для выполнения данного преобразования нет доступного оператора преобразования, определенного пользователем, или вызов оператора невозможен (компилируется исходный файл Editor\EditObjectImport.cpp)
c:\users\сибирь\documents\github\oxr_coc\src\editors\xreprops\folderlib.h(6): fatal error C1083: Не удается открыть файл включение: ElTree.hpp: No such file or directory, (компилируется исходный файл Editor\EditObjectEditor.cpp)
  EditObjectIO.cpp
  EditObjectMotions.cpp
c:\users\сибирь\documents\github\oxr_coc\src\editors\ecore\editor\pick_defs.h(129): error C2440: return: невозможно преобразовать "std::_Vector_iterator<std::_Vector_val<std::_Simple_types<_Ty>>>" в "SPickQuery::SResult *"
          with
          [
              _Ty=SPickQuery::SResult
          ] (компилируется исходный файл Editor\EditObjectMotions.cpp)
  c:\users\сибирь\documents\github\oxr_coc\src\editors\ecore\editor\pick_defs.h(129): note: Для выполнения данного преобразования нет доступного оператора преобразования, определенного пользователем, или вызов оператора невозможен (компилируется исходный файл Editor\EditObjectMotions.cpp)
c:\users\сибирь\documents\github\oxr_coc\src\editors\ecore\editor\pick_defs.h(130): error C2440: return: невозможно преобразовать "std::_Vector_iterator<std::_Vector_val<std::_Simple_types<_Ty>>>" в "SPickQuery::SResult *"
          with
          [
              _Ty=SPickQuery::SResult
          ] (компилируется исходный файл Editor\EditObjectMotions.cpp)
  c:\users\сибирь\documents\github\oxr_coc\src\editors\ecore\editor\pick_defs.h(130): note: Для выполнения данного преобразования нет доступного оператора преобразования, определенного пользователем, или вызов оператора невозможен (компилируется исходный файл Editor\EditObjectMotions.cpp)
c:\users\сибирь\documents\github\oxr_coc\src\editors\ecore\editor\pick_defs.h(129): error C2440: return: невозможно преобразовать "std::_Vector_iterator<std::_Vector_val<std::_Simple_types<_Ty>>>" в "SPickQuery::SResult *"
          with
          [
              _Ty=SPickQuery::SResult
          ] (компилируется исходный файл Editor\EditObjectIO.cpp)
  c:\users\сибирь\documents\github\oxr_coc\src\editors\ecore\editor\pick_defs.h(129): note: Для выполнения данного преобразования нет доступного оператора преобразования, определенного пользователем, или вызов оператора невозможен (компилируется исходный файл Editor\EditObjectIO.cpp)
c:\users\сибирь\documents\github\oxr_coc\src\editors\ecore\editor\pick_defs.h(130): error C2440: return: невозможно преобразовать "std::_Vector_iterator<std::_Vector_val<std::_Simple_types<_Ty>>>" в "SPickQuery::SResult *"
          with
          [
              _Ty=SPickQuery::SResult
          ] (компилируется исходный файл Editor\EditObjectIO.cpp)
  c:\users\сибирь\documents\github\oxr_coc\src\editors\ecore\editor\pick_defs.h(130): note: Для выполнения данного преобразования нет доступного оператора преобразования, определенного пользователем, или вызов оператора невозможен (компилируется исходный файл Editor\EditObjectIO.cpp)
  EditObjectProps.cpp
c:\users\сибирь\documents\github\oxr_coc\src\editors\ecore\editor\pick_defs.h(129): error C2440: return: невозможно преобразовать "std::_Vector_iterator<std::_Vector_val<std::_Simple_types<_Ty>>>" в "SPickQuery::SResult *"
          with
          [
              _Ty=SPickQuery::SResult
          ] (компилируется исходный файл Editor\EditObjectProps.cpp)
  c:\users\сибирь\documents\github\oxr_coc\src\editors\ecore\editor\pick_defs.h(129): note: Для выполнения данного преобразования нет доступного оператора преобразования, определенного пользователем, или вызов оператора невозможен (компилируется исходный файл Editor\EditObjectProps.cpp)
c:\users\сибирь\documents\github\oxr_coc\src\editors\ecore\editor\pick_defs.h(130): error C2440: return: невозможно преобразовать "std::_Vector_iterator<std::_Vector_val<std::_Simple_types<_Ty>>>" в "SPickQuery::SResult *"
          with
          [
              _Ty=SPickQuery::SResult
          ] (компилируется исходный файл Editor\EditObjectProps.cpp)
  c:\users\сибирь\documents\github\oxr_coc\src\editors\ecore\editor\pick_defs.h(130): note: Для выполнения данного преобразования нет доступного оператора преобразования, определенного пользователем, или вызов оператора невозможен (компилируется исходный файл Editor\EditObjectProps.cpp)
c:\users\сибирь\documents\github\oxr_coc\src\editors\ecore\editor\editobjectmotions.cpp(73): error C2065: BoneIt: необъявленный идентификатор (компилируется исходный файл Editor\EditObjectMotions.cpp)
c:\users\сибирь\documents\github\oxr_coc\src\editors\ecore\editor\editobjectmotions.cpp(73): error C2146: синтаксическая ошибка: отсутствие ";" перед идентификатором "b_it" (компилируется исходный файл Editor\EditObjectMotions.cpp)
c:\users\сибирь\documents\github\oxr_coc\src\editors\ecore\editor\editobjectmotions.cpp(73): error C2143: синтаксическая ошибка: отсутствие ";" перед "=" (компилируется исходный файл Editor\EditObjectMotions.cpp)
c:\users\сибирь\documents\github\oxr_coc\src\editors\ecore\editor\editobjectmotions.cpp(73): error C2143: синтаксическая ошибка: отсутствие ")" перед "=" (компилируется исходный файл Editor\EditObjectMotions.cpp)
c:\users\сибирь\documents\github\oxr_coc\src\editors\ecore\editor\editobjectmotions.cpp(73): error C2059: синтаксическая ошибка: = (компилируется исходный файл Editor\EditObjectMotions.cpp)
c:\users\сибирь\documents\github\oxr_coc\src\editors\ecore\editor\editobjectmotions.cpp(73): error C2065: b_it: необъявленный идентификатор (компилируется исходный файл Editor\EditObjectMotions.cpp)
c:\users\сибирь\documents\github\oxr_coc\src\editors\ecore\editor\editobjectmotions.cpp(73): error C2059: синтаксическая ошибка: ) (компилируется исходный файл Editor\EditObjectMotions.cpp)
c:\users\сибирь\documents\github\oxr_coc\src\editors\ecore\editor\editobjectmotions.cpp(75): error C2059: синтаксическая ошибка: ; (компилируется исходный файл Editor\EditObjectMotions.cpp)
c:\users\сибирь\documents\github\oxr_coc\src\editors\ecore\editor\editobjectmotions.cpp(76): error C2065: b_it: необъявленный идентификатор (компилируется исходный файл Editor\EditObjectMotions.cpp)
c:\users\сибирь\documents\github\oxr_coc\src\editors\ecore\editor\editobjectmotions.cpp(86): error C2059: синтаксическая ошибка: if (компилируется исходный файл Editor\EditObjectMotions.cpp)
c:\users\сибирь\documents\github\oxr_coc\src\editors\ecore\editor\editobjectmotions.cpp(87): error C2143: синтаксическая ошибка: отсутствие ";" перед "{" (компилируется исходный файл Editor\EditObjectMotions.cpp)
c:\users\сибирь\documents\github\oxr_coc\src\editors\ecore\editor\editobjectmotions.cpp(87): error C2447: {: отсутствует заголовок функции (возможно, используется формальный список старого типа) (компилируется исходный файл Editor\EditObjectMotions.cpp)
c:\users\сибирь\documents\github\oxr_coc\src\editors\ecore\editor\editobjectmotions.cpp(91): error C2059: синтаксическая ошибка: } (компилируется исходный файл Editor\EditObjectMotions.cpp)
c:\users\сибирь\documents\github\oxr_coc\src\editors\ecore\editor\editobjectmotions.cpp(91): error C2143: синтаксическая ошибка: отсутствие ";" перед "}" (компилируется исходный файл Editor\EditObjectMotions.cpp)
c:\users\сибирь\documents\github\oxr_coc\src\editors\ecore\editor\editobjectmotions.cpp(95): error C2143: синтаксическая ошибка: отсутствие ";" перед "{" (компилируется исходный файл Editor\EditObjectMotions.cpp)
c:\users\сибирь\documents\github\oxr_coc\src\editors\ecore\editor\editobjectmotions.cpp(95): error C2447: {: отсутствует заголовок функции (возможно, используется формальный список старого типа) (компилируется исходный файл Editor\EditObjectMotions.cpp)
c:\users\сибирь\documents\github\oxr_coc\src\editors\xreprops\folderlib.h(6): fatal error C1083: Не удается открыть файл включение: ElTree.hpp: No such file or directory, (компилируется исходный файл Editor\EditObjectProps.cpp)
  EditObjectSkin.cpp
  EditorPreferences.cpp
c:\users\сибирь\documents\github\oxr_coc\src\editors\ecore\editor\pick_defs.h(129): error C2440: return: невозможно преобразовать "std::_Vector_iterator<std::_Vector_val<std::_Simple_types<_Ty>>>" в "SPickQuery::SResult *"
          with
          [
              _Ty=SPickQuery::SResult
          ] (компилируется исходный файл Editor\EditObjectSkin.cpp)
  c:\users\сибирь\documents\github\oxr_coc\src\editors\ecore\editor\pick_defs.h(129): note: Для выполнения данного преобразования нет доступного оператора преобразования, определенного пользователем, или вызов оператора невозможен (компилируется исходный файл Editor\EditObjectSkin.cpp)
c:\users\сибирь\documents\github\oxr_coc\src\editors\ecore\editor\pick_defs.h(130): error C2440: return: невозможно преобразовать "std::_Vector_iterator<std::_Vector_val<std::_Simple_types<_Ty>>>" в "SPickQuery::SResult *"
          with
          [
              _Ty=SPickQuery::SResult
          ] (компилируется исходный файл Editor\EditObjectSkin.cpp)
  c:\users\сибирь\documents\github\oxr_coc\src\editors\ecore\editor\pick_defs.h(130): note: Для выполнения данного преобразования нет доступного оператора преобразования, определенного пользователем, или вызов оператора невозможен (компилируется исходный файл Editor\EditObjectSkin.cpp)
c:\users\сибирь\documents\github\oxr_coc\src\editors\ecore\editor\editobjectskin.cpp(245): fatal error C1083: Не удается открыть файл включение: MgcCont3DMinSphere.h: No such file or directory, (компилируется исходный файл Editor\EditObjectSkin.cpp)
  ELog.cpp
c:\users\сибирь\documents\github\oxr_coc\src\editors\xreprops\propertieslist.h(6): fatal error C1083: Не удается открыть файл включение: ElTree.hpp: No such file or directory, (компилируется исходный файл Editor\EditorPreferences.cpp)
  Engine.cpp
c:\users\сибирь\documents\github\oxr_coc\src\editors\ecore\editor\logform.h(5): fatal error C1083: Не удается открыть файл включение: Classes.hpp: No such file or directory, (компилируется исходный файл Editor\ELog.cpp)
  EStats.cpp
  EThumbnail.cpp
c:\users\сибирь\documents\github\oxr_coc\src\editors\ecore\editor\estats.cpp(13): warning C4273: CEStats::CEStats: несовместимая компоновка dll (компилируется исходный файл Editor\EStats.cpp)
  c:\users\сибирь\documents\github\oxr_coc\src\editors\ecore\editor\estats.h(50): note: см. предыдущее определение "{ctor}" (компилируется исходный файл Editor\EStats.cpp)
c:\users\сибирь\documents\github\oxr_coc\src\editors\ecore\editor\estats.cpp(21): warning C4273: CEStats::~CEStats: несовместимая компоновка dll (компилируется исходный файл Editor\EStats.cpp)
  c:\users\сибирь\documents\github\oxr_coc\src\editors\ecore\editor\estats.h(51): note: см. предыдущее определение "{dtor}" (компилируется исходный файл Editor\EStats.cpp)
c:\users\сибирь\documents\github\oxr_coc\src\editors\ecore\editor\ethumbnail.h(64): error C2061: синтаксическая ошибка: идентификатор "TMxPanel" (компилируется исходный файл Editor\EThumbnail.cpp)
c:\users\сибирь\documents\github\oxr_coc\src\editors\ecore\editor\ethumbnail.h(67): error C2065: panel: необъявленный идентификатор (компилируется исходный файл Editor\EThumbnail.cpp)
c:\users\сибирь\documents\github\oxr_coc\src\editors\ecore\editor\ethumbnail.h(67): error C2664: "_rect<int> &_rect<int>::set(const _rect<int> &)": невозможно преобразовать аргумент 1 из "int" в "const _vector2<int> &" (компилируется исходный файл Editor\EThumbnail.cpp)
  c:\users\сибирь\documents\github\oxr_coc\src\editors\ecore\editor\ethumbnail.h(67): note: Причина: невозможно преобразовать "int" в "const _vector2<int>" (компилируется исходный файл Editor\EThumbnail.cpp)
  c:\users\сибирь\documents\github\oxr_coc\src\editors\ecore\editor\ethumbnail.h(67): note: Ни один конструктор не смог принять исходный тип, либо разрешение перегрузки конструктора неоднозначно (компилируется исходный файл Editor\EThumbnail.cpp)
c:\users\сибирь\documents\github\oxr_coc\src\editors\ecore\editor\ethumbnail.h(68): error C2065: panel: необъявленный идентификатор (компилируется исходный файл Editor\EThumbnail.cpp)
c:\users\сибирь\documents\github\oxr_coc\src\editors\ecore\editor\ethumbnail.h(104): error C2061: синтаксическая ошибка: идентификатор "TMxPanel" (компилируется исходный файл Editor\EThumbnail.cpp)
c:\users\сибирь\documents\github\oxr_coc\src\editors\ecore\editor\ethumbnail.h(104): error C2065: panel: необъявленный идентификатор (компилируется исходный файл Editor\EThumbnail.cpp)
c:\users\сибирь\documents\github\oxr_coc\src\editors\ecore\editor\estats.cpp(25): warning C4273: CEStats::Show: несовместимая компоновка dll (компилируется исходный файл Editor\EStats.cpp)
  c:\users\сибирь\documents\github\oxr_coc\src\editors\ecore\editor\estats.h(48): note: см. предыдущее определение "Show" (компилируется исходный файл Editor\EStats.cpp)
c:\users\сибирь\documents\github\oxr_coc\src\editors\xreprops\folderlib.h(6): fatal error C1083: Не удается открыть файл включение: ElTree.hpp: No such file or directory, (компилируется исходный файл Editor\EThumbnail.cpp)
  EThumbnailGroup.cpp
  EThumbnailObject.cpp
c:\users\сибирь\documents\github\oxr_coc\src\editors\ecore\editor\ethumbnail.h(64): error C2061: синтаксическая ошибка: идентификатор "TMxPanel" (компилируется исходный файл Editor\EThumbnailObject.cpp)
c:\users\сибирь\documents\github\oxr_coc\src\editors\ecore\editor\ethumbnail.h(67): error C2065: panel: необъявленный идентификатор (компилируется исходный файл Editor\EThumbnailObject.cpp)
c:\users\сибирь\documents\github\oxr_coc\src\editors\ecore\editor\ethumbnail.h(67): error C2664: "_rect<int> &_rect<int>::set(const _rect<int> &)": невозможно преобразовать аргумент 1 из "int" в "const _vector2<int> &" (компилируется исходный файл Editor\EThumbnailObject.cpp)
  c:\users\сибирь\documents\github\oxr_coc\src\editors\ecore\editor\ethumbnail.h(67): note: Причина: невозможно преобразовать "int" в "const _vector2<int>" (компилируется исходный файл Editor\EThumbnailObject.cpp)
  c:\users\сибирь\documents\github\oxr_coc\src\editors\ecore\editor\ethumbnail.h(67): note: Ни один конструктор не смог принять исходный тип, либо разрешение перегрузки конструктора неоднозначно (компилируется исходный файл Editor\EThumbnailObject.cpp)
c:\users\сибирь\documents\github\oxr_coc\src\editors\ecore\editor\ethumbnail.h(68): error C2065: panel: необъявленный идентификатор (компилируется исходный файл Editor\EThumbnailObject.cpp)
c:\users\сибирь\documents\github\oxr_coc\src\editors\ecore\editor\ethumbnail.h(104): error C2061: синтаксическая ошибка: идентификатор "TMxPanel" (компилируется исходный файл Editor\EThumbnailObject.cpp)
c:\users\сибирь\documents\github\oxr_coc\src\editors\ecore\editor\ethumbnail.h(104): error C2065: panel: необъявленный идентификатор (компилируется исходный файл Editor\EThumbnailObject.cpp)
c:\users\сибирь\documents\github\oxr_coc\src\editors\ecore\editor\ethumbnailobject.cpp(6): warning C4068: неизвестная директива pragma (компилируется исходный файл Editor\EThumbnailObject.cpp)
c:\users\сибирь\documents\github\oxr_coc\src\editors\ecore\editor\ethumbnailobject.cpp(58): error C2664: "void IReader::r(void *,int)": невозможно преобразовать аргумент 1 из "std::_Vector_iterator<std::_Vector_val<std::_Simple_types<_Ty>>>" в "void *"
          with
          [
              _Ty=u32
          ] (компилируется исходный файл Editor\EThumbnailObject.cpp)
  c:\users\сибирь\documents\github\oxr_coc\src\editors\ecore\editor\ethumbnailobject.cpp(58): note: Для выполнения данного преобразования нет доступного оператора преобразования, определенного пользователем, или вызов оператора невозможен (компилируется исходный файл Editor\EThumbnailObject.cpp)
c:\users\сибирь\documents\github\oxr_coc\src\editors\ecore\editor\ethumbnailobject.cpp(88): error C2664: "void IWriter::w_chunk(u32,void *,u32)": невозможно преобразовать аргумент 2 из "std::_Vector_iterator<std::_Vector_val<std::_Simple_types<_Ty>>>" в "void *"
          with
          [
              _Ty=u32
          ] (компилируется исходный файл Editor\EThumbnailObject.cpp)
  c:\users\сибирь\documents\github\oxr_coc\src\editors\ecore\editor\ethumbnailobject.cpp(88): note: Для выполнения данного преобразования нет доступного оператора преобразования, определенного пользователем, или вызов оператора невозможен (компилируется исходный файл Editor\EThumbnailObject.cpp)
c:\users\сибирь\documents\github\oxr_coc\src\editors\ecore\editor\ethumbnailobject.cpp(118): error C2440: <function-style-cast>: невозможно преобразовать "u32" в "xr_string" (компилируется исходный файл Editor\EThumbnailObject.cpp)
  c:\users\сибирь\documents\github\oxr_coc\src\editors\ecore\editor\ethumbnailobject.cpp(118): note: Ни один конструктор не смог принять исходный тип, либо разрешение перегрузки конструктора неоднозначно (компилируется исходный файл Editor\EThumbnailObject.cpp)
c:\users\сибирь\documents\github\oxr_coc\src\editors\ecore\editor\ethumbnailobject.cpp(118): error C2660: IPropHelper::CreateCaption: функция не принимает 2 аргументов (компилируется исходный файл Editor\EThumbnailObject.cpp)
  c:\users\сибирь\documents\github\oxr_coc\src\xrserverentities\xreprops.h(91): note:  см. объявление "IPropHelper::CreateCaption" (компилируется исходный файл Editor\EThumbnailObject.cpp)
c:\users\сибирь\documents\github\oxr_coc\src\editors\ecore\editor\ethumbnailobject.cpp(119): error C2440: <function-style-cast>: невозможно преобразовать "u32" в "xr_string" (компилируется исходный файл Editor\EThumbnailObject.cpp)
  c:\users\сибирь\documents\github\oxr_coc\src\editors\ecore\editor\ethumbnailobject.cpp(119): note: Ни один конструктор не смог принять исходный тип, либо разрешение перегрузки конструктора неоднозначно (компилируется исходный файл Editor\EThumbnailObject.cpp)
c:\users\сибирь\documents\github\oxr_coc\src\editors\ecore\editor\ethumbnailobject.cpp(119): error C2660: IPropHelper::CreateCaption: функция не принимает 2 аргументов (компилируется исходный файл Editor\EThumbnailObject.cpp)
  c:\users\сибирь\documents\github\oxr_coc\src\xrserverentities\xreprops.h(91): note:  см. объявление "IPropHelper::CreateCaption" (компилируется исходный файл Editor\EThumbnailObject.cpp)
c:\users\сибирь\documents\github\oxr_coc\src\editors\ecore\editor\ethumbnailobject.cpp(126): error C2440: <function-style-cast>: невозможно преобразовать "u32" в "xr_string" (компилируется исходный файл Editor\EThumbnailObject.cpp)
  c:\users\сибирь\documents\github\oxr_coc\src\editors\ecore\editor\ethumbnailobject.cpp(126): note: Ни один конструктор не смог принять исходный тип, либо разрешение перегрузки конструктора неоднозначно (компилируется исходный файл Editor\EThumbnailObject.cpp)
c:\users\сибирь\documents\github\oxr_coc\src\editors\ecore\editor\ethumbnailobject.cpp(126): error C2660: IPropHelper::CreateCaption: функция не принимает 2 аргументов (компилируется исходный файл Editor\EThumbnailObject.cpp)
  c:\users\сибирь\documents\github\oxr_coc\src\xrserverentities\xreprops.h(91): note:  см. объявление "IPropHelper::CreateCaption" (компилируется исходный файл Editor\EThumbnailObject.cpp)
c:\users\сибирь\documents\github\oxr_coc\src\editors\ecore\editor\ethumbnailobject.cpp(127): error C2440: <function-style-cast>: невозможно преобразовать "u32" в "xr_string" (компилируется исходный файл Editor\EThumbnailObject.cpp)
  c:\users\сибирь\documents\github\oxr_coc\src\editors\ecore\editor\ethumbnailobject.cpp(127): note: Ни один конструктор не смог принять исходный тип, либо разрешение перегрузки конструктора неоднозначно (компилируется исходный файл Editor\EThumbnailObject.cpp)
c:\users\сибирь\documents\github\oxr_coc\src\editors\ecore\editor\ethumbnailobject.cpp(127): error C2660: IPropHelper::CreateCaption: функция не принимает 2 аргументов (компилируется исходный файл Editor\EThumbnailObject.cpp)
  c:\users\сибирь\documents\github\oxr_coc\src\xrserverentities\xreprops.h(91): note:  см. объявление "IPropHelper::CreateCaption" (компилируется исходный файл Editor\EThumbnailObject.cpp)
c:\users\сибирь\documents\github\oxr_coc\src\editors\ecore\editor\ethumbnail.h(64): error C2061: синтаксическая ошибка: идентификатор "TMxPanel" (компилируется исходный файл Editor\EThumbnailGroup.cpp)
c:\users\сибирь\documents\github\oxr_coc\src\editors\ecore\editor\ethumbnail.h(67): error C2065: panel: необъявленный идентификатор (компилируется исходный файл Editor\EThumbnailGroup.cpp)
c:\users\сибирь\documents\github\oxr_coc\src\editors\ecore\editor\ethumbnail.h(67): error C2664: "_rect<int> &_rect<int>::set(const _rect<int> &)": невозможно преобразовать аргумент 1 из "int" в "const _vector2<int> &" (компилируется исходный файл Editor\EThumbnailGroup.cpp)
  c:\users\сибирь\documents\github\oxr_coc\src\editors\ecore\editor\ethumbnail.h(67): note: Причина: невозможно преобразовать "int" в "const _vector2<int>" (компилируется исходный файл Editor\EThumbnailGroup.cpp)
  c:\users\сибирь\documents\github\oxr_coc\src\editors\ecore\editor\ethumbnail.h(67): note: Ни один конструктор не смог принять исходный тип, либо разрешение перегрузки конструктора неоднозначно (компилируется исходный файл Editor\EThumbnailGroup.cpp)
c:\users\сибирь\documents\github\oxr_coc\src\editors\ecore\editor\ethumbnail.h(68): error C2065: panel: необъявленный идентификатор (компилируется исходный файл Editor\EThumbnailGroup.cpp)
c:\users\сибирь\documents\github\oxr_coc\src\editors\ecore\editor\ethumbnail.h(104): error C2061: синтаксическая ошибка: идентификатор "TMxPanel" (компилируется исходный файл Editor\EThumbnailGroup.cpp)
c:\users\сибирь\documents\github\oxr_coc\src\editors\ecore\editor\ethumbnail.h(104): error C2065: panel: необъявленный идентификатор (компилируется исходный файл Editor\EThumbnailGroup.cpp)
c:\users\сибирь\documents\github\oxr_coc\src\editors\ecore\editor\ethumbnailgroup.cpp(6): warning C4068: неизвестная директива pragma (компилируется исходный файл Editor\EThumbnailGroup.cpp)
c:\users\сибирь\documents\github\oxr_coc\src\editors\ecore\editor\ethumbnailgroup.cpp(57): error C2664: "void IReader::r(void *,int)": невозможно преобразовать аргумент 1 из "std::_Vector_iterator<std::_Vector_val<std::_Simple_types<_Ty>>>" в "void *"
          with
          [
              _Ty=u32
          ] (компилируется исходный файл Editor\EThumbnailGroup.cpp)
  c:\users\сибирь\documents\github\oxr_coc\src\editors\ecore\editor\ethumbnailgroup.cpp(57): note: Для выполнения данного преобразования нет доступного оператора преобразования, определенного пользователем, или вызов оператора невозможен (компилируется исходный файл Editor\EThumbnailGroup.cpp)
c:\users\сибирь\documents\github\oxr_coc\src\editors\ecore\editor\ethumbnailgroup.cpp(88): error C2664: "void IWriter::w_chunk(u32,void *,u32)": невозможно преобразовать аргумент 2 из "std::_Vector_iterator<std::_Vector_val<std::_Simple_types<_Ty>>>" в "void *"
          with
          [
              _Ty=u32
          ] (компилируется исходный файл Editor\EThumbnailGroup.cpp)
  c:\users\сибирь\documents\github\oxr_coc\src\editors\ecore\editor\ethumbnailgroup.cpp(88): note: Для выполнения данного преобразования нет доступного оператора преобразования, определенного пользователем, или вызов оператора невозможен (компилируется исходный файл Editor\EThumbnailGroup.cpp)
c:\users\сибирь\documents\github\oxr_coc\src\editors\ecore\editor\ethumbnailgroup.cpp(119): error C2440: <function-style-cast>: невозможно преобразовать "unsigned __int64" в "xr_string" (компилируется исходный файл Editor\EThumbnailGroup.cpp)
  c:\users\сибирь\documents\github\oxr_coc\src\editors\ecore\editor\ethumbnailgroup.cpp(119): note: Ни один конструктор не смог принять исходный тип, либо разрешение перегрузки конструктора неоднозначно (компилируется исходный файл Editor\EThumbnailGroup.cpp)
c:\users\сибирь\documents\github\oxr_coc\src\editors\ecore\editor\ethumbnailgroup.cpp(119): error C2660: IPropHelper::CreateCaption: функция не принимает 2 аргументов (компилируется исходный файл Editor\EThumbnailGroup.cpp)
  c:\users\сибирь\documents\github\oxr_coc\src\xrserverentities\xreprops.h(91): note:  см. объявление "IPropHelper::CreateCaption" (компилируется исходный файл Editor\EThumbnailGroup.cpp)
c:\users\сибирь\documents\github\oxr_coc\src\editors\ecore\editor\ethumbnailgroup.cpp(121): error C2039: sprintf: не является членом "std::basic_string<char,std::char_traits<char>,xalloc<char>>" (компилируется исходный файл Editor\EThumbnailGroup.cpp)
  c:\users\сибирь\documents\github\oxr_coc\src\xrcommon\xr_string.h(6): note:  см. объявление "std::basic_string<char,std::char_traits<char>,xalloc<char>>" (компилируется исходный файл Editor\EThumbnailGroup.cpp)
c:\users\сибирь\documents\github\oxr_coc\src\editors\ecore\editor\ethumbnailgroup.cpp(121): error C2660: IPropHelper::CreateCaption: функция не принимает 2 аргументов (компилируется исходный файл Editor\EThumbnailGroup.cpp)
  c:\users\сибирь\documents\github\oxr_coc\src\xrserverentities\xreprops.h(91): note:  см. объявление "IPropHelper::CreateCaption" (компилируется исходный файл Editor\EThumbnailGroup.cpp)
  EThumbnailSound.cpp
  EThumbnailTexture.cpp
c:\users\сибирь\documents\github\oxr_coc\src\editors\ecore\editor\ethumbnail.h(64): error C2061: синтаксическая ошибка: идентификатор "TMxPanel" (компилируется исходный файл Editor\EThumbnailTexture.cpp)
c:\users\сибирь\documents\github\oxr_coc\src\editors\ecore\editor\ethumbnail.h(67): error C2065: panel: необъявленный идентификатор (компилируется исходный файл Editor\EThumbnailTexture.cpp)
c:\users\сибирь\documents\github\oxr_coc\src\editors\ecore\editor\ethumbnail.h(67): error C2664: "_rect<int> &_rect<int>::set(const _rect<int> &)": невозможно преобразовать аргумент 1 из "int" в "const _vector2<int> &" (компилируется исходный файл Editor\EThumbnailTexture.cpp)
  c:\users\сибирь\documents\github\oxr_coc\src\editors\ecore\editor\ethumbnail.h(67): note: Причина: невозможно преобразовать "int" в "const _vector2<int>" (компилируется исходный файл Editor\EThumbnailTexture.cpp)
  c:\users\сибирь\documents\github\oxr_coc\src\editors\ecore\editor\ethumbnail.h(67): note: Ни один конструктор не смог принять исходный тип, либо разрешение перегрузки конструктора неоднозначно (компилируется исходный файл Editor\EThumbnailTexture.cpp)
c:\users\сибирь\documents\github\oxr_coc\src\editors\ecore\editor\ethumbnail.h(68): error C2065: panel: необъявленный идентификатор (компилируется исходный файл Editor\EThumbnailTexture.cpp)
c:\users\сибирь\documents\github\oxr_coc\src\editors\ecore\editor\ethumbnail.h(104): error C2061: синтаксическая ошибка: идентификатор "TMxPanel" (компилируется исходный файл Editor\EThumbnailTexture.cpp)
c:\users\сибирь\documents\github\oxr_coc\src\editors\ecore\editor\ethumbnail.h(104): error C2065: panel: необъявленный идентификатор (компилируется исходный файл Editor\EThumbnailTexture.cpp)
c:\users\сибирь\documents\github\oxr_coc\src\editors\xreprops\folderlib.h(6): fatal error C1083: Не удается открыть файл включение: ElTree.hpp: No such file or directory, (компилируется исходный файл Editor\EThumbnailTexture.cpp)
  ExportObjectOGF.cpp
c:\users\сибирь\documents\github\oxr_coc\src\editors\ecore\editor\ethumbnail.h(64): error C2061: синтаксическая ошибка: идентификатор "TMxPanel" (компилируется исходный файл Editor\EThumbnailSound.cpp)
c:\users\сибирь\documents\github\oxr_coc\src\editors\ecore\editor\ethumbnail.h(67): error C2065: panel: необъявленный идентификатор (компилируется исходный файл Editor\EThumbnailSound.cpp)
c:\users\сибирь\documents\github\oxr_coc\src\editors\ecore\editor\ethumbnail.h(67): error C2664: "_rect<int> &_rect<int>::set(const _rect<int> &)": невозможно преобразовать аргумент 1 из "int" в "const _vector2<int> &" (компилируется исходный файл Editor\EThumbnailSound.cpp)
  c:\users\сибирь\documents\github\oxr_coc\src\editors\ecore\editor\ethumbnail.h(67): note: Причина: невозможно преобразовать "int" в "const _vector2<int>" (компилируется исходный файл Editor\EThumbnailSound.cpp)
  c:\users\сибирь\documents\github\oxr_coc\src\editors\ecore\editor\ethumbnail.h(67): note: Ни один конструктор не смог принять исходный тип, либо разрешение перегрузки конструктора неоднозначно (компилируется исходный файл Editor\EThumbnailSound.cpp)
c:\users\сибирь\documents\github\oxr_coc\src\editors\ecore\editor\ethumbnail.h(68): error C2065: panel: необъявленный идентификатор (компилируется исходный файл Editor\EThumbnailSound.cpp)
c:\users\сибирь\documents\github\oxr_coc\src\editors\ecore\editor\ethumbnail.h(104): error C2061: синтаксическая ошибка: идентификатор "TMxPanel" (компилируется исходный файл Editor\EThumbnailSound.cpp)
c:\users\сибирь\documents\github\oxr_coc\src\editors\ecore\editor\ethumbnail.h(104): error C2065: panel: необъявленный идентификатор (компилируется исходный файл Editor\EThumbnailSound.cpp)
c:\users\сибирь\documents\github\oxr_coc\src\editors\ecore\editor\ethumbnailsound.cpp(6): warning C4068: неизвестная директива pragma (компилируется исходный файл Editor\EThumbnailSound.cpp)
c:\users\сибирь\documents\github\oxr_coc\src\editors\xreprops\propertieslist.h(6): fatal error C1083: Не удается открыть файл включение: ElTree.hpp: No such file or directory, (компилируется исходный файл Editor\EThumbnailSound.cpp)
  ExportSkeleton.cpp
c:\users\сибирь\documents\github\oxr_coc\src\editors\ecore\editor\pick_defs.h(129): error C2440: return: невозможно преобразовать "std::_Vector_iterator<std::_Vector_val<std::_Simple_types<_Ty>>>" в "SPickQuery::SResult *"
          with
          [
              _Ty=SPickQuery::SResult
          ] (компилируется исходный файл Editor\ExportObjectOGF.cpp)
  c:\users\сибирь\documents\github\oxr_coc\src\editors\ecore\editor\pick_defs.h(129): note: Для выполнения данного преобразования нет доступного оператора преобразования, определенного пользователем, или вызов оператора невозможен (компилируется исходный файл Editor\ExportObjectOGF.cpp)
c:\users\сибирь\documents\github\oxr_coc\src\editors\ecore\editor\pick_defs.h(130): error C2440: return: невозможно преобразовать "std::_Vector_iterator<std::_Vector_val<std::_Simple_types<_Ty>>>" в "SPickQuery::SResult *"
          with
          [
              _Ty=SPickQuery::SResult
          ] (компилируется исходный файл Editor\ExportObjectOGF.cpp)
  c:\users\сибирь\documents\github\oxr_coc\src\editors\ecore\editor\pick_defs.h(130): note: Для выполнения данного преобразования нет доступного оператора преобразования, определенного пользователем, или вызов оператора невозможен (компилируется исходный файл Editor\ExportObjectOGF.cpp)
c:\users\сибирь\documents\github\oxr_coc\src\editors\ecore\editor\exportobjectogf.cpp(12): fatal error C1083: Не удается открыть файл включение: std_classes.h: No such file or directory, (компилируется исходный файл Editor\ExportObjectOGF.cpp)
  GeometryCollector.cpp
c:\users\сибирь\documents\github\oxr_coc\src\editors\ecore\editor\pick_defs.h(129): error C2440: return: невозможно преобразовать "std::_Vector_iterator<std::_Vector_val<std::_Simple_types<_Ty>>>" в "SPickQuery::SResult *"
          with
          [
              _Ty=SPickQuery::SResult
          ] (компилируется исходный файл Editor\ExportSkeleton.cpp)
  c:\users\сибирь\documents\github\oxr_coc\src\editors\ecore\editor\pick_defs.h(129): note: Для выполнения данного преобразования нет доступного оператора преобразования, определенного пользователем, или вызов оператора невозможен (компилируется исходный файл Editor\ExportSkeleton.cpp)
c:\users\сибирь\documents\github\oxr_coc\src\editors\ecore\editor\pick_defs.h(130): error C2440: return: невозможно преобразовать "std::_Vector_iterator<std::_Vector_val<std::_Simple_types<_Ty>>>" в "SPickQuery::SResult *"
          with
          [
              _Ty=SPickQuery::SResult
          ] (компилируется исходный файл Editor\ExportSkeleton.cpp)
  c:\users\сибирь\documents\github\oxr_coc\src\editors\ecore\editor\pick_defs.h(130): note: Для выполнения данного преобразования нет доступного оператора преобразования, определенного пользователем, или вызов оператора невозможен (компилируется исходный файл Editor\ExportSkeleton.cpp)
c:\users\сибирь\documents\github\oxr_coc\src\editors\ecore\editor\exportskeleton.cpp(13): fatal error C1083: Не удается открыть файл включение: MgcCont3DBox.h: No such file or directory, (компилируется исходный файл Editor\ExportSkeleton.cpp)
  ImageEditor.cpp
c:\users\сибирь\documents\github\oxr_coc\src\editors\ecore\editor\geometrycollector.cpp(7): warning C4068: неизвестная директива pragma (компилируется исходный файл Editor\GeometryCollector.cpp)
c:\users\сибирь\documents\github\oxr_coc\src\editors\ecore\editor\imageeditor.h(6): fatal error C1083: Не удается открыть файл включение: Classes.hpp: No such file or directory, (компилируется исходный файл Editor\ImageEditor.cpp)
  ImageManager.cpp
c:\users\сибирь\documents\github\oxr_coc\src\editors\xreprops\folderlib.h(6): fatal error C1083: Не удается открыть файл включение: ElTree.hpp: No such file or directory, (компилируется исходный файл Editor\ImageManager.cpp)
  ImageManagerDO.cpp
  ImageManagerLOD.cpp
c:\users\сибирь\documents\github\oxr_coc\src\editors\xreprops\folderlib.h(6): fatal error C1083: Не удается открыть файл включение: ElTree.hpp: No such file or directory, (компилируется исходный файл Editor\ImageManagerDO.cpp)
  Library.cpp
c:\users\сибирь\documents\github\oxr_coc\src\editors\xreprops\folderlib.h(6): fatal error C1083: Не удается открыть файл включение: ElTree.hpp: No such file or directory, (компилируется исходный файл Editor\ImageManagerLOD.cpp)
  LogForm.cpp
c:\users\сибирь\documents\github\oxr_coc\src\editors\xreprops\folderlib.h(6): fatal error C1083: Не удается открыть файл включение: ElTree.hpp: No such file or directory, (компилируется исходный файл Editor\Library.cpp)
  MinimapEditor.cpp
c:\users\сибирь\documents\github\oxr_coc\src\editors\ecore\editor\logform.h(5): fatal error C1083: Не удается открыть файл включение: Classes.hpp: No such file or directory, (компилируется исходный файл Editor\LogForm.cpp)
  ParticleEffectActions.cpp
c:\users\сибирь\documents\github\oxr_coc\src\editors\ecore\editor\minimapeditor.h(6): fatal error C1083: Не удается открыть файл включение: Classes.hpp: No such file or directory, (компилируется исходный файл Editor\MinimapEditor.cpp)
  pDomain.cpp
c:\users\сибирь\documents\github\oxr_coc\src\editors\ecore\editor\pdomain.cpp(183): error C3861: TColor: идентификатор не найден (компилируется исходный файл Editor\pDomain.cpp)
c:\users\сибирь\documents\github\oxr_coc\src\editors\ecore\editor\pdomain.cpp(192): error C3861: TColor: идентификатор не найден (компилируется исходный файл Editor\pDomain.cpp)
c:\users\сибирь\documents\github\oxr_coc\src\editors\ecore\editor\pdomain.cpp(196): error C3861: TColor: идентификатор не найден (компилируется исходный файл Editor\pDomain.cpp)
c:\users\сибирь\documents\github\oxr_coc\src\editors\ecore\editor\pdomain.cpp(198): error C3861: TColor: идентификатор не найден (компилируется исходный файл Editor\pDomain.cpp)
c:\users\сибирь\documents\github\oxr_coc\src\editors\ecore\editor\pdomain.cpp(202): error C3861: TColor: идентификатор не найден (компилируется исходный файл Editor\pDomain.cpp)
c:\users\сибирь\documents\github\oxr_coc\src\editors\ecore\editor\pdomain.cpp(204): error C3861: TColor: идентификатор не найден (компилируется исходный файл Editor\pDomain.cpp)
c:\users\сибирь\documents\github\oxr_coc\src\editors\ecore\editor\pdomain.cpp(206): error C3861: TColor: идентификатор не найден (компилируется исходный файл Editor\pDomain.cpp)
c:\users\сибирь\documents\github\oxr_coc\src\editors\ecore\editor\pdomain.cpp(210): error C3861: TColor: идентификатор не найден (компилируется исходный файл Editor\pDomain.cpp)
c:\users\сибирь\documents\github\oxr_coc\src\editors\ecore\editor\pdomain.cpp(212): error C3861: TColor: идентификатор не найден (компилируется исходный файл Editor\pDomain.cpp)
c:\users\сибирь\documents\github\oxr_coc\src\editors\ecore\editor\pdomain.cpp(216): error C3861: TColor: идентификатор не найден (компилируется исходный файл Editor\pDomain.cpp)
c:\users\сибирь\documents\github\oxr_coc\src\editors\ecore\editor\pdomain.cpp(218): error C3861: TColor: идентификатор не найден (компилируется исходный файл Editor\pDomain.cpp)
c:\users\сибирь\documents\github\oxr_coc\src\editors\ecore\editor\pdomain.cpp(222): error C3861: TColor: идентификатор не найден (компилируется исходный файл Editor\pDomain.cpp)
c:\users\сибирь\documents\github\oxr_coc\src\editors\ecore\editor\pdomain.cpp(224): error C3861: TColor: идентификатор не найден (компилируется исходный файл Editor\pDomain.cpp)
c:\users\сибирь\documents\github\oxr_coc\src\editors\ecore\editor\pdomain.cpp(226): error C3861: TColor: идентификатор не найден (компилируется исходный файл Editor\pDomain.cpp)
c:\users\сибирь\documents\github\oxr_coc\src\editors\ecore\editor\pdomain.cpp(230): error C3861: TColor: идентификатор не найден (компилируется исходный файл Editor\pDomain.cpp)
c:\users\сибирь\documents\github\oxr_coc\src\editors\ecore\editor\pdomain.cpp(232): error C3861: TColor: идентификатор не найден (компилируется исходный файл Editor\pDomain.cpp)
c:\users\сибирь\documents\github\oxr_coc\src\editors\ecore\editor\pdomain.cpp(234): error C3861: TColor: идентификатор не найден (компилируется исходный файл Editor\pDomain.cpp)
c:\users\сибирь\documents\github\oxr_coc\src\editors\ecore\editor\pdomain.cpp(236): error C3861: TColor: идентификатор не найден (компилируется исходный файл Editor\pDomain.cpp)
c:\users\сибирь\documents\github\oxr_coc\src\editors\ecore\editor\pdomain.cpp(240): error C3861: TColor: идентификатор не найден (компилируется исходный файл Editor\pDomain.cpp)
c:\users\сибирь\documents\github\oxr_coc\src\editors\ecore\editor\pdomain.cpp(242): error C3861: TColor: идентификатор не найден (компилируется исходный файл Editor\pDomain.cpp)
c:\users\сибирь\documents\github\oxr_coc\src\editors\ecore\editor\pdomain.cpp(244): error C3861: TColor: идентификатор не найден (компилируется исходный файл Editor\pDomain.cpp)
c:\users\сибирь\documents\github\oxr_coc\src\editors\ecore\editor\pdomain.cpp(246): error C3861: TColor: идентификатор не найден (компилируется исходный файл Editor\pDomain.cpp)
c:\users\сибирь\documents\github\oxr_coc\src\editors\ecore\editor\pdomain.cpp(250): error C3861: TColor: идентификатор не найден (компилируется исходный файл Editor\pDomain.cpp)
c:\users\сибирь\documents\github\oxr_coc\src\editors\ecore\editor\pdomain.cpp(252): error C3861: TColor: идентификатор не найден (компилируется исходный файл Editor\pDomain.cpp)
c:\users\сибирь\documents\github\oxr_coc\src\editors\ecore\editor\pdomain.cpp(256): error C3861: TColor: идентификатор не найден (компилируется исходный файл Editor\pDomain.cpp)
c:\users\сибирь\documents\github\oxr_coc\src\editors\ecore\editor\pdomain.cpp(258): error C3861: TColor: идентификатор не найден (компилируется исходный файл Editor\pDomain.cpp)
c:\users\сибирь\documents\github\oxr_coc\src\editors\ecore\editor\pdomain.cpp(260): error C3861: TColor: идентификатор не найден (компилируется исходный файл Editor\pDomain.cpp)
c:\users\сибирь\documents\github\oxr_coc\src\editors\ecore\editor\pdomain.cpp(262): error C3861: TColor: идентификатор не найден (компилируется исходный файл Editor\pDomain.cpp)
c:\users\сибирь\documents\github\oxr_coc\src\editors\ecore\editor\pdomain.cpp(266): error C3861: TColor: идентификатор не найден (компилируется исходный файл Editor\pDomain.cpp)
c:\users\сибирь\documents\github\oxr_coc\src\editors\ecore\editor\pdomain.cpp(268): error C3861: TColor: идентификатор не найден (компилируется исходный файл Editor\pDomain.cpp)
c:\users\сибирь\documents\github\oxr_coc\src\editors\ecore\editor\pdomain.cpp(270): error C3861: TColor: идентификатор не найден (компилируется исходный файл Editor\pDomain.cpp)
c:\users\сибирь\documents\github\oxr_coc\src\editors\ecore\editor\pdomain.cpp(274): error C3861: TColor: идентификатор не найден (компилируется исходный файл Editor\pDomain.cpp)
c:\users\сибирь\documents\github\oxr_coc\src\editors\ecore\editor\pdomain.cpp(276): error C3861: TColor: идентификатор не найден (компилируется исходный файл Editor\pDomain.cpp)
c:\users\сибирь\documents\github\oxr_coc\src\editors\ecore\editor\pdomain.cpp(278): error C3861: TColor: идентификатор не найден (компилируется исходный файл Editor\pDomain.cpp)
c:\users\сибирь\documents\github\oxr_coc\src\editors\ecore\editor\pdomain.cpp(287): error C3861: TColor: идентификатор не найден (компилируется исходный файл Editor\pDomain.cpp)
c:\users\сибирь\documents\github\oxr_coc\src\editors\ecore\editor\pdomain.cpp(291): error C3861: TColor: идентификатор не найден (компилируется исходный файл Editor\pDomain.cpp)
c:\users\сибирь\documents\github\oxr_coc\src\editors\ecore\editor\pdomain.cpp(293): error C3861: TColor: идентификатор не найден (компилируется исходный файл Editor\pDomain.cpp)
c:\users\сибирь\documents\github\oxr_coc\src\editors\ecore\editor\pdomain.cpp(297): error C3861: TColor: идентификатор не найден (компилируется исходный файл Editor\pDomain.cpp)
c:\users\сибирь\documents\github\oxr_coc\src\editors\ecore\editor\pdomain.cpp(299): error C3861: TColor: идентификатор не найден (компилируется исходный файл Editor\pDomain.cpp)
c:\users\сибирь\documents\github\oxr_coc\src\editors\ecore\editor\pdomain.cpp(301): error C3861: TColor: идентификатор не найден (компилируется исходный файл Editor\pDomain.cpp)
c:\users\сибирь\documents\github\oxr_coc\src\editors\ecore\editor\pdomain.cpp(305): error C3861: TColor: идентификатор не найден (компилируется исходный файл Editor\pDomain.cpp)
c:\users\сибирь\documents\github\oxr_coc\src\editors\ecore\editor\pdomain.cpp(307): error C3861: TColor: идентификатор не найден (компилируется исходный файл Editor\pDomain.cpp)
c:\users\сибирь\documents\github\oxr_coc\src\editors\ecore\editor\pdomain.cpp(311): error C3861: TColor: идентификатор не найден (компилируется исходный файл Editor\pDomain.cpp)
c:\users\сибирь\documents\github\oxr_coc\src\editors\ecore\editor\pdomain.cpp(313): error C3861: TColor: идентификатор не найден (компилируется исходный файл Editor\pDomain.cpp)
c:\users\сибирь\documents\github\oxr_coc\src\editors\ecore\editor\pdomain.cpp(317): error C3861: TColor: идентификатор не найден (компилируется исходный файл Editor\pDomain.cpp)
c:\users\сибирь\documents\github\oxr_coc\src\editors\ecore\editor\pdomain.cpp(319): error C3861: TColor: идентификатор не найден (компилируется исходный файл Editor\pDomain.cpp)
c:\users\сибирь\documents\github\oxr_coc\src\editors\ecore\editor\pdomain.cpp(321): error C3861: TColor: идентификатор не найден (компилируется исходный файл Editor\pDomain.cpp)
c:\users\сибирь\documents\github\oxr_coc\src\editors\ecore\editor\pdomain.cpp(325): error C3861: TColor: идентификатор не найден (компилируется исходный файл Editor\pDomain.cpp)
c:\users\сибирь\documents\github\oxr_coc\src\editors\ecore\editor\pdomain.cpp(327): error C3861: TColor: идентификатор не найден (компилируется исходный файл Editor\pDomain.cpp)
c:\users\сибирь\documents\github\oxr_coc\src\editors\ecore\editor\pdomain.cpp(329): error C3861: TColor: идентификатор не найден (компилируется исходный файл Editor\pDomain.cpp)
c:\users\сибирь\documents\github\oxr_coc\src\editors\ecore\editor\pdomain.cpp(331): error C3861: TColor: идентификатор не найден (компилируется исходный файл Editor\pDomain.cpp)
c:\users\сибирь\documents\github\oxr_coc\src\editors\ecore\editor\pdomain.cpp(335): error C3861: TColor: идентификатор не найден (компилируется исходный файл Editor\pDomain.cpp)
c:\users\сибирь\documents\github\oxr_coc\src\editors\ecore\editor\pdomain.cpp(337): error C3861: TColor: идентификатор не найден (компилируется исходный файл Editor\pDomain.cpp)
c:\users\сибирь\documents\github\oxr_coc\src\editors\ecore\editor\pdomain.cpp(339): error C3861: TColor: идентификатор не найден (компилируется исходный файл Editor\pDomain.cpp)
c:\users\сибирь\documents\github\oxr_coc\src\editors\ecore\editor\pdomain.cpp(341): error C3861: TColor: идентификатор не найден (компилируется исходный файл Editor\pDomain.cpp)
c:\users\сибирь\documents\github\oxr_coc\src\editors\ecore\editor\pdomain.cpp(345): error C3861: TColor: идентификатор не найден (компилируется исходный файл Editor\pDomain.cpp)
c:\users\сибирь\documents\github\oxr_coc\src\editors\ecore\editor\pdomain.cpp(347): error C3861: TColor: идентификатор не найден (компилируется исходный файл Editor\pDomain.cpp)
c:\users\сибирь\documents\github\oxr_coc\src\editors\ecore\editor\pdomain.cpp(351): error C3861: TColor: идентификатор не найден (компилируется исходный файл Editor\pDomain.cpp)
c:\users\сибирь\documents\github\oxr_coc\src\editors\ecore\editor\pdomain.cpp(353): error C3861: TColor: идентификатор не найден (компилируется исходный файл Editor\pDomain.cpp)
c:\users\сибирь\documents\github\oxr_coc\src\editors\ecore\editor\pdomain.cpp(355): error C3861: TColor: идентификатор не найден (компилируется исходный файл Editor\pDomain.cpp)
c:\users\сибирь\documents\github\oxr_coc\src\editors\ecore\editor\pdomain.cpp(357): error C3861: TColor: идентификатор не найден (компилируется исходный файл Editor\pDomain.cpp)
c:\users\сибирь\documents\github\oxr_coc\src\editors\ecore\editor\pdomain.cpp(361): error C3861: TColor: идентификатор не найден (компилируется исходный файл Editor\pDomain.cpp)
c:\users\сибирь\documents\github\oxr_coc\src\editors\ecore\editor\pdomain.cpp(363): error C3861: TColor: идентификатор не найден (компилируется исходный файл Editor\pDomain.cpp)
c:\users\сибирь\documents\github\oxr_coc\src\editors\ecore\editor\pdomain.cpp(365): error C3861: TColor: идентификатор не найден (компилируется исходный файл Editor\pDomain.cpp)
c:\users\сибирь\documents\github\oxr_coc\src\editors\ecore\editor\pdomain.cpp(369): error C3861: TColor: идентификатор не найден (компилируется исходный файл Editor\pDomain.cpp)
c:\users\сибирь\documents\github\oxr_coc\src\editors\ecore\editor\pdomain.cpp(371): error C3861: TColor: идентификатор не найден (компилируется исходный файл Editor\pDomain.cpp)
c:\users\сибирь\documents\github\oxr_coc\src\editors\ecore\editor\pdomain.cpp(373): error C3861: TColor: идентификатор не найден (компилируется исходный файл Editor\pDomain.cpp)
c:\users\сибирь\documents\github\oxr_coc\src\editors\ecore\editor\pdomain.cpp(382): error C3861: TColor: идентификатор не найден (компилируется исходный файл Editor\pDomain.cpp)
c:\users\сибирь\documents\github\oxr_coc\src\editors\ecore\editor\pdomain.cpp(386): error C3861: TColor: идентификатор не найден (компилируется исходный файл Editor\pDomain.cpp)
c:\users\сибирь\documents\github\oxr_coc\src\editors\ecore\editor\pdomain.cpp(388): error C3861: TColor: идентификатор не найден (компилируется исходный файл Editor\pDomain.cpp)
c:\users\сибирь\documents\github\oxr_coc\src\editors\ecore\editor\pdomain.cpp(392): error C3861: TColor: идентификатор не найден (компилируется исходный файл Editor\pDomain.cpp)
c:\users\сибирь\documents\github\oxr_coc\src\editors\ecore\editor\pdomain.cpp(394): error C3861: TColor: идентификатор не найден (компилируется исходный файл Editor\pDomain.cpp)
c:\users\сибирь\documents\github\oxr_coc\src\editors\ecore\editor\pdomain.cpp(396): error C3861: TColor: идентификатор не найден (компилируется исходный файл Editor\pDomain.cpp)
c:\users\сибирь\documents\github\oxr_coc\src\editors\ecore\editor\pdomain.cpp(400): error C3861: TColor: идентификатор не найден (компилируется исходный файл Editor\pDomain.cpp)
c:\users\сибирь\documents\github\oxr_coc\src\editors\ecore\editor\pdomain.cpp(402): error C3861: TColor: идентификатор не найден (компилируется исходный файл Editor\pDomain.cpp)
c:\users\сибирь\documents\github\oxr_coc\src\editors\ecore\editor\pdomain.cpp(406): error C3861: TColor: идентификатор не найден (компилируется исходный файл Editor\pDomain.cpp)
c:\users\сибирь\documents\github\oxr_coc\src\editors\ecore\editor\pdomain.cpp(408): error C3861: TColor: идентификатор не найден (компилируется исходный файл Editor\pDomain.cpp)
c:\users\сибирь\documents\github\oxr_coc\src\editors\ecore\editor\pdomain.cpp(412): error C3861: TColor: идентификатор не найден (компилируется исходный файл Editor\pDomain.cpp)
c:\users\сибирь\documents\github\oxr_coc\src\editors\ecore\editor\pdomain.cpp(414): error C3861: TColor: идентификатор не найден (компилируется исходный файл Editor\pDomain.cpp)
c:\users\сибирь\documents\github\oxr_coc\src\editors\ecore\editor\pdomain.cpp(416): error C3861: TColor: идентификатор не найден (компилируется исходный файл Editor\pDomain.cpp)
c:\users\сибирь\documents\github\oxr_coc\src\editors\ecore\editor\pdomain.cpp(420): error C3861: TColor: идентификатор не найден (компилируется исходный файл Editor\pDomain.cpp)
c:\users\сибирь\documents\github\oxr_coc\src\editors\ecore\editor\pdomain.cpp(422): error C3861: TColor: идентификатор не найден (компилируется исходный файл Editor\pDomain.cpp)
c:\users\сибирь\documents\github\oxr_coc\src\editors\ecore\editor\pdomain.cpp(424): error C3861: TColor: идентификатор не найден (компилируется исходный файл Editor\pDomain.cpp)
c:\users\сибирь\documents\github\oxr_coc\src\editors\ecore\editor\pdomain.cpp(426): error C3861: TColor: идентификатор не найден (компилируется исходный файл Editor\pDomain.cpp)
c:\users\сибирь\documents\github\oxr_coc\src\editors\ecore\editor\pdomain.cpp(430): error C3861: TColor: идентификатор не найден (компилируется исходный файл Editor\pDomain.cpp)
c:\users\сибирь\documents\github\oxr_coc\src\editors\ecore\editor\pdomain.cpp(432): error C3861: TColor: идентификатор не найден (компилируется исходный файл Editor\pDomain.cpp)
c:\users\сибирь\documents\github\oxr_coc\src\editors\ecore\editor\pdomain.cpp(434): error C3861: TColor: идентификатор не найден (компилируется исходный файл Editor\pDomain.cpp)
c:\users\сибирь\documents\github\oxr_coc\src\editors\ecore\editor\pdomain.cpp(436): error C3861: TColor: идентификатор не найден (компилируется исходный файл Editor\pDomain.cpp)
c:\users\сибирь\documents\github\oxr_coc\src\editors\ecore\editor\pdomain.cpp(440): error C3861: TColor: идентификатор не найден (компилируется исходный файл Editor\pDomain.cpp)
c:\users\сибирь\documents\github\oxr_coc\src\editors\ecore\editor\pdomain.cpp(442): error C3861: TColor: идентификатор не найден (компилируется исходный файл Editor\pDomain.cpp)
c:\users\сибирь\documents\github\oxr_coc\src\editors\ecore\editor\pdomain.cpp(446): error C3861: TColor: идентификатор не найден (компилируется исходный файл Editor\pDomain.cpp)
c:\users\сибирь\documents\github\oxr_coc\src\editors\ecore\editor\pdomain.cpp(448): error C3861: TColor: идентификатор не найден (компилируется исходный файл Editor\pDomain.cpp)
c:\users\сибирь\documents\github\oxr_coc\src\editors\ecore\editor\pdomain.cpp(450): error C3861: TColor: идентификатор не найден (компилируется исходный файл Editor\pDomain.cpp)
c:\users\сибирь\documents\github\oxr_coc\src\editors\ecore\editor\pdomain.cpp(452): error C3861: TColor: идентификатор не найден (компилируется исходный файл Editor\pDomain.cpp)
c:\users\сибирь\documents\github\oxr_coc\src\editors\ecore\editor\pdomain.cpp(456): error C3861: TColor: идентификатор не найден (компилируется исходный файл Editor\pDomain.cpp)
c:\users\сибирь\documents\github\oxr_coc\src\editors\ecore\editor\pdomain.cpp(458): error C3861: TColor: идентификатор не найден (компилируется исходный файл Editor\pDomain.cpp)
c:\users\сибирь\documents\github\oxr_coc\src\editors\ecore\editor\pdomain.cpp(460): error C3861: TColor: идентификатор не найден (компилируется исходный файл Editor\pDomain.cpp)
c:\users\сибирь\documents\github\oxr_coc\src\editors\ecore\editor\pdomain.cpp(464): error C3861: TColor: идентификатор не найден (компилируется исходный файл Editor\pDomain.cpp)
c:\users\сибирь\documents\github\oxr_coc\src\editors\ecore\editor\pdomain.cpp(466): error C3861: TColor: идентификатор не найден (компилируется исходный файл Editor\pDomain.cpp)
c:\users\сибирь\documents\github\oxr_coc\src\editors\ecore\editor\pdomain.cpp(468): error C3861: TColor: идентификатор не найден (компилируется исходный файл Editor\pDomain.cpp)
  render.cpp
  SoundEditor.cpp
c:\users\сибирь\documents\github\oxr_coc\src\editors\ecore\editor\soundeditor.h(6): fatal error C1083: Не удается открыть файл включение: Classes.hpp: No such file or directory, (компилируется исходный файл Editor\SoundEditor.cpp)
  SoundManager.cpp
c:\users\сибирь\documents\github\oxr_coc\src\editors\ecore\editor\render.cpp(114): error C2664: "void CModelPool::Delete(dxRender_Visual *&,BOOL)": невозможно преобразовать аргумент 1 из "dxRender_Visual *" в "dxRender_Visual *&" (компилируется исходный файл Editor\render.cpp)
c:\users\сибирь\documents\github\oxr_coc\src\editors\ecore\editor\render.cpp(210): error C2259: CRenderTarget: невозможно создать экземпляр абстрактного класса (компилируется исходный файл Editor\render.cpp)
  c:\users\сибирь\documents\github\oxr_coc\src\editors\ecore\editor\render.cpp(210): note: из-за следующих членов: (компилируется исходный файл Editor\render.cpp)
  c:\users\сибирь\documents\github\oxr_coc\src\editors\ecore\editor\render.cpp(210): note: void IRender_Target::set_blur(float): абстрактный (компилируется исходный файл Editor\render.cpp)
  c:\users\сибирь\documents\github\oxr_coc\src\xrengine\render.h(136): note:  см. объявление "IRender_Target::set_blur" (компилируется исходный файл Editor\render.cpp)
  c:\users\сибирь\documents\github\oxr_coc\src\editors\ecore\editor\render.cpp(210): note: void IRender_Target::set_gray(float): абстрактный (компилируется исходный файл Editor\render.cpp)
  c:\users\сибирь\documents\github\oxr_coc\src\xrengine\render.h(137): note:  см. объявление "IRender_Target::set_gray" (компилируется исходный файл Editor\render.cpp)
  c:\users\сибирь\documents\github\oxr_coc\src\editors\ecore\editor\render.cpp(210): note: void IRender_Target::set_duality_h(float): абстрактный (компилируется исходный файл Editor\render.cpp)
  c:\users\сибирь\documents\github\oxr_coc\src\xrengine\render.h(138): note:  см. объявление "IRender_Target::set_duality_h" (компилируется исходный файл Editor\render.cpp)
  c:\users\сибирь\documents\github\oxr_coc\src\editors\ecore\editor\render.cpp(210): note: void IRender_Target::set_duality_v(float): абстрактный (компилируется исходный файл Editor\render.cpp)
  c:\users\сибирь\documents\github\oxr_coc\src\xrengine\render.h(139): note:  см. объявление "IRender_Target::set_duality_v" (компилируется исходный файл Editor\render.cpp)
  c:\users\сибирь\documents\github\oxr_coc\src\editors\ecore\editor\render.cpp(210): note: void IRender_Target::set_noise(float): абстрактный (компилируется исходный файл Editor\render.cpp)
  c:\users\сибирь\documents\github\oxr_coc\src\xrengine\render.h(140): note:  см. объявление "IRender_Target::set_noise" (компилируется исходный файл Editor\render.cpp)
  c:\users\сибирь\documents\github\oxr_coc\src\editors\ecore\editor\render.cpp(210): note: void IRender_Target::set_noise_scale(float): абстрактный (компилируется исходный файл Editor\render.cpp)
  c:\users\сибирь\documents\github\oxr_coc\src\xrengine\render.h(141): note:  см. объявление "IRender_Target::set_noise_scale" (компилируется исходный файл Editor\render.cpp)
  c:\users\сибирь\documents\github\oxr_coc\src\editors\ecore\editor\render.cpp(210): note: void IRender_Target::set_noise_fps(float): абстрактный (компилируется исходный файл Editor\render.cpp)
  c:\users\сибирь\documents\github\oxr_coc\src\xrengine\render.h(142): note:  см. объявление "IRender_Target::set_noise_fps" (компилируется исходный файл Editor\render.cpp)
  c:\users\сибирь\documents\github\oxr_coc\src\editors\ecore\editor\render.cpp(210): note: void IRender_Target::set_color_base(u32): абстрактный (компилируется исходный файл Editor\render.cpp)
  c:\users\сибирь\documents\github\oxr_coc\src\xrengine\render.h(143): note:  см. объявление "IRender_Target::set_color_base" (компилируется исходный файл Editor\render.cpp)
  c:\users\сибирь\documents\github\oxr_coc\src\editors\ecore\editor\render.cpp(210): note: void IRender_Target::set_color_gray(u32): абстрактный (компилируется исходный файл Editor\render.cpp)
  c:\users\сибирь\documents\github\oxr_coc\src\xrengine\render.h(144): note:  см. объявление "IRender_Target::set_color_gray" (компилируется исходный файл Editor\render.cpp)
  c:\users\сибирь\documents\github\oxr_coc\src\editors\ecore\editor\render.cpp(210): note: void IRender_Target::set_color_add(const Fvector &): абстрактный (компилируется исходный файл Editor\render.cpp)
  c:\users\сибирь\documents\github\oxr_coc\src\xrengine\render.h(146): note:  см. объявление "IRender_Target::set_color_add" (компилируется исходный файл Editor\render.cpp)
  c:\users\сибирь\documents\github\oxr_coc\src\editors\ecore\editor\render.cpp(210): note: void IRender_Target::set_cm_imfluence(float): абстрактный (компилируется исходный файл Editor\render.cpp)
  c:\users\сибирь\documents\github\oxr_coc\src\xrengine\render.h(149): note:  см. объявление "IRender_Target::set_cm_imfluence" (компилируется исходный файл Editor\render.cpp)
  c:\users\сибирь\documents\github\oxr_coc\src\editors\ecore\editor\render.cpp(210): note: void IRender_Target::set_cm_interpolate(float): абстрактный (компилируется исходный файл Editor\render.cpp)
  c:\users\сибирь\documents\github\oxr_coc\src\xrengine\render.h(150): note:  см. объявление "IRender_Target::set_cm_interpolate" (компилируется исходный файл Editor\render.cpp)
  c:\users\сибирь\documents\github\oxr_coc\src\editors\ecore\editor\render.cpp(210): note: void IRender_Target::set_cm_textures(const shared_str &,const shared_str &): абстрактный (компилируется исходный файл Editor\render.cpp)
  c:\users\сибирь\documents\github\oxr_coc\src\xrengine\render.h(151): note:  см. объявление "IRender_Target::set_cm_textures" (компилируется исходный файл Editor\render.cpp)
c:\users\сибирь\documents\github\oxr_coc\src\editors\xreprops\folderlib.h(6): fatal error C1083: Не удается открыть файл включение: ElTree.hpp: No such file or directory, (компилируется исходный файл Editor\SoundManager.cpp)
  TLSPRITE.CPP
  UI_Camera.cpp
c:\users\сибирь\documents\github\oxr_coc\src\editors\xreprops\folderlib.h(6): fatal error C1083: Не удается открыть файл включение: ElTree.hpp: No such file or directory, (компилируется исходный файл Editor\UI_Camera.cpp)
  ui_main.cpp
c:\users\сибирь\documents\github\oxr_coc\src\editors\xreprops\folderlib.h(6): fatal error C1083: Не удается открыть файл включение: ElTree.hpp: No such file or directory, (компилируется исходный файл Editor\ui_main.cpp)
  UI_MainCommand.cpp
  UI_MainMail.cpp
c:\users\сибирь\documents\github\oxr_coc\src\editors\ecore\editor\ui_mainmail.cpp(45): error C3861: Exception: идентификатор не найден (компилируется исходный файл Editor\UI_MainMail.cpp)
c:\users\сибирь\documents\github\oxr_coc\src\editors\ecore\editor\ui_mainmail.cpp(65): error C2039: LowerCase: не является членом "std::basic_string<char,std::char_traits<char>,xalloc<char>>" (компилируется исходный файл Editor\UI_MainMail.cpp)
  c:\users\сибирь\documents\github\oxr_coc\src\xrcommon\xr_string.h(6): note:  см. объявление "std::basic_string<char,std::char_traits<char>,xalloc<char>>" (компилируется исходный файл Editor\UI_MainMail.cpp)
c:\users\сибирь\documents\github\oxr_coc\src\editors\ecore\editor\ui_mainmail.cpp(73): error C2039: UpperCase: не является членом "std::basic_string<char,std::char_traits<char>,xalloc<char>>" (компилируется исходный файл Editor\UI_MainMail.cpp)
  c:\users\сибирь\documents\github\oxr_coc\src\xrcommon\xr_string.h(6): note:  см. объявление "std::basic_string<char,std::char_traits<char>,xalloc<char>>" (компилируется исходный файл Editor\UI_MainMail.cpp)
c:\users\сибирь\documents\github\oxr_coc\src\editors\ecore\editor\ui_mainmail.cpp(86): error C2039: UpperCase: не является членом "std::basic_string<char,std::char_traits<char>,xalloc<char>>" (компилируется исходный файл Editor\UI_MainMail.cpp)
  c:\users\сибирь\documents\github\oxr_coc\src\xrcommon\xr_string.h(6): note:  см. объявление "std::basic_string<char,std::char_traits<char>,xalloc<char>>" (компилируется исходный файл Editor\UI_MainMail.cpp)
c:\users\сибирь\documents\github\oxr_coc\src\editors\ecore\editor\ui_mainmail.cpp(94): error C2039: UpperCase: не является членом "std::basic_string<char,std::char_traits<char>,xalloc<char>>" (компилируется исходный файл Editor\UI_MainMail.cpp)
  c:\users\сибирь\documents\github\oxr_coc\src\xrcommon\xr_string.h(6): note:  см. объявление "std::basic_string<char,std::char_traits<char>,xalloc<char>>" (компилируется исходный файл Editor\UI_MainMail.cpp)
c:\users\сибирь\documents\github\oxr_coc\src\editors\ecore\editor\ui_mainmail.cpp(99): error C2039: UpperCase: не является членом "std::basic_string<char,std::char_traits<char>,xalloc<char>>" (компилируется исходный файл Editor\UI_MainMail.cpp)
  c:\users\сибирь\documents\github\oxr_coc\src\xrcommon\xr_string.h(6): note:  см. объявление "std::basic_string<char,std::char_traits<char>,xalloc<char>>" (компилируется исходный файл Editor\UI_MainMail.cpp)
c:\users\сибирь\documents\github\oxr_coc\src\editors\xreprops\folderlib.h(6): fatal error C1083: Не удается открыть файл включение: ElTree.hpp: No such file or directory, (компилируется исходный файл Editor\UI_MainCommand.cpp)
  UI_ToolsCustom.cpp
  ai_sounds.cpp
c:\users\сибирь\documents\github\oxr_coc\src\editors\xreprops\folderlib.h(6): fatal error C1083: Не удается открыть файл включение: ElTree.hpp: No such file or directory, (компилируется исходный файл Editor\UI_ToolsCustom.cpp)
  guid_generator.cpp
  Image.cpp
c:\users\сибирь\documents\github\oxr_coc\src\editors\ecore\engine\guid_generator.cpp(20): warning C4273: generate_guid: несовместимая компоновка dll (компилируется исходный файл Engine\guid_generator.cpp)
  c:\users\сибирь\documents\github\oxr_coc\src\editors\ecore\engine\guid_generator.h(15): note: см. предыдущее определение "generate_guid" (компилируется исходный файл Engine\guid_generator.cpp)
