c:\users\сибирь\documents\github\oxr_coc\_build\lib\win64\release\buildvm.lib
c:\users\сибирь\documents\github\oxr_coc\_build\lib\win64\release\buildvm.exp
c:\users\сибирь\documents\github\oxr_coc\externals\luajit\bin\x64\buildvm.ipdb
c:\users\сибирь\documents\github\oxr_coc\externals\luajit\bin\x64\buildvm.iobj
c:\users\сибирь\documents\github\oxr_coc\_build\intermediate\win64\release\buildvm\buildvm_asm.obj
c:\users\сибирь\documents\github\oxr_coc\_build\intermediate\win64\release\buildvm\buildvm_fold.obj
c:\users\сибирь\documents\github\oxr_coc\_build\intermediate\win64\release\buildvm\buildvm_peobj.obj
c:\users\сибирь\documents\github\oxr_coc\_build\intermediate\win64\release\buildvm\buildvm.obj
c:\users\сибирь\documents\github\oxr_coc\_build\intermediate\win64\release\buildvm\buildvm_lib.obj
c:\users\сибирь\documents\github\oxr_coc\_build\intermediate\win64\release\buildvm\vc141.pdb
c:\users\сибирь\documents\github\oxr_coc\externals\luajit\bin\x64\buildvm.exe
c:\users\сибирь\documents\github\oxr_coc\externals\luajit\bin\x64\buildvm.pdb
c:\users\сибирь\documents\github\oxr_coc\externals\luajit-proj\..\luajit\bin\x64\buildvm.pdb
c:\users\сибирь\documents\github\oxr_coc\externals\luajit-proj\..\luajit\bin\x64\buildvm.exe
c:\users\сибирь\documents\github\oxr_coc\_build\intermediate\win64\release\buildvm\buildvm.tlog\buildvm.write.1u.tlog
c:\users\сибирь\documents\github\oxr_coc\_build\intermediate\win64\release\buildvm\buildvm.tlog\cl.11544.write.1.tlog
c:\users\сибирь\documents\github\oxr_coc\_build\intermediate\win64\release\buildvm\buildvm.tlog\cl.command.1.tlog
c:\users\сибирь\documents\github\oxr_coc\_build\intermediate\win64\release\buildvm\buildvm.tlog\cl.read.1.tlog
c:\users\сибирь\documents\github\oxr_coc\_build\intermediate\win64\release\buildvm\buildvm.tlog\link.command.1.tlog
c:\users\сибирь\documents\github\oxr_coc\_build\intermediate\win64\release\buildvm\buildvm.tlog\link.read.1.tlog
c:\users\сибирь\documents\github\oxr_coc\_build\intermediate\win64\release\buildvm\buildvm.tlog\link.write.1.tlog
