  stdafx.cpp
  Bone.cpp
  Envelope.cpp
  Motion.cpp
  SkeletonMotions.cpp
  interp.cpp
  lzo_compressor.cpp
  rt_compressor.cpp
  rt_compressor9.cpp
  xr_dsa.cpp
  xr_dsa_signer.cpp
  xr_dsa_verifyer.cpp
  xr_sha.cpp
  MiniDump.cpp
  dxerr.cpp
  FMesh.cpp
  FS.cpp
  FTimer.cpp
  FileCRC32.cpp
  FileSystem.cpp
  FileSystem_borland.cpp
  LocatorAPI.cpp
  LocatorAPI_defs.cpp
  LzHuf.cpp
  MathUtil.cpp
  PLC_CPP.cpp
  PLC_SSE.cpp
  Skin4W_MT.cpp
  SkinXW_CPP.cpp
  SkinXW_SSE.cpp
  Image.cpp
  ModuleLookup.cpp
  NET_utils.cpp
  PPInfo.cpp
  PostProcess.cpp
  MbHelpers.cpp
  Event.cpp
  Lock.cpp
  ScopeLock.cpp
  ThreadPool.cpp
  XMLDocument.cpp
  tinystr.cpp
  tinyxml.cpp
  tinyxmlerror.cpp
  tinyxmlparser.cpp
  _compressed_normal.cpp
  _math.cpp
  _sphere.cpp
  _std_extensions.cpp
  clsid.cpp
  cpuid.cpp
  crc32.cpp
  dump_string.cpp
  file_stream_reader.cpp
  log.cpp
  os_clipboard.cpp
  ppmd_compressor.cpp
  stream_reader.cpp
  string_concatenations.cpp
  xrCore.cpp
  xrDebug.cpp
  xrMemory.cpp
  xr_ini.cpp
  xr_shared.cpp
  xr_token.cpp
  xr_trims.cpp
  xrsharedmem.cpp
  xrstring.cpp
  Model.cpp
     Создается библиотека C:\Users\сибирь\Documents\GitHub\OXR_CoC\src\..\_build\lib\Win64\Release\xrCore.lib и объект C:\Users\сибирь\Documents\GitHub\OXR_CoC\src\..\_build\lib\Win64\Release\xrCore.exp
  Создание кода
  1 of 7270 functions (<0.1%) were compiled, the rest were copied from previous compilation.
    0 functions were new in current compilation
    3 functions had inline decision re-evaluated but remain unchanged
  Создание кода завершено
  xrCore.vcxproj -> C:\Users\сибирь\Documents\GitHub\OXR_CoC\src\..\_build\bin\Win64\Release\xrCore.dll
  Copying the required libraries ...
  Скопировано файлов:         1.
  Скопировано файлов:         1.
  Скопировано файлов:         1.
  Скопировано файлов:         1.
  Скопировано файлов:         1.
  Скопировано файлов:         1.
  Скопировано файлов:         1.
  Скопировано файлов:         1.
  Скопировано файлов:         1.
  Скопировано файлов:         1.
  Скопировано файлов:         1.
  Скопировано файлов:         1.
  Скопировано файлов:         1.
  Скопировано файлов:         1.
  Скопировано файлов:         1.
  Скопировано файлов:         1.
