c:\users\сибирь\documents\github\oxr_coc\_build\intermediate\win64\release\xrcore\envelope.obj
c:\users\сибирь\documents\github\oxr_coc\_build\intermediate\win64\release\xrcore\interp.obj
c:\users\сибирь\documents\github\oxr_coc\_build\intermediate\win64\release\xrcore\skeletonmotions.obj
c:\users\сибирь\documents\github\oxr_coc\_build\intermediate\win64\release\xrcore\lzo_compressor.obj
c:\users\сибирь\documents\github\oxr_coc\_build\intermediate\win64\release\xrcore\cpuid.obj
c:\users\сибирь\documents\github\oxr_coc\_build\intermediate\win64\release\xrcore\xr_dsa.obj
c:\users\сибирь\documents\github\oxr_coc\_build\intermediate\win64\release\xrcore\xr_sha.obj
c:\users\сибирь\documents\github\oxr_coc\_build\intermediate\win64\release\xrcore\dxerr.obj
c:\users\сибирь\documents\github\oxr_coc\_build\intermediate\win64\release\xrcore\filecrc32.obj
c:\users\сибирь\documents\github\oxr_coc\_build\intermediate\win64\release\xrcore\filesystem_borland.obj
c:\users\сибирь\documents\github\oxr_coc\_build\intermediate\win64\release\xrcore\locatorapi.obj
c:\users\сибирь\documents\github\oxr_coc\_build\intermediate\win64\release\xrcore\plc_cpp.obj
c:\users\сибирь\documents\github\oxr_coc\_build\intermediate\win64\release\xrcore\skinxw_cpp.obj
c:\users\сибирь\documents\github\oxr_coc\_build\intermediate\win64\release\xrcore\skinxw_sse.obj
c:\users\сибирь\documents\github\oxr_coc\_build\intermediate\win64\release\xrcore\mathutil.obj
c:\users\сибирь\documents\github\oxr_coc\_build\intermediate\win64\release\xrcore\os_clipboard.obj
c:\users\сибирь\documents\github\oxr_coc\_build\intermediate\win64\release\xrcore\ppinfo.obj
c:\users\сибирь\documents\github\oxr_coc\_build\intermediate\win64\release\xrcore\ppmd_compressor.obj
c:\users\сибирь\documents\github\oxr_coc\_build\intermediate\win64\release\xrcore\string_concatenations.obj
c:\users\сибирь\documents\github\oxr_coc\_build\intermediate\win64\release\xrcore\event.obj
c:\users\сибирь\documents\github\oxr_coc\_build\intermediate\win64\release\xrcore\threadpool.obj
c:\users\сибирь\documents\github\oxr_coc\_build\intermediate\win64\release\xrcore\modulelookup.obj
c:\users\сибирь\documents\github\oxr_coc\_build\intermediate\win64\release\xrcore\xrdebug.obj
c:\users\сибирь\documents\github\oxr_coc\_build\intermediate\win64\release\xrcore\xrsharedmem.obj
c:\users\сибирь\documents\github\oxr_coc\_build\intermediate\win64\release\xrcore\xr_ini.obj
c:\users\сибирь\documents\github\oxr_coc\_build\intermediate\win64\release\xrcore\_compressed_normal.obj
c:\users\сибирь\documents\github\oxr_coc\_build\intermediate\win64\release\xrcore\_math.obj
c:\users\сибирь\documents\github\oxr_coc\_build\intermediate\win64\release\xrcore\_std_extensions.obj
c:\users\сибирь\documents\github\oxr_coc\_build\intermediate\win64\release\xrcore\bone.obj
c:\users\сибирь\documents\github\oxr_coc\_build\intermediate\win64\release\xrcore\motion.obj
c:\users\сибирь\documents\github\oxr_coc\_build\intermediate\win64\release\xrcore\clsid.obj
c:\users\сибирь\documents\github\oxr_coc\_build\intermediate\win64\release\xrcore\rt_compressor.obj
c:\users\сибирь\documents\github\oxr_coc\_build\intermediate\win64\release\xrcore\rt_compressor9.obj
c:\users\сибирь\documents\github\oxr_coc\_build\intermediate\win64\release\xrcore\crc32.obj
c:\users\сибирь\documents\github\oxr_coc\_build\intermediate\win64\release\xrcore\xr_dsa_signer.obj
c:\users\сибирь\documents\github\oxr_coc\_build\intermediate\win64\release\xrcore\xr_dsa_verifyer.obj
c:\users\сибирь\documents\github\oxr_coc\_build\intermediate\win64\release\xrcore\minidump.obj
c:\users\сибирь\documents\github\oxr_coc\_build\intermediate\win64\release\xrcore\dump_string.obj
c:\users\сибирь\documents\github\oxr_coc\_build\intermediate\win64\release\xrcore\filesystem.obj
c:\users\сибирь\documents\github\oxr_coc\_build\intermediate\win64\release\xrcore\file_stream_reader.obj
c:\users\сибирь\documents\github\oxr_coc\_build\intermediate\win64\release\xrcore\fmesh.obj
c:\users\сибирь\documents\github\oxr_coc\_build\intermediate\win64\release\xrcore\fs.obj
c:\users\сибирь\documents\github\oxr_coc\_build\intermediate\win64\release\xrcore\ftimer.obj
c:\users\сибирь\documents\github\oxr_coc\_build\intermediate\win64\release\xrcore\locatorapi_defs.obj
c:\users\сибирь\documents\github\oxr_coc\_build\intermediate\win64\release\xrcore\log.obj
c:\users\сибирь\documents\github\oxr_coc\_build\intermediate\win64\release\xrcore\lzhuf.obj
c:\users\сибирь\documents\github\oxr_coc\_build\intermediate\win64\release\xrcore\plc_sse.obj
c:\users\сибирь\documents\github\oxr_coc\_build\intermediate\win64\release\xrcore\skin4w_mt.obj
c:\users\сибирь\documents\github\oxr_coc\_build\intermediate\win64\release\xrcore\image.obj
c:\users\сибирь\documents\github\oxr_coc\_build\intermediate\win64\release\xrcore\net_utils.obj
c:\users\сибирь\documents\github\oxr_coc\_build\intermediate\win64\release\xrcore\postprocess.obj
c:\users\сибирь\documents\github\oxr_coc\_build\intermediate\win64\release\xrcore\stream_reader.obj
c:\users\сибирь\documents\github\oxr_coc\_build\intermediate\win64\release\xrcore\mbhelpers.obj
c:\users\сибирь\documents\github\oxr_coc\_build\intermediate\win64\release\xrcore\scopelock.obj
c:\users\сибирь\documents\github\oxr_coc\_build\intermediate\win64\release\xrcore\lock.obj
c:\users\сибирь\documents\github\oxr_coc\_build\intermediate\win64\release\xrcore\xrcore.obj
c:\users\сибирь\documents\github\oxr_coc\_build\intermediate\win64\release\xrcore\xrmemory.obj
c:\users\сибирь\documents\github\oxr_coc\_build\intermediate\win64\release\xrcore\xrstring.obj
c:\users\сибирь\documents\github\oxr_coc\_build\intermediate\win64\release\xrcore\xr_shared.obj
c:\users\сибирь\documents\github\oxr_coc\_build\intermediate\win64\release\xrcore\xr_token.obj
c:\users\сибирь\documents\github\oxr_coc\_build\intermediate\win64\release\xrcore\xr_trims.obj
c:\users\сибирь\documents\github\oxr_coc\_build\intermediate\win64\release\xrcore\_sphere.obj
c:\users\сибирь\documents\github\oxr_coc\_build\intermediate\win64\release\xrcore\xrcore.pch
c:\users\сибирь\documents\github\oxr_coc\_build\intermediate\win64\release\xrcore\vc141.pdb
c:\users\сибирь\documents\github\oxr_coc\_build\intermediate\win64\release\xrcore\stdafx.obj
c:\users\сибирь\documents\github\oxr_coc\_build\intermediate\win64\release\xrcore\tinystr.obj
c:\users\сибирь\documents\github\oxr_coc\_build\intermediate\win64\release\xrcore\tinyxml.obj
c:\users\сибирь\documents\github\oxr_coc\_build\intermediate\win64\release\xrcore\tinyxmlparser.obj
c:\users\сибирь\documents\github\oxr_coc\_build\intermediate\win64\release\xrcore\tinyxmlerror.obj
c:\users\сибирь\documents\github\oxr_coc\_build\intermediate\win64\release\xrcore\model.obj
c:\users\сибирь\documents\github\oxr_coc\_build\intermediate\win64\release\xrcore\xmldocument.obj
c:\users\сибирь\documents\github\oxr_coc\_build\bin\win64\release\xrcore.dll
c:\users\сибирь\documents\github\oxr_coc\_build\bin\win64\release\xrcore.pdb
c:\users\сибирь\documents\github\oxr_coc\_build\intermediate\win64\release\xrcore\xrcore.res
c:\users\сибирь\documents\github\oxr_coc\_build\lib\win64\release\xrcore.lib
c:\users\сибирь\documents\github\oxr_coc\_build\lib\win64\release\xrcore.exp
c:\users\сибирь\documents\github\oxr_coc\_build\bin\win64\release\xrcore.ipdb
c:\users\сибирь\documents\github\oxr_coc\_build\bin\win64\release\xrcore.iobj
c:\users\сибирь\documents\github\oxr_coc\src\..\_build\bin\win64\release\xrcore.pdb
c:\users\сибирь\documents\github\oxr_coc\src\..\_build\bin\win64\release\xrcore.dll
c:\users\сибирь\documents\github\oxr_coc\_build\intermediate\win64\release\xrcore\xrcore.tlog\cl.command.1.tlog
c:\users\сибирь\documents\github\oxr_coc\_build\intermediate\win64\release\xrcore\xrcore.tlog\cl.read.1.tlog
c:\users\сибирь\documents\github\oxr_coc\_build\intermediate\win64\release\xrcore\xrcore.tlog\cl.write.1.tlog
c:\users\сибирь\documents\github\oxr_coc\_build\intermediate\win64\release\xrcore\xrcore.tlog\link.command.1.tlog
c:\users\сибирь\documents\github\oxr_coc\_build\intermediate\win64\release\xrcore\xrcore.tlog\link.delete.1.tlog
c:\users\сибирь\documents\github\oxr_coc\_build\intermediate\win64\release\xrcore\xrcore.tlog\link.read.1.tlog
c:\users\сибирь\documents\github\oxr_coc\_build\intermediate\win64\release\xrcore\xrcore.tlog\link.write.1.tlog
c:\users\сибирь\documents\github\oxr_coc\_build\intermediate\win64\release\xrcore\xrcore.tlog\rc.command.1.tlog
c:\users\сибирь\documents\github\oxr_coc\_build\intermediate\win64\release\xrcore\xrcore.tlog\rc.read.1.tlog
c:\users\сибирь\documents\github\oxr_coc\_build\intermediate\win64\release\xrcore\xrcore.tlog\rc.write.1.tlog
c:\users\сибирь\documents\github\oxr_coc\_build\intermediate\win64\release\xrcore\xrcore.tlog\xrcore.write.1u.tlog
