C:\Program Files (x86)\Microsoft Visual Studio\2017\Community\MSBuild\15.0\Bin\Microsoft.Common.CurrentVersion.targets(1879,5): warning : The referenced project '..\..\..\Externals\pugixml_vs2017_static.vcxproj' does not exist.
  pch_script.cpp
  stdafx.cpp
  alife_human_brain.cpp
  alife_monster_brain.cpp
  alife_space.cpp
  character_info.cpp
  gametype_chooser.cpp
c:\users\сибирь\documents\github\oxr_coc\src\xrcore\xml\xmldocument.hpp(13): error C2146: синтаксическая ошибка: отсутствие ";" перед идентификатором "DELIMITER" (компилируется исходный файл ..\..\xrServerEntities\character_info.cpp)
c:\users\сибирь\documents\github\oxr_coc\src\xrcore\xml\xmldocument.hpp(13): error C4430: отсутствует спецификатор типа - предполагается int. Примечание. C++ не поддерживает int по умолчанию (компилируется исходный файл ..\..\xrServerEntities\character_info.cpp)
  object_factory.cpp
  PHNetState.cpp
  PHSynchronize.cpp
  script_ini_file.cpp
  script_token_list.cpp
  specific_character.cpp
  xrServer_Factory.cpp
c:\users\сибирь\documents\github\oxr_coc\src\xrcore\xml\xmldocument.hpp(13): error C2146: синтаксическая ошибка: отсутствие ";" перед идентификатором "DELIMITER" (компилируется исходный файл ..\..\xrServerEntities\specific_character.cpp)
c:\users\сибирь\documents\github\oxr_coc\src\xrcore\xml\xmldocument.hpp(13): error C4430: отсутствует спецификатор типа - предполагается int. Примечание. C++ не поддерживает int по умолчанию (компилируется исходный файл ..\..\xrServerEntities\specific_character.cpp)
  xrServer_Objects.cpp
  xrServer_Objects_Abstract.cpp
  xrServer_Objects_ALife.cpp
  xrServer_Objects_ALife_Items.cpp
c:\users\сибирь\documents\github\oxr_coc\src\xrcore\xml\xmldocument.hpp(13): error C2146: синтаксическая ошибка: отсутствие ";" перед идентификатором "DELIMITER" (компилируется исходный файл ..\..\xrServerEntities\xrServer_Objects_ALife.cpp)
c:\users\сибирь\documents\github\oxr_coc\src\xrcore\xml\xmldocument.hpp(13): error C4430: отсутствует спецификатор типа - предполагается int. Примечание. C++ не поддерживает int по умолчанию (компилируется исходный файл ..\..\xrServerEntities\xrServer_Objects_ALife.cpp)
  xrServer_Objects_ALife_Monsters.cpp
  xrServer_Object_Base.cpp
c:\users\сибирь\documents\github\oxr_coc\src\xrcore\xml\xmldocument.hpp(13): error C2146: синтаксическая ошибка: отсутствие ";" перед идентификатором "DELIMITER" (компилируется исходный файл ..\..\xrServerEntities\xrServer_Objects_ALife_Monsters.cpp)
c:\users\сибирь\documents\github\oxr_coc\src\xrcore\xml\xmldocument.hpp(13): error C4430: отсутствует спецификатор типа - предполагается int. Примечание. C++ не поддерживает int по умолчанию (компилируется исходный файл ..\..\xrServerEntities\xrServer_Objects_ALife_Monsters.cpp)
  ai_space.cpp
  properties_list_helper_script.cpp
  script_properties_list_helper.cpp
  xrSE_Factory.cpp
c:\users\сибирь\documents\github\oxr_coc\src\xrcore\xml\xmldocument.hpp(13): error C2146: синтаксическая ошибка: отсутствие ";" перед идентификатором "DELIMITER" (компилируется исходный файл xrSE_Factory.cpp)
c:\users\сибирь\documents\github\oxr_coc\src\xrcore\xml\xmldocument.hpp(13): error C4430: отсутствует спецификатор типа - предполагается int. Примечание. C++ не поддерживает int по умолчанию (компилируется исходный файл xrSE_Factory.cpp)
  xrUIXmlParser.cpp
c:\users\сибирь\documents\github\oxr_coc\src\xrcore\xml\xmldocument.hpp(13): error C2146: синтаксическая ошибка: отсутствие ";" перед идентификатором "DELIMITER" (компилируется исходный файл xrUIXmlParser.cpp)
c:\users\сибирь\documents\github\oxr_coc\src\xrcore\xml\xmldocument.hpp(13): error C4430: отсутствует спецификатор типа - предполагается int. Примечание. C++ не поддерживает int по умолчанию (компилируется исходный файл xrUIXmlParser.cpp)
