c:\users\сибирь\documents\github\oxr_coc\_build\intermediate\win64\release\cximage\ximacfg.obj
c:\users\сибирь\documents\github\oxr_coc\_build\intermediate\win64\release\cximage\ximaexif.obj
c:\users\сибирь\documents\github\oxr_coc\_build\intermediate\win64\release\cximage\ximainfo.obj
c:\users\сибирь\documents\github\oxr_coc\_build\intermediate\win64\release\cximage\ximajpg.obj
c:\users\сибирь\documents\github\oxr_coc\_build\intermediate\win64\release\cximage\ximalyr.obj
c:\users\сибирь\documents\github\oxr_coc\_build\intermediate\win64\release\cximage\ximasel.obj
c:\users\сибирь\documents\github\oxr_coc\_build\intermediate\win64\release\cximage\xmemfile.obj
c:\users\сибирь\documents\github\oxr_coc\_build\intermediate\win64\release\cximage\ximaenc.obj
c:\users\сибирь\documents\github\oxr_coc\_build\intermediate\win64\release\cximage\ximage.obj
c:\users\сибирь\documents\github\oxr_coc\_build\intermediate\win64\release\cximage\ximaint.obj
c:\users\сибирь\documents\github\oxr_coc\_build\intermediate\win64\release\cximage\ximalpha.obj
c:\users\сибирь\documents\github\oxr_coc\_build\intermediate\win64\release\cximage\ximapal.obj
c:\users\сибирь\documents\github\oxr_coc\_build\intermediate\win64\release\cximage\ximath.obj
c:\users\сибирь\documents\github\oxr_coc\_build\intermediate\win64\release\cximage\cximage.pdb
c:\users\сибирь\documents\github\oxr_coc\_build\lib\win64\release\cximage.lib
c:\users\сибирь\documents\github\oxr_coc\src\..\_build\lib\win64\release\cximage.lib
c:\users\сибирь\documents\github\oxr_coc\_build\intermediate\win64\release\cximage\cximage.tlog\cl.2020.write.1.tlog
c:\users\сибирь\documents\github\oxr_coc\_build\intermediate\win64\release\cximage\cximage.tlog\cl.command.1.tlog
c:\users\сибирь\documents\github\oxr_coc\_build\intermediate\win64\release\cximage\cximage.tlog\cl.read.1.tlog
c:\users\сибирь\documents\github\oxr_coc\_build\intermediate\win64\release\cximage\cximage.tlog\lib-link.read.1.tlog
c:\users\сибирь\documents\github\oxr_coc\_build\intermediate\win64\release\cximage\cximage.tlog\lib-link.write.1.tlog
c:\users\сибирь\documents\github\oxr_coc\_build\intermediate\win64\release\cximage\cximage.tlog\lib.command.1.tlog
