c:\users\сибирь\documents\github\oxr_coc\_build\intermediate\win64\release\magicfm\mgcappr2dellipsebyarcs.obj
c:\users\сибирь\documents\github\oxr_coc\_build\intermediate\win64\release\magicfm\mgcappr2dgausspointsfit.obj
c:\users\сибирь\documents\github\oxr_coc\_build\intermediate\win64\release\magicfm\mgcappr2dlinefit.obj
c:\users\сибирь\documents\github\oxr_coc\_build\intermediate\win64\release\magicfm\mgcappr3dellipsoidfit.obj
c:\users\сибирь\documents\github\oxr_coc\_build\intermediate\win64\release\magicfm\mgcappr3dparaboloidfit.obj
c:\users\сибирь\documents\github\oxr_coc\_build\intermediate\win64\release\magicfm\mgcappr3dquadraticfit.obj
c:\users\сибирь\documents\github\oxr_coc\_build\intermediate\win64\release\magicfm\mgccont2dbox.obj
c:\users\сибирь\documents\github\oxr_coc\_build\intermediate\win64\release\magicfm\mgccont2dellipse.obj
c:\users\сибирь\documents\github\oxr_coc\_build\intermediate\win64\release\magicfm\mgccont2dminbox.obj
c:\users\сибирь\documents\github\oxr_coc\_build\intermediate\win64\release\magicfm\mgccont2dpointinpolygon.obj
c:\users\сибирь\documents\github\oxr_coc\_build\intermediate\win64\release\magicfm\mgcconvexhull2d.obj
c:\users\сибирь\documents\github\oxr_coc\_build\intermediate\win64\release\magicfm\mgccont3dbox.obj
c:\users\сибирь\documents\github\oxr_coc\_build\intermediate\win64\release\magicfm\mgccont3dcapsule.obj
c:\users\сибирь\documents\github\oxr_coc\_build\intermediate\win64\release\magicfm\mgccont3dellipsoid.obj
c:\users\сибирь\documents\github\oxr_coc\_build\intermediate\win64\release\magicfm\mgccont3dminbox.obj
c:\users\сибирь\documents\github\oxr_coc\_build\intermediate\win64\release\magicfm\mgccont3dsphere.obj
c:\users\сибирь\documents\github\oxr_coc\_build\intermediate\win64\release\magicfm\mgcconvexhull3d.obj
c:\users\сибирь\documents\github\oxr_coc\_build\intermediate\win64\release\magicfm\mgcmatrix2.obj
c:\users\сибирь\documents\github\oxr_coc\_build\intermediate\win64\release\magicfm\mgcbox3.obj
c:\users\сибирь\documents\github\oxr_coc\_build\intermediate\win64\release\magicfm\mgcfrustum.obj
c:\users\сибирь\documents\github\oxr_coc\_build\intermediate\win64\release\magicfm\mgcmatrix3.obj
c:\users\сибирь\documents\github\oxr_coc\_build\intermediate\win64\release\magicfm\mgcquaternion.obj
c:\users\сибирь\documents\github\oxr_coc\_build\intermediate\win64\release\magicfm\mgctorus.obj
c:\users\сибирь\documents\github\oxr_coc\_build\intermediate\win64\release\magicfm\mgccolorrgb.obj
c:\users\сибирь\documents\github\oxr_coc\_build\intermediate\win64\release\magicfm\mgcedgemesh.obj
c:\users\сибирь\documents\github\oxr_coc\_build\intermediate\win64\release\magicfm\mgcmttriangle.obj
c:\users\сибирь\documents\github\oxr_coc\_build\intermediate\win64\release\magicfm\mgcmtvertex.obj
c:\users\сибирь\documents\github\oxr_coc\_build\intermediate\win64\release\magicfm\mgcpolynomial.obj
c:\users\сибирь\documents\github\oxr_coc\_build\intermediate\win64\release\magicfm\mgctrianglemesh.obj
c:\users\сибирь\documents\github\oxr_coc\_build\intermediate\win64\release\magicfm\mgccurve2.obj
c:\users\сибирь\documents\github\oxr_coc\_build\intermediate\win64\release\magicfm\mgcmultiplecurve2.obj
c:\users\сибирь\documents\github\oxr_coc\_build\intermediate\win64\release\magicfm\mgcpolynomialcurve2.obj
c:\users\сибирь\documents\github\oxr_coc\_build\intermediate\win64\release\magicfm\mgcsinglecurve2.obj
c:\users\сибирь\documents\github\oxr_coc\_build\intermediate\win64\release\magicfm\mgctcbspline2.obj
c:\users\сибирь\documents\github\oxr_coc\_build\intermediate\win64\release\magicfm\mgccubicpolynomialcurve3.obj
c:\users\сибирь\documents\github\oxr_coc\_build\intermediate\win64\release\magicfm\mgcnaturalspline3.obj
c:\users\сибирь\documents\github\oxr_coc\_build\intermediate\win64\release\magicfm\mgcsinglecurve3.obj
c:\users\сибирь\documents\github\oxr_coc\_build\intermediate\win64\release\magicfm\mgcdist2dvecelp.obj
c:\users\сибирь\documents\github\oxr_coc\_build\intermediate\win64\release\magicfm\mgcdist2dvecqdr.obj
c:\users\сибирь\documents\github\oxr_coc\_build\intermediate\win64\release\magicfm\mgcdist3dlinbox.obj
c:\users\сибирь\documents\github\oxr_coc\_build\intermediate\win64\release\magicfm\mgcdist3dlinlin.obj
c:\users\сибирь\documents\github\oxr_coc\_build\intermediate\win64\release\magicfm\mgcdist3dlinrct.obj
c:\users\сибирь\documents\github\oxr_coc\_build\intermediate\win64\release\magicfm\mgcdist3dpgmpgm.obj
c:\users\сибирь\documents\github\oxr_coc\_build\intermediate\win64\release\magicfm\mgcdist3drctrct.obj
c:\users\сибирь\documents\github\oxr_coc\_build\intermediate\win64\release\magicfm\mgcdist3dtrirct.obj
c:\users\сибирь\documents\github\oxr_coc\_build\intermediate\win64\release\magicfm\mgcdist3dvecbox.obj
c:\users\сибирь\documents\github\oxr_coc\_build\intermediate\win64\release\magicfm\mgcdist3dvecelp.obj
c:\users\сибирь\documents\github\oxr_coc\_build\intermediate\win64\release\magicfm\mgcdist3dveclin.obj
c:\users\сибирь\documents\github\oxr_coc\_build\intermediate\win64\release\magicfm\mgcdist3dvecpln.obj
c:\users\сибирь\documents\github\oxr_coc\_build\intermediate\win64\release\magicfm\mgcdist3dvecrct.obj
c:\users\сибирь\documents\github\oxr_coc\_build\intermediate\win64\release\magicfm\mgcbinary2d.obj
c:\users\сибирь\documents\github\oxr_coc\_build\intermediate\win64\release\magicfm\mgcimageconvert.obj
c:\users\сибирь\documents\github\oxr_coc\_build\intermediate\win64\release\magicfm\mgclattice.obj
c:\users\сибирь\documents\github\oxr_coc\_build\intermediate\win64\release\magicfm\mgcinterp1dakima.obj
c:\users\сибирь\documents\github\oxr_coc\_build\intermediate\win64\release\magicfm\mgcinterp1dakimauniform.obj
c:\users\сибирь\documents\github\oxr_coc\_build\intermediate\win64\release\magicfm\mgcinterpbsplineuniform.obj
c:\users\сибирь\documents\github\oxr_coc\_build\intermediate\win64\release\magicfm\mgcinterp2dbicubic.obj
c:\users\сибирь\documents\github\oxr_coc\_build\intermediate\win64\release\magicfm\mgcinterp2dlinearnonuniform.obj
c:\users\сибирь\documents\github\oxr_coc\_build\intermediate\win64\release\magicfm\mgcinterp2dsphere.obj
c:\users\сибирь\documents\github\oxr_coc\_build\intermediate\win64\release\magicfm\mgcinterp2dvectorfield.obj
c:\users\сибирь\documents\github\oxr_coc\_build\intermediate\win64\release\magicfm\mgcinterp3dbsplineuniform.obj
c:\users\сибирь\documents\github\oxr_coc\_build\intermediate\win64\release\magicfm\mgcinterp3dthinplatespline.obj
c:\users\сибирь\documents\github\oxr_coc\_build\intermediate\win64\release\magicfm\mgcinterpndbsplineuniform.obj
c:\users\сибирь\documents\github\oxr_coc\_build\intermediate\win64\release\magicfm\mgcintr2dcirbox.obj
c:\users\сибирь\documents\github\oxr_coc\_build\intermediate\win64\release\magicfm\mgcintr2dcircir.obj
c:\users\сибирь\documents\github\oxr_coc\_build\intermediate\win64\release\magicfm\mgcintr2dlinlin.obj
c:\users\сибирь\documents\github\oxr_coc\_build\intermediate\win64\release\magicfm\mgcintr3dboxbox.obj
c:\users\сибирь\documents\github\oxr_coc\_build\intermediate\win64\release\magicfm\mgcintr3dcapcap.obj
c:\users\сибирь\documents\github\oxr_coc\_build\intermediate\win64\release\magicfm\mgcintr3dlinbox.obj
c:\users\сибирь\documents\github\oxr_coc\_build\intermediate\win64\release\magicfm\mgcintr3dlincone.obj
c:\users\сибирь\documents\github\oxr_coc\_build\intermediate\win64\release\magicfm\mgcintr3dlinelp.obj
c:\users\сибирь\documents\github\oxr_coc\_build\intermediate\win64\release\magicfm\mgcintr3dlinsphr.obj
c:\users\сибирь\documents\github\oxr_coc\_build\intermediate\win64\release\magicfm\mgcintr3dlintri.obj
c:\users\сибирь\documents\github\oxr_coc\_build\intermediate\win64\release\magicfm\mgcintr3dplnbox.obj
c:\users\сибирь\documents\github\oxr_coc\_build\intermediate\win64\release\magicfm\mgcintr3dplncyln.obj
c:\users\сибирь\documents\github\oxr_coc\_build\intermediate\win64\release\magicfm\mgcintr3dplnelp.obj
c:\users\сибирь\documents\github\oxr_coc\_build\intermediate\win64\release\magicfm\mgcintr3dplnpln.obj
c:\users\сибирь\documents\github\oxr_coc\_build\intermediate\win64\release\magicfm\mgcintr3dsphrcone.obj
c:\users\сибирь\documents\github\oxr_coc\_build\intermediate\win64\release\magicfm\mgcintr3dsphrsphr.obj
c:\users\сибирь\documents\github\oxr_coc\_build\intermediate\win64\release\magicfm\mgcintr3dtribox.obj
c:\users\сибирь\documents\github\oxr_coc\_build\intermediate\win64\release\magicfm\mgcintr3dtricone.obj
c:\users\сибирь\documents\github\oxr_coc\_build\intermediate\win64\release\magicfm\mgcintr3dtritri.obj
c:\users\сибирь\documents\github\oxr_coc\_build\intermediate\win64\release\magicfm\mgcbisect2.obj
c:\users\сибирь\documents\github\oxr_coc\_build\intermediate\win64\release\magicfm\mgceigen.obj
c:\users\сибирь\documents\github\oxr_coc\_build\intermediate\win64\release\magicfm\mgcfastfunction.obj
c:\users\сибирь\documents\github\oxr_coc\_build\intermediate\win64\release\magicfm\mgcintegrate.obj
c:\users\сибирь\documents\github\oxr_coc\_build\intermediate\win64\release\magicfm\mgcmidpoint.obj
c:\users\сибирь\documents\github\oxr_coc\_build\intermediate\win64\release\magicfm\mgcminimizend.obj
c:\users\сибирь\documents\github\oxr_coc\_build\intermediate\win64\release\magicfm\mgcrk4.obj
c:\users\сибирь\documents\github\oxr_coc\_build\intermediate\win64\release\magicfm\mgcspecialfunction.obj
c:\users\сибирь\documents\github\oxr_coc\_build\intermediate\win64\release\magicfm\mgcconvexpolyhedron.obj
c:\users\сибирь\documents\github\oxr_coc\_build\intermediate\win64\release\magicfm\mgcperspprojellipsoid.obj
c:\users\сибирь\documents\github\oxr_coc\_build\intermediate\win64\release\magicfm\mgcbeziercylinder2g.obj
c:\users\сибирь\documents\github\oxr_coc\_build\intermediate\win64\release\magicfm\mgcbeziercylinderg.obj
c:\users\сибирь\documents\github\oxr_coc\_build\intermediate\win64\release\magicfm\mgcbezierrectangle2g.obj
c:\users\сибирь\documents\github\oxr_coc\_build\intermediate\win64\release\magicfm\mgcbezierrectangleg.obj
c:\users\сибирь\documents\github\oxr_coc\_build\intermediate\win64\release\magicfm\mgcbeziertriangle2g.obj
c:\users\сибирь\documents\github\oxr_coc\_build\intermediate\win64\release\magicfm\mgcbeziertriangleg.obj
c:\users\сибирь\documents\github\oxr_coc\_build\intermediate\win64\release\magicfm\mgcparametricsurface.obj
c:\users\сибирь\documents\github\oxr_coc\_build\intermediate\win64\release\magicfm\mgcquadricsurface.obj
c:\users\сибирь\documents\github\oxr_coc\_build\intermediate\win64\release\magicfm\mgcdelaunay2d.obj
c:\users\сибирь\documents\github\oxr_coc\_build\intermediate\win64\release\magicfm\mgcappr2dcirclefit.obj
c:\users\сибирь\documents\github\oxr_coc\_build\intermediate\win64\release\magicfm\mgcappr2dellipsefit.obj
c:\users\сибирь\documents\github\oxr_coc\_build\intermediate\win64\release\magicfm\mgcappr2dquadraticfit.obj
c:\users\сибирь\documents\github\oxr_coc\_build\intermediate\win64\release\magicfm\mgcappr3dgausspointsfit.obj
c:\users\сибирь\documents\github\oxr_coc\_build\intermediate\win64\release\magicfm\mgcappr3dlinefit.obj
c:\users\сибирь\documents\github\oxr_coc\_build\intermediate\win64\release\magicfm\mgcappr3dplanefit.obj
c:\users\сибирь\documents\github\oxr_coc\_build\intermediate\win64\release\magicfm\mgcappr3dspherefit.obj
c:\users\сибирь\documents\github\oxr_coc\_build\intermediate\win64\release\magicfm\mgccont2dcirclescribe.obj
c:\users\сибирь\documents\github\oxr_coc\_build\intermediate\win64\release\magicfm\mgccont2dmincircle.obj
c:\users\сибирь\documents\github\oxr_coc\_build\intermediate\win64\release\magicfm\mgcminareaellipsecr.obj
c:\users\сибирь\documents\github\oxr_coc\_build\intermediate\win64\release\magicfm\mgcseparatepointsets2d.obj
c:\users\сибирь\documents\github\oxr_coc\_build\intermediate\win64\release\magicfm\mgccont3dcirclespherescribe.obj
c:\users\сибирь\documents\github\oxr_coc\_build\intermediate\win64\release\magicfm\mgccont3dcylinder.obj
c:\users\сибирь\documents\github\oxr_coc\_build\intermediate\win64\release\magicfm\mgccont3dlozenge.obj
c:\users\сибирь\documents\github\oxr_coc\_build\intermediate\win64\release\magicfm\mgccont3dminsphere.obj
c:\users\сибирь\documents\github\oxr_coc\_build\intermediate\win64\release\magicfm\mgcminvolumeellipsoidcr.obj
c:\users\сибирь\documents\github\oxr_coc\_build\intermediate\win64\release\magicfm\mgcseparatepointsets3d.obj
c:\users\сибирь\documents\github\oxr_coc\_build\intermediate\win64\release\magicfm\mgcbox2.obj
c:\users\сибирь\documents\github\oxr_coc\_build\intermediate\win64\release\magicfm\mgcvector2.obj
c:\users\сибирь\documents\github\oxr_coc\_build\intermediate\win64\release\magicfm\mgcextraspin.obj
c:\users\сибирь\documents\github\oxr_coc\_build\intermediate\win64\release\magicfm\mgcplane.obj
c:\users\сибирь\documents\github\oxr_coc\_build\intermediate\win64\release\magicfm\mgctetrahedron.obj
c:\users\сибирь\documents\github\oxr_coc\_build\intermediate\win64\release\magicfm\mgcvector3.obj
c:\users\сибирь\documents\github\oxr_coc\_build\intermediate\win64\release\magicfm\mgcxforminterp.obj
c:\users\сибирь\documents\github\oxr_coc\_build\intermediate\win64\release\magicfm\mgccommand.obj
c:\users\сибирь\documents\github\oxr_coc\_build\intermediate\win64\release\magicfm\mgcintervalintersection.obj
c:\users\сибирь\documents\github\oxr_coc\_build\intermediate\win64\release\magicfm\mgcmath.obj
c:\users\сибирь\documents\github\oxr_coc\_build\intermediate\win64\release\magicfm\mgcmtedge.obj
c:\users\сибирь\documents\github\oxr_coc\_build\intermediate\win64\release\magicfm\mgcmtmesh.obj
c:\users\сибирь\documents\github\oxr_coc\_build\intermediate\win64\release\magicfm\mgcbeziercurve2.obj
c:\users\сибирь\documents\github\oxr_coc\_build\intermediate\win64\release\magicfm\mgccubicpolynomialcurve2.obj
c:\users\сибирь\documents\github\oxr_coc\_build\intermediate\win64\release\magicfm\mgcnaturalspline2.obj
c:\users\сибирь\documents\github\oxr_coc\_build\intermediate\win64\release\magicfm\mgcbeziercurve3.obj
c:\users\сибирь\documents\github\oxr_coc\_build\intermediate\win64\release\magicfm\mgccurve3.obj
c:\users\сибирь\documents\github\oxr_coc\_build\intermediate\win64\release\magicfm\mgcmultiplecurve3.obj
c:\users\сибирь\documents\github\oxr_coc\_build\intermediate\win64\release\magicfm\mgcpolynomialcurve3.obj
c:\users\сибирь\documents\github\oxr_coc\_build\intermediate\win64\release\magicfm\mgctcbspline3.obj
c:\users\сибирь\documents\github\oxr_coc\_build\intermediate\win64\release\magicfm\mgcdist3dcircir.obj
c:\users\сибирь\documents\github\oxr_coc\_build\intermediate\win64\release\magicfm\mgcdist3dlincir.obj
c:\users\сибирь\documents\github\oxr_coc\_build\intermediate\win64\release\magicfm\mgcdist3dlinpgm.obj
c:\users\сибирь\documents\github\oxr_coc\_build\intermediate\win64\release\magicfm\mgcdist3dlintri.obj
c:\users\сибирь\documents\github\oxr_coc\_build\intermediate\win64\release\magicfm\mgcdist3dtripgm.obj
c:\users\сибирь\documents\github\oxr_coc\_build\intermediate\win64\release\magicfm\mgcdist3dtritri.obj
c:\users\сибирь\documents\github\oxr_coc\_build\intermediate\win64\release\magicfm\mgcdist3dveccir.obj
c:\users\сибирь\documents\github\oxr_coc\_build\intermediate\win64\release\magicfm\mgcdist3dvecfrustum.obj
c:\users\сибирь\documents\github\oxr_coc\_build\intermediate\win64\release\magicfm\mgcdist3dvecpgm.obj
c:\users\сибирь\documents\github\oxr_coc\_build\intermediate\win64\release\magicfm\mgcdist3dvecqdr.obj
c:\users\сибирь\documents\github\oxr_coc\_build\intermediate\win64\release\magicfm\mgcdist3dvectri.obj
c:\users\сибирь\documents\github\oxr_coc\_build\intermediate\win64\release\magicfm\mgcellipsoidgeodesicdist.obj
c:\users\сибирь\documents\github\oxr_coc\_build\intermediate\win64\release\magicfm\mgcbinary3d.obj
c:\users\сибирь\documents\github\oxr_coc\_build\intermediate\win64\release\magicfm\mgcelement.obj
c:\users\сибирь\documents\github\oxr_coc\_build\intermediate\win64\release\magicfm\mgcimages.obj
c:\users\сибирь\documents\github\oxr_coc\_build\intermediate\win64\release\magicfm\mgcinterp1dakimanonuniform.obj
c:\users\сибирь\documents\github\oxr_coc\_build\intermediate\win64\release\magicfm\mgcinterp1dbsplineuniform.obj
c:\users\сибирь\documents\github\oxr_coc\_build\intermediate\win64\release\magicfm\mgcinterp2dakimauniform.obj
c:\users\сибирь\documents\github\oxr_coc\_build\intermediate\win64\release\magicfm\mgcinterp2dbsplineuniform.obj
c:\users\сибирь\documents\github\oxr_coc\_build\intermediate\win64\release\magicfm\mgcinterp2dqdrnonuniform.obj
c:\users\сибирь\documents\github\oxr_coc\_build\intermediate\win64\release\magicfm\mgcinterp2dthinplatespline.obj
c:\users\сибирь\documents\github\oxr_coc\_build\intermediate\win64\release\magicfm\mgcinterp3dakimauniform.obj
c:\users\сибирь\documents\github\oxr_coc\_build\intermediate\win64\release\magicfm\mgcinterp3dlinearnonuniform.obj
c:\users\сибирь\documents\github\oxr_coc\_build\intermediate\win64\release\magicfm\mgcinterp4dbsplineuniform.obj
c:\users\сибирь\documents\github\oxr_coc\_build\intermediate\win64\release\magicfm\mgcintr2dboxbox.obj
c:\users\сибирь\documents\github\oxr_coc\_build\intermediate\win64\release\magicfm\mgcintr2delpelp.obj
c:\users\сибирь\documents\github\oxr_coc\_build\intermediate\win64\release\magicfm\mgcintr2dlincir.obj
c:\users\сибирь\documents\github\oxr_coc\_build\intermediate\win64\release\magicfm\mgcintr2dtritri.obj
c:\users\сибирь\documents\github\oxr_coc\_build\intermediate\win64\release\magicfm\mgcintr3dboxfrustum.obj
c:\users\сибирь\documents\github\oxr_coc\_build\intermediate\win64\release\magicfm\mgcintr3dlincap.obj
c:\users\сибирь\documents\github\oxr_coc\_build\intermediate\win64\release\magicfm\mgcintr3dlincyln.obj
c:\users\сибирь\documents\github\oxr_coc\_build\intermediate\win64\release\magicfm\mgcintr3dlinloz.obj
c:\users\сибирь\documents\github\oxr_coc\_build\intermediate\win64\release\magicfm\mgcintr3dlintorus.obj
c:\users\сибирь\documents\github\oxr_coc\_build\intermediate\win64\release\magicfm\mgcintr3dlozloz.obj
c:\users\сибирь\documents\github\oxr_coc\_build\intermediate\win64\release\magicfm\mgcintr3dplncap.obj
c:\users\сибирь\documents\github\oxr_coc\_build\intermediate\win64\release\magicfm\mgcintr3dplnloz.obj
c:\users\сибирь\documents\github\oxr_coc\_build\intermediate\win64\release\magicfm\mgcintr3dplnsphr.obj
c:\users\сибирь\documents\github\oxr_coc\_build\intermediate\win64\release\magicfm\mgcintr3dsphrfrustum.obj
c:\users\сибирь\documents\github\oxr_coc\_build\intermediate\win64\release\magicfm\mgcintr3dtetrtetr.obj
c:\users\сибирь\documents\github\oxr_coc\_build\intermediate\win64\release\magicfm\mgcintr3dtrisphr.obj
c:\users\сибирь\documents\github\oxr_coc\_build\intermediate\win64\release\magicfm\mgcbisect1.obj
c:\users\сибирь\documents\github\oxr_coc\_build\intermediate\win64\release\magicfm\mgcbisect3.obj
c:\users\сибирь\documents\github\oxr_coc\_build\intermediate\win64\release\magicfm\mgceuler.obj
c:\users\сибирь\documents\github\oxr_coc\_build\intermediate\win64\release\magicfm\mgclinearsystem.obj
c:\users\сибирь\documents\github\oxr_coc\_build\intermediate\win64\release\magicfm\mgcminimize1d.obj
c:\users\сибирь\documents\github\oxr_coc\_build\intermediate\win64\release\magicfm\mgcode.obj
c:\users\сибирь\documents\github\oxr_coc\_build\intermediate\win64\release\magicfm\mgcrk4adapt.obj
c:\users\сибирь\documents\github\oxr_coc\_build\intermediate\win64\release\magicfm\mgcconvexclipper.obj
c:\users\сибирь\documents\github\oxr_coc\_build\intermediate\win64\release\magicfm\mgcquadtoquadtransforms.obj
c:\users\сибирь\documents\github\oxr_coc\_build\intermediate\win64\release\magicfm\mgcbeziercylinder3g.obj
c:\users\сибирь\documents\github\oxr_coc\_build\intermediate\win64\release\magicfm\mgcbezierpatchg.obj
c:\users\сибирь\documents\github\oxr_coc\_build\intermediate\win64\release\magicfm\mgcbezierrectangle3g.obj
c:\users\сибирь\documents\github\oxr_coc\_build\intermediate\win64\release\magicfm\mgcbeziertriangle3g.obj
c:\users\сибирь\documents\github\oxr_coc\_build\intermediate\win64\release\magicfm\mgcimplicitsurface.obj
c:\users\сибирь\documents\github\oxr_coc\_build\intermediate\win64\release\magicfm\mgctubesurfaceg.obj
c:\users\сибирь\documents\github\oxr_coc\_build\intermediate\win64\release\magicfm\mgcdelaunay3d.obj
c:\users\сибирь\documents\github\oxr_coc\_build\intermediate\win64\release\magicfm\magicfm.pdb
c:\users\сибирь\documents\github\oxr_coc\_build\lib\win64\release\magicfm.lib
c:\users\сибирь\documents\github\oxr_coc\src\..\_build\lib\win64\release\magicfm.lib
c:\users\сибирь\documents\github\oxr_coc\_build\intermediate\win64\release\magicfm\magicfm.tlog\cl.11832.write.1.tlog
c:\users\сибирь\documents\github\oxr_coc\_build\intermediate\win64\release\magicfm\magicfm.tlog\cl.command.1.tlog
c:\users\сибирь\documents\github\oxr_coc\_build\intermediate\win64\release\magicfm\magicfm.tlog\cl.read.1.tlog
c:\users\сибирь\documents\github\oxr_coc\_build\intermediate\win64\release\magicfm\magicfm.tlog\lib-link.read.1.tlog
c:\users\сибирь\documents\github\oxr_coc\_build\intermediate\win64\release\magicfm\magicfm.tlog\lib-link.write.1.tlog
c:\users\сибирь\documents\github\oxr_coc\_build\intermediate\win64\release\magicfm\magicfm.tlog\lib.command.1.tlog
