  MgcAppr2DCircleFit.cpp
  MgcAppr2DEllipseByArcs.cpp
  MgcAppr2DEllipseFit.cpp
  MgcAppr2DGaussPointsFit.cpp
  MgcAppr2DLineFit.cpp
  MgcAppr2DQuadraticFit.cpp
  MgcAppr3DEllipsoidFit.cpp
  MgcAppr3DGaussPointsFit.cpp
  MgcAppr3DLineFit.cpp
  MgcAppr3DParaboloidFit.cpp
  MgcAppr3DPlaneFit.cpp
  MgcAppr3DQuadraticFit.cpp
  MgcAppr3DSphereFit.cpp
  MgcCont2DBox.cpp
  MgcCont2DCircleScribe.cpp
  MgcCont2DEllipse.cpp
  MgcCont2DMinBox.cpp
  MgcCont2DMinCircle.cpp
  MgcCont2DPointInPolygon.cpp
  MgcConvexHull2D.cpp
  MgcMinAreaEllipseCR.cpp
  MgcSeparatePointSets2D.cpp
  MgcCont3DBox.cpp
  MgcCont3DCapsule.cpp
  MgcCont3DCircleSphereScribe.cpp
  MgcCont3DCylinder.cpp
  MgcCont3DEllipsoid.cpp
  MgcCont3DLozenge.cpp
  MgcCont3DMinBox.cpp
  MgcCont3DMinSphere.cpp
  MgcCont3DSphere.cpp
  MgcConvexHull3D.cpp
  MgcMinVolumeEllipsoidCR.cpp
  MgcSeparatePointSets3D.cpp
  MgcBox2.cpp
  MgcMatrix2.cpp
  MgcVector2.cpp
  MgcBox3.cpp
  MgcExtraSpin.cpp
  MgcFrustum.cpp
  MgcMatrix3.cpp
  MgcPlane.cpp
  MgcQuaternion.cpp
  MgcTetrahedron.cpp
  MgcTorus.cpp
  MgcVector3.cpp
  MgcXFormInterp.cpp
  MgcColorRGB.cpp
  MgcCommand.cpp
  MgcEdgeMesh.cpp
  MgcIntervalIntersection.cpp
  MgcMath.cpp
  MgcMTEdge.cpp
  MgcMTMesh.cpp
  MgcMTTriangle.cpp
  MgcMTVertex.cpp
  MgcPolynomial.cpp
  MgcTriangleMesh.cpp
  MgcBezierCurve2.cpp
  MgcCubicPolynomialCurve2.cpp
  MgcCurve2.cpp
  MgcMultipleCurve2.cpp
  MgcNaturalSpline2.cpp
  MgcPolynomialCurve2.cpp
  MgcSingleCurve2.cpp
  MgcTCBSpline2.cpp
  MgcBezierCurve3.cpp
  MgcCubicPolynomialCurve3.cpp
  MgcCurve3.cpp
  MgcMultipleCurve3.cpp
  MgcNaturalSpline3.cpp
  MgcPolynomialCurve3.cpp
  MgcSingleCurve3.cpp
  MgcTCBSpline3.cpp
  MgcDist2DVecElp.cpp
  MgcDist2DVecQdr.cpp
  MgcDist3DCirCir.cpp
  MgcDist3DLinBox.cpp
  MgcDist3DLinCir.cpp
  MgcDist3DLinLin.cpp
  MgcDist3DLinPgm.cpp
  MgcDist3DLinRct.cpp
  MgcDist3DLinTri.cpp
  MgcDist3DPgmPgm.cpp
  MgcDist3DRctRct.cpp
  MgcDist3DTriPgm.cpp
  MgcDist3DTriRct.cpp
  MgcDist3DTriTri.cpp
  MgcDist3DVecBox.cpp
  MgcDist3DVecCir.cpp
  MgcDist3DVecElp.cpp
  MgcDist3DVecFrustum.cpp
  MgcDist3DVecLin.cpp
  MgcDist3DVecPgm.cpp
  MgcDist3DVecPln.cpp
  MgcDist3DVecQdr.cpp
  MgcDist3DVecRct.cpp
  MgcDist3DVecTri.cpp
  MgcEllipsoidGeodesicDist.cpp
  MgcBinary2D.cpp
  MgcBinary3D.cpp
  MgcElement.cpp
  MgcImageConvert.cpp
  MgcImages.cpp
  MgcLattice.cpp
  MgcInterp1DAkima.cpp
  MgcInterp1DAkimaNonuniform.cpp
  MgcInterp1DAkimaUniform.cpp
  MgcInterp1DBSplineUniform.cpp
  MgcInterpBSplineUniform.cpp
  MgcInterp2DAkimaUniform.cpp
  MgcInterp2DBicubic.cpp
  MgcInterp2DBSplineUniform.cpp
  MgcInterp2DLinearNonuniform.cpp
  MgcInterp2DQdrNonuniform.cpp
  MgcInterp2DSphere.cpp
  MgcInterp2DThinPlateSpline.cpp
  MgcInterp2DVectorField.cpp
  MgcInterp3DAkimaUniform.cpp
  MgcInterp3DBSplineUniform.cpp
  MgcInterp3DLinearNonuniform.cpp
  MgcInterp3DThinPlateSpline.cpp
  MgcInterp4DBSplineUniform.cpp
  MgcInterpNDBSplineUniform.cpp
  MgcIntr2DBoxBox.cpp
  MgcIntr2DCirBox.cpp
  MgcIntr2DCirCir.cpp
  MgcIntr2DElpElp.cpp
  MgcIntr2DLinCir.cpp
  MgcIntr2DLinLin.cpp
  MgcIntr2DTriTri.cpp
  MgcIntr3DBoxBox.cpp
  MgcIntr3DBoxFrustum.cpp
  MgcIntr3DCapCap.cpp
  MgcIntr3DLinBox.cpp
  MgcIntr3DLinCap.cpp
  MgcIntr3DLinCone.cpp
  MgcIntr3DLinCyln.cpp
  MgcIntr3DLinElp.cpp
  MgcIntr3DLinLoz.cpp
  MgcIntr3DLinSphr.cpp
  MgcIntr3DLinTorus.cpp
  MgcIntr3DLinTri.cpp
  MgcIntr3DLozLoz.cpp
  MgcIntr3DPlnBox.cpp
  MgcIntr3DPlnCap.cpp
  MgcIntr3DPlnCyln.cpp
  MgcIntr3DPlnElp.cpp
  MgcIntr3DPlnLoz.cpp
  MgcIntr3DPlnPln.cpp
  MgcIntr3DPlnSphr.cpp
  MgcIntr3DSphrCone.cpp
  MgcIntr3DSphrFrustum.cpp
  MgcIntr3DSphrSphr.cpp
  MgcIntr3DTetrTetr.cpp
  MgcIntr3DTriBox.cpp
  MgcIntr3DTriCone.cpp
  MgcIntr3DTriSphr.cpp
  MgcIntr3DTriTri.cpp
  MgcBisect1.cpp
  MgcBisect2.cpp
  MgcBisect3.cpp
  MgcEigen.cpp
  MgcEuler.cpp
  MgcFastFunction.cpp
  MgcIntegrate.cpp
  MgcLinearSystem.cpp
  MgcMidpoint.cpp
  MgcMinimize1D.cpp
  MgcMinimizeND.cpp
  MgcODE.cpp
  MgcRK4.cpp
  MgcRK4Adapt.cpp
  MgcSpecialFunction.cpp
  MgcConvexClipper.cpp
  MgcConvexPolyhedron.cpp
  MgcPerspProjEllipsoid.cpp
  MgcQuadToQuadTransforms.cpp
  MgcBezierCylinder2G.cpp
  MgcBezierCylinder3G.cpp
  MgcBezierCylinderG.cpp
  MgcBezierPatchG.cpp
  MgcBezierRectangle2G.cpp
  MgcBezierRectangle3G.cpp
  MgcBezierRectangleG.cpp
  MgcBezierTriangle2G.cpp
  MgcBezierTriangle3G.cpp
  MgcBezierTriangleG.cpp
  MgcImplicitSurface.cpp
  MgcParametricSurface.cpp
  MgcQuadricSurface.cpp
  MgcTubeSurfaceG.cpp
  MgcDelaunay2D.cpp
  MgcDelaunay3D.cpp
  MagicFM.vcxproj -> C:\Users\сибирь\Documents\GitHub\OXR_CoC\src\..\_build\lib\Win64\Release\MagicFM.lib
