  stdafx.cpp
  CameraBase.cpp
  CameraManager.cpp
  cf_dynamic_mesh.cpp
  CustomHUD.cpp
  defines.cpp
  device.cpp
  Device_create.cpp
  Device_destroy.cpp
  Device_Initialize.cpp
  Device_Misc.cpp
  Device_overdraw.cpp
  Device_wndproc.cpp
  editor_environment_ambients_ambient.cpp
  editor_environment_ambients_effect_id.cpp
  editor_environment_ambients_manager.cpp
  editor_environment_ambients_sound_id.cpp
  editor_environment_detail.cpp
  editor_environment_effects_effect.cpp
  editor_environment_effects_manager.cpp
  editor_environment_levels_manager.cpp
  editor_environment_manager.cpp
  editor_environment_sound_channels_channel.cpp
  editor_environment_sound_channels_manager.cpp
  editor_environment_sound_channels_source.cpp
  editor_environment_suns_blend.cpp
  editor_environment_suns_flare.cpp
  editor_environment_suns_flares.cpp
  editor_environment_suns_gradient.cpp
  editor_environment_suns_manager.cpp
  editor_environment_suns_sun.cpp
  editor_environment_thunderbolts_collection.cpp
  editor_environment_thunderbolts_gradient.cpp
  editor_environment_thunderbolts_manager.cpp
  editor_environment_thunderbolts_thunderbolt.cpp
  editor_environment_thunderbolts_thunderbolt_id.cpp
  editor_environment_weathers_manager.cpp
  editor_environment_weathers_time.cpp
  editor_environment_weathers_weather.cpp
  edit_actions.cpp
  Effector.cpp
  EffectorPP.cpp
  Engine.cpp
  EngineAPI.cpp
  engine_impl.cpp
  Environment.cpp
  Environment_misc.cpp
  Environment_render.cpp
  EventAPI.cpp
  FDemoPlay.cpp
  FDemoRecord.cpp
  Feel_Touch.cpp
  Feel_Vision.cpp
  GameFont.cpp
  GameMtlLib.cpp
  GameMtlLib_Engine.cpp
  ICollidable.cpp
  IGame_Level.cpp
  IGame_Level_check_textures.cpp
  IGame_ObjectPool.cpp
  IGame_Persistent.cpp
  IInputReceiver.cpp
  IRenderable.cpp
  ISheduled.cpp
  LightAnimLibrary.cpp
  line_editor.cpp
  line_edit_control.cpp
  mailSlot.cpp
  ObjectAnimator.cpp
  ObjectDump.cpp
  PerformanceAlert.cpp
  perlin.cpp
  phdebug.cpp
  profiler.cpp
  PS_instance.cpp
  pure.cpp
  pure_relcase.cpp
  Rain.cpp
  Render.cpp
  splash.cpp
  StatGraph.cpp
  Stats.cpp
  Text_Console.cpp
  Text_Console_WndProc.cpp
  thunderbolt.cpp
  tntQAVI.cpp
  xrHemisphere.cpp
  xrImage_Resampler.cpp
  xrSASH.cpp
  xrSheduler.cpp
  xrTheora_Stream.cpp
  xrTheora_Surface.cpp
  xr_collide_form.cpp
c:\users\сибирь\documents\github\oxr_coc\src\xrengine\xrsheduler.cpp(709): warning C4838: преобразование из "u32" в "bool" требует сужающего преобразования (компилируется исходный файл xrSheduler.cpp)
  xr_efflensflare.cpp
  Xr_input.cpp
c:\users\сибирь\documents\github\oxr_coc\src\xrengine\xr_input.cpp(399): warning C4644: нестандартное использование шаблона offsetof на основе макроса в константных выражениях. Используйте шаблон offsetof, определенный в стандартной библиотеке C++ (компилируется исходный файл Xr_input.cpp)
c:\users\сибирь\documents\github\oxr_coc\src\xrengine\xr_input.cpp(403): warning C4644: нестандартное использование шаблона offsetof на основе макроса в константных выражениях. Используйте шаблон offsetof, определенный в стандартной библиотеке C++ (компилируется исходный файл Xr_input.cpp)
c:\users\сибирь\documents\github\oxr_coc\src\xrengine\xr_input.cpp(407): warning C4644: нестандартное использование шаблона offsetof на основе макроса в константных выражениях. Используйте шаблон offsetof, определенный в стандартной библиотеке C++ (компилируется исходный файл Xr_input.cpp)
  xr_input_xinput.cpp
  XR_IOConsole.cpp
  XR_IOConsole_callback.cpp
  XR_IOConsole_control.cpp
  XR_IOConsole_get.cpp
  xr_ioc_cmd.cpp
  xr_object.cpp
  xr_object_list.cpp
  x_ray.cpp
  main.cpp
     Создается библиотека C:\Users\сибирь\Documents\GitHub\OXR_CoC\src\..\_build\lib\Win64\Release\xrEngine.lib и объект C:\Users\сибирь\Documents\GitHub\OXR_CoC\src\..\_build\lib\Win64\Release\xrEngine.exp
  Создание кода
  All 12987 functions were compiled because no usable IPDB/IOBJ from previous compilation was found.
  Создание кода завершено
  xrEngine.vcxproj -> C:\Users\сибирь\Documents\GitHub\OXR_CoC\src\..\_build\bin\Win64\Release\xrEngine.dll
  Performing Custom Build Step
  Скопировано файлов:         1.
