c:\users\сибирь\documents\github\oxr_coc\_build\intermediate\win64\release\xrengine\xrengine.pch
c:\users\сибирь\documents\github\oxr_coc\_build\intermediate\win64\release\xrengine\vc141.pdb
c:\users\сибирь\documents\github\oxr_coc\_build\intermediate\win64\release\xrengine\stdafx.obj
c:\users\сибирь\documents\github\oxr_coc\_build\intermediate\win64\release\xrengine\cameramanager.obj
c:\users\сибирь\documents\github\oxr_coc\_build\intermediate\win64\release\xrengine\defines.obj
c:\users\сибирь\documents\github\oxr_coc\_build\intermediate\win64\release\xrengine\device.obj
c:\users\сибирь\documents\github\oxr_coc\_build\intermediate\win64\release\xrengine\editor_environment_ambients_effect_id.obj
c:\users\сибирь\documents\github\oxr_coc\_build\intermediate\win64\release\xrengine\editor_environment_ambients_manager.obj
c:\users\сибирь\documents\github\oxr_coc\_build\intermediate\win64\release\xrengine\editor_environment_effects_effect.obj
c:\users\сибирь\documents\github\oxr_coc\_build\intermediate\win64\release\xrengine\editor_environment_manager.obj
c:\users\сибирь\documents\github\oxr_coc\_build\intermediate\win64\release\xrengine\editor_environment_sound_channels_source.obj
c:\users\сибирь\documents\github\oxr_coc\_build\intermediate\win64\release\xrengine\editor_environment_suns_blend.obj
c:\users\сибирь\documents\github\oxr_coc\_build\intermediate\win64\release\xrengine\editor_environment_suns_flare.obj
c:\users\сибирь\documents\github\oxr_coc\_build\intermediate\win64\release\xrengine\editor_environment_suns_flares.obj
c:\users\сибирь\documents\github\oxr_coc\_build\intermediate\win64\release\xrengine\editor_environment_suns_manager.obj
c:\users\сибирь\documents\github\oxr_coc\_build\intermediate\win64\release\xrengine\editor_environment_suns_sun.obj
c:\users\сибирь\documents\github\oxr_coc\_build\intermediate\win64\release\xrengine\editor_environment_thunderbolts_manager.obj
c:\users\сибирь\documents\github\oxr_coc\_build\intermediate\win64\release\xrengine\editor_environment_thunderbolts_thunderbolt_id.obj
c:\users\сибирь\documents\github\oxr_coc\_build\intermediate\win64\release\xrengine\editor_environment_weathers_time.obj
c:\users\сибирь\documents\github\oxr_coc\_build\intermediate\win64\release\xrengine\editor_environment_weathers_weather.obj
c:\users\сибирь\documents\github\oxr_coc\_build\intermediate\win64\release\xrengine\engine.obj
c:\users\сибирь\documents\github\oxr_coc\_build\intermediate\win64\release\xrengine\engineapi.obj
c:\users\сибирь\documents\github\oxr_coc\_build\intermediate\win64\release\xrengine\environment.obj
c:\users\сибирь\documents\github\oxr_coc\_build\intermediate\win64\release\xrengine\environment_render.obj
c:\users\сибирь\documents\github\oxr_coc\_build\intermediate\win64\release\xrengine\eventapi.obj
c:\users\сибирь\documents\github\oxr_coc\_build\intermediate\win64\release\xrengine\fdemorecord.obj
c:\users\сибирь\documents\github\oxr_coc\_build\intermediate\win64\release\xrengine\feel_touch.obj
c:\users\сибирь\documents\github\oxr_coc\_build\intermediate\win64\release\xrengine\gamefont.obj
c:\users\сибирь\documents\github\oxr_coc\_build\intermediate\win64\release\xrengine\gamemtllib_engine.obj
c:\users\сибирь\documents\github\oxr_coc\_build\intermediate\win64\release\xrengine\icollidable.obj
c:\users\сибирь\documents\github\oxr_coc\_build\intermediate\win64\release\xrengine\igame_level_check_textures.obj
c:\users\сибирь\documents\github\oxr_coc\_build\intermediate\win64\release\xrengine\igame_objectpool.obj
c:\users\сибирь\documents\github\oxr_coc\_build\intermediate\win64\release\xrengine\igame_persistent.obj
c:\users\сибирь\documents\github\oxr_coc\_build\intermediate\win64\release\xrengine\isheduled.obj
c:\users\сибирь\documents\github\oxr_coc\_build\intermediate\win64\release\xrengine\line_editor.obj
c:\users\сибирь\documents\github\oxr_coc\_build\intermediate\win64\release\xrengine\line_edit_control.obj
c:\users\сибирь\documents\github\oxr_coc\_build\intermediate\win64\release\xrengine\objectdump.obj
c:\users\сибирь\documents\github\oxr_coc\_build\intermediate\win64\release\xrengine\perlin.obj
c:\users\сибирь\documents\github\oxr_coc\_build\intermediate\win64\release\xrengine\ps_instance.obj
c:\users\сибирь\documents\github\oxr_coc\_build\intermediate\win64\release\xrengine\render.obj
c:\users\сибирь\documents\github\oxr_coc\_build\intermediate\win64\release\xrengine\splash.obj
c:\users\сибирь\documents\github\oxr_coc\_build\intermediate\win64\release\xrengine\statgraph.obj
c:\users\сибирь\documents\github\oxr_coc\_build\intermediate\win64\release\xrengine\stats.obj
c:\users\сибирь\documents\github\oxr_coc\_build\intermediate\win64\release\xrengine\thunderbolt.obj
c:\users\сибирь\documents\github\oxr_coc\_build\intermediate\win64\release\xrengine\xrimage_resampler.obj
c:\users\сибирь\documents\github\oxr_coc\_build\intermediate\win64\release\xrengine\xrsash.obj
c:\users\сибирь\documents\github\oxr_coc\_build\intermediate\win64\release\xrengine\xrtheora_stream.obj
c:\users\сибирь\documents\github\oxr_coc\_build\intermediate\win64\release\xrengine\xrtheora_surface.obj
c:\users\сибирь\documents\github\oxr_coc\_build\intermediate\win64\release\xrengine\xr_collide_form.obj
c:\users\сибирь\documents\github\oxr_coc\_build\intermediate\win64\release\xrengine\xr_input.obj
c:\users\сибирь\documents\github\oxr_coc\_build\intermediate\win64\release\xrengine\xr_input_xinput.obj
c:\users\сибирь\documents\github\oxr_coc\_build\intermediate\win64\release\xrengine\xr_ioconsole.obj
c:\users\сибирь\documents\github\oxr_coc\_build\intermediate\win64\release\xrengine\xr_ioc_cmd.obj
c:\users\сибирь\documents\github\oxr_coc\_build\intermediate\win64\release\xrengine\x_ray.obj
c:\users\сибирь\documents\github\oxr_coc\_build\intermediate\win64\release\xrengine\camerabase.obj
c:\users\сибирь\documents\github\oxr_coc\_build\intermediate\win64\release\xrengine\cf_dynamic_mesh.obj
c:\users\сибирь\documents\github\oxr_coc\_build\intermediate\win64\release\xrengine\customhud.obj
c:\users\сибирь\documents\github\oxr_coc\_build\intermediate\win64\release\xrengine\device_create.obj
c:\users\сибирь\documents\github\oxr_coc\_build\intermediate\win64\release\xrengine\device_destroy.obj
c:\users\сибирь\documents\github\oxr_coc\_build\intermediate\win64\release\xrengine\device_initialize.obj
c:\users\сибирь\documents\github\oxr_coc\_build\intermediate\win64\release\xrengine\device_misc.obj
c:\users\сибирь\documents\github\oxr_coc\_build\intermediate\win64\release\xrengine\device_overdraw.obj
c:\users\сибирь\documents\github\oxr_coc\_build\intermediate\win64\release\xrengine\device_wndproc.obj
c:\users\сибирь\documents\github\oxr_coc\_build\intermediate\win64\release\xrengine\editor_environment_ambients_ambient.obj
c:\users\сибирь\documents\github\oxr_coc\_build\intermediate\win64\release\xrengine\editor_environment_ambients_sound_id.obj
c:\users\сибирь\documents\github\oxr_coc\_build\intermediate\win64\release\xrengine\editor_environment_detail.obj
c:\users\сибирь\documents\github\oxr_coc\_build\intermediate\win64\release\xrengine\editor_environment_effects_manager.obj
c:\users\сибирь\documents\github\oxr_coc\_build\intermediate\win64\release\xrengine\editor_environment_levels_manager.obj
c:\users\сибирь\documents\github\oxr_coc\_build\intermediate\win64\release\xrengine\editor_environment_sound_channels_channel.obj
c:\users\сибирь\documents\github\oxr_coc\_build\intermediate\win64\release\xrengine\editor_environment_sound_channels_manager.obj
c:\users\сибирь\documents\github\oxr_coc\_build\intermediate\win64\release\xrengine\editor_environment_suns_gradient.obj
c:\users\сибирь\documents\github\oxr_coc\_build\intermediate\win64\release\xrengine\editor_environment_thunderbolts_collection.obj
c:\users\сибирь\documents\github\oxr_coc\_build\intermediate\win64\release\xrengine\editor_environment_thunderbolts_gradient.obj
c:\users\сибирь\documents\github\oxr_coc\_build\intermediate\win64\release\xrengine\editor_environment_thunderbolts_thunderbolt.obj
c:\users\сибирь\documents\github\oxr_coc\_build\intermediate\win64\release\xrengine\editor_environment_weathers_manager.obj
c:\users\сибирь\documents\github\oxr_coc\_build\intermediate\win64\release\xrengine\edit_actions.obj
c:\users\сибирь\documents\github\oxr_coc\_build\intermediate\win64\release\xrengine\effector.obj
c:\users\сибирь\documents\github\oxr_coc\_build\intermediate\win64\release\xrengine\effectorpp.obj
c:\users\сибирь\documents\github\oxr_coc\_build\intermediate\win64\release\xrengine\engine_impl.obj
c:\users\сибирь\documents\github\oxr_coc\_build\intermediate\win64\release\xrengine\environment_misc.obj
c:\users\сибирь\documents\github\oxr_coc\_build\intermediate\win64\release\xrengine\fdemoplay.obj
c:\users\сибирь\documents\github\oxr_coc\_build\intermediate\win64\release\xrengine\feel_vision.obj
c:\users\сибирь\documents\github\oxr_coc\_build\intermediate\win64\release\xrengine\gamemtllib.obj
c:\users\сибирь\documents\github\oxr_coc\_build\intermediate\win64\release\xrengine\igame_level.obj
c:\users\сибирь\documents\github\oxr_coc\_build\intermediate\win64\release\xrengine\iinputreceiver.obj
c:\users\сибирь\documents\github\oxr_coc\_build\intermediate\win64\release\xrengine\irenderable.obj
c:\users\сибирь\documents\github\oxr_coc\_build\intermediate\win64\release\xrengine\lightanimlibrary.obj
c:\users\сибирь\documents\github\oxr_coc\_build\intermediate\win64\release\xrengine\mailslot.obj
c:\users\сибирь\documents\github\oxr_coc\_build\intermediate\win64\release\xrengine\objectanimator.obj
c:\users\сибирь\documents\github\oxr_coc\_build\intermediate\win64\release\xrengine\performancealert.obj
c:\users\сибирь\documents\github\oxr_coc\_build\intermediate\win64\release\xrengine\phdebug.obj
c:\users\сибирь\documents\github\oxr_coc\_build\intermediate\win64\release\xrengine\profiler.obj
c:\users\сибирь\documents\github\oxr_coc\_build\intermediate\win64\release\xrengine\pure.obj
c:\users\сибирь\documents\github\oxr_coc\_build\intermediate\win64\release\xrengine\pure_relcase.obj
c:\users\сибирь\documents\github\oxr_coc\_build\intermediate\win64\release\xrengine\rain.obj
c:\users\сибирь\documents\github\oxr_coc\_build\intermediate\win64\release\xrengine\text_console.obj
c:\users\сибирь\documents\github\oxr_coc\_build\intermediate\win64\release\xrengine\text_console_wndproc.obj
c:\users\сибирь\documents\github\oxr_coc\_build\intermediate\win64\release\xrengine\tntqavi.obj
c:\users\сибирь\documents\github\oxr_coc\_build\intermediate\win64\release\xrengine\xrhemisphere.obj
c:\users\сибирь\documents\github\oxr_coc\_build\intermediate\win64\release\xrengine\xrsheduler.obj
c:\users\сибирь\documents\github\oxr_coc\_build\intermediate\win64\release\xrengine\xr_efflensflare.obj
c:\users\сибирь\documents\github\oxr_coc\_build\intermediate\win64\release\xrengine\xr_ioconsole_callback.obj
c:\users\сибирь\documents\github\oxr_coc\_build\intermediate\win64\release\xrengine\xr_ioconsole_control.obj
c:\users\сибирь\documents\github\oxr_coc\_build\intermediate\win64\release\xrengine\xr_ioconsole_get.obj
c:\users\сибирь\documents\github\oxr_coc\_build\intermediate\win64\release\xrengine\xr_object.obj
c:\users\сибирь\documents\github\oxr_coc\_build\intermediate\win64\release\xrengine\xr_object_list.obj
c:\users\сибирь\documents\github\oxr_coc\_build\intermediate\win64\release\xrengine\main.obj
c:\users\сибирь\documents\github\oxr_coc\_build\intermediate\win64\release\xrengine\xrengine.tlog\cl.command.1.tlog
c:\users\сибирь\documents\github\oxr_coc\_build\intermediate\win64\release\xrengine\xrengine.tlog\cl.read.1.tlog
c:\users\сибирь\documents\github\oxr_coc\_build\intermediate\win64\release\xrengine\xrengine.tlog\cl.write.1.tlog
c:\users\сибирь\documents\github\oxr_coc\_build\intermediate\win64\release\xrengine\xrengine.tlog\link.command.1.tlog
c:\users\сибирь\documents\github\oxr_coc\_build\intermediate\win64\release\xrengine\xrengine.tlog\link.read.1.tlog
c:\users\сибирь\documents\github\oxr_coc\_build\intermediate\win64\release\xrengine\xrengine.tlog\link.write.1.tlog
