  PHNetState.cpp
  alife_human_brain.cpp
  alife_monster_brain.cpp
  alife_space.cpp
  character_info.cpp
  gametype_chooser.cpp
  object_factory.cpp
  script_ini_file.cpp
  script_token_list.cpp
  specific_character.cpp
  xrServer_Factory.cpp
  xrServer_Object_Base.cpp
  xrServer_Objects.cpp
  xrServer_Objects_ALife.cpp
  xrServer_Objects_ALife_Items.cpp
  xrServer_Objects_ALife_Monsters.cpp
  xrServer_Objects_Abstract.cpp
  AI_PhraseDialogManager.cpp
  ActivatingCharCollisionDelay.cpp
  ActorAnimation.cpp
  ActorBackpack.cpp
  ActorCameras.cpp
  ActorEffector.cpp
  ActorHelmet.cpp
  ActorInput.cpp
  ActorNightVision.cpp
  Actor_Events.cpp
  Actor_Feel.cpp
  Actor_Movement.cpp
  Actor_Sleep.cpp
  Actor_Weapon.cpp
  AdvancedDetector.cpp
  ai_stalker_events.cpp
  ai_stalker_feel.cpp
  AmebaZone.cpp
  Artefact.cpp
  BastArtifact.cpp
  BlackDrops.cpp
  BlackGraviArtifact.cpp
  Bolt.cpp
  BoneProtections.cpp
  BottleItem.cpp
  BreakableObject.cpp
  CameraEffector.cpp
  CameraFirstEye.cpp
  CameraLook.cpp
  Car.cpp
  CarCameras.cpp
  CarDamageParticles.cpp
  CarDoors.cpp
  CarExhaust.cpp
  CarInput.cpp
  CarLights.cpp
  CarSound.cpp
  CarWeapon.cpp
  CarWheels.cpp
  CharacterPhysicsSupport.cpp
  ClimableObject.cpp
  CustomDetector.cpp
  CustomMonster_VCPU.cpp
  CustomOutfit.cpp
  CustomRocket.cpp
  CustomZone.cpp
  DBG_Car.cpp
  DamagableItem.cpp
  DelayedActionFuse.cpp
  DummyArtifact.cpp
  EffectorBobbing.cpp
  EffectorFall.cpp
  EffectorShot.cpp
  EffectorShotX.cpp
  EffectorZoomInertion.cpp
  ElectricBall.cpp
  EliteDetector.cpp
  Entity.cpp
  EntityCondition.cpp
  Explosive.cpp
  ExplosiveItem.cpp
  ExplosiveRocket.cpp
  FadedBall.cpp
  Flashlight.cpp
  FoodItem.cpp
  FryupZone.cpp
  GalantineArtifact.cpp
  GlobalFeelTouch.cpp
  GraviArtifact.cpp
  GraviZone.cpp
  Grenade.cpp
  GrenadeLauncher.cpp
  HUDCrosshair.cpp
  HUDManager.cpp
  HUDTarget.cpp
  HelicopterWeapon.cpp
  Hit.cpp
  HitMarker.cpp
  HolderEntityObject.cpp
  HudItem.cpp
  HudSound.cpp
  IKFoot.cpp
  IKLimbsController.cpp
  Dof7control.cpp
  IKLimb.cpp
  aint.cxx
  eqn.cxx
  eulersolver.cxx
  jtlimits.cxx
  limb.cxx
  math3d.cpp
  mathTrig.cpp
  InfoDocument.cpp
  LevelGraphDebugRender.cpp
  Level_Bullet_Manager.cpp
  Level_SLS_Default.cpp
  Level_SLS_Load.cpp
  Level_SLS_Save.cpp
  Level_bullet_manager_firetrace.cpp
  Level_input.cpp
  Level_load.cpp
  Level_network_map_sync.cpp
  Level_network_messages.cpp
  Level_network_start_client.cpp
  Level_start.cpp
  MainMenu.cpp
  MercuryBall.cpp
  Mincer.cpp
  Missile.cpp
  MosquitoBald.cpp
  Needles.cpp
  NoGravityZone.cpp
  PHCollisionDamageReceiver.cpp
  PHCommander.cpp
  PHDebug.cpp
  PHDestroyable.cpp
  PHDestroyableNotificate.cpp
  PHMovementControl.cpp
  PHMovementDynamicActivate.cpp
  PHShellCreator.cpp
  PHSimpleCalls.cpp
  PHSkeleton.cpp
  PHSoundPlayer.cpp
  ParticlesObject.cpp
  ParticlesPlayer.cpp
  Phrase.cpp
  PhraseDialogManager.cpp
  PhysicsGamePars.cpp
  PhysicsSkeletonObject.cpp
  PostprocessAnimator.cpp
  RadioactiveZone.cpp
  Random.cpp
  RocketLauncher.cpp
  RustyHairArtifact.cpp
  ShootingObject.cpp
  Silencer.cpp
  SimpleDetector.cpp
  TeleWhirlwind.cpp
  ThornArtifact.cpp
  TorridZone.cpp
  Tracer.cpp
  UICursor.cpp
  UIDialogHolder.cpp
  UIStaticItem.cpp
  UIZoneMap.cpp
  Weapon.cpp
  WeaponAK74.cpp
  WeaponAmmo.cpp
  WeaponAutomaticShotgun.cpp
  WeaponBinoculars.cpp
  WeaponBinocularsVision.cpp
  WeaponCustomPistol.cpp
  WeaponCustomPistolAuto.cpp
  WeaponDispersion.cpp
  WeaponFN2000.cpp
  WeaponFire.cpp
  WeaponGroza.cpp
  WeaponHPSA.cpp
  WeaponKnife.cpp
  WeaponLR300.cpp
  WeaponMagazinedWGrenade.cpp
  WeaponPM.cpp
  WeaponPistol.cpp
  WeaponRG6.cpp
  WeaponRPG7.cpp
  WeaponRevolver.cpp
  WeaponSVD.cpp
  WeaponShotgun.cpp
  WeaponStatMgun.cpp
  WeaponStatMgunFire.cpp
  WeaponStatMgunIR.cpp
  WeaponUpgrade.cpp
  WeaponVal.cpp
  WeaponVintorez.cpp
  Wound.cpp
  ZoneCampfire.cpp
  ZoneVisual.cpp
  ZudaArtifact.cpp
  actor_input_handler.cpp
  actor_memory.cpp
  actor_mp_client.cpp
  actor_mp_client_export.cpp
  actor_mp_client_import.cpp
  actor_mp_server.cpp
  actor_mp_server_export.cpp
  actor_mp_server_import.cpp
  actor_mp_state.cpp
  actor_statistic_mgr.cpp
  agent_corpse_manager.cpp
  agent_explosive_manager.cpp
  agent_location_manager.cpp
  agent_manager.cpp
  agent_manager_actions.cpp
  agent_manager_planner.cpp
  agent_member_manager.cpp
  agent_memory_manager.cpp
  base_monster.cpp
  base_monster_anim.cpp
  base_monster_misc.cpp
  base_monster_net.cpp
  base_monster_path.cpp
  base_monster_startup.cpp
  base_monster_think.cpp
  bloodsucker.cpp
  bloodsucker_alien.cpp
  bloodsucker_state_manager.cpp
  bloodsucker_vampire_effector.cpp
  boar.cpp
  boar_state_manager.cpp
  burer.cpp
  burer_fast_gravi.cpp
  burer_state_manager.cpp
  cat.cpp
  cat_state_manager.cpp
  chimera.cpp
  chimera_state_manager.cpp
  controller.cpp
  controller_animation.cpp
  controller_direction.cpp
  controller_psy_hit.cpp
  controller_psy_hit_effector.cpp
  controller_state_manager.cpp
  dog.cpp
  dog_state_manager.cpp
  flesh.cpp
  flesh_state_manager.cpp
  fracture.cpp
  fracture_state_manager.cpp
  poltergeist.cpp
  poltergeist_ability.cpp
  poltergeist_flame_thrower.cpp
  poltergeist_movement.cpp
  poltergeist_state_manager.cpp
  poltergeist_telekinesis.cpp
  pseudo_gigant.cpp
  pseudo_gigant_step_effector.cpp
  pseudogigant_state_manager.cpp
  pseudodog.cpp
  pseudodog_psi_effector.cpp
  pseudodog_state_manager.cpp
  psy_dog.cpp
  psy_dog_aura.cpp
  psy_dog_state_manager.cpp
  snork.cpp
  snork_jump.cpp
  snork_state_manager.cpp
  tushkano.cpp
  tushkano_state_manager.cpp
  zombie.cpp
  zombie_state_manager.cpp
  ai_monster_bones.cpp
  ai_monster_effector.cpp
  ai_monster_motion_stats.cpp
  ai_monster_squad.cpp
  ai_monster_squad_attack.cpp
  ai_monster_squad_manager.cpp
  ai_monster_squad_rest.cpp
  ai_monster_utils.cpp
  anim_triple.cpp
  anomaly_detector.cpp
  control_animation.cpp
  control_animation_base.cpp
  control_animation_base_accel.cpp
  control_animation_base_load.cpp
  control_animation_base_update.cpp
  control_critical_wound.cpp
  control_direction.cpp
  control_direction_base.cpp
  control_jump.cpp
  control_manager.cpp
  control_manager_custom.cpp
  control_melee_jump.cpp
  control_movement.cpp
  control_movement_base.cpp
  control_path_builder.cpp
  control_path_builder_base.cpp
  control_path_builder_base_path.cpp
  control_path_builder_base_set.cpp
  control_path_builder_base_update.cpp
  control_rotation_jump.cpp
  control_run_attack.cpp
  control_sequencer.cpp
  control_threaten.cpp
  controlled_actor.cpp
  corpse_cover.cpp
  energy_holder.cpp
  invisibility.cpp
  melee_checker.cpp
  monster_corpse_manager.cpp
  monster_corpse_memory.cpp
  monster_cover_manager.cpp
  monster_enemy_manager.cpp
  monster_event_manager.cpp
  monster_hit_memory.cpp
  monster_home.cpp
  monster_morale.cpp
  monster_sound_memory.cpp
  psy_aura.cpp
  telekinesis.cpp
  telekinetic_object.cpp
  anti_aim_ability.cpp
  monster_aura.cpp
  ai_rat.cpp
  ai_rat_animations.cpp
  ai_rat_behaviour.cpp
  ai_rat_templates.cpp
  state.cpp
  phantom.cpp
  ai_stalker_script_entity.cpp
  weighted_random.cpp
  ai_debug_variables.cpp
  ai_obstacle.cpp
  ai_sounds.cpp
  ai_space.cpp
  ai_stalker_alife.cpp
  aimers_base.cpp
  aimers_weapon.cpp
  alife_anomalous_zone.cpp
  alife_combat_manager.cpp
  alife_communication_manager.cpp
  alife_creature_abstract.cpp
  alife_dynamic_object.cpp
  alife_graph_registry.cpp
  alife_group_abstract.cpp
  alife_group_registry.cpp
  alife_human_abstract.cpp
  alife_human_object_handler.cpp
  alife_interaction_manager.cpp
  alife_monster_abstract.cpp
  alife_monster_base.cpp
  alife_monster_detail_path_manager.cpp
  alife_monster_movement_manager.cpp
  alife_monster_patrol_path_manager.cpp
  alife_object.cpp
  alife_object_registry.cpp
  alife_online_offline_group.cpp
  alife_online_offline_group_brain.cpp
  alife_registry_container.cpp
  alife_schedule_registry.cpp
  alife_simulator_base2.cpp
  alife_simulator_header.cpp
  alife_smart_terrain_registry.cpp
  alife_smart_terrain_task.cpp
  alife_smart_zone.cpp
  alife_spawn_registry.cpp
  alife_spawn_registry_header.cpp
  alife_spawn_registry_spawn.cpp
  alife_storage_manager.cpp
  alife_story_registry.cpp
  alife_surge_manager.cpp
  alife_switch_manager.cpp
  alife_time_manager.cpp
  alife_trader.cpp
  alife_trader_abstract.cpp
  alife_update_manager.cpp
  animation_movement_controller.cpp
  animation_utils.cpp
  antirad.cpp
  artefact_activation.cpp
  attachable_item.cpp
  attachment_owner.cpp
  autosave_manager.cpp
  bone_groups.cpp
  car_memory.cpp
  character_community.cpp
  character_hit_animations.cpp
  character_rank.cpp
  character_reputation.cpp
  character_shell_control.cpp
  cover_evaluators.cpp
  cover_manager.cpp
  damage_manager.cpp
  danger_cover_location.cpp
  danger_explosive.cpp
  danger_location.cpp
  danger_object.cpp
  danger_object_location.cpp
  date_time.cpp
  dbg_draw_frustum.cpp
  death_anims.cpp
  death_anims_predicates.cpp
  debug_renderer.cpp
  debug_text_tree.cpp
  detail_path_manager.cpp
  detail_path_manager_smooth.cpp
  doors_actor.cpp
  doors_manager.cpp
  dynamic_obstacles_avoider.cpp
  eatable_item.cpp
  eatable_item_object.cpp
  ef_pattern.cpp
  ef_primary.cpp
  ef_storage.cpp
  encyclopedia_article.cpp
  fire_disp_controller.cpp
  first_bullet_controller.cpp
  flare.cpp
  game_news.cpp
  game_sv_base.cpp
  game_sv_event_queue.cpp
  game_sv_single.cpp
  game_type.cpp
  group_hierarchy_holder.cpp
  gsc_dsigned_ltx.cpp
  hit_immunity.cpp
  hits_store.cpp
  holder_custom.cpp
  hud_item_object.cpp
  ik_anim_state.cpp
  ik_calculate_data.cpp
  ik_dbg_matrix.cpp
  ik_foot_collider.cpp
  ik_limb_state.cpp
  ik_object_shift.cpp
  imotion_position.cpp
  imotion_velocity.cpp
  interactive_animation.cpp
  interactive_motion.cpp
  item_manager.cpp
  kills_store.cpp
  level_changer.cpp
  level_debug.cpp
  level_map_locations.cpp
  level_sounds.cpp
  location_manager.cpp
  magic_box3.cpp
  magic_minimize_1d.cpp
  map_location.cpp
  map_spot.cpp
  material_manager.cpp
  medkit.cpp
  min_obb.cpp
  monster_community.cpp
  movement_manager_game.cpp
  movement_manager_level.cpp
  movement_manager_physic.cpp
  moving_bones_snd_player.cpp
  moving_object.cpp
  moving_objects.cpp
  moving_objects_dynamic.cpp
  moving_objects_dynamic_collision.cpp
  moving_objects_static.cpp
  object_actions.cpp
  object_handler_planner.cpp
  object_handler_planner_missile.cpp
  object_handler_planner_weapon.cpp
  object_property_evaluators.cpp
  obstacles_query.cpp
  particle_params.cpp
  physic_item.cpp
  physics_game.cpp
  physics_shell_animated.cpp
  player_hud.cpp
  player_hud_tune.cpp
  pose_extrapolation.cpp
  poses_blending.cpp
  pp_effector_custom.cpp
  pp_effector_distance.cpp
  purchase_list.cpp
  rat_state_base.cpp
  rat_state_manager.cpp
  rat_states.cpp
  raypick.cpp
  relation_registry.cpp
  relation_registry_fights.cpp
  restricted_object.cpp
  restricted_object_obstacle.cpp
  saved_game_wrapper.cpp
  screenshots_common.cpp
  screenshots_writer.cpp
  script_abstract_action.cpp
  script_action_condition.cpp
  script_animation_action.cpp
  script_binder_object.cpp
  script_effector.cpp
  script_entity_action.cpp
  script_hit.cpp
  script_monster_action.cpp
  script_movement_action.cpp
  script_object.cpp
  script_object_action.cpp
  script_particle_action.cpp
  script_particles.cpp
  script_sound.cpp
  script_sound_action.cpp
  script_watch_action.cpp
  searchlight.cpp
  seniority_hierarchy_holder.cpp
  server_entity_wrapper.cpp
  shootingObject_dump_impl.cpp
  sight_action.cpp
  sight_manager.cpp
  sight_manager_target.cpp
  sound_collection_storage.cpp
  sound_player.cpp
  space_restriction.cpp
  c:\users\сибирь\documents\github\oxr_coc\src\xrgame\space_restriction.cpp(287) : 
   ------------------------------------------------
  | TODO : "Xottab_DUTY: investigate temporary fix!"
   -------------------------------------------------
  
  space_restriction_base.cpp
  space_restriction_bridge.cpp
  space_restriction_composition.cpp
  space_restriction_holder.cpp
  space_restriction_manager.cpp
  space_restriction_shape.cpp
  squad_hierarchy_holder.cpp
  stalker_alife_planner.cpp
  stalker_alife_task_actions.cpp
  stalker_animation_callbacks.cpp
  stalker_animation_data.cpp
  stalker_animation_data_storage.cpp
  stalker_animation_global.cpp
  stalker_animation_head.cpp
  stalker_animation_legs.cpp
  stalker_animation_manager.cpp
  stalker_animation_manager_debug.cpp
  stalker_animation_names.cpp
  stalker_animation_pair.cpp
  stalker_animation_state.cpp
  stalker_animation_torso.cpp
  stalker_anomaly_planner.cpp
  stalker_base_action.cpp
  stalker_danger_by_sound_actions.cpp
  stalker_danger_by_sound_planner.cpp
  stalker_danger_grenade_actions.cpp
  stalker_danger_grenade_planner.cpp
  stalker_danger_in_direction_actions.cpp
  stalker_danger_in_direction_planner.cpp
  stalker_danger_unknown_actions.cpp
  stalker_danger_unknown_planner.cpp
  stalker_death_actions.cpp
  stalker_death_planner.cpp
  stalker_movement_manager_base.cpp
  stalker_movement_manager_obstacles.cpp
  stalker_movement_manager_obstacles_path.cpp
  stalker_movement_params.cpp
  stalker_planner.cpp
  stalker_search_planner.cpp
  stalker_sound_data.cpp
  stalker_velocity_collection.cpp
  stalker_velocity_holder.cpp
  state_arguments_functions.cpp
  static_obstacles_avoider.cpp
  steering_behaviour.cpp
  step_manager.cpp
  string_table.cpp
  team_base_zone.cpp
  team_hierarchy_holder.cpp
  trade_parameters.cpp
  trajectories.cpp
  ArtefactDetectorUI.cpp
  MMSound.cpp
  UI3tButton.cpp
  UIActorMenu.cpp
  UIActorMenuDeadBodySearch.cpp
  UIActorMenuInitialize.cpp
  UIActorMenuInventory.cpp
  UIActorMenu_action.cpp
  UIActorStateInfo.cpp
  UIAnimatedStatic.cpp
  UIBoosterInfo.cpp
  UIBtnHint.cpp
  UIButton.cpp
  UICarPanel.cpp
  UICellCustomItems.cpp
  UICellItem.cpp
  UICellItemFactory.cpp
  UICharacterInfo.cpp
  UICheckButton.cpp
  UIComboBox.cpp
  UICustomEdit.cpp
  UICustomSpin.cpp
  UIDialogWnd.cpp
  UIDoubleProgressBar.cpp
  UIDragDropListEx.cpp
  UIDragDropReferenceList.cpp
  UIEditBox.cpp
  UIEditBoxEx.cpp
  UIEditKeyBind.cpp
  UIFixedScrollBar.cpp
  UIFrameLineWnd.cpp
  UIFrameWindow.cpp
  UIGameLog.cpp
  UIHelper.cpp
  UIHint.cpp
  UIHudStatesWnd.cpp
  UIKeyBinding.cpp
  UILanimController.cpp
  UILine.cpp
  UILines.cpp
  UIListBox.cpp
  UIListBoxItem.cpp
  UIListBoxItemMsgChain.cpp
  UILoadingScreen.cpp
  UILogsWnd.cpp
  UIMMShniaga.cpp
  UIMainIngameWnd.cpp
  UIMap.cpp
  UIMapLegend.cpp
  UIMapWnd.cpp
  UIMapWnd2.cpp
  UIMapWndActions.cpp
  UIMessageBox.cpp
  UIMessageBoxEx.cpp
  UIMessagesWindow.cpp
  UIMotionIcon.cpp
  UINewsItemWnd.cpp
  UIOptionsItem.cpp
  UIOptionsManager.cpp
  UIOutfitInfo.cpp
  UIPdaMsgListItem.cpp
  UIPdaSpot.cpp
  UIPdaWnd.cpp
  UIProgressBar.cpp
  UIProgressShape.cpp
  UIPropertiesBox.cpp
  UIRadioButton.cpp
  UIScrollBar.cpp
  UIScrollBox.cpp
  UIScrollView.cpp
  UISecondTaskWnd.cpp
  UISpinNum.cpp
  UISpinText.cpp
  UIStatic.cpp
  UISubLine.cpp
  UITabButton.cpp
  UITabControl.cpp
  UITalkDialogWnd.cpp
  UITalkWnd.cpp
  UITaskWnd.cpp
  UITextureMaster.cpp
  UITrackBar.cpp
  UIWindow.cpp
  UIXmlInit.cpp
  UI_IB_Static.cpp
  map_hint.cpp
  ui_af_params.cpp
  ui_arrow.cpp
  xrUIXmlParser.cpp
  ui_base.cpp
  vision_client.cpp
  visual_memory_params.cpp
  wallmark_manager.cpp
  weaponBM16.cpp
  weapon_ammo_dump_impl.cpp
  weapon_dump_impl.cpp
  xrGame.cpp
  xrServerMapSync.cpp
  xrServer_CL_connect.cpp
  xrServer_Connect.cpp
  xrServer_Disconnect.cpp
  xrServer_perform_GameExport.cpp
  xrServer_perform_RPgen.cpp
  xrServer_perform_migration.cpp
  xrServer_perform_sls_default.cpp
  xrServer_perform_sls_load.cpp
  xrServer_perform_sls_save.cpp
  xrServer_perform_transfer.cpp
  xrServer_process_event.cpp
  xrServer_process_event_activate.cpp
  xrServer_process_event_destroy.cpp
  xrServer_process_event_ownership.cpp
  xrServer_process_event_reject.cpp
  xrServer_process_spawn.cpp
  xrServer_process_update.cpp
  xrServer_sls_clear.cpp
  xrServer_svclient_validation.cpp
  xr_level_controller.cpp
  xr_time.cpp
  zone_effector.cpp
  object_factory_register.cpp
  object_factory_script.cpp
  object_item_script.cpp
  script_fcolor_script.cpp
  script_flags_script.cpp
  script_fmatrix_script.cpp
  script_fvector_script.cpp
  script_ini_file_script.cpp
  script_net_packet_script.cpp
  script_reader_script.cpp
  script_rtoken_list_script.cpp
  script_sound_type_script.cpp
  script_token_list_script.cpp
  xrServer_Objects_ALife_Items_script.cpp
  xrServer_Objects_ALife_Items_script2.cpp
  xrServer_Objects_ALife_Items_script3.cpp
  xrServer_Objects_ALife_Monsters_script.cpp
  xrServer_Objects_ALife_Monsters_script2.cpp
  xrServer_Objects_ALife_Monsters_script3.cpp
  xrServer_Objects_ALife_Monsters_script4.cpp
  xrServer_Objects_ALife_script.cpp
  xrServer_Objects_ALife_script2.cpp
  xrServer_Objects_ALife_script3.cpp
  xrServer_Objects_Alife_Smartcovers.cpp
  xrServer_Objects_Alife_Smartcovers_script.cpp
  xrServer_Objects_script.cpp
  xrServer_Objects_script2.cpp
  ai_crow.cpp
  ai_monsters_misc.cpp
  Actor.cpp
  ActorCondition.cpp
  ActorEffector_script.cpp
  Actor_Network.cpp
  ai_stalker.cpp
  ai_stalker_fire.cpp
  ai_stalker_misc.cpp
  ai_stalker_script.cpp
  ai_trader.cpp
  CarScript.cpp
  CustomMonster.cpp
  CustomOutfit_script.cpp
  DestroyablePhysicsObject.cpp
  EntityCondition_script.cpp
  ExplosiveScript.cpp
  GameObject.cpp
  GamePersistent.cpp
  GameTask.cpp
  GameTask_script.cpp
  GametaskManager.cpp
  HairsZone.cpp
  HairsZone_script.cpp
  HangingLamp.cpp
  Helicopter.cpp
  Helicopter2.cpp
  HelicopterMovementManager.cpp
  InfoPortion.cpp
  Inventory.cpp
  InventoryBox.cpp
  InventoryOwner.cpp
  InventoryOwner_script.cpp
  Level.cpp
  Level_network.cpp
  Level_network_spawn.cpp
  MosquitoBald_script.cpp
  PDA.cpp
  PHScriptCall.cpp
  PHSimpleCallsScript.cpp
  PhraseDialog.cpp
  PhraseDialog_script.cpp
  PhraseScript.cpp
  PhysicObject.cpp
  PhysicObject_script.cpp
  PhysicsShellHolder.cpp
  Scope.cpp
  ScriptXMLInit.cpp
  UIGameCustom.cpp
  UIGameCustom_script.cpp
  UIGameSP.cpp
  WeaponMagazined.cpp
  WeaponScript.cpp
  action_base_script.cpp
  action_planner_action_script.cpp
  action_planner_script.cpp
  actor_communication.cpp
  actor_script.cpp
  agent_enemy_manager.cpp
  agent_manager_properties.cpp
  base_monster_debug.cpp
  base_monster_feel.cpp
  base_monster_script.cpp
  bloodsucker_script.cpp
  boar_script.cpp
  burer_script.cpp
  cat_script.cpp
  chimera_script.cpp
  controller_script.cpp
  dog_script.cpp
  flesh_script.cpp
  fracture_script.cpp
  poltergeist_script.cpp
  pseudogigant_script.cpp
  pseudodog_script.cpp
  snork_script.cpp
  tushkano_script.cpp
  zombie_script.cpp
  monster_enemy_memory.cpp
  ai_rat_feel.cpp
  ai_rat_fire.cpp
  rat_state_activation.cpp
  rat_state_initialize.cpp
  rat_state_switch.cpp
  ai_stalker_cover.cpp
  ai_stalker_debug.cpp
  ai_trader_script.cpp
  trader_animation.cpp
  ai_crow_script.cpp
  alife_human_brain_script.cpp
  alife_monster_brain_script.cpp
  alife_monster_detail_path_manager_script.cpp
  alife_monster_movement_manager_script.cpp
  alife_monster_patrol_path_manager_script.cpp
  alife_simulator.cpp
  alife_simulator_base.cpp
  alife_simulator_script.cpp
  alife_smart_terrain_task_script.cpp
  animation_script_callback.cpp
  artefact_script.cpp
  base_client_classes_script.cpp
c:\users\сибирь\documents\github\oxr_coc\src\xrgame\base_client_classes_script.cpp(103): warning C4273: CPatrolPoint::getName: несовместимая компоновка dll (компилируется исходный файл base_client_classes_script.cpp)
  c:\users\сибирь\documents\github\oxr_coc\src\xraicore\navigation\patrolpath\patrol_point.h(65): note: см. предыдущее определение "getName" (компилируется исходный файл base_client_classes_script.cpp)
c:\users\сибирь\documents\github\oxr_coc\src\xrgame\base_client_classes_script.cpp(107): warning C4273: CPatrolPoint::setName: несовместимая компоновка dll (компилируется исходный файл base_client_classes_script.cpp)
  c:\users\сибирь\documents\github\oxr_coc\src\xraicore\navigation\patrolpath\patrol_point.h(66): note: см. предыдущее определение "setName" (компилируется исходный файл base_client_classes_script.cpp)
  client_spawn_manager.cpp
  client_spawn_manager_script.cpp
  console_commands.cpp
  console_registrator_script.cpp
  cover_point_script.cpp
  danger_manager.cpp
  doors_door.cpp
  ef_storage_script.cpp
  enemy_manager.cpp
  entity_alive.cpp
  fs_registrator_script.cpp
  game_base.cpp
  game_cl_base.cpp
  game_cl_single.cpp
  helicopter_script.cpp
  hit_memory_manager.cpp
  holder_custom_script.cpp
  inventory_item.cpp
  inventory_item_object.cpp
  inventory_item_upgrade.cpp
  inventory_owner_info.cpp
  inventory_upgrade.cpp
  inventory_upgrade_base.cpp
  inventory_upgrade_group.cpp
  inventory_upgrade_manager.cpp
  inventory_upgrade_property.cpp
  inventory_upgrade_root.cpp
  key_binding_registrator_script.cpp
  level_script.cpp
  map_manager.cpp
  map_script.cpp
  memory_manager.cpp
  memory_space_script.cpp
  mincer_script.cpp
  movement_manager.cpp
  movement_manager_patrol.cpp
  c:\users\сибирь\documents\github\oxr_coc\src\xrgame\movement_manager.cpp(151) :  TODO : "Optimize this in case of slowdown or not intended behaviour"
  
  object_handler.cpp
  particle_params_script.cpp
  patrol_path_manager.cpp
  physics_element_scripted.cpp
  physics_joint_scripted.cpp
  physics_shell_scripted.cpp
  physics_world_scripted.cpp
  property_evaluator_script.cpp
  property_storage_script.cpp
  relation_registry_actions.cpp
  saved_game_wrapper_script.cpp
  script_action_condition_script.cpp
  script_action_planner_action_wrapper.cpp
  script_action_planner_wrapper.cpp
  script_action_wrapper.cpp
  script_animation_action_script.cpp
  script_binder.cpp
  script_binder_object_script.cpp
  script_binder_object_wrapper.cpp
  script_effector_script.cpp
  script_effector_wrapper.cpp
  script_entity.cpp
  script_entity_action_script.cpp
  script_game_object.cpp
  script_game_object2.cpp
  script_game_object3.cpp
  script_game_object4.cpp
  script_game_object_inventory_owner.cpp
  script_game_object_script.cpp
  script_game_object_script2.cpp
  script_game_object_script3.cpp
  script_game_object_script_trader.cpp
  script_game_object_smart_covers.cpp
  script_game_object_trader.cpp
  script_game_object_use.cpp
  script_game_object_use2.cpp
  script_hit_script.cpp
  script_lanim.cpp
  script_monster_action_script.cpp
  script_monster_hit_info_script.cpp
  script_movement_action_script.cpp
  script_object_action_script.cpp
  script_particle_action_script.cpp
  script_particles_script.cpp
  script_property_evaluator_wrapper.cpp
  script_render_device_script.cpp
  script_sound_action_script.cpp
  script_sound_info_script.cpp
  script_sound_script.cpp
  script_watch_action_script.cpp
  script_zone.cpp
  script_zone_script.cpp
  smart_cover.cpp
  smart_cover_action.cpp
  smart_cover_animation_planner.cpp
  smart_cover_animation_selector.cpp
  smart_cover_default_behaviour_planner.cpp
  smart_cover_description.cpp
  smart_cover_detail.cpp
  smart_cover_evaluators.cpp
  smart_cover_loophole.cpp
  smart_cover_loophole_planner_actions.cpp
  smart_cover_object.cpp
  smart_cover_object_script.cpp
  smart_cover_planner_actions.cpp
  smart_cover_planner_target_provider.cpp
  smart_cover_planner_target_selector.cpp
  smart_cover_storage.cpp
  smart_cover_transition.cpp
  smart_cover_transition_animation.cpp
  sound_memory_manager.cpp
  space_restrictor.cpp
  space_restrictor_script.cpp
  stalker_alife_actions.cpp
  stalker_animation_manager_update.cpp
  stalker_animation_script.cpp
  stalker_anomaly_actions.cpp
  stalker_combat_action_base.cpp
  stalker_combat_actions.cpp
  stalker_combat_planner.cpp
  stalker_danger_planner.cpp
  stalker_danger_property_evaluators.cpp
  stalker_get_distance_actions.cpp
  stalker_get_distance_planner.cpp
  stalker_kill_wounded_actions.cpp
  stalker_kill_wounded_planner.cpp
  stalker_low_cover_actions.cpp
  stalker_low_cover_planner.cpp
  stalker_movement_manager_smart_cover.cpp
  stalker_movement_manager_smart_cover_fov_range.cpp
  stalker_movement_manager_smart_cover_loopholes.cpp
  stalker_property_evaluators.cpp
  stalker_search_actions.cpp
  stalker_sound_data_visitor.cpp
  torch_script.cpp
  trade.cpp
  trade2.cpp
  UIAchievements.cpp
  UIActorMenuTrade.cpp
  UIActorMenuUpgrade.cpp
  UIActorMenu_script.cpp
  UIButton_script.cpp
  UIComboBox_script.cpp
  UIEditBox_script.cpp
  UIGameTutorial.cpp
  UIGameTutorialSimpleItem.cpp
  UIGameTutorialVideoItem.cpp
  UIInvUpgrade.cpp
  UIInvUpgradeInfo.cpp
  UIInvUpgradeProperty.cpp
  UIInventoryUpgradeWnd.cpp
  UIInventoryUpgradeWnd_add.cpp
  UIInventoryUtilities.cpp
  UIItemInfo.cpp
  UIListBox_script.cpp
  UIMessageBox_script.cpp
  UIOptionsManagerScript.cpp
  UIProgressBar_script.cpp
  UIPropertiesBox_script.cpp
  UIRankingWnd.cpp
  UIRankingsCoC.cpp
  UIScriptWnd.cpp
  UIScriptWnd_script.cpp
  UIStatic_script.cpp
  UITabControl_script.cpp
  UIWindow_script.cpp
  UIWndCallback.cpp
  UIWpnParams.cpp
  uiscriptwnd_script2.cpp
  ui_export_script.cpp
  visual_memory_manager.cpp
  xrServer.cpp
  xrgame_dll_detach.cpp
  md5c.obj : найден .netmodule MSIL или модуль, откомпилированный с параметром /GL; перезапускается компоновка с параметром /LTCG; добавьте /LTCG в командную строку компоновки для повышения производительности компоновщика
     ╤ючфрхЄё  сшсышюЄхър C:\Users\ёшсшЁ№\Documents\GitHub\OXR_CoC\src\..\_build\lib\Win64\Release\xrGame.lib ш юс·хъЄ C:\Users\ёшсшЁ№\Documents\GitHub\OXR_CoC\src\..\_build\lib\Win64\Release\xrGame.exp
  ╤ючфрэшх ъюфр
c:\users\ёшсшЁ№\documents\github\oxr_coc\src\xrgame\player_hud.cpp(117): warning C4172: тючтЁр∙хэшх рфЁхёр ыюъры№эющ шыш тЁхьхээющ яхЁхьхээющ : v
c:\users\ёшсшЁ№\documents\github\oxr_coc\src\xrgame\player_hud.cpp(571): warning C4172: тючтЁр∙хэшх рфЁхёр ыюъры№эющ шыш тЁхьхээющ яхЁхьхээющ
c:\users\ёшсшЁ№\documents\github\oxr_coc\src\xrgame\player_hud.cpp(577): warning C4172: тючтЁр∙хэшх рфЁхёр ыюъры№эющ шыш тЁхьхээющ яхЁхьхээющ : v
c:\users\ёшсшЁ№\documents\github\oxr_coc\src\xrgame\player_hud.cpp(579): warning C4172: тючтЁр∙хэшх рфЁхёр ыюъры№эющ шыш тЁхьхээющ яхЁхьхээющ : v
c:\users\ёшсшЁ№\documents\github\oxr_coc\src\xrgame\player_hud.cpp(581): warning C4172: тючтЁр∙хэшх рфЁхёр ыюъры№эющ шыш тЁхьхээющ яхЁхьхээющ
  ╤ючфрэшх ъюфр чртхЁ°хэю
  xrGame.vcxproj -> C:\Users\сибирь\Documents\GitHub\OXR_CoC\src\..\_build\bin\Win64\Release\xrGame.dll
