  StdAfx.cpp
  Compiling on Windows...
  Compiling with VC++...
  Frustum.cpp
  ISpatial.cpp
  ISpatial_q_box.cpp
  ISpatial_q_frustum.cpp
  ISpatial_q_ray.cpp
  ISpatial_verify.cpp
  xrCDB.cpp
  xrCDB_Collector.cpp
  xrXRC.cpp
  xr_area.cpp
  xr_area_query.cpp
  xr_area_raypick.cpp
  xrCDB_box.cpp
  xrCDB_frustum.cpp
  xrCDB_ray.cpp
     Создается библиотека C:\Users\сибирь\Documents\GitHub\OXR_CoC\src\..\_build\lib\Win64\Release\xrCDB.lib и объект C:\Users\сибирь\Documents\GitHub\OXR_CoC\src\..\_build\lib\Win64\Release\xrCDB.exp
  Создание кода
  0 of 1383 functions ( 0.0%) were compiled, the rest were copied from previous compilation.
    0 functions were new in current compilation
    0 functions had inline decision re-evaluated but remain unchanged
  Создание кода завершено
  xrCDB.vcxproj -> C:\Users\сибирь\Documents\GitHub\OXR_CoC\src\..\_build\bin\Win64\Release\xrCDB.dll
