c:\users\сибирь\documents\github\oxr_coc\_build\intermediate\win64\release\xrcdb\xrcdb.pch
c:\users\сибирь\documents\github\oxr_coc\_build\intermediate\win64\release\xrcdb\vc141.pdb
c:\users\сибирь\documents\github\oxr_coc\_build\intermediate\win64\release\xrcdb\stdafx.obj
c:\users\сибирь\documents\github\oxr_coc\_build\intermediate\win64\release\xrcdb\ispatial.obj
c:\users\сибирь\documents\github\oxr_coc\_build\intermediate\win64\release\xrcdb\xr_area.obj
c:\users\сибирь\documents\github\oxr_coc\_build\intermediate\win64\release\xrcdb\frustum.obj
c:\users\сибирь\documents\github\oxr_coc\_build\intermediate\win64\release\xrcdb\ispatial_q_box.obj
c:\users\сибирь\documents\github\oxr_coc\_build\intermediate\win64\release\xrcdb\ispatial_q_frustum.obj
c:\users\сибирь\documents\github\oxr_coc\_build\intermediate\win64\release\xrcdb\ispatial_q_ray.obj
c:\users\сибирь\documents\github\oxr_coc\_build\intermediate\win64\release\xrcdb\ispatial_verify.obj
c:\users\сибирь\documents\github\oxr_coc\_build\intermediate\win64\release\xrcdb\xrcdb.obj
c:\users\сибирь\documents\github\oxr_coc\_build\intermediate\win64\release\xrcdb\xrcdb_collector.obj
c:\users\сибирь\documents\github\oxr_coc\_build\intermediate\win64\release\xrcdb\xrxrc.obj
c:\users\сибирь\documents\github\oxr_coc\_build\intermediate\win64\release\xrcdb\xr_area_query.obj
c:\users\сибирь\documents\github\oxr_coc\_build\intermediate\win64\release\xrcdb\xr_area_raypick.obj
c:\users\сибирь\documents\github\oxr_coc\_build\intermediate\win64\release\xrcdb\xrcdb_frustum.obj
c:\users\сибирь\documents\github\oxr_coc\_build\intermediate\win64\release\xrcdb\xrcdb_ray.obj
c:\users\сибирь\documents\github\oxr_coc\_build\intermediate\win64\release\xrcdb\xrcdb_box.obj
c:\users\сибирь\documents\github\oxr_coc\_build\bin\win64\release\xrcdb.dll
c:\users\сибирь\documents\github\oxr_coc\_build\intermediate\win64\release\xrcdb\xrcdb_box.asm
c:\users\сибирь\documents\github\oxr_coc\_build\intermediate\win64\release\xrcdb\xrcdb_frustum.asm
c:\users\сибирь\documents\github\oxr_coc\_build\intermediate\win64\release\xrcdb\xrcdb_ray.asm
c:\users\сибирь\documents\github\oxr_coc\_build\bin\win64\release\xrcdb.pdb
c:\users\сибирь\documents\github\oxr_coc\_build\lib\win64\release\xrcdb.lib
c:\users\сибирь\documents\github\oxr_coc\_build\lib\win64\release\xrcdb.exp
c:\users\сибирь\documents\github\oxr_coc\_build\bin\win64\release\xrcdb.ipdb
c:\users\сибирь\documents\github\oxr_coc\_build\bin\win64\release\xrcdb.iobj
c:\users\сибирь\documents\github\oxr_coc\src\..\_build\bin\win64\release\xrcdb.pdb
c:\users\сибирь\documents\github\oxr_coc\_build\intermediate\win64\release\xrcdb\xrcdb.tlog\cl.command.1.tlog
c:\users\сибирь\documents\github\oxr_coc\_build\intermediate\win64\release\xrcdb\xrcdb.tlog\cl.read.1.tlog
c:\users\сибирь\documents\github\oxr_coc\_build\intermediate\win64\release\xrcdb\xrcdb.tlog\cl.write.1.tlog
c:\users\сибирь\documents\github\oxr_coc\_build\intermediate\win64\release\xrcdb\xrcdb.tlog\link.command.1.tlog
c:\users\сибирь\documents\github\oxr_coc\_build\intermediate\win64\release\xrcdb\xrcdb.tlog\link.read.1.tlog
c:\users\сибирь\documents\github\oxr_coc\_build\intermediate\win64\release\xrcdb\xrcdb.tlog\link.write.1.tlog
c:\users\сибирь\documents\github\oxr_coc\_build\intermediate\win64\release\xrcdb\xrcdb.tlog\xrcdb.write.1u.tlog
